Log file open, 03/05/22 20:33:56
LogWindows: Failed to load 'aqProf.dll' (GetLastError=126)
LogWindows: File 'aqProf.dll' does not exist
LogWindows: Failed to load 'VtuneApi.dll' (GetLastError=126)
LogWindows: File 'VtuneApi.dll' does not exist
LogWindows: Failed to load 'VtuneApi32e.dll' (GetLastError=126)
LogWindows: File 'VtuneApi32e.dll' does not exist
LogConsoleResponse: Display: Failed to find resolution value strings in scalability ini. Falling back to default.
LogConsoleResponse: Display: Failed to find resolution value strings in scalability ini. Falling back to default.
LogInit: Display: Running engine for game: StarryTail
LogPlatformFile: Not using cached read wrapper
LogTaskGraph: Started task graph with 5 named threads and 35 total threads with 3 sets of task threads.
LogStats: Stats thread started at 0.188444
LogICUInternationalization: ICU TimeZone Detection - Raw Offset: +9:00, Platform Override: ''
LogInit: Display: Loading text-based GConfig....
LogPluginManager: Mounting plugin MeshPainting
LogPluginManager: Mounting plugin XGEController
LogPluginManager: Mounting plugin LightPropagationVolume
LogPluginManager: Mounting plugin Paper2D
LogPluginManager: Mounting plugin AISupport
LogPluginManager: Mounting plugin EnvironmentQueryEditor
LogPluginManager: Mounting plugin LiveLink
LogPluginManager: Mounting plugin AnimationSharing
LogPluginManager: Mounting plugin CodeLiteSourceCodeAccess
LogPluginManager: Mounting plugin CLionSourceCodeAccess
LogPluginManager: Mounting plugin NullSourceCodeAccess
LogPluginManager: Mounting plugin KDevelopSourceCodeAccess
LogPluginManager: Mounting plugin GitSourceControl
LogPluginManager: Mounting plugin PixWinPlugin
LogPluginManager: Mounting plugin PerforceSourceControl
LogPluginManager: Mounting plugin PlasticSourceControl
LogPluginManager: Mounting plugin RiderSourceCodeAccess
LogPluginManager: Mounting plugin PluginUtils
LogPluginManager: Mounting plugin PropertyAccessNode
LogPluginManager: Mounting plugin SubversionSourceControl
LogPluginManager: Mounting plugin TextureFormatOodle
LogPluginManager: Mounting plugin UObjectPlugin
LogPluginManager: Mounting plugin VisualStudioSourceCodeAccess
LogPluginManager: Mounting plugin XCodeSourceCodeAccess
LogPluginManager: Mounting plugin VisualStudioCodeSourceCodeAccess
LogPluginManager: Mounting plugin DatasmithContent
LogPluginManager: Mounting plugin VariantManagerContent
LogPluginManager: Mounting plugin AssetManagerEditor
LogPluginManager: Mounting plugin Niagara
LogPluginManager: Mounting plugin DataValidation
LogPluginManager: Mounting plugin CryptoKeys
LogPluginManager: Mounting plugin CurveEditorTools
LogPluginManager: Mounting plugin FacialAnimation
LogPluginManager: Mounting plugin GameplayTagsEditor
LogPluginManager: Mounting plugin GeometryMode
LogPluginManager: Mounting plugin MacGraphicsSwitching
LogPluginManager: Mounting plugin MaterialAnalyzer
LogPluginManager: Mounting plugin MobileLauncherProfileWizard
LogPluginManager: Mounting plugin PluginBrowser
LogPluginManager: Mounting plugin SpeedTreeImporter
LogPluginManager: Mounting plugin LuminPlatformFeatures
LogPluginManager: Mounting plugin MagicLeap
LogPluginManager: Mounting plugin MagicLeapLightEstimation
LogPluginManager: Mounting plugin MagicLeapMedia
LogPluginManager: Mounting plugin MagicLeapPassableWorld
LogPluginManager: Mounting plugin MLSDK
LogPluginManager: Mounting plugin AlembicImporter
LogPluginManager: Mounting plugin AutomationUtils
LogPluginManager: Mounting plugin BackChannel
LogPluginManager: Mounting plugin ChaosClothEditor
LogPluginManager: Mounting plugin ChaosEditor
LogPluginManager: Mounting plugin ChaosCloth
LogPluginManager: Mounting plugin ChaosSolverPlugin
LogPluginManager: Mounting plugin ChaosNiagara
LogPluginManager: Mounting plugin CharacterAI
LogPluginManager: Mounting plugin GeometryCache
LogPluginManager: Mounting plugin GeometryCollectionPlugin
LogPluginManager: Mounting plugin GeometryProcessing
LogPluginManager: Mounting plugin MotoSynth
LogPluginManager: Mounting plugin OpenImageDenoise
LogPluginManager: Mounting plugin PlatformCrypto
LogPluginManager: Mounting plugin ProxyLODPlugin
LogPluginManager: Mounting plugin PlanarCut
LogPluginManager: Mounting plugin PythonScriptPlugin
LogPluginManager: Mounting plugin SkeletalReduction
LogPluginManager: Mounting plugin AndroidMedia
LogPluginManager: Mounting plugin AvfMedia
LogPluginManager: Mounting plugin ImgMedia
LogPluginManager: Mounting plugin MediaCompositing
LogPluginManager: Mounting plugin MediaPlayerEditor
LogPluginManager: Mounting plugin WebMMedia
LogPluginManager: Mounting plugin WmfMedia
LogPluginManager: Mounting plugin TcpMessaging
LogPluginManager: Mounting plugin UdpMessaging
LogPluginManager: Mounting plugin ActorSequence
LogPluginManager: Mounting plugin LevelSequenceEditor
LogPluginManager: Mounting plugin MatineeToLevelSequence
LogPluginManager: Mounting plugin TemplateSequence
LogPluginManager: Mounting plugin OnlineSubsystem
LogPluginManager: Mounting plugin OnlineSubsystemNull
LogPluginManager: Mounting plugin OnlineSubsystemUtils
LogPluginManager: Mounting plugin ActorLayerUtilities
LogPluginManager: Mounting plugin AndroidMoviePlayer
LogPluginManager: Mounting plugin AndroidDeviceProfileSelector
LogPluginManager: Mounting plugin AndroidPermission
LogPluginManager: Mounting plugin AppleImageUtils
LogPluginManager: Mounting plugin AppleMoviePlayer
LogPluginManager: Mounting plugin ArchVisCharacter
LogPluginManager: Mounting plugin AssetTags
LogPluginManager: Mounting plugin AudioCapture
LogPluginManager: Mounting plugin CableComponent
LogPluginManager: Mounting plugin AudioSynesthesia
LogPluginManager: Mounting plugin CustomMeshComponent
LogPluginManager: Mounting plugin ChunkDownloader
LogPluginManager: Mounting plugin EditableMesh
LogPluginManager: Mounting plugin ExampleDeviceProfileSelector
LogPluginManager: Mounting plugin GooglePAD
LogPluginManager: Mounting plugin GoogleCloudMessaging
LogPluginManager: Mounting plugin LauncherChunkInstaller
LogPluginManager: Mounting plugin IOSDeviceProfileSelector
LogPluginManager: Mounting plugin LinuxDeviceProfileSelector
LogPluginManager: Mounting plugin LocationServicesBPLibrary
LogPluginManager: Mounting plugin MobilePatchingUtils
LogPluginManager: Mounting plugin ScreenshotTools
LogPluginManager: Mounting plugin Takes
LogPluginManager: Mounting plugin OpenXR
LogPluginManager: Mounting plugin OpenXRHandTracking
LogPluginManager: Mounting plugin OpenXREyeTracker
LogPluginManager: Mounting plugin PhysXVehicles
LogPluginManager: Mounting plugin PostSplashScreen
LogPluginManager: Mounting plugin PropertyAccessEditor
LogPluginManager: Mounting plugin ProceduralMeshComponent
LogPluginManager: Mounting plugin RuntimePhysXCooking
LogPluginManager: Mounting plugin SignificanceManager
LogPluginManager: Mounting plugin SoundFields
LogPluginManager: Mounting plugin Synthesis
LogPluginManager: Mounting plugin WebMMoviePlayer
LogPluginManager: Mounting plugin WindowsMoviePlayer
LogPluginManager: Mounting plugin OodleData
LogPluginManager: Mounting plugin OodleNetwork
LogPluginManager: Mounting plugin CameraShakePreviewer
LogPluginManager: Mounting plugin GameplayCameras
LogPluginManager: Mounting plugin ContentBrowserAssetDataSource
LogPluginManager: Mounting plugin ContentBrowserClassDataSource
LogPluginManager: Mounting plugin ContentBrowserFileDataSource
LogPluginManager: Mounting plugin OnlineSubsystemIOS
LogPluginManager: Mounting plugin OnlineSubsystemGooglePlay
LogPluginManager: Mounting plugin OculusVR
LogPluginManager: Mounting plugin SteamVR
LogInit: Warning: Incompatible or missing module: StarryTail
Running C:/Program Files/Epic Games/UE_4.27/Engine/Binaries/DotNET/UnrealBuildTool.exe Development Win64 -Project="C:/Users/Pocari/Desktop/STARRY-TAIL/StarryTail/StarryTail.uproject" -TargetType=Editor -Progress -NoEngineChanges -NoHotReloadFromIDE
Using 'git status' to determine working set for adaptive non-unity build (C:\Users\Pocari\Desktop\STARRY-TAIL).
Creating makefile for StarryTailEditor (game project files are newer)
@progress push 5%
Parsing headers for StarryTailEditor
  Running UnrealHeaderTool "C:\Users\Pocari\Desktop\STARRY-TAIL\StarryTail\StarryTail.uproject" "C:\Users\Pocari\Desktop\STARRY-TAIL\StarryTail\Intermediate\Build\Win64\StarryTailEditor\Development\StarryTailEditor.uhtmanifest" -LogCmds="loginit warning, logexit warning, logdatabase error" -Unattended -WarningsAsErrors -abslog="C:\Users\Pocari\AppData\Local\UnrealBuildTool\Log_UHT.txt" -installed
LogInit: Display: Loading text-based GConfig....
Reflection code generated for StarryTailEditor in 6.7557901 seconds
@progress pop
Building StarryTailEditor...
Using Visual Studio 2019 14.29.30137 toolchain (C:\Program Files (x86)\Microsoft Visual Studio\2019\Community\VC\Tools\MSVC\14.29.30133) and Windows 10.0.19041.0 SDK (C:\Program Files (x86)\Windows Kits\10).
Building 30 actions with 12 processes...
  @progress 'Compiling C++ source code...' 0%
  @progress 'Compiling C++ source code...' 3%
  [1/30] IreneAttackState.cpp
  @progress 'Compiling C++ source code...' 7%
  [2/30] IreneRunState.cpp
  @progress 'Compiling C++ source code...' 10%
  [3/30] StarryTail.init.gen.cpp
  @progress 'Compiling C++ source code...' 13%
  [4/30] StarryTail.cpp
  @progress 'Compiling C++ source code...' 17%
  [5/30] IreneJumpState.cpp
  @progress 'Compiling C++ source code...' 20%
  [6/30] StarryTail.gen.cpp
  @progress 'Compiling C++ source code...' 23%
  [7/30] StarryTailGameMode.gen.cpp
  @progress 'Compiling C++ source code...' 27%
  [8/30] PlayerCharacterDataStruct.gen.cpp
  @progress 'Compiling C++ source code...' 30%
  [9/30] StarryTailCharacter.gen.cpp
  @progress 'Compiling C++ source code...' 33%
  [10/30] StarryTailCharacter.cpp
  @progress 'Compiling C++ source code...' 37%
  [11/30] IreneDeathState.cpp
  @progress 'Compiling C++ source code...' 40%
  [12/30] IreneWalkState.cpp
  @progress 'Compiling C++ source code...' 43%
  [13/30] IreneIdleState.cpp
  @progress 'Compiling C++ source code...' 47%
  [14/30] IreneHitState.cpp
  @progress 'Compiling C++ source code...' 50%
  [15/30] IreneFSM.cpp
  @progress 'Compiling C++ source code...' 53%
  [16/30] IreneAttackIdleState.cpp
  @progress 'Compiling C++ source code...' 57%
  [17/30] Default.rc2
  @progress 'Compiling C++ source code...' 60%
  [18/30] IreneDashState.cpp
  @progress 'Compiling C++ source code...' 63%
  [19/30] StarryTailGameMode.cpp
  @progress 'Compiling C++ source code...' 67%
  [20/30] StopWatchWidget.cpp
  @progress 'Compiling C++ source code...' 70%
  [21/30] CharacterAttributeWidget.cpp
  @progress 'Compiling C++ source code...' 73%
  [22/30] StopWatchWidget.gen.cpp
  @progress 'Compiling C++ source code...' 77%
  [23/30] CharacterAttributeWidget.gen.cpp
  @progress 'Compiling C++ source code...' 80%
  [24/30] StopWatch.gen.cpp
  @progress 'Compiling C++ source code...' 83%
  [25/30] StopWatch.cpp
  @progress 'Compiling C++ source code...' 87%
  [26/30] IreneCharacter.gen.cpp
  @progress 'Compiling C++ source code...' 90%
  [27/30] IreneCharacter.cpp
  @progress 'Compiling C++ source code...' 93%
  [28/30] UE4Editor-StarryTail.lib
     C:\Users\Pocari\Desktop\STARRY-TAIL\StarryTail\Intermediate\Build\Win64\UE4Editor\Development\StarryTail\UE4Editor-StarryTail.lib ???̺귯?? ?? C:\Users\Pocari\Desktop\STARRY-TAIL\StarryTail\Intermediate\Build\Win64\UE4Editor\Development\StarryTail\UE4Editor-StarryTail.exp ??ü?? ?????ϰ? ?ֽ??ϴ?.
  LINK : fatal error LNK1104: 'C:\Users\Pocari\Desktop\STARRY-TAIL\StarryTail\Intermediate\Build\Win64\UE4Editor\Development\StarryTail\UE4Editor-StarryTail.exp' ?????? ?? ?? ?????ϴ?.
  @progress 'Compiling C++ source code...' 97%
  [29/30] UE4Editor-StarryTail.dll
     C:\Users\Pocari\Desktop\STARRY-TAIL\StarryTail\Intermediate\Build\Win64\UE4Editor\Development\StarryTail\UE4Editor-StarryTail.suppressed.lib ???̺귯?? ?? C:\Users\Pocari\Desktop\STARRY-TAIL\StarryTail\Intermediate\Build\Win64\UE4Editor\Development\StarryTail\UE4Editor-StarryTail.suppressed.exp ??ü?? ?????ϰ? ?ֽ??ϴ?.
  LINK : fatal error LNK1104: 'C:\Users\Pocari\Desktop\STARRY-TAIL\StarryTail\Intermediate\Build\Win64\UE4Editor\Development\StarryTail\UE4Editor-StarryTail.suppressed.exp' ?????? ?? ?? ?????ϴ?.
ERROR: Unhandled exception: System.IO.IOException: ??û?? ?۾???, ?????ڰ? ?????? ?????? ???? ?ִ? ?????? ???Ͽ??? ?????? ?? ?????ϴ?.
       
          ??ġ: System.IO.__Error.WinIOError(Int32 errorCode, String maybeFullPath)
          ??ġ: System.IO.FileStream.Init(String path, FileMode mode, FileAccess access, Int32 rights, Boolean useRights, FileShare share, Int32 bufferSize, FileOptions options, SECURITY_ATTRIBUTES secAttrs, String msgPath, Boolean bFromProxy, Boolean useLongPath, Boolean checkHost)
          ??ġ: System.IO.FileStream..ctor(String path, FileMode mode, FileAccess access, FileShare share)
          ??ġ: UnrealBuildTool.SourceFileMetadataCache.Write() ???? D:\Build\++UE4\Sync\Engine\Source\Programs\UnrealBuildTool\System\SourceFileMetadataCache.cs:?? 346
          ??ġ: UnrealBuildTool.SourceFileMetadataCache.<>c.<SaveAll>b__20_0(SourceFileMetadataCache Cache) ???? D:\Build\++UE4\Sync\Engine\Source\Programs\UnrealBuildTool\System\SourceFileMetadataCache.cs:?? 289
          ??ġ: System.Threading.Tasks.Parallel.<>c__DisplayClass42_0`2.<PartitionerForEachWorker>b__1()
          ??ġ: System.Threading.Tasks.Task.InnerInvokeWithArg(Task childTask)
          ??ġ: System.Threading.Tasks.Task.<>c__DisplayClass176_0.<ExecuteSelfReplicating>b__0(Object <p0>)
LogCore: Engine exit requested (reason: EngineExit() was called)
LogExit: Preparing to exit.
LogModuleManager: Shutting down and abandoning module DesktopPlatform (48)
LogModuleManager: Shutting down and abandoning module OodleDataCompressionFormat (46)
LogModuleManager: Shutting down and abandoning module PythonScriptPluginPreload (44)
LogModuleManager: Shutting down and abandoning module PlatformCryptoOpenSSL (42)
LogModuleManager: Shutting down and abandoning module PlatformCryptoTypes (40)
LogModuleManager: Shutting down and abandoning module PlatformCrypto (38)
LogModuleManager: Shutting down and abandoning module XGEController (36)
LogXGEController: Cannot use XGE Controller as Incredibuild is not installed on this machine.
LogXGEController: Cleaning working directory: C:/Users/Pocari/AppData/Local/Temp/UnrealXGEWorkingDir/
LogModuleManager: Shutting down and abandoning module AnimationModifiers (34)
LogModuleManager: Shutting down and abandoning module AudioEditor (32)
LogModuleManager: Shutting down and abandoning module PropertyEditor (31)
LogModuleManager: Shutting down and abandoning module TextureCompressor (28)
LogModuleManager: Shutting down and abandoning module RenderCore (26)
LogModuleManager: Shutting down and abandoning module Landscape (24)
LogModuleManager: Shutting down and abandoning module SlateRHIRenderer (22)
LogModuleManager: Shutting down and abandoning module AnimGraphRuntime (20)
LogModuleManager: Shutting down and abandoning module Renderer (18)
LogModuleManager: Shutting down and abandoning module Engine (16)
LogModuleManager: Shutting down and abandoning module CoreUObject (14)
LogModuleManager: Shutting down and abandoning module NetworkFile (12)
LogModuleManager: Shutting down and abandoning module CookedIterativeFile (10)
LogModuleManager: Shutting down and abandoning module StreamingFile (8)
LogModuleManager: Shutting down and abandoning module SandboxFile (6)
LogModuleManager: Shutting down and abandoning module PakFile (4)
LogModuleManager: Shutting down and abandoning module RSA (3)
LogExit: Exiting.
Log file closed, 03/05/22 20:34:27
