Log file open, 02/23/22 22:10:09
LogWindows: Failed to load 'aqProf.dll' (GetLastError=126)
LogWindows: File 'aqProf.dll' does not exist
LogWindows: Failed to load 'VtuneApi.dll' (GetLastError=126)
LogWindows: File 'VtuneApi.dll' does not exist
LogWindows: Failed to load 'VtuneApi32e.dll' (GetLastError=126)
LogWindows: File 'VtuneApi32e.dll' does not exist
LogConsoleResponse: Display: Failed to find resolution value strings in scalability ini. Falling back to default.
LogConsoleResponse: Display: Failed to find resolution value strings in scalability ini. Falling back to default.
LogInit: Display: Running engine for game: StarryTail
LogPlatformFile: Not using cached read wrapper
LogTaskGraph: Started task graph with 5 named threads and 71 total threads with 3 sets of task threads.
LogStats: Stats thread started at 0.213722
LogICUInternationalization: ICU TimeZone Detection - Raw Offset: +9:00, Platform Override: ''
LogInit: Display: Loading text-based GConfig....
LogPluginManager: Mounting plugin MeshPainting
LogPluginManager: Mounting plugin XGEController
LogPluginManager: Mounting plugin LiveLink
LogPluginManager: Mounting plugin Paper2D
LogPluginManager: Mounting plugin LightPropagationVolume
LogPluginManager: Mounting plugin AISupport
LogPluginManager: Mounting plugin CameraShakePreviewer
LogPluginManager: Mounting plugin GameplayCameras
LogPluginManager: Mounting plugin AssetManagerEditor
LogPluginManager: Mounting plugin EnvironmentQueryEditor
LogPluginManager: Mounting plugin AnimationSharing
LogPluginManager: Mounting plugin CLionSourceCodeAccess
LogPluginManager: Mounting plugin CodeLiteSourceCodeAccess
LogPluginManager: Mounting plugin NullSourceCodeAccess
LogPluginManager: Mounting plugin KDevelopSourceCodeAccess
LogPluginManager: Mounting plugin GitSourceControl
LogPluginManager: Mounting plugin PixWinPlugin
LogPluginManager: Mounting plugin PerforceSourceControl
LogPluginManager: Mounting plugin PlasticSourceControl
LogPluginManager: Mounting plugin PluginUtils
LogPluginManager: Mounting plugin PropertyAccessNode
LogPluginManager: Mounting plugin RiderSourceCodeAccess
LogPluginManager: Mounting plugin CryptoKeys
LogPluginManager: Mounting plugin AlembicImporter
LogPluginManager: Mounting plugin BackChannel
LogPluginManager: Mounting plugin TextureFormatOodle
LogPluginManager: Mounting plugin AutomationUtils
LogPluginManager: Mounting plugin SubversionSourceControl
LogPluginManager: Mounting plugin ChaosClothEditor
LogPluginManager: Mounting plugin CurveEditorTools
LogPluginManager: Mounting plugin DataValidation
LogPluginManager: Mounting plugin ChaosNiagara
LogPluginManager: Mounting plugin FacialAnimation
LogPluginManager: Mounting plugin ChaosEditor
LogPluginManager: Mounting plugin GameplayTagsEditor
LogPluginManager: Mounting plugin ChaosCloth
LogPluginManager: Mounting plugin ChaosSolverPlugin
LogPluginManager: Mounting plugin MacGraphicsSwitching
LogPluginManager: Mounting plugin GeometryMode
LogPluginManager: Mounting plugin CharacterAI
LogPluginManager: Mounting plugin MaterialAnalyzer
LogPluginManager: Mounting plugin MobileLauncherProfileWizard
LogPluginManager: Mounting plugin SpeedTreeImporter
LogPluginManager: Mounting plugin PluginBrowser
LogPluginManager: Mounting plugin UObjectPlugin
LogPluginManager: Mounting plugin VisualStudioCodeSourceCodeAccess
LogPluginManager: Mounting plugin XCodeSourceCodeAccess
LogPluginManager: Mounting plugin VisualStudioSourceCodeAccess
LogPluginManager: Mounting plugin GeometryCache
LogPluginManager: Mounting plugin GeometryCollectionPlugin
LogPluginManager: Mounting plugin Niagara
LogPluginManager: Mounting plugin GeometryProcessing
LogPluginManager: Mounting plugin MotoSynth
LogPluginManager: Mounting plugin OpenImageDenoise
LogPluginManager: Mounting plugin DatasmithContent
LogPluginManager: Mounting plugin PlanarCut
LogPluginManager: Mounting plugin ProxyLODPlugin
LogPluginManager: Mounting plugin PlatformCrypto
LogPluginManager: Mounting plugin PythonScriptPlugin
LogPluginManager: Mounting plugin SkeletalReduction
LogPluginManager: Mounting plugin VariantManagerContent
LogPluginManager: Mounting plugin LuminPlatformFeatures
LogPluginManager: Mounting plugin MagicLeap
LogPluginManager: Mounting plugin MagicLeapLightEstimation
LogPluginManager: Mounting plugin MagicLeapPassableWorld
LogPluginManager: Mounting plugin MagicLeapMedia
LogPluginManager: Mounting plugin MLSDK
LogPluginManager: Mounting plugin AvfMedia
LogPluginManager: Mounting plugin ImgMedia
LogPluginManager: Mounting plugin MediaCompositing
LogPluginManager: Mounting plugin MediaPlayerEditor
LogPluginManager: Mounting plugin WmfMedia
LogPluginManager: Mounting plugin LauncherChunkInstaller
LogPluginManager: Mounting plugin UdpMessaging
LogPluginManager: Mounting plugin WebMMedia
LogPluginManager: Mounting plugin TcpMessaging
LogPluginManager: Mounting plugin ActorSequence
LogPluginManager: Mounting plugin MatineeToLevelSequence
LogPluginManager: Mounting plugin LevelSequenceEditor
LogPluginManager: Mounting plugin AndroidMedia
LogPluginManager: Mounting plugin TemplateSequence
LogPluginManager: Mounting plugin OnlineSubsystem
LogPluginManager: Mounting plugin OnlineSubsystemNull
LogPluginManager: Mounting plugin OnlineSubsystemUtils
LogPluginManager: Mounting plugin ScreenshotTools
LogPluginManager: Mounting plugin ActorLayerUtilities
LogPluginManager: Mounting plugin AndroidDeviceProfileSelector
LogPluginManager: Mounting plugin AndroidMoviePlayer
LogPluginManager: Mounting plugin AndroidPermission
LogPluginManager: Mounting plugin AppleMoviePlayer
LogPluginManager: Mounting plugin AudioCapture
LogPluginManager: Mounting plugin AssetTags
LogPluginManager: Mounting plugin ArchVisCharacter
LogPluginManager: Mounting plugin AppleImageUtils
LogPluginManager: Mounting plugin AudioSynesthesia
LogPluginManager: Mounting plugin ChunkDownloader
LogPluginManager: Mounting plugin CustomMeshComponent
LogPluginManager: Mounting plugin CableComponent
LogPluginManager: Mounting plugin ExampleDeviceProfileSelector
LogPluginManager: Mounting plugin EditableMesh
LogPluginManager: Mounting plugin GoogleCloudMessaging
LogPluginManager: Mounting plugin GooglePAD
LogPluginManager: Mounting plugin Takes
LogPluginManager: Mounting plugin IOSDeviceProfileSelector
LogPluginManager: Mounting plugin LocationServicesBPLibrary
LogPluginManager: Mounting plugin MobilePatchingUtils
LogPluginManager: Mounting plugin LinuxDeviceProfileSelector
LogPluginManager: Mounting plugin OpenXR
LogPluginManager: Mounting plugin OpenXRHandTracking
LogPluginManager: Mounting plugin OpenXREyeTracker
LogPluginManager: Mounting plugin PhysXVehicles
LogPluginManager: Mounting plugin ProceduralMeshComponent
LogPluginManager: Mounting plugin PostSplashScreen
LogPluginManager: Mounting plugin PropertyAccessEditor
LogPluginManager: Mounting plugin SignificanceManager
LogPluginManager: Mounting plugin RuntimePhysXCooking
LogPluginManager: Mounting plugin SoundFields
LogPluginManager: Mounting plugin Synthesis
LogPluginManager: Mounting plugin WebMMoviePlayer
LogPluginManager: Mounting plugin WindowsMoviePlayer
LogPluginManager: Mounting plugin OodleData
LogPluginManager: Mounting plugin OodleNetwork
LogPluginManager: Mounting plugin ContentBrowserAssetDataSource
LogPluginManager: Mounting plugin ContentBrowserClassDataSource
LogPluginManager: Mounting plugin ContentBrowserFileDataSource
LogPluginManager: Mounting plugin OnlineSubsystemGooglePlay
LogPluginManager: Mounting plugin OnlineSubsystemIOS
LogPluginManager: Mounting plugin OculusVR
LogPluginManager: Mounting plugin SteamVR
PixWinPlugin: PIX capture plugin failed to initialize! Check that the process is launched from PIX.
LogInit: Using libcurl 7.55.1-DEV
LogInit:  - built for x86_64-pc-win32
LogInit:  - supports SSL with OpenSSL/1.1.1
LogInit:  - supports HTTP deflate (compression) using libz 1.2.8
LogInit:  - other features:
LogInit:      CURL_VERSION_SSL
LogInit:      CURL_VERSION_LIBZ
LogInit:      CURL_VERSION_IPV6
LogInit:      CURL_VERSION_ASYNCHDNS
LogInit:      CURL_VERSION_LARGEFILE
LogInit:      CURL_VERSION_IDN
LogInit:  CurlRequestOptions (configurable via config and command line):
LogInit:  - bVerifyPeer = true  - Libcurl will verify peer certificate
LogInit:  - bUseHttpProxy = false  - Libcurl will NOT use HTTP proxy
LogInit:  - bDontReuseConnections = false  - Libcurl will reuse connections
LogInit:  - MaxHostConnections = 16  - Libcurl will limit the number of connections to a host
LogInit:  - LocalHostAddr = Default
LogInit:  - BufferSize = 65536
LogOnline: OSS: Creating online subsystem instance for: NULL
LogInit: WinSock: version 1.1 (2.2), MaxSocks=32767, MaxUdp=65467
LogOnline: OSS: TryLoadSubsystemAndSetDefault: Loaded subsystem for module [NULL]
LogOculusPluginWrapper: OculusPlugin initialized successfully
LogHMD: Failed initializing OVRPlugin 1.59.0
LogInit: Build: ++UE4+Release-4.27-CL-18319896
LogInit: Engine Version: 4.27.2-18319896+++UE4+Release-4.27
LogInit: Compatible Engine Version: 4.27.0-17155196+++UE4+Release-4.27
LogInit: Net CL: 17155196
LogInit: OS: Windows 10 (Release 2009) (), CPU: AMD Ryzen 9 5900X 12-Core Processor            , GPU: NVIDIA GeForce RTX 3080 Ti
LogInit: Compiled (64-bit): Nov 30 2021 07:12:08
LogInit: Compiled with Visual C++: 19.24.28315.00
LogInit: Build Configuration: Development
LogInit: Branch Name: ++UE4+Release-4.27
LogInit: Command Line: 
LogInit: Base Directory: D:/EpicGames/UE_4.27/Engine/Binaries/Win64/
LogInit: Allocator: TBB
LogInit: Installed Engine Build: 1
LogDevObjectVersion: Number of dev versions registered: 29
LogDevObjectVersion:   Dev-Blueprints (B0D832E4-1F89-4F0D-ACCF-7EB736FD4AA2): 10
LogDevObjectVersion:   Dev-Build (E1C64328-A22C-4D53-A36C-8E866417BD8C): 0
LogDevObjectVersion:   Dev-Core (375EC13C-06E4-48FB-B500-84F0262A717E): 4
LogDevObjectVersion:   Dev-Editor (E4B068ED-F494-42E9-A231-DA0B2E46BB41): 40
LogDevObjectVersion:   Dev-Framework (CFFC743F-43B0-4480-9391-14DF171D2073): 37
LogDevObjectVersion:   Dev-Mobile (B02B49B5-BB20-44E9-A304-32B752E40360): 3
LogDevObjectVersion:   Dev-Networking (A4E4105C-59A1-49B5-A7C5-40C4547EDFEE): 0
LogDevObjectVersion:   Dev-Online (39C831C9-5AE6-47DC-9A44-9C173E1C8E7C): 0
LogDevObjectVersion:   Dev-Physics (78F01B33-EBEA-4F98-B9B4-84EACCB95AA2): 14
LogDevObjectVersion:   Dev-Platform (6631380F-2D4D-43E0-8009-CF276956A95A): 0
LogDevObjectVersion:   Dev-Rendering (12F88B9F-8875-4AFC-A67C-D90C383ABD29): 45
LogDevObjectVersion:   Dev-Sequencer (7B5AE74C-D270-4C10-A958-57980B212A5A): 13
LogDevObjectVersion:   Dev-VR (D7296918-1DD6-4BDD-9DE2-64A83CC13884): 3
LogDevObjectVersion:   Dev-LoadTimes (C2A15278-BFE7-4AFE-6C17-90FF531DF755): 1
LogDevObjectVersion:   Private-Geometry (6EACA3D4-40EC-4CC1-B786-8BED09428FC5): 3
LogDevObjectVersion:   Dev-AnimPhys (29E575DD-E0A3-4627-9D10-D276232CDCEA): 17
LogDevObjectVersion:   Dev-Anim (AF43A65D-7FD3-4947-9873-3E8ED9C1BB05): 15
LogDevObjectVersion:   Dev-ReflectionCapture (6B266CEC-1EC7-4B8F-A30B-E4D90942FC07): 1
LogDevObjectVersion:   Dev-Automation (0DF73D61-A23F-47EA-B727-89E90C41499A): 1
LogDevObjectVersion:   FortniteMain (601D1886-AC64-4F84-AA16-D3DE0DEAC7D6): 47
LogDevObjectVersion:   FortniteRelease (E7086368-6B23-4C58-8439-1B7016265E91): 1
LogDevObjectVersion:   Dev-Enterprise (9DFFBCD6-494F-0158-E221-12823C92A888): 10
LogDevObjectVersion:   Dev-Niagara (F2AED0AC-9AFE-416F-8664-AA7FFA26D6FC): 1
LogDevObjectVersion:   Dev-Destruction (174F1F0B-B4C6-45A5-B13F-2EE8D0FB917D): 10
LogDevObjectVersion:   Dev-Physics-Ext (35F94A83-E258-406C-A318-09F59610247C): 41
LogDevObjectVersion:   Dev-PhysicsMaterial-Chaos (B68FC16E-8B1B-42E2-B453-215C058844FE): 1
LogDevObjectVersion:   Dev-CineCamera (B2E18506-4273-CFC2-A54E-F4BB758BBA07): 1
LogDevObjectVersion:   Dev-VirtualProduction (64F58936-FD1B-42BA-BA96-7289D5D0FA4E): 1
LogDevObjectVersion:   Dev-MediaFramework (6F0ED827-A609-4895-9C91-998D90180EA4): 2
LogInit: Presizing for max 25165824 objects, including 0 objects not considered by GC, pre-allocating 0 bytes for permanent pool.
LogConfig: Applying CVar settings from Section [/Script/Engine.StreamingSettings] File [C:/UnrealProjects/STARRY-TAIL/StarryTail/Saved/Config/Windows/Engine.ini]
LogConfig: Setting CVar [[s.MinBulkDataSizeForAsyncLoading:131072]]
LogConfig: Setting CVar [[s.AsyncLoadingThreadEnabled:0]]
LogConfig: Setting CVar [[s.EventDrivenLoaderEnabled:1]]
LogConfig: Setting CVar [[s.WarnIfTimeLimitExceeded:0]]
LogConfig: Setting CVar [[s.TimeLimitExceededMultiplier:1.5]]
LogConfig: Setting CVar [[s.TimeLimitExceededMinTime:0.005]]
LogConfig: Setting CVar [[s.UseBackgroundLevelStreaming:1]]
LogConfig: Setting CVar [[s.PriorityAsyncLoadingExtraTime:15.0]]
LogConfig: Setting CVar [[s.LevelStreamingActorsUpdateTimeLimit:5.0]]
LogConfig: Setting CVar [[s.PriorityLevelStreamingActorsUpdateExtraTime:5.0]]
LogConfig: Setting CVar [[s.LevelStreamingComponentsRegistrationGranularity:10]]
LogConfig: Setting CVar [[s.UnregisterComponentsTimeLimit:1.0]]
LogConfig: Setting CVar [[s.LevelStreamingComponentsUnregistrationGranularity:5]]
LogConfig: Setting CVar [[s.FlushStreamingOnExit:1]]
LogInit: Object subsystem initialized
LogConfig: Setting CVar [[con.DebugEarlyDefault:1]]
LogConfig: Setting CVar [[r.setres:1280x720]]
[2022.02.23-13.10.09:848][  0]LogConfig: Setting CVar [[r.VSync:0]]
[2022.02.23-13.10.09:848][  0]LogConfig: Setting CVar [[r.RHICmdBypass:0]]
[2022.02.23-13.10.09:848][  0]LogConfig: Applying CVar settings from Section [/Script/Engine.RendererSettings] File [C:/UnrealProjects/STARRY-TAIL/StarryTail/Saved/Config/Windows/Engine.ini]
[2022.02.23-13.10.09:848][  0]LogConfig: Setting CVar [[r.GPUCrashDebugging:0]]
[2022.02.23-13.10.09:848][  0]LogConfig: Applying CVar settings from Section [/Script/Engine.RendererOverrideSettings] File [C:/UnrealProjects/STARRY-TAIL/StarryTail/Saved/Config/Windows/Engine.ini]
[2022.02.23-13.10.09:848][  0]LogConfig: Applying CVar settings from Section [/Script/Engine.StreamingSettings] File [C:/UnrealProjects/STARRY-TAIL/StarryTail/Saved/Config/Windows/Engine.ini]
[2022.02.23-13.10.09:848][  0]LogConfig: Setting CVar [[s.MinBulkDataSizeForAsyncLoading:131072]]
[2022.02.23-13.10.09:848][  0]LogConfig: Setting CVar [[s.AsyncLoadingThreadEnabled:0]]
[2022.02.23-13.10.09:848][  0]LogConfig: Setting CVar [[s.EventDrivenLoaderEnabled:1]]
[2022.02.23-13.10.09:848][  0]LogConfig: Setting CVar [[s.WarnIfTimeLimitExceeded:0]]
[2022.02.23-13.10.09:848][  0]LogConfig: Setting CVar [[s.TimeLimitExceededMultiplier:1.5]]
[2022.02.23-13.10.09:848][  0]LogConfig: Setting CVar [[s.TimeLimitExceededMinTime:0.005]]
[2022.02.23-13.10.09:848][  0]LogConfig: Setting CVar [[s.UseBackgroundLevelStreaming:1]]
[2022.02.23-13.10.09:848][  0]LogConfig: Setting CVar [[s.PriorityAsyncLoadingExtraTime:15.0]]
[2022.02.23-13.10.09:848][  0]LogConfig: Setting CVar [[s.LevelStreamingActorsUpdateTimeLimit:5.0]]
[2022.02.23-13.10.09:848][  0]LogConfig: Setting CVar [[s.PriorityLevelStreamingActorsUpdateExtraTime:5.0]]
[2022.02.23-13.10.09:848][  0]LogConfig: Setting CVar [[s.LevelStreamingComponentsRegistrationGranularity:10]]
[2022.02.23-13.10.09:848][  0]LogConfig: Setting CVar [[s.UnregisterComponentsTimeLimit:1.0]]
[2022.02.23-13.10.09:848][  0]LogConfig: Setting CVar [[s.LevelStreamingComponentsUnregistrationGranularity:5]]
[2022.02.23-13.10.09:848][  0]LogConfig: Setting CVar [[s.FlushStreamingOnExit:1]]
[2022.02.23-13.10.09:848][  0]LogConfig: Applying CVar settings from Section [/Script/Engine.GarbageCollectionSettings] File [C:/UnrealProjects/STARRY-TAIL/StarryTail/Saved/Config/Windows/Engine.ini]
[2022.02.23-13.10.09:848][  0]LogConfig: Setting CVar [[gc.MaxObjectsNotConsideredByGC:1]]
[2022.02.23-13.10.09:848][  0]LogConfig: Setting CVar [[gc.SizeOfPermanentObjectPool:0]]
[2022.02.23-13.10.09:848][  0]LogConfig: Setting CVar [[gc.FlushStreamingOnGC:0]]
[2022.02.23-13.10.09:848][  0]LogConfig: Setting CVar [[gc.NumRetriesBeforeForcingGC:10]]
[2022.02.23-13.10.09:848][  0]LogConfig: Setting CVar [[gc.AllowParallelGC:1]]
[2022.02.23-13.10.09:848][  0]LogConfig: Setting CVar [[gc.TimeBetweenPurgingPendingKillObjects:61.1]]
[2022.02.23-13.10.09:848][  0]LogConfig: Setting CVar [[gc.MaxObjectsInEditor:25165824]]
[2022.02.23-13.10.09:848][  0]LogConfig: Setting CVar [[gc.IncrementalBeginDestroyEnabled:1]]
[2022.02.23-13.10.09:848][  0]LogConfig: Setting CVar [[gc.CreateGCClusters:1]]
[2022.02.23-13.10.09:848][  0]LogConfig: Setting CVar [[gc.MinGCClusterSize:5]]
[2022.02.23-13.10.09:848][  0]LogConfig: Setting CVar [[gc.ActorClusteringEnabled:0]]
[2022.02.23-13.10.09:848][  0]LogConfig: Setting CVar [[gc.BlueprintClusteringEnabled:0]]
[2022.02.23-13.10.09:848][  0]LogConfig: Setting CVar [[gc.UseDisregardForGCOnDedicatedServers:0]]
[2022.02.23-13.10.09:848][  0]LogConfig: Setting CVar [[gc.MultithreadedDestructionEnabled:1]]
[2022.02.23-13.10.09:848][  0]LogConfig: Applying CVar settings from Section [/Script/Engine.NetworkSettings] File [C:/UnrealProjects/STARRY-TAIL/StarryTail/Saved/Config/Windows/Engine.ini]
[2022.02.23-13.10.09:848][  0]LogConfig: Applying CVar settings from Section [/Script/UnrealEd.CookerSettings] File [C:/UnrealProjects/STARRY-TAIL/StarryTail/Saved/Config/Windows/Engine.ini]
[2022.02.23-13.10.09:936][  0]LogConfig: Applying CVar settings from Section [ViewDistanceQuality@3] File [C:/UnrealProjects/STARRY-TAIL/StarryTail/Saved/Config/Windows/Scalability.ini]
[2022.02.23-13.10.09:936][  0]LogConfig: Setting CVar [[r.SkeletalMeshLODBias:0]]
[2022.02.23-13.10.09:936][  0]LogConfig: Setting CVar [[r.ViewDistanceScale:1.0]]
[2022.02.23-13.10.09:936][  0]LogConfig: Applying CVar settings from Section [AntiAliasingQuality@3] File [C:/UnrealProjects/STARRY-TAIL/StarryTail/Saved/Config/Windows/Scalability.ini]
[2022.02.23-13.10.09:936][  0]LogConfig: Setting CVar [[r.PostProcessAAQuality:4]]
[2022.02.23-13.10.09:936][  0]LogConfig: Applying CVar settings from Section [ShadowQuality@3] File [C:/UnrealProjects/STARRY-TAIL/StarryTail/Saved/Config/Windows/Scalability.ini]
[2022.02.23-13.10.09:936][  0]LogConfig: Setting CVar [[r.LightFunctionQuality:1]]
[2022.02.23-13.10.09:936][  0]LogConfig: Setting CVar [[r.ShadowQuality:5]]
[2022.02.23-13.10.09:936][  0]LogConfig: Setting CVar [[r.Shadow.CSM.MaxCascades:10]]
[2022.02.23-13.10.09:936][  0]LogConfig: Setting CVar [[r.Shadow.MaxResolution:2048]]
[2022.02.23-13.10.09:936][  0]LogConfig: Setting CVar [[r.Shadow.MaxCSMResolution:2048]]
[2022.02.23-13.10.09:936][  0]LogConfig: Setting CVar [[r.Shadow.RadiusThreshold:0.01]]
[2022.02.23-13.10.09:936][  0]LogConfig: Setting CVar [[r.Shadow.DistanceScale:1.0]]
[2022.02.23-13.10.09:936][  0]LogConfig: Setting CVar [[r.Shadow.CSM.TransitionScale:1.0]]
[2022.02.23-13.10.09:936][  0]LogConfig: Setting CVar [[r.Shadow.PreShadowResolutionFactor:1.0]]
[2022.02.23-13.10.09:936][  0]LogConfig: Setting CVar [[r.DistanceFieldShadowing:1]]
[2022.02.23-13.10.09:936][  0]LogConfig: Setting CVar [[r.DistanceFieldAO:1]]
[2022.02.23-13.10.09:936][  0]LogConfig: Setting CVar [[r.AOQuality:2]]
[2022.02.23-13.10.09:936][  0]LogConfig: Setting CVar [[r.VolumetricFog:1]]
[2022.02.23-13.10.09:936][  0]LogConfig: Setting CVar [[r.VolumetricFog.GridPixelSize:8]]
[2022.02.23-13.10.09:936][  0]LogConfig: Setting CVar [[r.VolumetricFog.GridSizeZ:128]]
[2022.02.23-13.10.09:936][  0]LogConfig: Setting CVar [[r.VolumetricFog.HistoryMissSupersampleCount:4]]
[2022.02.23-13.10.09:936][  0]LogConfig: Setting CVar [[r.LightMaxDrawDistanceScale:1]]
[2022.02.23-13.10.09:936][  0]LogConfig: Setting CVar [[r.CapsuleShadows:1]]
[2022.02.23-13.10.09:936][  0]LogConfig: Applying CVar settings from Section [PostProcessQuality@3] File [C:/UnrealProjects/STARRY-TAIL/StarryTail/Saved/Config/Windows/Scalability.ini]
[2022.02.23-13.10.09:936][  0]LogConfig: Setting CVar [[r.MotionBlurQuality:4]]
[2022.02.23-13.10.09:936][  0]LogConfig: Setting CVar [[r.AmbientOcclusionMipLevelFactor:0.4]]
[2022.02.23-13.10.09:936][  0]LogConfig: Setting CVar [[r.AmbientOcclusionMaxQuality:100]]
[2022.02.23-13.10.09:936][  0]LogConfig: Setting CVar [[r.AmbientOcclusionLevels:-1]]
[2022.02.23-13.10.09:936][  0]LogConfig: Setting CVar [[r.AmbientOcclusionRadiusScale:1.0]]
[2022.02.23-13.10.09:936][  0]LogConfig: Setting CVar [[r.DepthOfFieldQuality:2]]
[2022.02.23-13.10.09:936][  0]LogConfig: Setting CVar [[r.RenderTargetPoolMin:400]]
[2022.02.23-13.10.09:936][  0]LogConfig: Setting CVar [[r.LensFlareQuality:2]]
[2022.02.23-13.10.09:936][  0]LogConfig: Setting CVar [[r.SceneColorFringeQuality:1]]
[2022.02.23-13.10.09:936][  0]LogConfig: Setting CVar [[r.EyeAdaptationQuality:2]]
[2022.02.23-13.10.09:936][  0]LogConfig: Setting CVar [[r.BloomQuality:5]]
[2022.02.23-13.10.09:936][  0]LogConfig: Setting CVar [[r.FastBlurThreshold:100]]
[2022.02.23-13.10.09:936][  0]LogConfig: Setting CVar [[r.Upscale.Quality:3]]
[2022.02.23-13.10.09:936][  0]LogConfig: Setting CVar [[r.Tonemapper.GrainQuantization:1]]
[2022.02.23-13.10.09:936][  0]LogConfig: Setting CVar [[r.LightShaftQuality:1]]
[2022.02.23-13.10.09:936][  0]LogConfig: Setting CVar [[r.Filter.SizeScale:1]]
[2022.02.23-13.10.09:936][  0]LogConfig: Setting CVar [[r.Tonemapper.Quality:5]]
[2022.02.23-13.10.09:936][  0]LogConfig: Setting CVar [[r.DOF.Gather.AccumulatorQuality:1        ; higher gathering accumulator quality]]
[2022.02.23-13.10.09:936][  0]LogConfig: Setting CVar [[r.DOF.Gather.PostfilterMethod:1          ; Median3x3 postfilering method]]
[2022.02.23-13.10.09:936][  0]LogConfig: Setting CVar [[r.DOF.Gather.EnableBokehSettings:0       ; no bokeh simulation when gathering]]
[2022.02.23-13.10.09:936][  0]LogConfig: Setting CVar [[r.DOF.Gather.RingCount:4                 ; medium number of samples when gathering]]
[2022.02.23-13.10.09:936][  0]LogConfig: Setting CVar [[r.DOF.Scatter.ForegroundCompositing:1    ; additive foreground scattering]]
[2022.02.23-13.10.09:936][  0]LogConfig: Setting CVar [[r.DOF.Scatter.BackgroundCompositing:2    ; additive background scattering]]
[2022.02.23-13.10.09:936][  0]LogConfig: Setting CVar [[r.DOF.Scatter.EnableBokehSettings:1      ; bokeh simulation when scattering]]
[2022.02.23-13.10.09:936][  0]LogConfig: Setting CVar [[r.DOF.Scatter.MaxSpriteRatio:0.1         ; only a maximum of 10% of scattered bokeh]]
[2022.02.23-13.10.09:936][  0]LogConfig: Setting CVar [[r.DOF.Recombine.Quality:1                ; cheap slight out of focus]]
[2022.02.23-13.10.09:936][  0]LogConfig: Setting CVar [[r.DOF.Recombine.EnableBokehSettings:0    ; no bokeh simulation on slight out of focus]]
[2022.02.23-13.10.09:936][  0]LogConfig: Setting CVar [[r.DOF.TemporalAAQuality:1                ; more stable temporal accumulation]]
[2022.02.23-13.10.09:936][  0]LogConfig: Setting CVar [[r.DOF.Kernel.MaxForegroundRadius:0.025]]
[2022.02.23-13.10.09:936][  0]LogConfig: Setting CVar [[r.DOF.Kernel.MaxBackgroundRadius:0.025]]
[2022.02.23-13.10.09:936][  0]LogConfig: Applying CVar settings from Section [TextureQuality@3] File [C:/UnrealProjects/STARRY-TAIL/StarryTail/Saved/Config/Windows/Scalability.ini]
[2022.02.23-13.10.09:936][  0]LogConfig: Setting CVar [[r.Streaming.MipBias:0]]
[2022.02.23-13.10.09:936][  0]LogConfig: Setting CVar [[r.Streaming.AmortizeCPUToGPUCopy:0]]
[2022.02.23-13.10.09:936][  0]LogConfig: Setting CVar [[r.Streaming.MaxNumTexturesToStreamPerFrame:0]]
[2022.02.23-13.10.09:936][  0]LogConfig: Setting CVar [[r.Streaming.Boost:1]]
[2022.02.23-13.10.09:936][  0]LogConfig: Setting CVar [[r.MaxAnisotropy:8]]
[2022.02.23-13.10.09:936][  0]LogConfig: Setting CVar [[r.VT.MaxAnisotropy:8]]
[2022.02.23-13.10.09:936][  0]LogConfig: Setting CVar [[r.Streaming.LimitPoolSizeToVRAM:0]]
[2022.02.23-13.10.09:936][  0]LogConfig: Setting CVar [[r.Streaming.PoolSize:1000]]
[2022.02.23-13.10.09:936][  0]LogConfig: Setting CVar [[r.Streaming.MaxEffectiveScreenSize:0]]
[2022.02.23-13.10.09:936][  0]LogConfig: Applying CVar settings from Section [EffectsQuality@3] File [C:/UnrealProjects/STARRY-TAIL/StarryTail/Saved/Config/Windows/Scalability.ini]
[2022.02.23-13.10.09:936][  0]LogConfig: Setting CVar [[r.TranslucencyLightingVolumeDim:64]]
[2022.02.23-13.10.09:936][  0]LogConfig: Setting CVar [[r.RefractionQuality:2]]
[2022.02.23-13.10.09:936][  0]LogConfig: Setting CVar [[r.SSR.Quality:3]]
[2022.02.23-13.10.09:936][  0]LogConfig: Setting CVar [[r.SSR.HalfResSceneColor:0]]
[2022.02.23-13.10.09:936][  0]LogConfig: Setting CVar [[r.SceneColorFormat:4]]
[2022.02.23-13.10.09:936][  0]LogConfig: Setting CVar [[r.DetailMode:2]]
[2022.02.23-13.10.09:936][  0]LogConfig: Setting CVar [[r.TranslucencyVolumeBlur:1]]
[2022.02.23-13.10.09:936][  0]LogConfig: Setting CVar [[r.MaterialQualityLevel:1 ; High quality]]
[2022.02.23-13.10.09:936][  0]LogConfig: Setting CVar [[r.AnisotropicMaterials:1]]
[2022.02.23-13.10.09:936][  0]LogConfig: Setting CVar [[r.SSS.Scale:1]]
[2022.02.23-13.10.09:936][  0]LogConfig: Setting CVar [[r.SSS.SampleSet:2]]
[2022.02.23-13.10.09:936][  0]LogConfig: Setting CVar [[r.SSS.Quality:1]]
[2022.02.23-13.10.09:936][  0]LogConfig: Setting CVar [[r.SSS.HalfRes:0]]
[2022.02.23-13.10.09:936][  0]LogConfig: Setting CVar [[r.SSGI.Quality:3]]
[2022.02.23-13.10.09:936][  0]LogConfig: Setting CVar [[r.EmitterSpawnRateScale:1.0]]
[2022.02.23-13.10.09:936][  0]LogConfig: Setting CVar [[r.ParticleLightQuality:2]]
[2022.02.23-13.10.09:936][  0]LogConfig: Setting CVar [[r.SkyAtmosphere.AerialPerspectiveLUT.FastApplyOnOpaque:1 ; Always have FastSkyLUT 1 in this case to avoid wrong sky]]
[2022.02.23-13.10.09:936][  0]LogConfig: Setting CVar [[r.SkyAtmosphere.AerialPerspectiveLUT.SampleCountMaxPerSlice:4]]
[2022.02.23-13.10.09:936][  0]LogConfig: Setting CVar [[r.SkyAtmosphere.AerialPerspectiveLUT.DepthResolution:16.0]]
[2022.02.23-13.10.09:936][  0]LogConfig: Setting CVar [[r.SkyAtmosphere.FastSkyLUT:1]]
[2022.02.23-13.10.09:936][  0]LogConfig: Setting CVar [[r.SkyAtmosphere.FastSkyLUT.SampleCountMin:4.0]]
[2022.02.23-13.10.09:936][  0]LogConfig: Setting CVar [[r.SkyAtmosphere.FastSkyLUT.SampleCountMax:128.0]]
[2022.02.23-13.10.09:936][  0]LogConfig: Setting CVar [[r.SkyAtmosphere.SampleCountMin:4.0]]
[2022.02.23-13.10.09:936][  0]LogConfig: Setting CVar [[r.SkyAtmosphere.SampleCountMax:128.0]]
[2022.02.23-13.10.09:936][  0]LogConfig: Setting CVar [[r.SkyAtmosphere.TransmittanceLUT.UseSmallFormat:0]]
[2022.02.23-13.10.09:936][  0]LogConfig: Setting CVar [[r.SkyAtmosphere.TransmittanceLUT.SampleCount:10.0]]
[2022.02.23-13.10.09:936][  0]LogConfig: Setting CVar [[r.SkyAtmosphere.MultiScatteringLUT.SampleCount:15.0]]
[2022.02.23-13.10.09:936][  0]LogConfig: Setting CVar [[r.SkyLight.RealTimeReflectionCapture:1]]
[2022.02.23-13.10.09:936][  0]LogConfig: Applying CVar settings from Section [FoliageQuality@3] File [C:/UnrealProjects/STARRY-TAIL/StarryTail/Saved/Config/Windows/Scalability.ini]
[2022.02.23-13.10.09:936][  0]LogConfig: Setting CVar [[foliage.DensityScale:1.0]]
[2022.02.23-13.10.09:936][  0]LogConfig: Setting CVar [[grass.DensityScale:1.0]]
[2022.02.23-13.10.09:936][  0]LogConfig: Applying CVar settings from Section [ShadingQuality@3] File [C:/UnrealProjects/STARRY-TAIL/StarryTail/Saved/Config/Windows/Scalability.ini]
[2022.02.23-13.10.09:936][  0]LogConfig: Setting CVar [[r.HairStrands.SkyLighting.IntegrationType:2]]
[2022.02.23-13.10.09:936][  0]LogConfig: Setting CVar [[r.HairStrands.SkyAO.SampleCount:4]]
[2022.02.23-13.10.09:936][  0]LogConfig: Setting CVar [[r.HairStrands.Visibility.MSAA.SamplePerPixel:4]]
[2022.02.23-13.10.09:936][  0]LogInit: Selected Device Profile: [Windows]
[2022.02.23-13.10.09:936][  0]LogInit: Applying CVar settings loaded from the selected device profile: [Windows]
[2022.02.23-13.10.09:937][  0]LogHAL: Display: Platform has ~ 32 GB [34278604800 / 34359738368 / 32], which maps to Largest [LargestMinGB=32, LargerMinGB=12, DefaultMinGB=8, SmallerMinGB=6, SmallestMinGB=0)
[2022.02.23-13.10.09:937][  0]LogInit: Going up to parent DeviceProfile []
[2022.02.23-13.10.09:937][  0]LogConfig: Applying CVar settings from Section [ViewDistanceQuality@3] File [C:/UnrealProjects/STARRY-TAIL/StarryTail/Saved/Config/Windows/Scalability.ini]
[2022.02.23-13.10.09:937][  0]LogConfig: Setting CVar [[r.SkeletalMeshLODBias:0]]
[2022.02.23-13.10.09:937][  0]LogConfig: Setting CVar [[r.ViewDistanceScale:1.0]]
[2022.02.23-13.10.09:937][  0]LogConfig: Applying CVar settings from Section [AntiAliasingQuality@3] File [C:/UnrealProjects/STARRY-TAIL/StarryTail/Saved/Config/Windows/Scalability.ini]
[2022.02.23-13.10.09:937][  0]LogConfig: Setting CVar [[r.PostProcessAAQuality:4]]
[2022.02.23-13.10.09:937][  0]LogConfig: Applying CVar settings from Section [ShadowQuality@3] File [C:/UnrealProjects/STARRY-TAIL/StarryTail/Saved/Config/Windows/Scalability.ini]
[2022.02.23-13.10.09:937][  0]LogConfig: Setting CVar [[r.LightFunctionQuality:1]]
[2022.02.23-13.10.09:937][  0]LogConfig: Setting CVar [[r.ShadowQuality:5]]
[2022.02.23-13.10.09:937][  0]LogConfig: Setting CVar [[r.Shadow.CSM.MaxCascades:10]]
[2022.02.23-13.10.09:937][  0]LogConfig: Setting CVar [[r.Shadow.MaxResolution:2048]]
[2022.02.23-13.10.09:937][  0]LogConfig: Setting CVar [[r.Shadow.MaxCSMResolution:2048]]
[2022.02.23-13.10.09:937][  0]LogConfig: Setting CVar [[r.Shadow.RadiusThreshold:0.01]]
[2022.02.23-13.10.09:937][  0]LogConfig: Setting CVar [[r.Shadow.DistanceScale:1.0]]
[2022.02.23-13.10.09:937][  0]LogConfig: Setting CVar [[r.Shadow.CSM.TransitionScale:1.0]]
[2022.02.23-13.10.09:937][  0]LogConfig: Setting CVar [[r.Shadow.PreShadowResolutionFactor:1.0]]
[2022.02.23-13.10.09:937][  0]LogConfig: Setting CVar [[r.DistanceFieldShadowing:1]]
[2022.02.23-13.10.09:937][  0]LogConfig: Setting CVar [[r.DistanceFieldAO:1]]
[2022.02.23-13.10.09:937][  0]LogConfig: Setting CVar [[r.AOQuality:2]]
[2022.02.23-13.10.09:937][  0]LogConfig: Setting CVar [[r.VolumetricFog:1]]
[2022.02.23-13.10.09:937][  0]LogConfig: Setting CVar [[r.VolumetricFog.GridPixelSize:8]]
[2022.02.23-13.10.09:937][  0]LogConfig: Setting CVar [[r.VolumetricFog.GridSizeZ:128]]
[2022.02.23-13.10.09:937][  0]LogConfig: Setting CVar [[r.VolumetricFog.HistoryMissSupersampleCount:4]]
[2022.02.23-13.10.09:937][  0]LogConfig: Setting CVar [[r.LightMaxDrawDistanceScale:1]]
[2022.02.23-13.10.09:937][  0]LogConfig: Setting CVar [[r.CapsuleShadows:1]]
[2022.02.23-13.10.09:937][  0]LogConfig: Applying CVar settings from Section [PostProcessQuality@3] File [C:/UnrealProjects/STARRY-TAIL/StarryTail/Saved/Config/Windows/Scalability.ini]
[2022.02.23-13.10.09:937][  0]LogConfig: Setting CVar [[r.MotionBlurQuality:4]]
[2022.02.23-13.10.09:937][  0]LogConfig: Setting CVar [[r.AmbientOcclusionMipLevelFactor:0.4]]
[2022.02.23-13.10.09:937][  0]LogConfig: Setting CVar [[r.AmbientOcclusionMaxQuality:100]]
[2022.02.23-13.10.09:937][  0]LogConfig: Setting CVar [[r.AmbientOcclusionLevels:-1]]
[2022.02.23-13.10.09:937][  0]LogConfig: Setting CVar [[r.AmbientOcclusionRadiusScale:1.0]]
[2022.02.23-13.10.09:937][  0]LogConfig: Setting CVar [[r.DepthOfFieldQuality:2]]
[2022.02.23-13.10.09:937][  0]LogConfig: Setting CVar [[r.RenderTargetPoolMin:400]]
[2022.02.23-13.10.09:937][  0]LogConfig: Setting CVar [[r.LensFlareQuality:2]]
[2022.02.23-13.10.09:937][  0]LogConfig: Setting CVar [[r.SceneColorFringeQuality:1]]
[2022.02.23-13.10.09:937][  0]LogConfig: Setting CVar [[r.EyeAdaptationQuality:2]]
[2022.02.23-13.10.09:937][  0]LogConfig: Setting CVar [[r.BloomQuality:5]]
[2022.02.23-13.10.09:937][  0]LogConfig: Setting CVar [[r.FastBlurThreshold:100]]
[2022.02.23-13.10.09:937][  0]LogConfig: Setting CVar [[r.Upscale.Quality:3]]
[2022.02.23-13.10.09:937][  0]LogConfig: Setting CVar [[r.Tonemapper.GrainQuantization:1]]
[2022.02.23-13.10.09:937][  0]LogConfig: Setting CVar [[r.LightShaftQuality:1]]
[2022.02.23-13.10.09:937][  0]LogConfig: Setting CVar [[r.Filter.SizeScale:1]]
[2022.02.23-13.10.09:937][  0]LogConfig: Setting CVar [[r.Tonemapper.Quality:5]]
[2022.02.23-13.10.09:937][  0]LogConfig: Setting CVar [[r.DOF.Gather.AccumulatorQuality:1        ; higher gathering accumulator quality]]
[2022.02.23-13.10.09:937][  0]LogConfig: Setting CVar [[r.DOF.Gather.PostfilterMethod:1          ; Median3x3 postfilering method]]
[2022.02.23-13.10.09:937][  0]LogConfig: Setting CVar [[r.DOF.Gather.EnableBokehSettings:0       ; no bokeh simulation when gathering]]
[2022.02.23-13.10.09:937][  0]LogConfig: Setting CVar [[r.DOF.Gather.RingCount:4                 ; medium number of samples when gathering]]
[2022.02.23-13.10.09:937][  0]LogConfig: Setting CVar [[r.DOF.Scatter.ForegroundCompositing:1    ; additive foreground scattering]]
[2022.02.23-13.10.09:937][  0]LogConfig: Setting CVar [[r.DOF.Scatter.BackgroundCompositing:2    ; additive background scattering]]
[2022.02.23-13.10.09:937][  0]LogConfig: Setting CVar [[r.DOF.Scatter.EnableBokehSettings:1      ; bokeh simulation when scattering]]
[2022.02.23-13.10.09:937][  0]LogConfig: Setting CVar [[r.DOF.Scatter.MaxSpriteRatio:0.1         ; only a maximum of 10% of scattered bokeh]]
[2022.02.23-13.10.09:937][  0]LogConfig: Setting CVar [[r.DOF.Recombine.Quality:1                ; cheap slight out of focus]]
[2022.02.23-13.10.09:937][  0]LogConfig: Setting CVar [[r.DOF.Recombine.EnableBokehSettings:0    ; no bokeh simulation on slight out of focus]]
[2022.02.23-13.10.09:937][  0]LogConfig: Setting CVar [[r.DOF.TemporalAAQuality:1                ; more stable temporal accumulation]]
[2022.02.23-13.10.09:937][  0]LogConfig: Setting CVar [[r.DOF.Kernel.MaxForegroundRadius:0.025]]
[2022.02.23-13.10.09:937][  0]LogConfig: Setting CVar [[r.DOF.Kernel.MaxBackgroundRadius:0.025]]
[2022.02.23-13.10.09:937][  0]LogConfig: Applying CVar settings from Section [TextureQuality@3] File [C:/UnrealProjects/STARRY-TAIL/StarryTail/Saved/Config/Windows/Scalability.ini]
[2022.02.23-13.10.09:937][  0]LogConfig: Setting CVar [[r.Streaming.MipBias:0]]
[2022.02.23-13.10.09:937][  0]LogConfig: Setting CVar [[r.Streaming.AmortizeCPUToGPUCopy:0]]
[2022.02.23-13.10.09:937][  0]LogConfig: Setting CVar [[r.Streaming.MaxNumTexturesToStreamPerFrame:0]]
[2022.02.23-13.10.09:937][  0]LogConfig: Setting CVar [[r.Streaming.Boost:1]]
[2022.02.23-13.10.09:937][  0]LogConfig: Setting CVar [[r.MaxAnisotropy:8]]
[2022.02.23-13.10.09:937][  0]LogConfig: Setting CVar [[r.VT.MaxAnisotropy:8]]
[2022.02.23-13.10.09:937][  0]LogConfig: Setting CVar [[r.Streaming.LimitPoolSizeToVRAM:0]]
[2022.02.23-13.10.09:937][  0]LogConfig: Setting CVar [[r.Streaming.PoolSize:1000]]
[2022.02.23-13.10.09:937][  0]LogConfig: Setting CVar [[r.Streaming.MaxEffectiveScreenSize:0]]
[2022.02.23-13.10.09:937][  0]LogConfig: Applying CVar settings from Section [EffectsQuality@3] File [C:/UnrealProjects/STARRY-TAIL/StarryTail/Saved/Config/Windows/Scalability.ini]
[2022.02.23-13.10.09:937][  0]LogConfig: Setting CVar [[r.TranslucencyLightingVolumeDim:64]]
[2022.02.23-13.10.09:937][  0]LogConfig: Setting CVar [[r.RefractionQuality:2]]
[2022.02.23-13.10.09:937][  0]LogConfig: Setting CVar [[r.SSR.Quality:3]]
[2022.02.23-13.10.09:937][  0]LogConfig: Setting CVar [[r.SSR.HalfResSceneColor:0]]
[2022.02.23-13.10.09:937][  0]LogConfig: Setting CVar [[r.SceneColorFormat:4]]
[2022.02.23-13.10.09:937][  0]LogConfig: Setting CVar [[r.DetailMode:2]]
[2022.02.23-13.10.09:937][  0]LogConfig: Setting CVar [[r.TranslucencyVolumeBlur:1]]
[2022.02.23-13.10.09:937][  0]LogConfig: Setting CVar [[r.MaterialQualityLevel:1 ; High quality]]
[2022.02.23-13.10.09:937][  0]LogConfig: Setting CVar [[r.AnisotropicMaterials:1]]
[2022.02.23-13.10.09:937][  0]LogConfig: Setting CVar [[r.SSS.Scale:1]]
[2022.02.23-13.10.09:937][  0]LogConfig: Setting CVar [[r.SSS.SampleSet:2]]
[2022.02.23-13.10.09:937][  0]LogConfig: Setting CVar [[r.SSS.Quality:1]]
[2022.02.23-13.10.09:937][  0]LogConfig: Setting CVar [[r.SSS.HalfRes:0]]
[2022.02.23-13.10.09:937][  0]LogConfig: Setting CVar [[r.SSGI.Quality:3]]
[2022.02.23-13.10.09:937][  0]LogConfig: Setting CVar [[r.EmitterSpawnRateScale:1.0]]
[2022.02.23-13.10.09:937][  0]LogConfig: Setting CVar [[r.ParticleLightQuality:2]]
[2022.02.23-13.10.09:937][  0]LogConfig: Setting CVar [[r.SkyAtmosphere.AerialPerspectiveLUT.FastApplyOnOpaque:1 ; Always have FastSkyLUT 1 in this case to avoid wrong sky]]
[2022.02.23-13.10.09:937][  0]LogConfig: Setting CVar [[r.SkyAtmosphere.AerialPerspectiveLUT.SampleCountMaxPerSlice:4]]
[2022.02.23-13.10.09:937][  0]LogConfig: Setting CVar [[r.SkyAtmosphere.AerialPerspectiveLUT.DepthResolution:16.0]]
[2022.02.23-13.10.09:937][  0]LogConfig: Setting CVar [[r.SkyAtmosphere.FastSkyLUT:1]]
[2022.02.23-13.10.09:937][  0]LogConfig: Setting CVar [[r.SkyAtmosphere.FastSkyLUT.SampleCountMin:4.0]]
[2022.02.23-13.10.09:937][  0]LogConfig: Setting CVar [[r.SkyAtmosphere.FastSkyLUT.SampleCountMax:128.0]]
[2022.02.23-13.10.09:937][  0]LogConfig: Setting CVar [[r.SkyAtmosphere.SampleCountMin:4.0]]
[2022.02.23-13.10.09:937][  0]LogConfig: Setting CVar [[r.SkyAtmosphere.SampleCountMax:128.0]]
[2022.02.23-13.10.09:937][  0]LogConfig: Setting CVar [[r.SkyAtmosphere.TransmittanceLUT.UseSmallFormat:0]]
[2022.02.23-13.10.09:937][  0]LogConfig: Setting CVar [[r.SkyAtmosphere.TransmittanceLUT.SampleCount:10.0]]
[2022.02.23-13.10.09:937][  0]LogConfig: Setting CVar [[r.SkyAtmosphere.MultiScatteringLUT.SampleCount:15.0]]
[2022.02.23-13.10.09:937][  0]LogConfig: Setting CVar [[r.SkyLight.RealTimeReflectionCapture:1]]
[2022.02.23-13.10.09:937][  0]LogConfig: Applying CVar settings from Section [FoliageQuality@3] File [C:/UnrealProjects/STARRY-TAIL/StarryTail/Saved/Config/Windows/Scalability.ini]
[2022.02.23-13.10.09:937][  0]LogConfig: Setting CVar [[foliage.DensityScale:1.0]]
[2022.02.23-13.10.09:937][  0]LogConfig: Setting CVar [[grass.DensityScale:1.0]]
[2022.02.23-13.10.09:937][  0]LogConfig: Applying CVar settings from Section [ShadingQuality@3] File [C:/UnrealProjects/STARRY-TAIL/StarryTail/Saved/Config/Windows/Scalability.ini]
[2022.02.23-13.10.09:937][  0]LogConfig: Setting CVar [[r.HairStrands.SkyLighting.IntegrationType:2]]
[2022.02.23-13.10.09:937][  0]LogConfig: Setting CVar [[r.HairStrands.SkyAO.SampleCount:4]]
[2022.02.23-13.10.09:937][  0]LogConfig: Setting CVar [[r.HairStrands.Visibility.MSAA.SamplePerPixel:4]]
[2022.02.23-13.10.09:937][  0]LogConfig: Applying CVar settings from Section [Startup] File [../../../Engine/Config/ConsoleVariables.ini]
[2022.02.23-13.10.09:938][  0]LogConfig: Setting CVar [[net.UseAdaptiveNetUpdateFrequency:0]]
[2022.02.23-13.10.09:938][  0]LogConfig: Setting CVar [[p.chaos.AllowCreatePhysxBodies:1]]
[2022.02.23-13.10.09:938][  0]LogConfig: Setting CVar [[fx.SkipVectorVMBackendOptimizations:1]]
[2022.02.23-13.10.09:938][  0]LogConfig: Applying CVar settings from Section [ConsoleVariables] File [C:/UnrealProjects/STARRY-TAIL/StarryTail/Saved/Config/Windows/Engine.ini]
[2022.02.23-13.10.09:938][  0]LogConfig: Applying CVar settings from Section [ConsoleVariables] File [C:/UnrealProjects/STARRY-TAIL/StarryTail/Saved/Config/Windows/Editor.ini]
[2022.02.23-13.10.09:938][  0]LogInit: Computer: DESKTOP-RGJHDRQ
[2022.02.23-13.10.09:938][  0]LogInit: User: syhwms
[2022.02.23-13.10.09:938][  0]LogInit: CPU Page size=4096, Cores=12
[2022.02.23-13.10.09:938][  0]LogInit: High frequency timer resolution =10.000000 MHz
[2022.02.23-13.10.09:938][  0]LogMemory: Memory total: Physical=31.9GB (32GB approx)
[2022.02.23-13.10.09:938][  0]LogMemory: Platform Memory Stats for Windows
[2022.02.23-13.10.09:938][  0]LogMemory: Process Physical Memory: 152.60 MB used, 152.60 MB peak
[2022.02.23-13.10.09:938][  0]LogMemory: Process Virtual Memory: 132.16 MB used, 132.16 MB peak
[2022.02.23-13.10.09:938][  0]LogMemory: Physical Memory: 10208.42 MB used,  22482.21 MB free, 32690.62 MB total
[2022.02.23-13.10.09:938][  0]LogMemory: Virtual Memory: 134194320.00 MB used,  23411.63 MB free, 134217728.00 MB total
[2022.02.23-13.10.09:943][  0]LogWindows: WindowsPlatformFeatures enabled
[2022.02.23-13.10.09:985][  0]LogInit: Physics initialised using underlying interface: PhysX
[2022.02.23-13.10.09:985][  0]LogInit: Using OS detected language (ko-KR).
[2022.02.23-13.10.09:985][  0]LogInit: Using OS detected locale (ko-KR).
[2022.02.23-13.10.09:987][  0]LogTextLocalizationManager: No specific localization for 'ko-KR' exists, so the 'ko' localization will be used.
[2022.02.23-13.10.10:071][  0]LogInit: Setting process to per monitor DPI aware
[2022.02.23-13.10.10:090][  0]LogWindowsTextInputMethodSystem: Display: IME system deactivated.
[2022.02.23-13.10.10:100][  0]LogSlate: New Slate User Created.  User Index 0, Is Virtual User: 0
[2022.02.23-13.10.10:100][  0]LogSlate: Slate User Registered.  User Index 0, Is Virtual User: 0
[2022.02.23-13.10.10:259][  0]LogD3D11RHI: Loaded GFSDK_Aftermath_Lib.x64.dll
[2022.02.23-13.10.10:262][  0]LogHMD: Failed to initialize OpenVR with code 110
[2022.02.23-13.10.10:262][  0]LogD3D11RHI: D3D11 min allowed feature level: 11_0
[2022.02.23-13.10.10:262][  0]LogD3D11RHI: D3D11 max allowed feature level: 11_0
[2022.02.23-13.10.10:262][  0]LogD3D11RHI: D3D11 adapters:
[2022.02.23-13.10.10:363][  0]LogD3D11RHI:    0. 'NVIDIA GeForce RTX 3080 Ti' (Feature Level 11_0)
[2022.02.23-13.10.10:363][  0]LogD3D11RHI:       12108/0/16345 MB DedicatedVideo/DedicatedSystem/SharedSystem, Outputs:2, VendorId:0x10de
[2022.02.23-13.10.10:364][  0]LogD3D11RHI:    1. 'Microsoft Basic Render Driver' (Feature Level 11_0)
[2022.02.23-13.10.10:364][  0]LogD3D11RHI:       0/0/16345 MB DedicatedVideo/DedicatedSystem/SharedSystem, Outputs:0, VendorId:0x1414
[2022.02.23-13.10.10:364][  0]LogD3D11RHI: Chosen D3D11 Adapter:
[2022.02.23-13.10.10:364][  0]LogD3D11RHI:     Description : NVIDIA GeForce RTX 3080 Ti
[2022.02.23-13.10.10:364][  0]LogD3D11RHI:     VendorId    : 10de
[2022.02.23-13.10.10:364][  0]LogD3D11RHI:     DeviceId    : 2208
[2022.02.23-13.10.10:364][  0]LogD3D11RHI:     SubSysId    : 140a7377
[2022.02.23-13.10.10:364][  0]LogD3D11RHI:     Revision    : 00a1
[2022.02.23-13.10.10:364][  0]LogD3D11RHI:     DedicatedVideoMemory : 12696158208 bytes
[2022.02.23-13.10.10:364][  0]LogD3D11RHI:     DedicatedSystemMemory : 0 bytes
[2022.02.23-13.10.10:364][  0]LogD3D11RHI:     SharedSystemMemory : 17139302400 bytes
[2022.02.23-13.10.10:364][  0]LogD3D11RHI:     AdapterLuid : 0 60312
[2022.02.23-13.10.10:371][  0]LogD3D11RHI: Creating new Direct3DDevice
[2022.02.23-13.10.10:371][  0]LogD3D11RHI:     GPU DeviceId: 0x2208 (for the marketing name, search the web for "GPU Device Id")
[2022.02.23-13.10.10:371][  0]LogWindows: EnumDisplayDevices:
[2022.02.23-13.10.10:371][  0]LogWindows:    0. 'NVIDIA GeForce RTX 3080 Ti' (P:1 D:1)
[2022.02.23-13.10.10:371][  0]LogWindows:    1. 'NVIDIA GeForce RTX 3080 Ti' (P:0 D:1)
[2022.02.23-13.10.10:371][  0]LogWindows:    2. 'NVIDIA GeForce RTX 3080 Ti' (P:0 D:0)
[2022.02.23-13.10.10:372][  0]LogWindows:    3. 'NVIDIA GeForce RTX 3080 Ti' (P:0 D:0)
[2022.02.23-13.10.10:372][  0]LogWindows: DebugString: FoundDriverCount:4 
[2022.02.23-13.10.10:372][  0]LogD3D11RHI:     Adapter Name: NVIDIA GeForce RTX 3080 Ti
[2022.02.23-13.10.10:372][  0]LogD3D11RHI:   Driver Version: 511.79 (internal:30.0.15.1179, unified:511.79)
[2022.02.23-13.10.10:372][  0]LogD3D11RHI:      Driver Date: 2-10-2022
[2022.02.23-13.10.10:372][  0]LogRHI: Texture pool is 8475 MB (70% of 12108 MB)
[2022.02.23-13.10.10:372][  0]LogD3D11RHI: Creating D3DDevice using adapter:
[2022.02.23-13.10.10:372][  0]LogD3D11RHI:     Description : NVIDIA GeForce RTX 3080 Ti
[2022.02.23-13.10.10:372][  0]LogD3D11RHI:     VendorId    : 10de
[2022.02.23-13.10.10:372][  0]LogD3D11RHI:     DeviceId    : 2208
[2022.02.23-13.10.10:372][  0]LogD3D11RHI:     SubSysId    : 140a7377
[2022.02.23-13.10.10:372][  0]LogD3D11RHI:     Revision    : 00a1
[2022.02.23-13.10.10:372][  0]LogD3D11RHI:     DedicatedVideoMemory : 12696158208 bytes
[2022.02.23-13.10.10:372][  0]LogD3D11RHI:     DedicatedSystemMemory : 0 bytes
[2022.02.23-13.10.10:372][  0]LogD3D11RHI:     SharedSystemMemory : 17139302400 bytes
[2022.02.23-13.10.10:372][  0]LogD3D11RHI:     AdapterLuid : 0 60312
[2022.02.23-13.10.10:420][  0]LogD3D11RHI: RHI has support for 64 bit atomics
[2022.02.23-13.10.10:421][  0]LogD3D11RHI: Async texture creation enabled
[2022.02.23-13.10.10:421][  0]LogD3D11RHI: Array index from any shader is supported
[2022.02.23-13.10.10:443][  0]LogD3D11RHI: GPU Timing Frequency: 1000.000000 (Debug: 2 1)
[2022.02.23-13.10.10:474][  0]LogRHI: GeForceNow SDK initialized: 1
[2022.02.23-13.10.10:709][  0]LogTargetPlatformManager: Display: Loaded TargetPlatform 'AllDesktop'
[2022.02.23-13.10.10:726][  0]LogTargetPlatformManager: Display: Loaded TargetPlatform 'Android'
[2022.02.23-13.10.10:726][  0]LogTargetPlatformManager: Display: Loaded TargetPlatform 'Android_ASTC'
[2022.02.23-13.10.10:726][  0]LogTargetPlatformManager: Display: Loaded TargetPlatform 'Android_DXT'
[2022.02.23-13.10.10:726][  0]LogTargetPlatformManager: Display: Loaded TargetPlatform 'Android_ETC2'
[2022.02.23-13.10.10:726][  0]LogTargetPlatformManager: Display: Loaded TargetPlatform 'AndroidClient'
[2022.02.23-13.10.10:726][  0]LogTargetPlatformManager: Display: Loaded TargetPlatform 'Android_ASTCClient'
[2022.02.23-13.10.10:726][  0]LogTargetPlatformManager: Display: Loaded TargetPlatform 'Android_DXTClient'
[2022.02.23-13.10.10:726][  0]LogTargetPlatformManager: Display: Loaded TargetPlatform 'Android_ETC2Client'
[2022.02.23-13.10.10:726][  0]LogTargetPlatformManager: Display: Loaded TargetPlatform 'Android_Multi'
[2022.02.23-13.10.10:726][  0]LogTargetPlatformManager: Display: Loaded TargetPlatform 'Android_MultiClient'
[2022.02.23-13.10.10:742][  0]LogTargetPlatformManager: Display: Loaded TargetPlatform 'IOSClient'
[2022.02.23-13.10.10:742][  0]LogTargetPlatformManager: Display: Loaded TargetPlatform 'IOS'
[2022.02.23-13.10.10:750][  0]LogTargetPlatformManager: Display: Loaded TargetPlatform 'Linux'
[2022.02.23-13.10.10:754][  0]LogTargetPlatformManager: Display: Loaded TargetPlatform 'LinuxNoEditor'
[2022.02.23-13.10.10:758][  0]LogTargetPlatformManager: Display: Loaded TargetPlatform 'LinuxClient'
[2022.02.23-13.10.10:762][  0]LogTargetPlatformManager: Display: Loaded TargetPlatform 'LinuxServer'
[2022.02.23-13.10.10:770][  0]LogTargetPlatformManager: Display: Loaded TargetPlatform 'LinuxAArch64NoEditor'
[2022.02.23-13.10.10:774][  0]LogTargetPlatformManager: Display: Loaded TargetPlatform 'LinuxAArch64Client'
[2022.02.23-13.10.10:778][  0]LogTargetPlatformManager: Display: Loaded TargetPlatform 'LinuxAArch64Server'
[2022.02.23-13.10.10:797][  0]LogTargetPlatformManager: Display: Loaded TargetPlatform 'Lumin'
[2022.02.23-13.10.10:797][  0]LogTargetPlatformManager: Display: Loaded TargetPlatform 'LuminClient'
[2022.02.23-13.10.10:803][  0]LogTargetPlatformManager: Display: Loaded TargetPlatform 'MacNoEditor'
[2022.02.23-13.10.10:806][  0]LogTargetPlatformManager: Display: Loaded TargetPlatform 'Mac'
[2022.02.23-13.10.10:810][  0]LogTargetPlatformManager: Display: Loaded TargetPlatform 'MacClient'
[2022.02.23-13.10.10:814][  0]LogTargetPlatformManager: Display: Loaded TargetPlatform 'MacServer'
[2022.02.23-13.10.10:821][  0]LogTargetPlatformManager: Display: Loaded TargetPlatform 'TVOSClient'
[2022.02.23-13.10.10:821][  0]LogTargetPlatformManager: Display: Loaded TargetPlatform 'TVOS'
[2022.02.23-13.10.10:828][  0]LogTargetPlatformManager: Display: Loaded TargetPlatform 'WindowsNoEditor'
[2022.02.23-13.10.10:832][  0]LogTargetPlatformManager: Display: Loaded TargetPlatform 'Windows'
[2022.02.23-13.10.10:836][  0]LogTargetPlatformManager: Display: Loaded TargetPlatform 'WindowsClient'
[2022.02.23-13.10.10:840][  0]LogTargetPlatformManager: Display: Loaded TargetPlatform 'WindowsServer'
[2022.02.23-13.10.10:840][  0]LogTargetPlatformManager: Display: Building Assets For Windows
[2022.02.23-13.10.10:846][  0]LogAudioDebug: Display: Lib vorbis DLL was dynamically loaded.
[2022.02.23-13.10.10:872][  0]LogTextureFormatOodle: Display: Oodle Texture 2.9.0 init RDO Off
[2022.02.23-13.10.10:898][  0]LogRendererCore: Ray tracing is disabled. Reason: r.RayTracing=0.
[2022.02.23-13.10.10:899][  0]LogShaderCompilers: Guid format shader working directory is 6 characters bigger than the processId version (C:/UnrealProjects/STARRY-TAIL/StarryTail/Intermediate/Shaders/WorkingDirectory/27348/).
[2022.02.23-13.10.10:899][  0]LogShaderCompilers: Cleaned the shader compiler working directory 'C:/Users/syhwms/AppData/Local/Temp/UnrealShaderWorkingDir/7D48FD3C48A8B1E26CC1FFA497CD3FEE/'.
[2022.02.23-13.10.10:899][  0]LogXGEController: Cannot use XGE Controller as Incredibuild is not installed on this machine.
[2022.02.23-13.10.10:899][  0]LogShaderCompilers: Cannot use XGE Shader Compiler as Incredibuild is not installed on this machine.
[2022.02.23-13.10.10:899][  0]LogShaderCompilers: Display: Using Local Shader Compiler.
[2022.02.23-13.10.11:430][  0]LogDerivedDataCache: Display: Max Cache Size: 512 MB
[2022.02.23-13.10.11:470][  0]LogDerivedDataCache: Loaded boot cache 0.04s 103MB C:/Users/syhwms/AppData/Local/UnrealEngine/4.27/DerivedDataCache/Boot.ddc.
[2022.02.23-13.10.11:470][  0]LogDerivedDataCache: Display: Loaded Boot cache: C:/Users/syhwms/AppData/Local/UnrealEngine/4.27/DerivedDataCache/Boot.ddc
[2022.02.23-13.10.11:471][  0]LogDerivedDataCache: FDerivedDataBackendGraph:  Pak pak cache file C:/UnrealProjects/STARRY-TAIL/StarryTail/DerivedDataCache/DDC.ddp not found, will not use a pak cache.
[2022.02.23-13.10.11:471][  0]LogDerivedDataCache: Unable to find inner node Pak for hierarchical cache Hierarchy.
[2022.02.23-13.10.11:471][  0]LogDerivedDataCache: FDerivedDataBackendGraph:  CompressedPak pak cache file C:/UnrealProjects/STARRY-TAIL/StarryTail/DerivedDataCache/Compressed.ddp not found, will not use a pak cache.
[2022.02.23-13.10.11:471][  0]LogDerivedDataCache: Unable to find inner node CompressedPak for hierarchical cache Hierarchy.
[2022.02.23-13.10.11:484][  0]LogDerivedDataCache: Display: Pak cache opened for reading ../../../Engine/DerivedDataCache/Compressed.ddp.
[2022.02.23-13.10.11:484][  0]LogDerivedDataCache: FDerivedDataBackendGraph:  EnterprisePak pak cache file ../../../Enterprise/DerivedDataCache/Compressed.ddp not found, will not use a pak cache.
[2022.02.23-13.10.11:484][  0]LogDerivedDataCache: Unable to find inner node EnterprisePak for hierarchical cache Hierarchy.
[2022.02.23-13.10.11:493][  0]LogDerivedDataCache: Speed tests for C:/Users/syhwms/AppData/Local/UnrealEngine/Common/DerivedDataCache took 0.01 seconds
[2022.02.23-13.10.11:493][  0]LogDerivedDataCache: Display: Performance to C:/Users/syhwms/AppData/Local/UnrealEngine/Common/DerivedDataCache: Latency=0.03ms. RandomReadSpeed=886.51MBs, RandomWriteSpeed=123.78MBs. Assigned SpeedClass 'Local'
[2022.02.23-13.10.11:494][  0]LogDerivedDataCache: Using Local data cache path C:/Users/syhwms/AppData/Local/UnrealEngine/Common/DerivedDataCache: Writable
[2022.02.23-13.10.11:494][  0]LogDerivedDataCache: Shared data cache path not found in *engine.ini, will not use an Shared cache.
[2022.02.23-13.10.11:494][  0]LogDerivedDataCache: Unable to find inner node Shared for hierarchical cache Hierarchy.
[2022.02.23-13.10.11:530][  0]LogSlate: Using FreeType 2.10.0
[2022.02.23-13.10.11:531][  0]LogSlate: SlateFontServices - WITH_FREETYPE: 1, WITH_HARFBUZZ: 1
[2022.02.23-13.10.11:549][  0]LogAssetRegistry: FAssetRegistry took 0.0022 seconds to start up
[2022.02.23-13.10.11:715][  0]LogInit: Selected Device Profile: [Windows]
[2022.02.23-13.10.11:715][  0]LogInit: Active device profile: [0000024CE0D34F00][0000024CE0198380 49] Windows
[2022.02.23-13.10.11:715][  0]LogInit: Profiles: [0000024CE0D34F00][0000024CE0198380 49] Windows, [0000024CE0CFAA00][0000024CE01944C0 49] WindowsNoEditor, [0000024CE0D35F00][0000024CE019C600 49] WindowsServer, [0000024CE0CF9B00][0000024CE01A0740 49] WindowsClient, [0000024CE0D35200][0000024CE01A88C0 49] IOS, [0000024CE0CF9800][0000024CE01ACA40 49] iPadAir, [0000024CE0D37300][0000024CE01B0BC0 49] iPadAir2, [0000024CE0C3D300][0000024CE01B8E80 49] IPadPro, [0000024CE0C3D400][0000024CE01B4EC0 49] iPadAir3, [0000024CE0CF8B00][0000024CE01C1040 49] iPadAir4, [0000024CE0C3E100][0000024CE01C91C0 49] iPadMini2, [0000024CE0CFBA00][0000024CD890D340 49] iPadMini3, [0000024CE0C3EC00][0000024CD36714C0 49] iPadMini4, [0000024CE0CFAC00][0000024CD3675640 49] iPadMini5, [0000024CE0C4CE00][0000024CD367D900 49] iPhone6, [0000024CE0C4CF00][0000024CD3679940 49] iPodTouch6, [0000024CE0D37700][0000024CD3695C00 49] iPhone7, [0000024CE0D36800][0000024CD36840C0 49] iPodTouch7, [0000024CE0C3D100][0000024CD369C240 49] iPhone5S, [0000024CE0D35100][0000024CE12D63C0 49] iPhone6Plus, [0000024CE0C3EA00][0000024CE12DA540 49] iPhone6S, [0000024CE0D35A00][0000024CE01A4680 49] iPhone6SPlus, [0000024CE0C4C100][0000024CE15FA7C0 49] iPhone7Plus, [0000024CE0C3DD00][0000024CE12E2900 49] iPhoneSE, [0000024CE0C4CC00][0000024CD35E8A80 49] iPhone8, [0000024CE0C3C400][0000024CD35F8C00 49] iPhone8Plus, [0000024CE0C4EA00][0000024CD35FCD80 49] iPhoneX, [0000024CE0C3FC00][0000024CD3600F00 49] iPhoneXS, [0000024CE0C4E900][0000024CD3625080 49] iPhoneXSMax, [0000024CE0C3CB00][0000024CDDCE5200 49] iPhoneXR, [0000024CE0D37800][0000024CD88ED380 49] iPhone11, [0000024CE0C3FD00][0000024CD88F1500 49] iPhone11Pro, [0000024CE0D35B00][0000024CD88F5680 49] iPhone11ProMax, [0000024CE0C3D500][0000024CD88F9800 49] iPhoneSE2, [0000024CE0D35E00][0000024CD88FD980 49] iPhone12Mini, [0000024CE0C3F100][0000024CD8901B00 49] iPhone12, [0000024CE0D37400][0000024CD8904100 49] iPhone12Pro, [0000024CE0C3CD00][0000024CD8908280 49] iPhone12ProMax, [0000024CE0D37C00][0000024CDDCEC400 49] iPadPro105, [0000024CE0C3F700][0000024CDDCF0580 49] iPadPro129, [0000024CE0D36A00][0000024CDDCF4700 49] iPadPro97, [0000024CE0C3C900][0000024CE12E6840 49] iPadPro2_129, [0000024CE0D34800][0000024CDDCFC980 49] iPad5, [0000024CE0C3D000][0000024CDDD00AC0 49] iPad6, [0000024CE0D34400][0000024CE151EC40 49] iPad7, [0000024CE0C3EB00][0000024CE1522DC0 49] iPad8, [0000024CE0D37500][0000024CE1526F40 49] iPadPro11, [0000024CE0C3D800][0000024CE152B0C0 49] iPadPro2_11, [0000024CE0D34900][0000024CE152F240 49] iPadPro3_129, [0000024CE0C3E800][0000024CE19A73C0 49] iPadPro4_129, [0000024CE0D36E00][0000024CE19AB540 49] AppleTV, [0000024CE0C3FE00][0000024CE19DD6C0 49] AppleTV4K, [0000024CE0D34500][0000024CE19F9840 49] TVOS, [0000024CE0C3D700][0000024CDDCD39C0 49] Mac, [0000024CE0D36300][0000024CDDCD7B40 49] MacClient, [0000024CE0C3C800][0000024CDDCDA140 49] MacNoEditor, [0000024CE0D35000][0000024CDDCDE2C0 49] MacServer, [0000024CE0C3C500][0000024CE15B4440 49] Linux, [0000024CE0D36B00][0000024CE15BC5C0 49] LinuxAArch64, [0000024CE0C3D600][0000024CE15C0740 49] LinuxNoEditor, [0000024CE0D36100][0000024CD88AA8C0 49] LinuxAArch64NoEditor, [0000024CE0C3F900][0000024CDDD04A00 49] LinuxClient, [0000024CE0D36600][0000024CD88AEB40 49] LinuxAArch64Client, [0000024CE0C3E300][0000024CD3604C80 49] LinuxServer, [0000024CE0D34700][0000024CD3608DC0 49] LinuxAArch64Server, [0000024CE0C3DA00][0000024CE15C4F40 49] Android, [0000024CE0D36200][0000024CD36190C0 49] Android_Low, [0000024CE0C3DC00][0000024CD361D240 49] Android_Mid, [0000024CE0D35300][0000024CD36213C0 49] Android_High, [0000024CE0C3CE00][0000024CE14B5540 49] Android_Default, [0000024CE0D37600][0000024CD88C96C0 49] Android_Adreno4xx, [0000024CE0C3CF00][0000024CD88CD840 49] Android_Adreno5xx_Low, [0000024CE0D37B00][0000024CD88D19C0 49] Android_Adreno5xx, [0000024CE0C3FA00][0000024CDDCE9B40 49] Android_Adreno6xx, [0000024CE0D34B00][0000024CE15F6140 49] Android_Adreno6xx_Vulkan, [0000024CE0C3D900][0000024CE12DE2C0 49] Android_Mali_T6xx, [0000024CE0D34A00][0000024CD88D4440 49] Android_Mali_T7xx, [0000024CE0CF9A00][0000024CD88D85C0 49] Android_Mali_T8xx, [0000024CE0C4C500][0000024CD88DC740 49] Android_Mali_G71, [0000024CE0CF8600][0000024CD88E08C0 49] Android_Mali_G72, [0000024CE0C4C300][0000024CD88E4A40 49] Android_Mali_G72_Vulkan, [0000024CE0CFB900][0000024CE15B8B80 49] Android_Mali_G76, [0000024CE0C4D000][0000024CD88E8CC0 49] Android_Mali_G76_Vulkan, [0000024CE0CFA600][0000024CD3590E00 49] Android_Mali_G77, [0000024CE0C4EF00][0000024CD3594F40 49] Android_Mali_G77_Vulkan, [0000024CE0CF8E00][0000024CD359D0C0 49] Android_Mali_G78, [0000024CE0C4F100][0000024CD35A1240 49] Android_Mali_G78_Vulkan, [0000024CE0CF8800][0000024CD35A53C0 49] Android_Mali_G710, [0000024CE0C4EC00][0000024CD35A9540 49] Android_Mali_G710_Vulkan, [0000024CE0CFBC00][0000024CD35AD6C0 49] Android_Vulkan_SM5, [0000024CE0C4F500][0000024CD35B1840 49] Android_PowerVR_G6xxx, [0000024CE0CF9F00][0000024CD35B59C0 49] Android_PowerVR_GT7xxx, [0000024CE0C4DD00][0000024CE1327B40 49] Android_PowerVR_GE8xxx, [0000024CE0CFB300][0000024CE132A140 49] Android_PowerVR_GM9xxx, [0000024CE0C4C800][0000024CE132E2C0 49] Android_PowerVR_GM9xxx_Vulkan, [0000024CE0CFB700][0000024CE1332440 49] Android_TegraK1, [0000024CE0C4D200][0000024CE13365C0 49] Android_Unknown_Vulkan, [0000024CE0CFA900][0000024CE133A740 49] Lumin, [0000024CE0C4F700][0000024CE133E8C0 49] Lumin_Desktop, [0000024CE0CFAE00][0000024CE1342A40 49] HoloLens, 
[2022.02.23-13.10.11:809][  0]LogMeshReduction: Using QuadricMeshReduction for automatic static mesh reduction
[2022.02.23-13.10.11:809][  0]LogMeshReduction: Using SimplygonMeshReduction for automatic skeletal mesh reduction
[2022.02.23-13.10.11:809][  0]LogMeshReduction: Using ProxyLODMeshReduction for automatic mesh merging
[2022.02.23-13.10.11:809][  0]LogMeshReduction: No distributed automatic mesh merging module available
[2022.02.23-13.10.11:809][  0]LogMeshMerging: No distributed automatic mesh merging module available
[2022.02.23-13.10.11:823][  0]LogNetVersion: StarryTail 1.0.0, NetCL: 17155196, EngineNetVer: 17, GameNetVer: 0 (Checksum: 4214679525)
[2022.02.23-13.10.12:115][  0]LogTexture: Default maximum texture size for cubemaps generated from long-lat sources has been changed from 512 to unlimited. In order to preserve old behaiour for '/Engine/MapTemplates/Sky/DaylightAmbientCubemap.DaylightAmbientCubemap', its maximum texture size has been explicitly set to 512.
[2022.02.23-13.10.12:158][  0]LogHMD: PokeAHoleMaterial loaded successfully
[2022.02.23-13.10.12:164][  0]LogUObjectArray: 17178 objects as part of root set at end of initial load.
[2022.02.23-13.10.12:164][  0]LogUObjectAllocator: 4302048 out of 0 bytes used by permanent object pool.
[2022.02.23-13.10.12:164][  0]LogUObjectArray: CloseDisregardForGC: 0/0 objects in disregard for GC pool
[2022.02.23-13.10.12:395][  0]LogNiagaraDebuggerClient: Niagara Debugger Client Initialized | Session: 3EBAB94A4C68B29B8AD1EF92458785AA | Instance: A7E02E5C4335973A770D378039DED719 (DESKTOP-RGJHDRQ-27348).
[2022.02.23-13.10.12:424][  0]LogPython: Using Python 3.7.7
[2022.02.23-13.10.12:840][  0]LogUdpMessaging: Initializing bridge on interface 0.0.0.0:0 to multicast group 230.0.0.1:6666.
[2022.02.23-13.10.12:846][  0]LogTcpMessaging: Initializing TcpMessaging bridge
[2022.02.23-13.10.13:078][  0]SourceControl: 소스 컨트롤이 꺼졌습니다.
[2022.02.23-13.10.13:078][  0]SourceControl: 소스 컨트롤이 꺼졌습니다.
[2022.02.23-13.10.13:081][  0]SourceControl: 소스 컨트롤이 꺼졌습니다.
[2022.02.23-13.10.13:084][  0]SourceControl: 소스 컨트롤이 꺼졌습니다.
[2022.02.23-13.10.13:128][  0]SourceControl: 소스 컨트롤이 꺼졌습니다.
[2022.02.23-13.10.13:228][  0]LogUProjectInfo: Found projects:
[2022.02.23-13.10.13:263][  0]LogOpenImageDenoise: OIDN starting up
[2022.02.23-13.10.13:316][  0]LogAndroidPermission: UAndroidPermissionCallbackProxy::GetInstance
[2022.02.23-13.10.13:322][  0]LogAudioCaptureCore: Display: No Audio Capture implementations found. Audio input will be silent.
[2022.02.23-13.10.13:322][  0]LogAudioCaptureCore: Display: No Audio Capture implementations found. Audio input will be silent.
[2022.02.23-13.10.13:434][  0]LogCollectionManager: Loaded 0 collections in 0.000611 seconds
[2022.02.23-13.10.13:453][  0]LogFileCache: Scanning file cache for directory 'C:/UnrealProjects/STARRY-TAIL/StarryTail/Saved/Collections/' took 0.00s
[2022.02.23-13.10.13:453][  0]LogFileCache: Scanning file cache for directory 'C:/UnrealProjects/STARRY-TAIL/StarryTail/Content/Developers/syhwms/Collections/' took 0.00s
[2022.02.23-13.10.13:453][  0]LogFileCache: Scanning file cache for directory 'C:/UnrealProjects/STARRY-TAIL/StarryTail/Content/Collections/' took 0.00s
[2022.02.23-13.10.13:453][  0]LogOcInput: OculusInput pre-init called
[2022.02.23-13.10.13:627][  0]LogClass: Display: FloatProperty FPlayerCharacterDataStruct::HP is not initialized properly. Module:StarryTail File:PlayerCharacterDataStruct.h
[2022.02.23-13.10.13:628][  0]LogClass: Display: 1 Uninitialized script struct members found including 0 object properties
[2022.02.23-13.10.13:628][  0]LogEngine: Initializing Engine...
[2022.02.23-13.10.13:630][  0]LogHMD: Failed to enumerate extensions. Please check that you have a valid OpenXR runtime installed.
[2022.02.23-13.10.13:630][  0]LogHMD: Failed to initialize OpenVR with code 110
[2022.02.23-13.10.13:630][  0]LogMagicLeap: Warning: VR disabled because ZI is not enabled.  To enable, in the editor, Edit -> Project Settings -> Plugins -> Magic Leap Plugin -> Enable Zero Iteration
[2022.02.23-13.10.13:631][  0]LogStats: UGameplayTagsManager::InitializeManager -  0.000 s
[2022.02.23-13.10.13:724][  0]LogInit: Initializing FReadOnlyCVARCache
[2022.02.23-13.10.13:730][  0]LogAIModule: Creating AISystem for world Untitled
[2022.02.23-13.10.13:731][  0]LogAudio: Display: Initializing Audio Device Manager...
[2022.02.23-13.10.13:734][  0]LogAudio: Display: Loading Default Audio Settings Objects...
[2022.02.23-13.10.13:734][  0]LogAudio: Display: No default SoundConcurrencyObject specified (or failed to load).
[2022.02.23-13.10.13:734][  0]LogAudio: Display: Audio Device Manager Initialized
[2022.02.23-13.10.13:734][  0]LogAudio: Display: Creating Audio Device:                 Id: 1, Scope: Shared, Realtime: True
[2022.02.23-13.10.13:734][  0]LogAudioMixer: Display: Audio Mixer Platform Settings:
[2022.02.23-13.10.13:734][  0]LogAudioMixer: Display: 	Sample Rate:						  48000
[2022.02.23-13.10.13:734][  0]LogAudioMixer: Display: 	Callback Buffer Frame Size Requested: 1024
[2022.02.23-13.10.13:734][  0]LogAudioMixer: Display: 	Callback Buffer Frame Size To Use:	  1024
[2022.02.23-13.10.13:734][  0]LogAudioMixer: Display: 	Number of buffers to queue:			  2
[2022.02.23-13.10.13:734][  0]LogAudioMixer: Display: 	Max Channels (voices):				  32
[2022.02.23-13.10.13:734][  0]LogAudioMixer: Display: 	Number of Async Source Workers:		  0
[2022.02.23-13.10.13:734][  0]LogAudio: Display: AudioDevice MaxSources: 32
[2022.02.23-13.10.13:735][  0]LogAudio: Display: Audio Spatialization Plugin: None (built-in).
[2022.02.23-13.10.13:735][  0]LogAudio: Display: Audio Reverb Plugin: None (built-in).
[2022.02.23-13.10.13:735][  0]LogAudio: Display: Audio Occlusion Plugin: None (built-in).
[2022.02.23-13.10.13:735][  0]LogAudioMixer: Display: Initializing audio mixer.
[2022.02.23-13.10.13:745][  0]LogAudioMixer: Display: 0: FrontLeft
[2022.02.23-13.10.13:745][  0]LogAudioMixer: Display: 1: FrontRight
[2022.02.23-13.10.13:760][  0]LogAudioMixer: Display: Using Audio Device 스피커(2- USBZH5XK)
[2022.02.23-13.10.13:762][  0]LogAudioMixer: Display: Initializing Sound Submixes...
[2022.02.23-13.10.13:764][  0]LogAudioMixer: Display: Creating Master Submix 'MasterSubmixDefault'
[2022.02.23-13.10.13:764][  0]LogAudioMixer: Display: Creating Master Submix 'MasterReverbSubmixDefault'
[2022.02.23-13.10.13:765][  0]LogAudioMixer: Display: Creating Master Submix 'MasterEQSubmixDefault'
[2022.02.23-13.10.13:765][  0]LogAudioMixer: FMixerPlatformXAudio2::StartAudioStream() called
[2022.02.23-13.10.13:765][  0]LogAudioMixer: Display: Output buffers initialized: Frames=1024, Channels=2, Samples=2048
[2022.02.23-13.10.13:765][  0]LogAudioMixer: Display: Starting AudioMixerPlatformInterface::RunInternal()
[2022.02.23-13.10.13:765][  0]LogAudioMixer: Display: FMixerPlatformXAudio2::SubmitBuffer() called for the first time
[2022.02.23-13.10.13:765][  0]LogInit: FAudioDevice initialized.
[2022.02.23-13.10.13:766][  0]LogAudio: Display: Audio Device (ID: 1) registered with world 'Untitled'.
[2022.02.23-13.10.13:766][  0]LogNetVersion: Set ProjectVersion to 1.0.0.0. Version Checksum will be recalculated on next use.
[2022.02.23-13.10.13:806][  0]LogDerivedDataCache: Saved boot cache 0.04s 103MB C:/Users/syhwms/AppData/Local/UnrealEngine/4.27/DerivedDataCache/Boot.ddc.
[2022.02.23-13.10.13:806][  0]LogInit: Texture streaming: Enabled
[2022.02.23-13.10.13:816][  0]LogAnalytics: Display: [UEEditor.Rocket.Release] APIServer = https://datarouter.ol.epicgames.com/. AppVersion = 4.27.2-18319896+++UE4+Release-4.27
[2022.02.23-13.10.13:820][  0]LogEngineSessionManager: EngineSessionManager initialized
[2022.02.23-13.10.13:820][  0]LogEngineSessionManager: EngineSessionManager sent abnormal shutdown report. Type=Crashed, SessionId={83BE656C-4C1A-BDDF-5F08-4AB8DDBFB1E3}
[2022.02.23-13.10.13:820][  0]LogEditorSessionSummary: Verbose: Initializing EditorSessionSummaryWriter for editor session tracking
[2022.02.23-13.10.13:822][  0]LogEditorSessionSummary: EditorSessionSummaryWriter initialized
[2022.02.23-13.10.13:845][  0]LogInit: Transaction tracking system initialized
[2022.02.23-13.10.13:862][  0]BlueprintLog: New page: 에디터 로드
[2022.02.23-13.10.13:911][  0]LocalizationService: 현지화 서비스가 비활성화되었습니다.
[2022.02.23-13.10.13:930][  0]TimingProfiler: Initialize
[2022.02.23-13.10.13:930][  0]TimingProfiler: OnSessionChanged
[2022.02.23-13.10.13:930][  0]LoadingProfiler: Initialize
[2022.02.23-13.10.13:930][  0]LoadingProfiler: OnSessionChanged
[2022.02.23-13.10.13:930][  0]NetworkingProfiler: Initialize
[2022.02.23-13.10.13:930][  0]NetworkingProfiler: OnSessionChanged
[2022.02.23-13.10.13:930][  0]MemoryProfiler: Initialize
[2022.02.23-13.10.13:930][  0]MemoryProfiler: OnSessionChanged
[2022.02.23-13.10.14:032][  0]LogCook: Display: CookSettings for Memory: MemoryMaxUsedVirtual 0MiB, MemoryMaxUsedPhysical 16384MiB, MemoryMinFreeVirtual 0MiB, MemoryMinFreePhysical 1024MiB
[2022.02.23-13.10.14:032][  0]LogCook: Display: Mobile HDR setting 1
[2022.02.23-13.10.14:167][  0]LogFileCache: Scanning file cache for directory 'C:/UnrealProjects/STARRY-TAIL/StarryTail/Content/' took 0.00s
[2022.02.23-13.10.14:292][  0]LogInit: Display: Engine is initialized. Leaving FEngineLoop::Init()
[2022.02.23-13.10.14:295][  0]SourceControl: 소스 컨트롤이 꺼졌습니다.
[2022.02.23-13.10.14:295][  0]LogUnrealEdMisc: Loading editor; pre map load, took 5.275
[2022.02.23-13.10.14:295][  0]Cmd: MAP LOAD FILE="C:/UnrealProjects/STARRY-TAIL/StarryTail/Content/ThirdPersonCPP/Maps/ThirdPersonExampleMap.umap" TEMPLATE=0 SHOWPROGRESS=1 FEATURELEVEL=3
[2022.02.23-13.10.14:295][  0]LightingResults: New page: 라이팅 빌드
[2022.02.23-13.10.14:296][  0]LogWorld: UWorld::CleanupWorld for Untitled, bSessionEnded=true, bCleanupResources=true
[2022.02.23-13.10.14:296][  0]LogSlate: InvalidateAllWidgets triggered.  All widgets were invalidated
[2022.02.23-13.10.14:296][  0]MapCheck: New page: 맵 체크
[2022.02.23-13.10.14:296][  0]LightingResults: New page: 라이팅 빌드
[2022.02.23-13.10.14:300][  0]LogAudio: Display: Audio Device unregistered from world 'None'.
[2022.02.23-13.10.14:302][  0]LogUObjectHash: Compacting FUObjectHashTables data took   0.65ms
[2022.02.23-13.10.14:346][  0]LogAudio: Display: Audio Device (ID: 1) registered with world 'ThirdPersonExampleMap'.
[2022.02.23-13.10.14:347][  0]LogAIModule: Creating AISystem for world ThirdPersonExampleMap
[2022.02.23-13.10.14:352][  0]LogEditorServer: Finished looking for orphan Actors (0.000 secs)
[2022.02.23-13.10.14:360][  0]LogUObjectHash: Compacting FUObjectHashTables data took   0.64ms
[2022.02.23-13.10.14:361][  0]Cmd: MAP CHECKDEP NOCLEARLOG
[2022.02.23-13.10.14:361][  0]MapCheck: 맵 체크 완료: 오류 0 회, 경고 0 회, 소요 시간 0.119ms.
[2022.02.23-13.10.14:361][  0]LogFileHelpers: Loading map 'ThirdPersonExampleMap' took 0.066
[2022.02.23-13.10.14:363][  0]LogUnrealEdMisc: Total Editor Startup Time, took 5.343
[2022.02.23-13.10.14:467][  0]LogSlate: Updating window title bar state: overlay mode, drag disabled, window buttons hidden, title bar hidden
[2022.02.23-13.10.14:471][  0]LogSlate: Updating window title bar state: overlay mode, drag disabled, window buttons hidden, title bar hidden
[2022.02.23-13.10.14:475][  0]LogSlate: Updating window title bar state: overlay mode, drag disabled, window buttons hidden, title bar hidden
[2022.02.23-13.10.14:479][  0]LogSlate: Updating window title bar state: overlay mode, drag disabled, window buttons hidden, title bar hidden
[2022.02.23-13.10.14:490][  0]LogNativeClassHierarchy: Verbose: Native class hierarchy populated in 0.0074 seconds. Added 3825 classes and 930 folders.
[2022.02.23-13.10.14:491][  0]LogNativeClassHierarchy: Verbose: Native class hierarchy updated for 'WidgetCarousel' in 0.0002 seconds. Added 0 classes and 0 folders.
[2022.02.23-13.10.14:493][  0]LogPakFile: PakFile PrimaryIndexSize=187
[2022.02.23-13.10.14:493][  0]LogPakFile: PakFile PathHashIndexSize=101
[2022.02.23-13.10.14:493][  0]LogPakFile: PakFile FullDirectoryIndexSize=148
[2022.02.23-13.10.14:493][  0]LogShaderLibrary: Display: ShaderCodeLibraryPakFileMountedCallback: PakFile 'D:/EpicGames/UE_4.27/FeaturePacks/FP_FirstPerson.upack' (chunk index -1, root 'root:/') mounted
[2022.02.23-13.10.14:493][  0]LogShaderLibrary: Display: ShaderCodeLibraryPakFileMountedCallback: pending pak file info (ChunkID:-1 Root:root:/ File:D:/EpicGames/UE_4.27/FeaturePacks/FP_FirstPerson.upack)
[2022.02.23-13.10.14:493][  0]LogPakFile: OnPakFileMounted2Time == 0.000038
[2022.02.23-13.10.14:493][  0]LogPakFile: PakFile PrimaryIndexSize=189
[2022.02.23-13.10.14:493][  0]LogPakFile: PakFile PathHashIndexSize=101
[2022.02.23-13.10.14:493][  0]LogPakFile: PakFile FullDirectoryIndexSize=152
[2022.02.23-13.10.14:493][  0]LogShaderLibrary: Display: ShaderCodeLibraryPakFileMountedCallback: PakFile 'D:/EpicGames/UE_4.27/FeaturePacks/FP_FirstPersonBP.upack' (chunk index -1, root 'root:/') mounted
[2022.02.23-13.10.14:493][  0]LogShaderLibrary: Display: ShaderCodeLibraryPakFileMountedCallback: pending pak file info (ChunkID:-1 Root:root:/ File:D:/EpicGames/UE_4.27/FeaturePacks/FP_FirstPersonBP.upack)
[2022.02.23-13.10.14:493][  0]LogPakFile: OnPakFileMounted2Time == 0.000026
[2022.02.23-13.10.14:494][  0]LogPakFile: PakFile PrimaryIndexSize=191
[2022.02.23-13.10.14:494][  0]LogPakFile: PakFile PathHashIndexSize=101
[2022.02.23-13.10.14:494][  0]LogPakFile: PakFile FullDirectoryIndexSize=160
[2022.02.23-13.10.14:494][  0]LogShaderLibrary: Display: ShaderCodeLibraryPakFileMountedCallback: PakFile 'D:/EpicGames/UE_4.27/FeaturePacks/MobileStarterContent.upack' (chunk index -1, root 'root:/') mounted
[2022.02.23-13.10.14:494][  0]LogShaderLibrary: Display: ShaderCodeLibraryPakFileMountedCallback: pending pak file info (ChunkID:-1 Root:root:/ File:D:/EpicGames/UE_4.27/FeaturePacks/MobileStarterContent.upack)
[2022.02.23-13.10.14:494][  0]LogPakFile: OnPakFileMounted2Time == 0.000021
[2022.02.23-13.10.14:494][  0]LogPakFile: PakFile PrimaryIndexSize=185
[2022.02.23-13.10.14:494][  0]LogPakFile: PakFile PathHashIndexSize=101
[2022.02.23-13.10.14:494][  0]LogPakFile: PakFile FullDirectoryIndexSize=148
[2022.02.23-13.10.14:494][  0]LogShaderLibrary: Display: ShaderCodeLibraryPakFileMountedCallback: PakFile 'D:/EpicGames/UE_4.27/FeaturePacks/StarterContent.upack' (chunk index -1, root 'root:/') mounted
[2022.02.23-13.10.14:494][  0]LogShaderLibrary: Display: ShaderCodeLibraryPakFileMountedCallback: pending pak file info (ChunkID:-1 Root:root:/ File:D:/EpicGames/UE_4.27/FeaturePacks/StarterContent.upack)
[2022.02.23-13.10.14:494][  0]LogPakFile: OnPakFileMounted2Time == 0.000023
[2022.02.23-13.10.14:495][  0]LogPakFile: PakFile PrimaryIndexSize=190
[2022.02.23-13.10.14:495][  0]LogPakFile: PakFile PathHashIndexSize=101
[2022.02.23-13.10.14:495][  0]LogPakFile: PakFile FullDirectoryIndexSize=154
[2022.02.23-13.10.14:495][  0]LogShaderLibrary: Display: ShaderCodeLibraryPakFileMountedCallback: PakFile 'D:/EpicGames/UE_4.27/FeaturePacks/TP_2DSideScroller.upack' (chunk index -1, root 'root:/') mounted
[2022.02.23-13.10.14:495][  0]LogShaderLibrary: Display: ShaderCodeLibraryPakFileMountedCallback: pending pak file info (ChunkID:-1 Root:root:/ File:D:/EpicGames/UE_4.27/FeaturePacks/TP_2DSideScroller.upack)
[2022.02.23-13.10.14:495][  0]LogPakFile: OnPakFileMounted2Time == 0.000021
[2022.02.23-13.10.14:495][  0]LogPakFile: PakFile PrimaryIndexSize=192
[2022.02.23-13.10.14:495][  0]LogPakFile: PakFile PathHashIndexSize=101
[2022.02.23-13.10.14:495][  0]LogPakFile: PakFile FullDirectoryIndexSize=158
[2022.02.23-13.10.14:495][  0]LogShaderLibrary: Display: ShaderCodeLibraryPakFileMountedCallback: PakFile 'D:/EpicGames/UE_4.27/FeaturePacks/TP_2DSideScrollerBP.upack' (chunk index -1, root 'root:/') mounted
[2022.02.23-13.10.14:495][  0]LogShaderLibrary: Display: ShaderCodeLibraryPakFileMountedCallback: pending pak file info (ChunkID:-1 Root:root:/ File:D:/EpicGames/UE_4.27/FeaturePacks/TP_2DSideScrollerBP.upack)
[2022.02.23-13.10.14:495][  0]LogPakFile: OnPakFileMounted2Time == 0.000021
[2022.02.23-13.10.14:495][  0]LogPakFile: PakFile PrimaryIndexSize=182
[2022.02.23-13.10.14:495][  0]LogPakFile: PakFile PathHashIndexSize=101
[2022.02.23-13.10.14:495][  0]LogPakFile: PakFile FullDirectoryIndexSize=138
[2022.02.23-13.10.14:495][  0]LogShaderLibrary: Display: ShaderCodeLibraryPakFileMountedCallback: PakFile 'D:/EpicGames/UE_4.27/FeaturePacks/TP_Flying.upack' (chunk index -1, root 'root:/') mounted
[2022.02.23-13.10.14:495][  0]LogShaderLibrary: Display: ShaderCodeLibraryPakFileMountedCallback: pending pak file info (ChunkID:-1 Root:root:/ File:D:/EpicGames/UE_4.27/FeaturePacks/TP_Flying.upack)
[2022.02.23-13.10.14:496][  0]LogPakFile: OnPakFileMounted2Time == 0.000022
[2022.02.23-13.10.14:496][  0]LogPakFile: PakFile PrimaryIndexSize=184
[2022.02.23-13.10.14:496][  0]LogPakFile: PakFile PathHashIndexSize=101
[2022.02.23-13.10.14:496][  0]LogPakFile: PakFile FullDirectoryIndexSize=142
[2022.02.23-13.10.14:496][  0]LogShaderLibrary: Display: ShaderCodeLibraryPakFileMountedCallback: PakFile 'D:/EpicGames/UE_4.27/FeaturePacks/TP_FlyingBP.upack' (chunk index -1, root 'root:/') mounted
[2022.02.23-13.10.14:496][  0]LogShaderLibrary: Display: ShaderCodeLibraryPakFileMountedCallback: pending pak file info (ChunkID:-1 Root:root:/ File:D:/EpicGames/UE_4.27/FeaturePacks/TP_FlyingBP.upack)
[2022.02.23-13.10.14:496][  0]LogPakFile: OnPakFileMounted2Time == 0.000022
[2022.02.23-13.10.14:496][  0]LogPakFile: PakFile PrimaryIndexSize=188
[2022.02.23-13.10.14:496][  0]LogPakFile: PakFile PathHashIndexSize=101
[2022.02.23-13.10.14:496][  0]LogPakFile: PakFile FullDirectoryIndexSize=150
[2022.02.23-13.10.14:496][  0]LogShaderLibrary: Display: ShaderCodeLibraryPakFileMountedCallback: PakFile 'D:/EpicGames/UE_4.27/FeaturePacks/TP_HandheldARBP.upack' (chunk index -1, root 'root:/') mounted
[2022.02.23-13.10.14:496][  0]LogShaderLibrary: Display: ShaderCodeLibraryPakFileMountedCallback: pending pak file info (ChunkID:-1 Root:root:/ File:D:/EpicGames/UE_4.27/FeaturePacks/TP_HandheldARBP.upack)
[2022.02.23-13.10.14:496][  0]LogPakFile: OnPakFileMounted2Time == 0.000021
[2022.02.23-13.10.14:497][  0]LogPakFile: PakFile PrimaryIndexSize=182
[2022.02.23-13.10.14:497][  0]LogPakFile: PakFile PathHashIndexSize=101
[2022.02.23-13.10.14:497][  0]LogPakFile: PakFile FullDirectoryIndexSize=138
[2022.02.23-13.10.14:497][  0]LogShaderLibrary: Display: ShaderCodeLibraryPakFileMountedCallback: PakFile 'D:/EpicGames/UE_4.27/FeaturePacks/TP_Puzzle.upack' (chunk index -1, root 'root:/') mounted
[2022.02.23-13.10.14:497][  0]LogShaderLibrary: Display: ShaderCodeLibraryPakFileMountedCallback: pending pak file info (ChunkID:-1 Root:root:/ File:D:/EpicGames/UE_4.27/FeaturePacks/TP_Puzzle.upack)
[2022.02.23-13.10.14:497][  0]LogPakFile: OnPakFileMounted2Time == 0.000022
[2022.02.23-13.10.14:497][  0]LogPakFile: PakFile PrimaryIndexSize=184
[2022.02.23-13.10.14:497][  0]LogPakFile: PakFile PathHashIndexSize=101
[2022.02.23-13.10.14:497][  0]LogPakFile: PakFile FullDirectoryIndexSize=142
[2022.02.23-13.10.14:497][  0]LogShaderLibrary: Display: ShaderCodeLibraryPakFileMountedCallback: PakFile 'D:/EpicGames/UE_4.27/FeaturePacks/TP_PuzzleBP.upack' (chunk index -1, root 'root:/') mounted
[2022.02.23-13.10.14:497][  0]LogShaderLibrary: Display: ShaderCodeLibraryPakFileMountedCallback: pending pak file info (ChunkID:-1 Root:root:/ File:D:/EpicGames/UE_4.27/FeaturePacks/TP_PuzzleBP.upack)
[2022.02.23-13.10.14:497][  0]LogPakFile: OnPakFileMounted2Time == 0.000021
[2022.02.23-13.10.14:498][  0]LogPakFile: PakFile PrimaryIndexSize=183
[2022.02.23-13.10.14:498][  0]LogPakFile: PakFile PathHashIndexSize=101
[2022.02.23-13.10.14:498][  0]LogPakFile: PakFile FullDirectoryIndexSize=140
[2022.02.23-13.10.14:498][  0]LogShaderLibrary: Display: ShaderCodeLibraryPakFileMountedCallback: PakFile 'D:/EpicGames/UE_4.27/FeaturePacks/TP_Rolling.upack' (chunk index -1, root 'root:/') mounted
[2022.02.23-13.10.14:498][  0]LogShaderLibrary: Display: ShaderCodeLibraryPakFileMountedCallback: pending pak file info (ChunkID:-1 Root:root:/ File:D:/EpicGames/UE_4.27/FeaturePacks/TP_Rolling.upack)
[2022.02.23-13.10.14:498][  0]LogPakFile: OnPakFileMounted2Time == 0.000021
[2022.02.23-13.10.14:498][  0]LogPakFile: PakFile PrimaryIndexSize=185
[2022.02.23-13.10.14:498][  0]LogPakFile: PakFile PathHashIndexSize=101
[2022.02.23-13.10.14:498][  0]LogPakFile: PakFile FullDirectoryIndexSize=144
[2022.02.23-13.10.14:498][  0]LogShaderLibrary: Display: ShaderCodeLibraryPakFileMountedCallback: PakFile 'D:/EpicGames/UE_4.27/FeaturePacks/TP_RollingBP.upack' (chunk index -1, root 'root:/') mounted
[2022.02.23-13.10.14:498][  0]LogShaderLibrary: Display: ShaderCodeLibraryPakFileMountedCallback: pending pak file info (ChunkID:-1 Root:root:/ File:D:/EpicGames/UE_4.27/FeaturePacks/TP_RollingBP.upack)
[2022.02.23-13.10.14:498][  0]LogPakFile: OnPakFileMounted2Time == 0.000021
[2022.02.23-13.10.14:499][  0]LogPakFile: PakFile PrimaryIndexSize=188
[2022.02.23-13.10.14:499][  0]LogPakFile: PakFile PathHashIndexSize=101
[2022.02.23-13.10.14:499][  0]LogPakFile: PakFile FullDirectoryIndexSize=150
[2022.02.23-13.10.14:499][  0]LogShaderLibrary: Display: ShaderCodeLibraryPakFileMountedCallback: PakFile 'D:/EpicGames/UE_4.27/FeaturePacks/TP_SideScroller.upack' (chunk index -1, root 'root:/') mounted
[2022.02.23-13.10.14:499][  0]LogShaderLibrary: Display: ShaderCodeLibraryPakFileMountedCallback: pending pak file info (ChunkID:-1 Root:root:/ File:D:/EpicGames/UE_4.27/FeaturePacks/TP_SideScroller.upack)
[2022.02.23-13.10.14:499][  0]LogPakFile: OnPakFileMounted2Time == 0.000021
[2022.02.23-13.10.14:499][  0]LogPakFile: PakFile PrimaryIndexSize=190
[2022.02.23-13.10.14:499][  0]LogPakFile: PakFile PathHashIndexSize=101
[2022.02.23-13.10.14:499][  0]LogPakFile: PakFile FullDirectoryIndexSize=154
[2022.02.23-13.10.14:499][  0]LogShaderLibrary: Display: ShaderCodeLibraryPakFileMountedCallback: PakFile 'D:/EpicGames/UE_4.27/FeaturePacks/TP_SideScrollerBP.upack' (chunk index -1, root 'root:/') mounted
[2022.02.23-13.10.14:499][  0]LogShaderLibrary: Display: ShaderCodeLibraryPakFileMountedCallback: pending pak file info (ChunkID:-1 Root:root:/ File:D:/EpicGames/UE_4.27/FeaturePacks/TP_SideScrollerBP.upack)
[2022.02.23-13.10.14:499][  0]LogPakFile: OnPakFileMounted2Time == 0.000020
[2022.02.23-13.10.14:500][  0]LogPakFile: PakFile PrimaryIndexSize=187
[2022.02.23-13.10.14:500][  0]LogPakFile: PakFile PathHashIndexSize=101
[2022.02.23-13.10.14:500][  0]LogPakFile: PakFile FullDirectoryIndexSize=148
[2022.02.23-13.10.14:500][  0]LogShaderLibrary: Display: ShaderCodeLibraryPakFileMountedCallback: PakFile 'D:/EpicGames/UE_4.27/FeaturePacks/TP_ThirdPerson.upack' (chunk index -1, root 'root:/') mounted
[2022.02.23-13.10.14:500][  0]LogShaderLibrary: Display: ShaderCodeLibraryPakFileMountedCallback: pending pak file info (ChunkID:-1 Root:root:/ File:D:/EpicGames/UE_4.27/FeaturePacks/TP_ThirdPerson.upack)
[2022.02.23-13.10.14:500][  0]LogPakFile: OnPakFileMounted2Time == 0.000020
[2022.02.23-13.10.14:500][  0]LogPakFile: PakFile PrimaryIndexSize=189
[2022.02.23-13.10.14:500][  0]LogPakFile: PakFile PathHashIndexSize=101
[2022.02.23-13.10.14:500][  0]LogPakFile: PakFile FullDirectoryIndexSize=152
[2022.02.23-13.10.14:500][  0]LogShaderLibrary: Display: ShaderCodeLibraryPakFileMountedCallback: PakFile 'D:/EpicGames/UE_4.27/FeaturePacks/TP_ThirdPersonBP.upack' (chunk index -1, root 'root:/') mounted
[2022.02.23-13.10.14:500][  0]LogShaderLibrary: Display: ShaderCodeLibraryPakFileMountedCallback: pending pak file info (ChunkID:-1 Root:root:/ File:D:/EpicGames/UE_4.27/FeaturePacks/TP_ThirdPersonBP.upack)
[2022.02.23-13.10.14:500][  0]LogPakFile: OnPakFileMounted2Time == 0.000020
[2022.02.23-13.10.14:501][  0]LogPakFile: PakFile PrimaryIndexSize=183
[2022.02.23-13.10.14:501][  0]LogPakFile: PakFile PathHashIndexSize=101
[2022.02.23-13.10.14:501][  0]LogPakFile: PakFile FullDirectoryIndexSize=140
[2022.02.23-13.10.14:501][  0]LogShaderLibrary: Display: ShaderCodeLibraryPakFileMountedCallback: PakFile 'D:/EpicGames/UE_4.27/FeaturePacks/TP_TopDown.upack' (chunk index -1, root 'root:/') mounted
[2022.02.23-13.10.14:501][  0]LogShaderLibrary: Display: ShaderCodeLibraryPakFileMountedCallback: pending pak file info (ChunkID:-1 Root:root:/ File:D:/EpicGames/UE_4.27/FeaturePacks/TP_TopDown.upack)
[2022.02.23-13.10.14:501][  0]LogPakFile: OnPakFileMounted2Time == 0.000025
[2022.02.23-13.10.14:501][  0]LogPakFile: PakFile PrimaryIndexSize=185
[2022.02.23-13.10.14:501][  0]LogPakFile: PakFile PathHashIndexSize=101
[2022.02.23-13.10.14:501][  0]LogPakFile: PakFile FullDirectoryIndexSize=144
[2022.02.23-13.10.14:501][  0]LogShaderLibrary: Display: ShaderCodeLibraryPakFileMountedCallback: PakFile 'D:/EpicGames/UE_4.27/FeaturePacks/TP_TopDownBP.upack' (chunk index -1, root 'root:/') mounted
[2022.02.23-13.10.14:501][  0]LogShaderLibrary: Display: ShaderCodeLibraryPakFileMountedCallback: pending pak file info (ChunkID:-1 Root:root:/ File:D:/EpicGames/UE_4.27/FeaturePacks/TP_TopDownBP.upack)
[2022.02.23-13.10.14:501][  0]LogPakFile: OnPakFileMounted2Time == 0.000023
[2022.02.23-13.10.14:502][  0]LogPakFile: PakFile PrimaryIndexSize=185
[2022.02.23-13.10.14:502][  0]LogPakFile: PakFile PathHashIndexSize=101
[2022.02.23-13.10.14:502][  0]LogPakFile: PakFile FullDirectoryIndexSize=144
[2022.02.23-13.10.14:502][  0]LogShaderLibrary: Display: ShaderCodeLibraryPakFileMountedCallback: PakFile 'D:/EpicGames/UE_4.27/FeaturePacks/TP_TwinStick.upack' (chunk index -1, root 'root:/') mounted
[2022.02.23-13.10.14:502][  0]LogShaderLibrary: Display: ShaderCodeLibraryPakFileMountedCallback: pending pak file info (ChunkID:-1 Root:root:/ File:D:/EpicGames/UE_4.27/FeaturePacks/TP_TwinStick.upack)
[2022.02.23-13.10.14:502][  0]LogPakFile: OnPakFileMounted2Time == 0.000020
[2022.02.23-13.10.14:502][  0]LogPakFile: PakFile PrimaryIndexSize=187
[2022.02.23-13.10.14:502][  0]LogPakFile: PakFile PathHashIndexSize=101
[2022.02.23-13.10.14:502][  0]LogPakFile: PakFile FullDirectoryIndexSize=148
[2022.02.23-13.10.14:502][  0]LogShaderLibrary: Display: ShaderCodeLibraryPakFileMountedCallback: PakFile 'D:/EpicGames/UE_4.27/FeaturePacks/TP_TwinStickBP.upack' (chunk index -1, root 'root:/') mounted
[2022.02.23-13.10.14:502][  0]LogShaderLibrary: Display: ShaderCodeLibraryPakFileMountedCallback: pending pak file info (ChunkID:-1 Root:root:/ File:D:/EpicGames/UE_4.27/FeaturePacks/TP_TwinStickBP.upack)
[2022.02.23-13.10.14:502][  0]LogPakFile: OnPakFileMounted2Time == 0.000022
[2022.02.23-13.10.14:502][  0]LogPakFile: PakFile PrimaryIndexSize=183
[2022.02.23-13.10.14:502][  0]LogPakFile: PakFile PathHashIndexSize=101
[2022.02.23-13.10.14:502][  0]LogPakFile: PakFile FullDirectoryIndexSize=140
[2022.02.23-13.10.14:502][  0]LogShaderLibrary: Display: ShaderCodeLibraryPakFileMountedCallback: PakFile 'D:/EpicGames/UE_4.27/FeaturePacks/TP_Vehicle.upack' (chunk index -1, root 'root:/') mounted
[2022.02.23-13.10.14:502][  0]LogShaderLibrary: Display: ShaderCodeLibraryPakFileMountedCallback: pending pak file info (ChunkID:-1 Root:root:/ File:D:/EpicGames/UE_4.27/FeaturePacks/TP_Vehicle.upack)
[2022.02.23-13.10.14:502][  0]LogPakFile: OnPakFileMounted2Time == 0.000022
[2022.02.23-13.10.14:503][  0]LogPakFile: PakFile PrimaryIndexSize=186
[2022.02.23-13.10.14:503][  0]LogPakFile: PakFile PathHashIndexSize=101
[2022.02.23-13.10.14:503][  0]LogPakFile: PakFile FullDirectoryIndexSize=146
[2022.02.23-13.10.14:503][  0]LogShaderLibrary: Display: ShaderCodeLibraryPakFileMountedCallback: PakFile 'D:/EpicGames/UE_4.27/FeaturePacks/TP_VehicleAdv.upack' (chunk index -1, root 'root:/') mounted
[2022.02.23-13.10.14:503][  0]LogShaderLibrary: Display: ShaderCodeLibraryPakFileMountedCallback: pending pak file info (ChunkID:-1 Root:root:/ File:D:/EpicGames/UE_4.27/FeaturePacks/TP_VehicleAdv.upack)
[2022.02.23-13.10.14:503][  0]LogPakFile: OnPakFileMounted2Time == 0.000021
[2022.02.23-13.10.14:503][  0]LogPakFile: PakFile PrimaryIndexSize=188
[2022.02.23-13.10.14:503][  0]LogPakFile: PakFile PathHashIndexSize=101
[2022.02.23-13.10.14:503][  0]LogPakFile: PakFile FullDirectoryIndexSize=150
[2022.02.23-13.10.14:503][  0]LogShaderLibrary: Display: ShaderCodeLibraryPakFileMountedCallback: PakFile 'D:/EpicGames/UE_4.27/FeaturePacks/TP_VehicleAdvBP.upack' (chunk index -1, root 'root:/') mounted
[2022.02.23-13.10.14:503][  0]LogShaderLibrary: Display: ShaderCodeLibraryPakFileMountedCallback: pending pak file info (ChunkID:-1 Root:root:/ File:D:/EpicGames/UE_4.27/FeaturePacks/TP_VehicleAdvBP.upack)
[2022.02.23-13.10.14:503][  0]LogPakFile: OnPakFileMounted2Time == 0.000021
[2022.02.23-13.10.14:504][  0]LogPakFile: PakFile PrimaryIndexSize=185
[2022.02.23-13.10.14:504][  0]LogPakFile: PakFile PathHashIndexSize=101
[2022.02.23-13.10.14:504][  0]LogPakFile: PakFile FullDirectoryIndexSize=144
[2022.02.23-13.10.14:504][  0]LogShaderLibrary: Display: ShaderCodeLibraryPakFileMountedCallback: PakFile 'D:/EpicGames/UE_4.27/FeaturePacks/TP_VehicleBP.upack' (chunk index -1, root 'root:/') mounted
[2022.02.23-13.10.14:504][  0]LogShaderLibrary: Display: ShaderCodeLibraryPakFileMountedCallback: pending pak file info (ChunkID:-1 Root:root:/ File:D:/EpicGames/UE_4.27/FeaturePacks/TP_VehicleBP.upack)
[2022.02.23-13.10.14:504][  0]LogPakFile: OnPakFileMounted2Time == 0.000023
[2022.02.23-13.10.14:504][  0]LogPakFile: PakFile PrimaryIndexSize=192
[2022.02.23-13.10.14:504][  0]LogPakFile: PakFile PathHashIndexSize=101
[2022.02.23-13.10.14:504][  0]LogPakFile: PakFile FullDirectoryIndexSize=158
[2022.02.23-13.10.14:504][  0]LogShaderLibrary: Display: ShaderCodeLibraryPakFileMountedCallback: PakFile 'D:/EpicGames/UE_4.27/FeaturePacks/TP_VirtualRealityBP.upack' (chunk index -1, root 'root:/') mounted
[2022.02.23-13.10.14:504][  0]LogShaderLibrary: Display: ShaderCodeLibraryPakFileMountedCallback: pending pak file info (ChunkID:-1 Root:root:/ File:D:/EpicGames/UE_4.27/FeaturePacks/TP_VirtualRealityBP.upack)
[2022.02.23-13.10.14:504][  0]LogPakFile: OnPakFileMounted2Time == 0.000021
[2022.02.23-13.10.14:546][  0]LogNativeClassHierarchy: Verbose: Native class hierarchy updated for 'AddContentDialog' in 0.0003 seconds. Added 0 classes and 0 folders.
[2022.02.23-13.10.14:547][  0]LogNativeClassHierarchy: Verbose: Native class hierarchy updated for 'SceneOutliner' in 0.0002 seconds. Added 2 classes and 0 folders.
[2022.02.23-13.10.14:681][  0]LogSlate: Took 0.000260 seconds to synchronously load lazily loaded font '../../../Engine/Content/Slate/Fonts/Roboto-Regular.ttf' (155K)
[2022.02.23-13.10.14:682][  0]LogSlate: Took 0.000169 seconds to synchronously load lazily loaded font '../../../Engine/Content/Editor/Slate/Fonts/FontAwesome.ttf' (139K)
[2022.02.23-13.10.14:683][  0]LogSlate: Took 0.000944 seconds to synchronously load lazily loaded font '../../../Engine/Content/Editor/Slate/Fonts/NanumGothic.ttf' (4243K)
[2022.02.23-13.10.14:685][  0]LogSlate: Took 0.000923 seconds to synchronously load lazily loaded font '../../../Engine/Content/Editor/Slate/Fonts/NanumGothicBold.ttf' (4188K)
[2022.02.23-13.10.14:685][  0]LogSlate: Took 0.000133 seconds to synchronously load lazily loaded font '../../../Engine/Content/Slate/Fonts/Roboto-Bold.ttf' (160K)
[2022.02.23-13.10.14:689][  0]LogSlate: Took 0.000140 seconds to synchronously load lazily loaded font '../../../Engine/Content/Slate/Fonts/DroidSansMono.ttf' (77K)
[2022.02.23-13.10.14:720][  0]LogSlate: Took 0.000634 seconds to synchronously load lazily loaded font '../../../Engine/Content/Editor/Slate/Fonts/NanumGothicExtraBold.ttf' (4074K)
[2022.02.23-13.10.14:787][  0]LogRenderer: Reallocating scene render targets to support 1288x620 Format 10 NumSamples 1 (Frame:1).
[2022.02.23-13.10.14:864][  0]LogNativeClassHierarchy: Verbose: Native class hierarchy updated for 'HierarchicalLODOutliner' in 0.0002 seconds. Added 0 classes and 0 folders.
[2022.02.23-13.10.14:864][  0]LogInput: Warning: Action Jump uses invalid key OculusGo_Left_Trigger_Click.
[2022.02.23-13.10.14:864][  0]LogInput: Warning: Action ResetVR uses invalid key OculusGo_Left_Trackpad_Click.
[2022.02.23-13.10.14:864][  0]LogInput: Warning: Use -RemoveInvalidKeys to remove instances of these keys from the action mapping.
[2022.02.23-13.10.14:864][  0]LogLoad: (Engine Initialization) Total time: 5.84 seconds
[2022.02.23-13.10.14:864][  0]LogLoad: (Engine Initialization) Total Blueprint compile time: 0.00 seconds
[2022.02.23-13.10.14:919][  0]LogAssetRegistry: Asset discovery search completed in 3.3716 seconds
[2022.02.23-13.10.14:924][  0]LogCollectionManager: Fixed up redirectors for 0 collections in 0.000002 seconds (updated 0 objects)
[2022.02.23-13.10.14:925][  0]LogContentStreaming: Texture pool size now 1000 MB
[2022.02.23-13.11.08:757][161]LogHotReload: New module detected: UE4Editor-StarryTail-0021.dll
[2022.02.23-13.11.09:104][163]LogHotReload: Starting Hot-Reload from IDE
[2022.02.23-13.11.09:107][163]LogSlate: Took 0.000193 seconds to synchronously load lazily loaded font '../../../Engine/Content/Slate/Fonts/Roboto-Light.ttf' (167K)
[2022.02.23-13.11.09:805][163]LogClass: PlayerCharacterDataStruct HotReload.
[2022.02.23-13.11.09:807][163]LogHotReload: Re-instancing IreneCharacter after hot-reload.
[2022.02.23-13.11.09:814][163]LogNativeClassHierarchy: Verbose: Native class hierarchy updated for 'StarryTail' in 0.0003 seconds. Added 3 classes and 2 folders.
[2022.02.23-13.11.09:816][163]Display: HotReload successful (0 functions remapped  1 scriptstructs remapped)
[2022.02.23-13.11.09:856][163]LogNativeClassHierarchy: Verbose: Native class hierarchy populated in 0.0073 seconds. Added 3825 classes and 930 folders.
[2022.02.23-13.11.09:894][163]Display: HotReload took  0.8s.
[2022.02.23-13.11.12:364][264]LogTemp: Repeating last play command: 선택된 뷰포트
[2022.02.23-13.11.12:368][264]LogPlayLevel: PlayLevel: No blueprints needed recompiling
[2022.02.23-13.11.12:369][264]PIE: New page: PIE 세션: ThirdPersonExampleMap (2022. 2. 24. 오전 7:11:12)
[2022.02.23-13.11.12:370][264]LogOnline: OSS: Creating online subsystem instance for: NULL
[2022.02.23-13.11.12:371][264]LogOnline: OSS: TryLoadSubsystemAndSetDefault: Loaded subsystem for module [NULL]
[2022.02.23-13.11.12:371][264]LogPlayLevel: Creating play world package: /Game/ThirdPersonCPP/Maps/UEDPIE_0_ThirdPersonExampleMap
[2022.02.23-13.11.12:379][264]LogPlayLevel: PIE: StaticDuplicateObject took: (0.008491s)
[2022.02.23-13.11.12:380][264]LogAIModule: Creating AISystem for world ThirdPersonExampleMap
[2022.02.23-13.11.12:380][264]LogPlayLevel: PIE: World Init took: (0.000917s)
[2022.02.23-13.11.12:380][264]LogPlayLevel: PIE: Created PIE world by copying editor world from /Game/ThirdPersonCPP/Maps/ThirdPersonExampleMap.ThirdPersonExampleMap to /Game/ThirdPersonCPP/Maps/UEDPIE_0_ThirdPersonExampleMap.ThirdPersonExampleMap (0.009514s)
[2022.02.23-13.11.12:400][264]LogUObjectHash: Compacting FUObjectHashTables data took   0.55ms
[2022.02.23-13.11.12:402][264]LogAudio: Display: Creating Audio Device:                 Id: 2, Scope: Unique, Realtime: True
[2022.02.23-13.11.12:402][264]LogAudioMixer: Display: Audio Mixer Platform Settings:
[2022.02.23-13.11.12:402][264]LogAudioMixer: Display: 	Sample Rate:						  48000
[2022.02.23-13.11.12:402][264]LogAudioMixer: Display: 	Callback Buffer Frame Size Requested: 1024
[2022.02.23-13.11.12:402][264]LogAudioMixer: Display: 	Callback Buffer Frame Size To Use:	  1024
[2022.02.23-13.11.12:402][264]LogAudioMixer: Display: 	Number of buffers to queue:			  2
[2022.02.23-13.11.12:402][264]LogAudioMixer: Display: 	Max Channels (voices):				  32
[2022.02.23-13.11.12:402][264]LogAudioMixer: Display: 	Number of Async Source Workers:		  0
[2022.02.23-13.11.12:402][264]LogAudio: Display: AudioDevice MaxSources: 32
[2022.02.23-13.11.12:402][264]LogAudio: Display: Audio Spatialization Plugin: None (built-in).
[2022.02.23-13.11.12:402][264]LogAudio: Display: Audio Reverb Plugin: None (built-in).
[2022.02.23-13.11.12:402][264]LogAudio: Display: Audio Occlusion Plugin: None (built-in).
[2022.02.23-13.11.12:402][264]LogAudioMixer: Display: Initializing audio mixer.
[2022.02.23-13.11.12:406][264]LogAudioMixer: Display: 0: FrontLeft
[2022.02.23-13.11.12:406][264]LogAudioMixer: Display: 1: FrontRight
[2022.02.23-13.11.12:414][264]LogAudioMixer: Display: Using Audio Device 스피커(2- USBZH5XK)
[2022.02.23-13.11.12:414][264]LogAudioMixer: Display: Initializing Sound Submixes...
[2022.02.23-13.11.12:414][264]LogAudioMixer: Display: Creating Master Submix 'MasterSubmixDefault'
[2022.02.23-13.11.12:414][264]LogAudioMixer: Display: Creating Master Submix 'MasterReverbSubmixDefault'
[2022.02.23-13.11.12:414][264]LogAudioMixer: Display: Creating Master Submix 'MasterEQSubmixDefault'
[2022.02.23-13.11.12:414][264]LogAudioMixer: FMixerPlatformXAudio2::StartAudioStream() called
[2022.02.23-13.11.12:414][264]LogAudioMixer: Display: Output buffers initialized: Frames=1024, Channels=2, Samples=2048
[2022.02.23-13.11.12:415][264]LogAudioMixer: Display: Starting AudioMixerPlatformInterface::RunInternal()
[2022.02.23-13.11.12:415][264]LogAudioMixer: Display: FMixerPlatformXAudio2::SubmitBuffer() called for the first time
[2022.02.23-13.11.12:415][264]LogInit: FAudioDevice initialized.
[2022.02.23-13.11.12:415][264]LogAudio: Display: Audio Device (ID: 2) registered with world 'ThirdPersonExampleMap'.
[2022.02.23-13.11.12:424][264]LogLoad: Game class is 'StarryTailGameMode'
[2022.02.23-13.11.12:426][264]LogWorld: Bringing World /Game/ThirdPersonCPP/Maps/UEDPIE_0_ThirdPersonExampleMap.ThirdPersonExampleMap up for play (max tick rate 0) at 2022.02.23-22.11.12
[2022.02.23-13.11.12:426][264]LogWorld: Bringing up level for play took: 0.001301
[2022.02.23-13.11.12:426][264]LogOnline: OSS: Creating online subsystem instance for: :Context_2
[2022.02.23-13.11.12:448][264]LogNativeClassHierarchy: Verbose: Native class hierarchy updated for 'MovieSceneCapture' in 0.0003 seconds. Added 20 classes and 0 folders.
[2022.02.23-13.11.13:926][264]LogWindows: Error: === Critical error: ===
[2022.02.23-13.11.13:926][264]LogWindows: Error: 
[2022.02.23-13.11.13:926][264]LogWindows: Error: Fatal error!
[2022.02.23-13.11.13:926][264]LogWindows: Error: 
[2022.02.23-13.11.13:926][264]LogWindows: Error: Unhandled Exception: EXCEPTION_ACCESS_VIOLATION reading address 0x0000000000000000
[2022.02.23-13.11.13:926][264]LogWindows: Error: 
[2022.02.23-13.11.13:926][264]LogWindows: Error: [Callstack] 0x00007ffc53fb4056 UE4Editor-StarryTail-0021.dll!AIreneCharacter::BeginPlay() [C:\UnrealProjects\STARRY-TAIL\StarryTail\Source\StarryTail\IreneCharacter.cpp:58]
[2022.02.23-13.11.13:926][264]LogWindows: Error: [Callstack] 0x00007ffc7f200c1f UE4Editor-Engine.dll!UnknownFunction []
[2022.02.23-13.11.13:926][264]LogWindows: Error: [Callstack] 0x00007ffc8060ba95 UE4Editor-Engine.dll!UnknownFunction []
[2022.02.23-13.11.13:926][264]LogWindows: Error: [Callstack] 0x00007ffc7f94ca31 UE4Editor-Engine.dll!UnknownFunction []
[2022.02.23-13.11.13:926][264]LogWindows: Error: [Callstack] 0x00007ffc805afb3e UE4Editor-Engine.dll!UnknownFunction []
[2022.02.23-13.11.13:926][264]LogWindows: Error: [Callstack] 0x00007ffc7f96eb09 UE4Editor-Engine.dll!UnknownFunction []
[2022.02.23-13.11.13:926][264]LogWindows: Error: [Callstack] 0x00007ffc84902c45 UE4Editor-UnrealEd.dll!UnknownFunction []
[2022.02.23-13.11.13:926][264]LogWindows: Error: [Callstack] 0x00007ffc8492622f UE4Editor-UnrealEd.dll!UnknownFunction []
[2022.02.23-13.11.13:926][264]LogWindows: Error: [Callstack] 0x00007ffc8490397d UE4Editor-UnrealEd.dll!UnknownFunction []
[2022.02.23-13.11.13:926][264]LogWindows: Error: [Callstack] 0x00007ffc84943772 UE4Editor-UnrealEd.dll!UnknownFunction []
[2022.02.23-13.11.13:926][264]LogWindows: Error: [Callstack] 0x00007ffc84946d31 UE4Editor-UnrealEd.dll!UnknownFunction []
[2022.02.23-13.11.13:926][264]LogWindows: Error: [Callstack] 0x00007ffc849465f8 UE4Editor-UnrealEd.dll!UnknownFunction []
[2022.02.23-13.11.13:926][264]LogWindows: Error: [Callstack] 0x00007ffc843a0c8c UE4Editor-UnrealEd.dll!UnknownFunction []
[2022.02.23-13.11.13:926][264]LogWindows: Error: [Callstack] 0x00007ffc84ca2ba6 UE4Editor-UnrealEd.dll!UnknownFunction []
[2022.02.23-13.11.13:926][264]LogWindows: Error: [Callstack] 0x00007ff7769787a0 UE4Editor.exe!UnknownFunction []
[2022.02.23-13.11.13:926][264]LogWindows: Error: [Callstack] 0x00007ff776990fcc UE4Editor.exe!UnknownFunction []
[2022.02.23-13.11.13:926][264]LogWindows: Error: [Callstack] 0x00007ff7769910ba UE4Editor.exe!UnknownFunction []
[2022.02.23-13.11.13:926][264]LogWindows: Error: [Callstack] 0x00007ff7769940dd UE4Editor.exe!UnknownFunction []
[2022.02.23-13.11.13:926][264]LogWindows: Error: [Callstack] 0x00007ff7769a5984 UE4Editor.exe!UnknownFunction []
[2022.02.23-13.11.13:926][264]LogWindows: Error: [Callstack] 0x00007ff7769a853a UE4Editor.exe!UnknownFunction []
[2022.02.23-13.11.13:926][264]LogWindows: Error: [Callstack] 0x00007ffce3c77034 KERNEL32.DLL!UnknownFunction []
[2022.02.23-13.11.13:926][264]LogWindows: Error: [Callstack] 0x00007ffce4502651 ntdll.dll!UnknownFunction []
[2022.02.23-13.11.13:926][264]LogWindows: Error: 
[2022.02.23-13.11.13:938][264]LogExit: Executing StaticShutdownAfterError
[2022.02.23-13.11.13:940][264]LogWindows: FPlatformMisc::RequestExit(1)
[2022.02.23-13.11.13:940][264]LogWindows: FPlatformMisc::RequestExitWithStatus(1, 3)
[2022.02.23-13.11.13:940][264]LogCore: Engine exit requested (reason: Win RequestExit)
[2022.02.23-13.11.13:947][264]Log file closed, 02/23/22 22:11:13
