Log file open, 03/02/22 16:18:10
LogWindows: Failed to load 'aqProf.dll' (GetLastError=126)
LogWindows: File 'aqProf.dll' does not exist
LogWindows: Failed to load 'VtuneApi.dll' (GetLastError=126)
LogWindows: File 'VtuneApi.dll' does not exist
LogWindows: Failed to load 'VtuneApi32e.dll' (GetLastError=126)
LogWindows: File 'VtuneApi32e.dll' does not exist
LogConsoleResponse: Display: Failed to find resolution value strings in scalability ini. Falling back to default.
LogConsoleResponse: Display: Failed to find resolution value strings in scalability ini. Falling back to default.
LogInit: Display: Running engine for game: StarryTail
LogPlatformFile: Not using cached read wrapper
LogTaskGraph: Started task graph with 5 named threads and 71 total threads with 3 sets of task threads.
LogStats: Stats thread started at 0.183595
LogICUInternationalization: ICU TimeZone Detection - Raw Offset: +9:00, Platform Override: ''
LogInit: Display: Loading text-based GConfig....
LogPluginManager: Mounting plugin MeshPainting
LogPluginManager: Mounting plugin XGEController
LogPluginManager: Mounting plugin Paper2D
LogPluginManager: Mounting plugin LiveLink
LogPluginManager: Mounting plugin AISupport
LogPluginManager: Mounting plugin LightPropagationVolume
LogPluginManager: Mounting plugin CameraShakePreviewer
LogPluginManager: Mounting plugin EnvironmentQueryEditor
LogPluginManager: Mounting plugin GameplayCameras
LogPluginManager: Mounting plugin AssetManagerEditor
LogPluginManager: Mounting plugin DataValidation
LogPluginManager: Mounting plugin CryptoKeys
LogPluginManager: Mounting plugin CurveEditorTools
LogPluginManager: Mounting plugin FacialAnimation
LogPluginManager: Mounting plugin GeometryMode
LogPluginManager: Mounting plugin MacGraphicsSwitching
LogPluginManager: Mounting plugin MobileLauncherProfileWizard
LogPluginManager: Mounting plugin GameplayTagsEditor
LogPluginManager: Mounting plugin MaterialAnalyzer
LogPluginManager: Mounting plugin PluginBrowser
LogPluginManager: Mounting plugin SpeedTreeImporter
LogPluginManager: Mounting plugin CLionSourceCodeAccess
LogPluginManager: Mounting plugin AnimationSharing
LogPluginManager: Mounting plugin CodeLiteSourceCodeAccess
LogPluginManager: Mounting plugin KDevelopSourceCodeAccess
LogPluginManager: Mounting plugin GitSourceControl
LogPluginManager: Mounting plugin PerforceSourceControl
LogPluginManager: Mounting plugin PixWinPlugin
LogPluginManager: Mounting plugin PlasticSourceControl
LogPluginManager: Mounting plugin NullSourceCodeAccess
LogPluginManager: Mounting plugin OodleNetwork
LogPluginManager: Mounting plugin PropertyAccessNode
LogPluginManager: Mounting plugin XCodeSourceCodeAccess
LogPluginManager: Mounting plugin VisualStudioCodeSourceCodeAccess
LogPluginManager: Mounting plugin AutomationUtils
LogPluginManager: Mounting plugin VisualStudioSourceCodeAccess
LogPluginManager: Mounting plugin OodleData
LogPluginManager: Mounting plugin SubversionSourceControl
LogPluginManager: Mounting plugin DatasmithContent
LogPluginManager: Mounting plugin BackChannel
LogPluginManager: Mounting plugin UObjectPlugin
LogPluginManager: Mounting plugin ChaosCloth
LogPluginManager: Mounting plugin PluginUtils
LogPluginManager: Mounting plugin AlembicImporter
LogPluginManager: Mounting plugin ChaosNiagara
LogPluginManager: Mounting plugin ChaosSolverPlugin
LogPluginManager: Mounting plugin ChaosClothEditor
LogPluginManager: Mounting plugin ChaosEditor
LogPluginManager: Mounting plugin TextureFormatOodle
LogPluginManager: Mounting plugin Niagara
LogPluginManager: Mounting plugin RiderSourceCodeAccess
LogPluginManager: Mounting plugin VariantManagerContent
LogPluginManager: Mounting plugin CharacterAI
LogPluginManager: Mounting plugin GeometryCollectionPlugin
LogPluginManager: Mounting plugin GeometryCache
LogPluginManager: Mounting plugin GeometryProcessing
LogPluginManager: Mounting plugin MotoSynth
LogPluginManager: Mounting plugin OpenImageDenoise
LogPluginManager: Mounting plugin PlanarCut
LogPluginManager: Mounting plugin PlatformCrypto
LogPluginManager: Mounting plugin ProxyLODPlugin
LogPluginManager: Mounting plugin PythonScriptPlugin
LogPluginManager: Mounting plugin SkeletalReduction
LogPluginManager: Mounting plugin LuminPlatformFeatures
LogPluginManager: Mounting plugin MagicLeap
LogPluginManager: Mounting plugin MagicLeapLightEstimation
LogPluginManager: Mounting plugin MagicLeapMedia
LogPluginManager: Mounting plugin MagicLeapPassableWorld
LogPluginManager: Mounting plugin MLSDK
LogPluginManager: Mounting plugin AndroidMedia
LogPluginManager: Mounting plugin AvfMedia
LogPluginManager: Mounting plugin MediaCompositing
LogPluginManager: Mounting plugin ImgMedia
LogPluginManager: Mounting plugin MediaPlayerEditor
LogPluginManager: Mounting plugin WebMMedia
LogPluginManager: Mounting plugin WmfMedia
LogPluginManager: Mounting plugin TcpMessaging
LogPluginManager: Mounting plugin UdpMessaging
LogPluginManager: Mounting plugin ActorSequence
LogPluginManager: Mounting plugin LevelSequenceEditor
LogPluginManager: Mounting plugin MatineeToLevelSequence
LogPluginManager: Mounting plugin TemplateSequence
LogPluginManager: Mounting plugin LauncherChunkInstaller
LogPluginManager: Mounting plugin OnlineSubsystem
LogPluginManager: Mounting plugin OnlineSubsystemNull
LogPluginManager: Mounting plugin OnlineSubsystemUtils
LogPluginManager: Mounting plugin ActorLayerUtilities
LogPluginManager: Mounting plugin AndroidMoviePlayer
LogPluginManager: Mounting plugin AndroidDeviceProfileSelector
LogPluginManager: Mounting plugin AndroidPermission
LogPluginManager: Mounting plugin AppleImageUtils
LogPluginManager: Mounting plugin AppleMoviePlayer
LogPluginManager: Mounting plugin ArchVisCharacter
LogPluginManager: Mounting plugin AssetTags
LogPluginManager: Mounting plugin AudioCapture
LogPluginManager: Mounting plugin AudioSynesthesia
LogPluginManager: Mounting plugin CableComponent
LogPluginManager: Mounting plugin ChunkDownloader
LogPluginManager: Mounting plugin CustomMeshComponent
LogPluginManager: Mounting plugin EditableMesh
LogPluginManager: Mounting plugin ExampleDeviceProfileSelector
LogPluginManager: Mounting plugin GoogleCloudMessaging
LogPluginManager: Mounting plugin GooglePAD
LogPluginManager: Mounting plugin IOSDeviceProfileSelector
LogPluginManager: Mounting plugin LinuxDeviceProfileSelector
LogPluginManager: Mounting plugin LocationServicesBPLibrary
LogPluginManager: Mounting plugin MobilePatchingUtils
LogPluginManager: Mounting plugin OpenXR
LogPluginManager: Mounting plugin OpenXRHandTracking
LogPluginManager: Mounting plugin OpenXREyeTracker
LogPluginManager: Mounting plugin PhysXVehicles
LogPluginManager: Mounting plugin PropertyAccessEditor
LogPluginManager: Mounting plugin ProceduralMeshComponent
LogPluginManager: Mounting plugin PostSplashScreen
LogPluginManager: Mounting plugin ScreenshotTools
LogPluginManager: Mounting plugin RuntimePhysXCooking
LogPluginManager: Mounting plugin SignificanceManager
LogPluginManager: Mounting plugin SoundFields
LogPluginManager: Mounting plugin Synthesis
LogPluginManager: Mounting plugin WebMMoviePlayer
LogPluginManager: Mounting plugin WindowsMoviePlayer
LogPluginManager: Mounting plugin Takes
LogPluginManager: Mounting plugin ContentBrowserAssetDataSource
LogPluginManager: Mounting plugin ContentBrowserClassDataSource
LogPluginManager: Mounting plugin ContentBrowserFileDataSource
LogPluginManager: Mounting plugin OnlineSubsystemGooglePlay
LogPluginManager: Mounting plugin OnlineSubsystemIOS
LogPluginManager: Mounting plugin OculusVR
LogPluginManager: Mounting plugin SteamVR
PixWinPlugin: PIX capture plugin failed to initialize! Check that the process is launched from PIX.
LogInit: Using libcurl 7.55.1-DEV
LogInit:  - built for x86_64-pc-win32
LogInit:  - supports SSL with OpenSSL/1.1.1
LogInit:  - supports HTTP deflate (compression) using libz 1.2.8
LogInit:  - other features:
LogInit:      CURL_VERSION_SSL
LogInit:      CURL_VERSION_LIBZ
LogInit:      CURL_VERSION_IPV6
LogInit:      CURL_VERSION_ASYNCHDNS
LogInit:      CURL_VERSION_LARGEFILE
LogInit:      CURL_VERSION_IDN
LogInit:  CurlRequestOptions (configurable via config and command line):
LogInit:  - bVerifyPeer = true  - Libcurl will verify peer certificate
LogInit:  - bUseHttpProxy = false  - Libcurl will NOT use HTTP proxy
LogInit:  - bDontReuseConnections = false  - Libcurl will reuse connections
LogInit:  - MaxHostConnections = 16  - Libcurl will limit the number of connections to a host
LogInit:  - LocalHostAddr = Default
LogInit:  - BufferSize = 65536
LogOnline: OSS: Creating online subsystem instance for: NULL
LogInit: WinSock: version 1.1 (2.2), MaxSocks=32767, MaxUdp=65467
LogOnline: OSS: TryLoadSubsystemAndSetDefault: Loaded subsystem for module [NULL]
LogOculusPluginWrapper: OculusPlugin initialized successfully
LogHMD: Failed initializing OVRPlugin 1.59.0
LogInit: Build: ++UE4+Release-4.27-CL-18319896
LogInit: Engine Version: 4.27.2-18319896+++UE4+Release-4.27
LogInit: Compatible Engine Version: 4.27.0-17155196+++UE4+Release-4.27
LogInit: Net CL: 17155196
LogInit: OS: Windows 10 (Release 2009) (), CPU: AMD Ryzen 9 5900X 12-Core Processor            , GPU: NVIDIA GeForce RTX 3080 Ti
LogInit: Compiled (64-bit): Nov 30 2021 07:12:08
LogInit: Compiled with Visual C++: 19.24.28315.00
LogInit: Build Configuration: Development
LogInit: Branch Name: ++UE4+Release-4.27
LogInit: Command Line:  /Game/ThirdPersonCPP/Maps/ThirdPersonExampleMap -game -PIEVIACONSOLE -Multiprocess GameUserSettingsINI=C:/UnrealProjects/STARRY-TAIL/StarryTail/Saved/Config/Windows/PIEGameUserSettings0.ini -MultiprocessSaveConfig -forcepassthrough -messaging -SessionName="Play in Standalone Game" -windowed -ResX=1280 -ResY=720
LogInit: Base Directory: D:/EpicGames/UE_4.27/Engine/Binaries/Win64/
LogInit: Allocator: TBB
LogInit: Installed Engine Build: 1
LogDevObjectVersion: Number of dev versions registered: 29
LogDevObjectVersion:   Dev-Blueprints (B0D832E4-1F89-4F0D-ACCF-7EB736FD4AA2): 10
LogDevObjectVersion:   Dev-Build (E1C64328-A22C-4D53-A36C-8E866417BD8C): 0
LogDevObjectVersion:   Dev-Core (375EC13C-06E4-48FB-B500-84F0262A717E): 4
LogDevObjectVersion:   Dev-Editor (E4B068ED-F494-42E9-A231-DA0B2E46BB41): 40
LogDevObjectVersion:   Dev-Framework (CFFC743F-43B0-4480-9391-14DF171D2073): 37
LogDevObjectVersion:   Dev-Mobile (B02B49B5-BB20-44E9-A304-32B752E40360): 3
LogDevObjectVersion:   Dev-Networking (A4E4105C-59A1-49B5-A7C5-40C4547EDFEE): 0
LogDevObjectVersion:   Dev-Online (39C831C9-5AE6-47DC-9A44-9C173E1C8E7C): 0
LogDevObjectVersion:   Dev-Physics (78F01B33-EBEA-4F98-B9B4-84EACCB95AA2): 14
LogDevObjectVersion:   Dev-Platform (6631380F-2D4D-43E0-8009-CF276956A95A): 0
LogDevObjectVersion:   Dev-Rendering (12F88B9F-8875-4AFC-A67C-D90C383ABD29): 45
LogDevObjectVersion:   Dev-Sequencer (7B5AE74C-D270-4C10-A958-57980B212A5A): 13
LogDevObjectVersion:   Dev-VR (D7296918-1DD6-4BDD-9DE2-64A83CC13884): 3
LogDevObjectVersion:   Dev-LoadTimes (C2A15278-BFE7-4AFE-6C17-90FF531DF755): 1
LogDevObjectVersion:   Private-Geometry (6EACA3D4-40EC-4CC1-B786-8BED09428FC5): 3
LogDevObjectVersion:   Dev-AnimPhys (29E575DD-E0A3-4627-9D10-D276232CDCEA): 17
LogDevObjectVersion:   Dev-Anim (AF43A65D-7FD3-4947-9873-3E8ED9C1BB05): 15
LogDevObjectVersion:   Dev-ReflectionCapture (6B266CEC-1EC7-4B8F-A30B-E4D90942FC07): 1
LogDevObjectVersion:   Dev-Automation (0DF73D61-A23F-47EA-B727-89E90C41499A): 1
LogDevObjectVersion:   FortniteMain (601D1886-AC64-4F84-AA16-D3DE0DEAC7D6): 47
LogDevObjectVersion:   FortniteRelease (E7086368-6B23-4C58-8439-1B7016265E91): 1
LogDevObjectVersion:   Dev-Enterprise (9DFFBCD6-494F-0158-E221-12823C92A888): 10
LogDevObjectVersion:   Dev-Niagara (F2AED0AC-9AFE-416F-8664-AA7FFA26D6FC): 1
LogDevObjectVersion:   Dev-Destruction (174F1F0B-B4C6-45A5-B13F-2EE8D0FB917D): 10
LogDevObjectVersion:   Dev-Physics-Ext (35F94A83-E258-406C-A318-09F59610247C): 41
LogDevObjectVersion:   Dev-PhysicsMaterial-Chaos (B68FC16E-8B1B-42E2-B453-215C058844FE): 1
LogDevObjectVersion:   Dev-CineCamera (B2E18506-4273-CFC2-A54E-F4BB758BBA07): 1
LogDevObjectVersion:   Dev-VirtualProduction (64F58936-FD1B-42BA-BA96-7289D5D0FA4E): 1
LogDevObjectVersion:   Dev-MediaFramework (6F0ED827-A609-4895-9C91-998D90180EA4): 2
LogInit: Presizing for max 25165824 objects, including 0 objects not considered by GC, pre-allocating 0 bytes for permanent pool.
LogConfig: Applying CVar settings from Section [/Script/Engine.StreamingSettings] File [C:/UnrealProjects/STARRY-TAIL/StarryTail/Saved/Config/Windows/Engine.ini]
LogConfig: Setting CVar [[s.MinBulkDataSizeForAsyncLoading:131072]]
LogConfig: Setting CVar [[s.AsyncLoadingThreadEnabled:0]]
LogConfig: Setting CVar [[s.EventDrivenLoaderEnabled:1]]
LogConfig: Setting CVar [[s.WarnIfTimeLimitExceeded:0]]
LogConfig: Setting CVar [[s.TimeLimitExceededMultiplier:1.5]]
LogConfig: Setting CVar [[s.TimeLimitExceededMinTime:0.005]]
LogConfig: Setting CVar [[s.UseBackgroundLevelStreaming:1]]
LogConfig: Setting CVar [[s.PriorityAsyncLoadingExtraTime:15.0]]
LogConfig: Setting CVar [[s.LevelStreamingActorsUpdateTimeLimit:5.0]]
LogConfig: Setting CVar [[s.PriorityLevelStreamingActorsUpdateExtraTime:5.0]]
LogConfig: Setting CVar [[s.LevelStreamingComponentsRegistrationGranularity:10]]
LogConfig: Setting CVar [[s.UnregisterComponentsTimeLimit:1.0]]
LogConfig: Setting CVar [[s.LevelStreamingComponentsUnregistrationGranularity:5]]
LogConfig: Setting CVar [[s.FlushStreamingOnExit:1]]
LogInit: Object subsystem initialized
LogConfig: Setting CVar [[con.DebugEarlyDefault:1]]
LogConfig: Setting CVar [[r.setres:1280x720]]
[2022.03.02-07.18.11:163][  0]LogConfig: Setting CVar [[con.DebugEarlyDefault:1]]
[2022.03.02-07.18.11:164][  0]LogConfig: Setting CVar [[r.setres:1280x720]]
[2022.03.02-07.18.11:164][  0]LogConfig: Applying CVar settings from Section [/Script/Engine.RendererSettings] File [C:/UnrealProjects/STARRY-TAIL/StarryTail/Saved/Config/Windows/Engine.ini]
[2022.03.02-07.18.11:164][  0]LogConfig: Setting CVar [[r.GPUCrashDebugging:0]]
[2022.03.02-07.18.11:164][  0]LogConfig: Applying CVar settings from Section [/Script/Engine.RendererOverrideSettings] File [C:/UnrealProjects/STARRY-TAIL/StarryTail/Saved/Config/Windows/Engine.ini]
[2022.03.02-07.18.11:164][  0]LogConfig: Applying CVar settings from Section [/Script/Engine.StreamingSettings] File [C:/UnrealProjects/STARRY-TAIL/StarryTail/Saved/Config/Windows/Engine.ini]
[2022.03.02-07.18.11:164][  0]LogConfig: Setting CVar [[s.MinBulkDataSizeForAsyncLoading:131072]]
[2022.03.02-07.18.11:164][  0]LogConfig: Setting CVar [[s.AsyncLoadingThreadEnabled:0]]
[2022.03.02-07.18.11:164][  0]LogConfig: Setting CVar [[s.EventDrivenLoaderEnabled:1]]
[2022.03.02-07.18.11:164][  0]LogConfig: Setting CVar [[s.WarnIfTimeLimitExceeded:0]]
[2022.03.02-07.18.11:164][  0]LogConfig: Setting CVar [[s.TimeLimitExceededMultiplier:1.5]]
[2022.03.02-07.18.11:164][  0]LogConfig: Setting CVar [[s.TimeLimitExceededMinTime:0.005]]
[2022.03.02-07.18.11:164][  0]LogConfig: Setting CVar [[s.UseBackgroundLevelStreaming:1]]
[2022.03.02-07.18.11:164][  0]LogConfig: Setting CVar [[s.PriorityAsyncLoadingExtraTime:15.0]]
[2022.03.02-07.18.11:164][  0]LogConfig: Setting CVar [[s.LevelStreamingActorsUpdateTimeLimit:5.0]]
[2022.03.02-07.18.11:164][  0]LogConfig: Setting CVar [[s.PriorityLevelStreamingActorsUpdateExtraTime:5.0]]
[2022.03.02-07.18.11:164][  0]LogConfig: Setting CVar [[s.LevelStreamingComponentsRegistrationGranularity:10]]
[2022.03.02-07.18.11:164][  0]LogConfig: Setting CVar [[s.UnregisterComponentsTimeLimit:1.0]]
[2022.03.02-07.18.11:164][  0]LogConfig: Setting CVar [[s.LevelStreamingComponentsUnregistrationGranularity:5]]
[2022.03.02-07.18.11:164][  0]LogConfig: Setting CVar [[s.FlushStreamingOnExit:1]]
[2022.03.02-07.18.11:164][  0]LogConfig: Applying CVar settings from Section [/Script/Engine.GarbageCollectionSettings] File [C:/UnrealProjects/STARRY-TAIL/StarryTail/Saved/Config/Windows/Engine.ini]
[2022.03.02-07.18.11:164][  0]LogConfig: Setting CVar [[gc.MaxObjectsNotConsideredByGC:1]]
[2022.03.02-07.18.11:164][  0]LogConfig: Setting CVar [[gc.SizeOfPermanentObjectPool:0]]
[2022.03.02-07.18.11:164][  0]LogConfig: Setting CVar [[gc.FlushStreamingOnGC:0]]
[2022.03.02-07.18.11:164][  0]LogConfig: Setting CVar [[gc.NumRetriesBeforeForcingGC:10]]
[2022.03.02-07.18.11:164][  0]LogConfig: Setting CVar [[gc.AllowParallelGC:1]]
[2022.03.02-07.18.11:164][  0]LogConfig: Setting CVar [[gc.TimeBetweenPurgingPendingKillObjects:61.1]]
[2022.03.02-07.18.11:164][  0]LogConfig: Setting CVar [[gc.MaxObjectsInEditor:25165824]]
[2022.03.02-07.18.11:164][  0]LogConfig: Setting CVar [[gc.IncrementalBeginDestroyEnabled:1]]
[2022.03.02-07.18.11:164][  0]LogConfig: Setting CVar [[gc.CreateGCClusters:1]]
[2022.03.02-07.18.11:164][  0]LogConfig: Setting CVar [[gc.MinGCClusterSize:5]]
[2022.03.02-07.18.11:164][  0]LogConfig: Setting CVar [[gc.ActorClusteringEnabled:0]]
[2022.03.02-07.18.11:164][  0]LogConfig: Setting CVar [[gc.BlueprintClusteringEnabled:0]]
[2022.03.02-07.18.11:164][  0]LogConfig: Setting CVar [[gc.UseDisregardForGCOnDedicatedServers:0]]
[2022.03.02-07.18.11:164][  0]LogConfig: Setting CVar [[gc.MultithreadedDestructionEnabled:1]]
[2022.03.02-07.18.11:164][  0]LogConfig: Applying CVar settings from Section [/Script/Engine.NetworkSettings] File [C:/UnrealProjects/STARRY-TAIL/StarryTail/Saved/Config/Windows/Engine.ini]
[2022.03.02-07.18.11:164][  0]LogConfig: Applying CVar settings from Section [/Script/UnrealEd.CookerSettings] File [C:/UnrealProjects/STARRY-TAIL/StarryTail/Saved/Config/Windows/Engine.ini]
[2022.03.02-07.18.11:243][  0]LogConfig: Applying CVar settings from Section [ViewDistanceQuality@3] File [C:/UnrealProjects/STARRY-TAIL/StarryTail/Saved/Config/Windows/Scalability.ini]
[2022.03.02-07.18.11:243][  0]LogConfig: Setting CVar [[r.SkeletalMeshLODBias:0]]
[2022.03.02-07.18.11:243][  0]LogConfig: Setting CVar [[r.ViewDistanceScale:1.0]]
[2022.03.02-07.18.11:243][  0]LogConfig: Applying CVar settings from Section [AntiAliasingQuality@3] File [C:/UnrealProjects/STARRY-TAIL/StarryTail/Saved/Config/Windows/Scalability.ini]
[2022.03.02-07.18.11:243][  0]LogConfig: Setting CVar [[r.PostProcessAAQuality:4]]
[2022.03.02-07.18.11:243][  0]LogConfig: Applying CVar settings from Section [ShadowQuality@3] File [C:/UnrealProjects/STARRY-TAIL/StarryTail/Saved/Config/Windows/Scalability.ini]
[2022.03.02-07.18.11:243][  0]LogConfig: Setting CVar [[r.LightFunctionQuality:1]]
[2022.03.02-07.18.11:243][  0]LogConfig: Setting CVar [[r.ShadowQuality:5]]
[2022.03.02-07.18.11:243][  0]LogConfig: Setting CVar [[r.Shadow.CSM.MaxCascades:10]]
[2022.03.02-07.18.11:243][  0]LogConfig: Setting CVar [[r.Shadow.MaxResolution:2048]]
[2022.03.02-07.18.11:243][  0]LogConfig: Setting CVar [[r.Shadow.MaxCSMResolution:2048]]
[2022.03.02-07.18.11:243][  0]LogConfig: Setting CVar [[r.Shadow.RadiusThreshold:0.01]]
[2022.03.02-07.18.11:243][  0]LogConfig: Setting CVar [[r.Shadow.DistanceScale:1.0]]
[2022.03.02-07.18.11:243][  0]LogConfig: Setting CVar [[r.Shadow.CSM.TransitionScale:1.0]]
[2022.03.02-07.18.11:243][  0]LogConfig: Setting CVar [[r.Shadow.PreShadowResolutionFactor:1.0]]
[2022.03.02-07.18.11:243][  0]LogConfig: Setting CVar [[r.DistanceFieldShadowing:1]]
[2022.03.02-07.18.11:243][  0]LogConfig: Setting CVar [[r.DistanceFieldAO:1]]
[2022.03.02-07.18.11:243][  0]LogConfig: Setting CVar [[r.AOQuality:2]]
[2022.03.02-07.18.11:243][  0]LogConfig: Setting CVar [[r.VolumetricFog:1]]
[2022.03.02-07.18.11:243][  0]LogConfig: Setting CVar [[r.VolumetricFog.GridPixelSize:8]]
[2022.03.02-07.18.11:243][  0]LogConfig: Setting CVar [[r.VolumetricFog.GridSizeZ:128]]
[2022.03.02-07.18.11:243][  0]LogConfig: Setting CVar [[r.VolumetricFog.HistoryMissSupersampleCount:4]]
[2022.03.02-07.18.11:243][  0]LogConfig: Setting CVar [[r.LightMaxDrawDistanceScale:1]]
[2022.03.02-07.18.11:243][  0]LogConfig: Setting CVar [[r.CapsuleShadows:1]]
[2022.03.02-07.18.11:243][  0]LogConfig: Applying CVar settings from Section [PostProcessQuality@3] File [C:/UnrealProjects/STARRY-TAIL/StarryTail/Saved/Config/Windows/Scalability.ini]
[2022.03.02-07.18.11:243][  0]LogConfig: Setting CVar [[r.MotionBlurQuality:4]]
[2022.03.02-07.18.11:243][  0]LogConfig: Setting CVar [[r.AmbientOcclusionMipLevelFactor:0.4]]
[2022.03.02-07.18.11:243][  0]LogConfig: Setting CVar [[r.AmbientOcclusionMaxQuality:100]]
[2022.03.02-07.18.11:243][  0]LogConfig: Setting CVar [[r.AmbientOcclusionLevels:-1]]
[2022.03.02-07.18.11:243][  0]LogConfig: Setting CVar [[r.AmbientOcclusionRadiusScale:1.0]]
[2022.03.02-07.18.11:243][  0]LogConfig: Setting CVar [[r.DepthOfFieldQuality:2]]
[2022.03.02-07.18.11:243][  0]LogConfig: Setting CVar [[r.RenderTargetPoolMin:400]]
[2022.03.02-07.18.11:243][  0]LogConfig: Setting CVar [[r.LensFlareQuality:2]]
[2022.03.02-07.18.11:243][  0]LogConfig: Setting CVar [[r.SceneColorFringeQuality:1]]
[2022.03.02-07.18.11:243][  0]LogConfig: Setting CVar [[r.EyeAdaptationQuality:2]]
[2022.03.02-07.18.11:243][  0]LogConfig: Setting CVar [[r.BloomQuality:5]]
[2022.03.02-07.18.11:243][  0]LogConfig: Setting CVar [[r.FastBlurThreshold:100]]
[2022.03.02-07.18.11:243][  0]LogConfig: Setting CVar [[r.Upscale.Quality:3]]
[2022.03.02-07.18.11:243][  0]LogConfig: Setting CVar [[r.Tonemapper.GrainQuantization:1]]
[2022.03.02-07.18.11:243][  0]LogConfig: Setting CVar [[r.LightShaftQuality:1]]
[2022.03.02-07.18.11:243][  0]LogConfig: Setting CVar [[r.Filter.SizeScale:1]]
[2022.03.02-07.18.11:243][  0]LogConfig: Setting CVar [[r.Tonemapper.Quality:5]]
[2022.03.02-07.18.11:243][  0]LogConfig: Setting CVar [[r.DOF.Gather.AccumulatorQuality:1        ; higher gathering accumulator quality]]
[2022.03.02-07.18.11:243][  0]LogConfig: Setting CVar [[r.DOF.Gather.PostfilterMethod:1          ; Median3x3 postfilering method]]
[2022.03.02-07.18.11:243][  0]LogConfig: Setting CVar [[r.DOF.Gather.EnableBokehSettings:0       ; no bokeh simulation when gathering]]
[2022.03.02-07.18.11:243][  0]LogConfig: Setting CVar [[r.DOF.Gather.RingCount:4                 ; medium number of samples when gathering]]
[2022.03.02-07.18.11:243][  0]LogConfig: Setting CVar [[r.DOF.Scatter.ForegroundCompositing:1    ; additive foreground scattering]]
[2022.03.02-07.18.11:243][  0]LogConfig: Setting CVar [[r.DOF.Scatter.BackgroundCompositing:2    ; additive background scattering]]
[2022.03.02-07.18.11:243][  0]LogConfig: Setting CVar [[r.DOF.Scatter.EnableBokehSettings:1      ; bokeh simulation when scattering]]
[2022.03.02-07.18.11:243][  0]LogConfig: Setting CVar [[r.DOF.Scatter.MaxSpriteRatio:0.1         ; only a maximum of 10% of scattered bokeh]]
[2022.03.02-07.18.11:243][  0]LogConfig: Setting CVar [[r.DOF.Recombine.Quality:1                ; cheap slight out of focus]]
[2022.03.02-07.18.11:243][  0]LogConfig: Setting CVar [[r.DOF.Recombine.EnableBokehSettings:0    ; no bokeh simulation on slight out of focus]]
[2022.03.02-07.18.11:243][  0]LogConfig: Setting CVar [[r.DOF.TemporalAAQuality:1                ; more stable temporal accumulation]]
[2022.03.02-07.18.11:243][  0]LogConfig: Setting CVar [[r.DOF.Kernel.MaxForegroundRadius:0.025]]
[2022.03.02-07.18.11:243][  0]LogConfig: Setting CVar [[r.DOF.Kernel.MaxBackgroundRadius:0.025]]
[2022.03.02-07.18.11:243][  0]LogConfig: Applying CVar settings from Section [TextureQuality@3] File [C:/UnrealProjects/STARRY-TAIL/StarryTail/Saved/Config/Windows/Scalability.ini]
[2022.03.02-07.18.11:243][  0]LogConfig: Setting CVar [[r.Streaming.MipBias:0]]
[2022.03.02-07.18.11:243][  0]LogConfig: Setting CVar [[r.Streaming.AmortizeCPUToGPUCopy:0]]
[2022.03.02-07.18.11:243][  0]LogConfig: Setting CVar [[r.Streaming.MaxNumTexturesToStreamPerFrame:0]]
[2022.03.02-07.18.11:243][  0]LogConfig: Setting CVar [[r.Streaming.Boost:1]]
[2022.03.02-07.18.11:243][  0]LogConfig: Setting CVar [[r.MaxAnisotropy:8]]
[2022.03.02-07.18.11:243][  0]LogConfig: Setting CVar [[r.VT.MaxAnisotropy:8]]
[2022.03.02-07.18.11:243][  0]LogConfig: Setting CVar [[r.Streaming.LimitPoolSizeToVRAM:0]]
[2022.03.02-07.18.11:243][  0]LogConfig: Setting CVar [[r.Streaming.PoolSize:1000]]
[2022.03.02-07.18.11:243][  0]LogConfig: Setting CVar [[r.Streaming.MaxEffectiveScreenSize:0]]
[2022.03.02-07.18.11:243][  0]LogConfig: Applying CVar settings from Section [EffectsQuality@3] File [C:/UnrealProjects/STARRY-TAIL/StarryTail/Saved/Config/Windows/Scalability.ini]
[2022.03.02-07.18.11:243][  0]LogConfig: Setting CVar [[r.TranslucencyLightingVolumeDim:64]]
[2022.03.02-07.18.11:243][  0]LogConfig: Setting CVar [[r.RefractionQuality:2]]
[2022.03.02-07.18.11:243][  0]LogConfig: Setting CVar [[r.SSR.Quality:3]]
[2022.03.02-07.18.11:243][  0]LogConfig: Setting CVar [[r.SSR.HalfResSceneColor:0]]
[2022.03.02-07.18.11:243][  0]LogConfig: Setting CVar [[r.SceneColorFormat:4]]
[2022.03.02-07.18.11:243][  0]LogConfig: Setting CVar [[r.DetailMode:2]]
[2022.03.02-07.18.11:243][  0]LogConfig: Setting CVar [[r.TranslucencyVolumeBlur:1]]
[2022.03.02-07.18.11:243][  0]LogConfig: Setting CVar [[r.MaterialQualityLevel:1 ; High quality]]
[2022.03.02-07.18.11:243][  0]LogConfig: Setting CVar [[r.AnisotropicMaterials:1]]
[2022.03.02-07.18.11:243][  0]LogConfig: Setting CVar [[r.SSS.Scale:1]]
[2022.03.02-07.18.11:243][  0]LogConfig: Setting CVar [[r.SSS.SampleSet:2]]
[2022.03.02-07.18.11:243][  0]LogConfig: Setting CVar [[r.SSS.Quality:1]]
[2022.03.02-07.18.11:243][  0]LogConfig: Setting CVar [[r.SSS.HalfRes:0]]
[2022.03.02-07.18.11:243][  0]LogConfig: Setting CVar [[r.SSGI.Quality:3]]
[2022.03.02-07.18.11:243][  0]LogConfig: Setting CVar [[r.EmitterSpawnRateScale:1.0]]
[2022.03.02-07.18.11:243][  0]LogConfig: Setting CVar [[r.ParticleLightQuality:2]]
[2022.03.02-07.18.11:243][  0]LogConfig: Setting CVar [[r.SkyAtmosphere.AerialPerspectiveLUT.FastApplyOnOpaque:1 ; Always have FastSkyLUT 1 in this case to avoid wrong sky]]
[2022.03.02-07.18.11:243][  0]LogConfig: Setting CVar [[r.SkyAtmosphere.AerialPerspectiveLUT.SampleCountMaxPerSlice:4]]
[2022.03.02-07.18.11:243][  0]LogConfig: Setting CVar [[r.SkyAtmosphere.AerialPerspectiveLUT.DepthResolution:16.0]]
[2022.03.02-07.18.11:243][  0]LogConfig: Setting CVar [[r.SkyAtmosphere.FastSkyLUT:1]]
[2022.03.02-07.18.11:243][  0]LogConfig: Setting CVar [[r.SkyAtmosphere.FastSkyLUT.SampleCountMin:4.0]]
[2022.03.02-07.18.11:243][  0]LogConfig: Setting CVar [[r.SkyAtmosphere.FastSkyLUT.SampleCountMax:128.0]]
[2022.03.02-07.18.11:243][  0]LogConfig: Setting CVar [[r.SkyAtmosphere.SampleCountMin:4.0]]
[2022.03.02-07.18.11:243][  0]LogConfig: Setting CVar [[r.SkyAtmosphere.SampleCountMax:128.0]]
[2022.03.02-07.18.11:243][  0]LogConfig: Setting CVar [[r.SkyAtmosphere.TransmittanceLUT.UseSmallFormat:0]]
[2022.03.02-07.18.11:243][  0]LogConfig: Setting CVar [[r.SkyAtmosphere.TransmittanceLUT.SampleCount:10.0]]
[2022.03.02-07.18.11:243][  0]LogConfig: Setting CVar [[r.SkyAtmosphere.MultiScatteringLUT.SampleCount:15.0]]
[2022.03.02-07.18.11:243][  0]LogConfig: Setting CVar [[r.SkyLight.RealTimeReflectionCapture:1]]
[2022.03.02-07.18.11:243][  0]LogConfig: Applying CVar settings from Section [FoliageQuality@3] File [C:/UnrealProjects/STARRY-TAIL/StarryTail/Saved/Config/Windows/Scalability.ini]
[2022.03.02-07.18.11:243][  0]LogConfig: Setting CVar [[foliage.DensityScale:1.0]]
[2022.03.02-07.18.11:243][  0]LogConfig: Setting CVar [[grass.DensityScale:1.0]]
[2022.03.02-07.18.11:243][  0]LogConfig: Applying CVar settings from Section [ShadingQuality@3] File [C:/UnrealProjects/STARRY-TAIL/StarryTail/Saved/Config/Windows/Scalability.ini]
[2022.03.02-07.18.11:243][  0]LogConfig: Setting CVar [[r.HairStrands.SkyLighting.IntegrationType:2]]
[2022.03.02-07.18.11:243][  0]LogConfig: Setting CVar [[r.HairStrands.SkyAO.SampleCount:4]]
[2022.03.02-07.18.11:243][  0]LogConfig: Setting CVar [[r.HairStrands.Visibility.MSAA.SamplePerPixel:4]]
[2022.03.02-07.18.11:243][  0]LogInit: Selected Device Profile: [Windows]
[2022.03.02-07.18.11:243][  0]LogInit: Applying CVar settings loaded from the selected device profile: [Windows]
[2022.03.02-07.18.11:243][  0]LogHAL: Display: Platform has ~ 32 GB [34278604800 / 34359738368 / 32], which maps to Largest [LargestMinGB=32, LargerMinGB=12, DefaultMinGB=8, SmallerMinGB=6, SmallestMinGB=0)
[2022.03.02-07.18.11:244][  0]LogInit: Going up to parent DeviceProfile []
[2022.03.02-07.18.11:244][  0]LogConfig: Applying CVar settings from Section [ViewDistanceQuality@3] File [C:/UnrealProjects/STARRY-TAIL/StarryTail/Saved/Config/Windows/Scalability.ini]
[2022.03.02-07.18.11:244][  0]LogConfig: Setting CVar [[r.SkeletalMeshLODBias:0]]
[2022.03.02-07.18.11:244][  0]LogConfig: Setting CVar [[r.ViewDistanceScale:1.0]]
[2022.03.02-07.18.11:244][  0]LogConfig: Applying CVar settings from Section [AntiAliasingQuality@3] File [C:/UnrealProjects/STARRY-TAIL/StarryTail/Saved/Config/Windows/Scalability.ini]
[2022.03.02-07.18.11:244][  0]LogConfig: Setting CVar [[r.PostProcessAAQuality:4]]
[2022.03.02-07.18.11:244][  0]LogConfig: Applying CVar settings from Section [ShadowQuality@3] File [C:/UnrealProjects/STARRY-TAIL/StarryTail/Saved/Config/Windows/Scalability.ini]
[2022.03.02-07.18.11:244][  0]LogConfig: Setting CVar [[r.LightFunctionQuality:1]]
[2022.03.02-07.18.11:244][  0]LogConfig: Setting CVar [[r.ShadowQuality:5]]
[2022.03.02-07.18.11:244][  0]LogConfig: Setting CVar [[r.Shadow.CSM.MaxCascades:10]]
[2022.03.02-07.18.11:244][  0]LogConfig: Setting CVar [[r.Shadow.MaxResolution:2048]]
[2022.03.02-07.18.11:244][  0]LogConfig: Setting CVar [[r.Shadow.MaxCSMResolution:2048]]
[2022.03.02-07.18.11:244][  0]LogConfig: Setting CVar [[r.Shadow.RadiusThreshold:0.01]]
[2022.03.02-07.18.11:244][  0]LogConfig: Setting CVar [[r.Shadow.DistanceScale:1.0]]
[2022.03.02-07.18.11:244][  0]LogConfig: Setting CVar [[r.Shadow.CSM.TransitionScale:1.0]]
[2022.03.02-07.18.11:244][  0]LogConfig: Setting CVar [[r.Shadow.PreShadowResolutionFactor:1.0]]
[2022.03.02-07.18.11:244][  0]LogConfig: Setting CVar [[r.DistanceFieldShadowing:1]]
[2022.03.02-07.18.11:244][  0]LogConfig: Setting CVar [[r.DistanceFieldAO:1]]
[2022.03.02-07.18.11:244][  0]LogConfig: Setting CVar [[r.AOQuality:2]]
[2022.03.02-07.18.11:244][  0]LogConfig: Setting CVar [[r.VolumetricFog:1]]
[2022.03.02-07.18.11:244][  0]LogConfig: Setting CVar [[r.VolumetricFog.GridPixelSize:8]]
[2022.03.02-07.18.11:244][  0]LogConfig: Setting CVar [[r.VolumetricFog.GridSizeZ:128]]
[2022.03.02-07.18.11:244][  0]LogConfig: Setting CVar [[r.VolumetricFog.HistoryMissSupersampleCount:4]]
[2022.03.02-07.18.11:244][  0]LogConfig: Setting CVar [[r.LightMaxDrawDistanceScale:1]]
[2022.03.02-07.18.11:244][  0]LogConfig: Setting CVar [[r.CapsuleShadows:1]]
[2022.03.02-07.18.11:244][  0]LogConfig: Applying CVar settings from Section [PostProcessQuality@3] File [C:/UnrealProjects/STARRY-TAIL/StarryTail/Saved/Config/Windows/Scalability.ini]
[2022.03.02-07.18.11:244][  0]LogConfig: Setting CVar [[r.MotionBlurQuality:4]]
[2022.03.02-07.18.11:244][  0]LogConfig: Setting CVar [[r.AmbientOcclusionMipLevelFactor:0.4]]
[2022.03.02-07.18.11:244][  0]LogConfig: Setting CVar [[r.AmbientOcclusionMaxQuality:100]]
[2022.03.02-07.18.11:244][  0]LogConfig: Setting CVar [[r.AmbientOcclusionLevels:-1]]
[2022.03.02-07.18.11:244][  0]LogConfig: Setting CVar [[r.AmbientOcclusionRadiusScale:1.0]]
[2022.03.02-07.18.11:244][  0]LogConfig: Setting CVar [[r.DepthOfFieldQuality:2]]
[2022.03.02-07.18.11:244][  0]LogConfig: Setting CVar [[r.RenderTargetPoolMin:400]]
[2022.03.02-07.18.11:244][  0]LogConfig: Setting CVar [[r.LensFlareQuality:2]]
[2022.03.02-07.18.11:244][  0]LogConfig: Setting CVar [[r.SceneColorFringeQuality:1]]
[2022.03.02-07.18.11:244][  0]LogConfig: Setting CVar [[r.EyeAdaptationQuality:2]]
[2022.03.02-07.18.11:244][  0]LogConfig: Setting CVar [[r.BloomQuality:5]]
[2022.03.02-07.18.11:244][  0]LogConfig: Setting CVar [[r.FastBlurThreshold:100]]
[2022.03.02-07.18.11:244][  0]LogConfig: Setting CVar [[r.Upscale.Quality:3]]
[2022.03.02-07.18.11:244][  0]LogConfig: Setting CVar [[r.Tonemapper.GrainQuantization:1]]
[2022.03.02-07.18.11:244][  0]LogConfig: Setting CVar [[r.LightShaftQuality:1]]
[2022.03.02-07.18.11:244][  0]LogConfig: Setting CVar [[r.Filter.SizeScale:1]]
[2022.03.02-07.18.11:244][  0]LogConfig: Setting CVar [[r.Tonemapper.Quality:5]]
[2022.03.02-07.18.11:244][  0]LogConfig: Setting CVar [[r.DOF.Gather.AccumulatorQuality:1        ; higher gathering accumulator quality]]
[2022.03.02-07.18.11:244][  0]LogConfig: Setting CVar [[r.DOF.Gather.PostfilterMethod:1          ; Median3x3 postfilering method]]
[2022.03.02-07.18.11:244][  0]LogConfig: Setting CVar [[r.DOF.Gather.EnableBokehSettings:0       ; no bokeh simulation when gathering]]
[2022.03.02-07.18.11:244][  0]LogConfig: Setting CVar [[r.DOF.Gather.RingCount:4                 ; medium number of samples when gathering]]
[2022.03.02-07.18.11:244][  0]LogConfig: Setting CVar [[r.DOF.Scatter.ForegroundCompositing:1    ; additive foreground scattering]]
[2022.03.02-07.18.11:244][  0]LogConfig: Setting CVar [[r.DOF.Scatter.BackgroundCompositing:2    ; additive background scattering]]
[2022.03.02-07.18.11:244][  0]LogConfig: Setting CVar [[r.DOF.Scatter.EnableBokehSettings:1      ; bokeh simulation when scattering]]
[2022.03.02-07.18.11:244][  0]LogConfig: Setting CVar [[r.DOF.Scatter.MaxSpriteRatio:0.1         ; only a maximum of 10% of scattered bokeh]]
[2022.03.02-07.18.11:244][  0]LogConfig: Setting CVar [[r.DOF.Recombine.Quality:1                ; cheap slight out of focus]]
[2022.03.02-07.18.11:244][  0]LogConfig: Setting CVar [[r.DOF.Recombine.EnableBokehSettings:0    ; no bokeh simulation on slight out of focus]]
[2022.03.02-07.18.11:244][  0]LogConfig: Setting CVar [[r.DOF.TemporalAAQuality:1                ; more stable temporal accumulation]]
[2022.03.02-07.18.11:244][  0]LogConfig: Setting CVar [[r.DOF.Kernel.MaxForegroundRadius:0.025]]
[2022.03.02-07.18.11:244][  0]LogConfig: Setting CVar [[r.DOF.Kernel.MaxBackgroundRadius:0.025]]
[2022.03.02-07.18.11:244][  0]LogConfig: Applying CVar settings from Section [TextureQuality@3] File [C:/UnrealProjects/STARRY-TAIL/StarryTail/Saved/Config/Windows/Scalability.ini]
[2022.03.02-07.18.11:244][  0]LogConfig: Setting CVar [[r.Streaming.MipBias:0]]
[2022.03.02-07.18.11:244][  0]LogConfig: Setting CVar [[r.Streaming.AmortizeCPUToGPUCopy:0]]
[2022.03.02-07.18.11:244][  0]LogConfig: Setting CVar [[r.Streaming.MaxNumTexturesToStreamPerFrame:0]]
[2022.03.02-07.18.11:244][  0]LogConfig: Setting CVar [[r.Streaming.Boost:1]]
[2022.03.02-07.18.11:244][  0]LogConfig: Setting CVar [[r.MaxAnisotropy:8]]
[2022.03.02-07.18.11:244][  0]LogConfig: Setting CVar [[r.VT.MaxAnisotropy:8]]
[2022.03.02-07.18.11:244][  0]LogConfig: Setting CVar [[r.Streaming.LimitPoolSizeToVRAM:0]]
[2022.03.02-07.18.11:244][  0]LogConfig: Setting CVar [[r.Streaming.PoolSize:1000]]
[2022.03.02-07.18.11:244][  0]LogConfig: Setting CVar [[r.Streaming.MaxEffectiveScreenSize:0]]
[2022.03.02-07.18.11:244][  0]LogConfig: Applying CVar settings from Section [EffectsQuality@3] File [C:/UnrealProjects/STARRY-TAIL/StarryTail/Saved/Config/Windows/Scalability.ini]
[2022.03.02-07.18.11:244][  0]LogConfig: Setting CVar [[r.TranslucencyLightingVolumeDim:64]]
[2022.03.02-07.18.11:244][  0]LogConfig: Setting CVar [[r.RefractionQuality:2]]
[2022.03.02-07.18.11:244][  0]LogConfig: Setting CVar [[r.SSR.Quality:3]]
[2022.03.02-07.18.11:244][  0]LogConfig: Setting CVar [[r.SSR.HalfResSceneColor:0]]
[2022.03.02-07.18.11:244][  0]LogConfig: Setting CVar [[r.SceneColorFormat:4]]
[2022.03.02-07.18.11:244][  0]LogConfig: Setting CVar [[r.DetailMode:2]]
[2022.03.02-07.18.11:244][  0]LogConfig: Setting CVar [[r.TranslucencyVolumeBlur:1]]
[2022.03.02-07.18.11:244][  0]LogConfig: Setting CVar [[r.MaterialQualityLevel:1 ; High quality]]
[2022.03.02-07.18.11:244][  0]LogConfig: Setting CVar [[r.AnisotropicMaterials:1]]
[2022.03.02-07.18.11:244][  0]LogConfig: Setting CVar [[r.SSS.Scale:1]]
[2022.03.02-07.18.11:244][  0]LogConfig: Setting CVar [[r.SSS.SampleSet:2]]
[2022.03.02-07.18.11:244][  0]LogConfig: Setting CVar [[r.SSS.Quality:1]]
[2022.03.02-07.18.11:244][  0]LogConfig: Setting CVar [[r.SSS.HalfRes:0]]
[2022.03.02-07.18.11:244][  0]LogConfig: Setting CVar [[r.SSGI.Quality:3]]
[2022.03.02-07.18.11:244][  0]LogConfig: Setting CVar [[r.EmitterSpawnRateScale:1.0]]
[2022.03.02-07.18.11:244][  0]LogConfig: Setting CVar [[r.ParticleLightQuality:2]]
[2022.03.02-07.18.11:244][  0]LogConfig: Setting CVar [[r.SkyAtmosphere.AerialPerspectiveLUT.FastApplyOnOpaque:1 ; Always have FastSkyLUT 1 in this case to avoid wrong sky]]
[2022.03.02-07.18.11:244][  0]LogConfig: Setting CVar [[r.SkyAtmosphere.AerialPerspectiveLUT.SampleCountMaxPerSlice:4]]
[2022.03.02-07.18.11:244][  0]LogConfig: Setting CVar [[r.SkyAtmosphere.AerialPerspectiveLUT.DepthResolution:16.0]]
[2022.03.02-07.18.11:244][  0]LogConfig: Setting CVar [[r.SkyAtmosphere.FastSkyLUT:1]]
[2022.03.02-07.18.11:244][  0]LogConfig: Setting CVar [[r.SkyAtmosphere.FastSkyLUT.SampleCountMin:4.0]]
[2022.03.02-07.18.11:244][  0]LogConfig: Setting CVar [[r.SkyAtmosphere.FastSkyLUT.SampleCountMax:128.0]]
[2022.03.02-07.18.11:244][  0]LogConfig: Setting CVar [[r.SkyAtmosphere.SampleCountMin:4.0]]
[2022.03.02-07.18.11:244][  0]LogConfig: Setting CVar [[r.SkyAtmosphere.SampleCountMax:128.0]]
[2022.03.02-07.18.11:244][  0]LogConfig: Setting CVar [[r.SkyAtmosphere.TransmittanceLUT.UseSmallFormat:0]]
[2022.03.02-07.18.11:244][  0]LogConfig: Setting CVar [[r.SkyAtmosphere.TransmittanceLUT.SampleCount:10.0]]
[2022.03.02-07.18.11:244][  0]LogConfig: Setting CVar [[r.SkyAtmosphere.MultiScatteringLUT.SampleCount:15.0]]
[2022.03.02-07.18.11:244][  0]LogConfig: Setting CVar [[r.SkyLight.RealTimeReflectionCapture:1]]
[2022.03.02-07.18.11:244][  0]LogConfig: Applying CVar settings from Section [FoliageQuality@3] File [C:/UnrealProjects/STARRY-TAIL/StarryTail/Saved/Config/Windows/Scalability.ini]
[2022.03.02-07.18.11:244][  0]LogConfig: Setting CVar [[foliage.DensityScale:1.0]]
[2022.03.02-07.18.11:244][  0]LogConfig: Setting CVar [[grass.DensityScale:1.0]]
[2022.03.02-07.18.11:244][  0]LogConfig: Applying CVar settings from Section [ShadingQuality@3] File [C:/UnrealProjects/STARRY-TAIL/StarryTail/Saved/Config/Windows/Scalability.ini]
[2022.03.02-07.18.11:244][  0]LogConfig: Setting CVar [[r.HairStrands.SkyLighting.IntegrationType:2]]
[2022.03.02-07.18.11:244][  0]LogConfig: Setting CVar [[r.HairStrands.SkyAO.SampleCount:4]]
[2022.03.02-07.18.11:244][  0]LogConfig: Setting CVar [[r.HairStrands.Visibility.MSAA.SamplePerPixel:4]]
[2022.03.02-07.18.11:244][  0]LogConfig: Applying CVar settings from Section [Startup] File [../../../Engine/Config/ConsoleVariables.ini]
[2022.03.02-07.18.11:245][  0]LogConfig: Setting CVar [[net.UseAdaptiveNetUpdateFrequency:0]]
[2022.03.02-07.18.11:245][  0]LogConfig: Setting CVar [[p.chaos.AllowCreatePhysxBodies:1]]
[2022.03.02-07.18.11:245][  0]LogConfig: Setting CVar [[fx.SkipVectorVMBackendOptimizations:1]]
[2022.03.02-07.18.11:245][  0]LogConfig: Applying CVar settings from Section [ConsoleVariables] File [C:/UnrealProjects/STARRY-TAIL/StarryTail/Saved/Config/Windows/Engine.ini]
[2022.03.02-07.18.11:245][  0]LogConfig: Applying CVar settings from Section [ConsoleVariables] File [C:/UnrealProjects/STARRY-TAIL/StarryTail/Saved/Config/Windows/Editor.ini]
[2022.03.02-07.18.11:245][  0]LogInit: Computer: DESKTOP-RGJHDRQ
[2022.03.02-07.18.11:245][  0]LogInit: User: syhwms
[2022.03.02-07.18.11:245][  0]LogInit: CPU Page size=4096, Cores=12
[2022.03.02-07.18.11:245][  0]LogInit: High frequency timer resolution =10.000000 MHz
[2022.03.02-07.18.11:245][  0]LogMemory: Memory total: Physical=31.9GB (32GB approx)
[2022.03.02-07.18.11:245][  0]LogMemory: Platform Memory Stats for Windows
[2022.03.02-07.18.11:245][  0]LogMemory: Process Physical Memory: 151.38 MB used, 151.39 MB peak
[2022.03.02-07.18.11:245][  0]LogMemory: Process Virtual Memory: 128.17 MB used, 128.17 MB peak
[2022.03.02-07.18.11:245][  0]LogMemory: Physical Memory: 10662.82 MB used,  22027.80 MB free, 32690.62 MB total
[2022.03.02-07.18.11:245][  0]LogMemory: Virtual Memory: 134196504.00 MB used,  21221.05 MB free, 134217728.00 MB total
[2022.03.02-07.18.11:247][  0]LogWindows: WindowsPlatformFeatures enabled
[2022.03.02-07.18.11:278][  0]LogInit: Physics initialised using underlying interface: PhysX
[2022.03.02-07.18.11:279][  0]LogInit: Using OS detected language (ko-KR).
[2022.03.02-07.18.11:279][  0]LogInit: Using OS detected locale (ko-KR).
[2022.03.02-07.18.11:280][  0]LogTextLocalizationManager: No specific localization for 'ko-KR' exists, so the 'ko' localization will be used.
[2022.03.02-07.18.11:374][  0]LogWindowsTextInputMethodSystem: Display: IME system deactivated.
[2022.03.02-07.18.11:461][  0]LogSlate: New Slate User Created.  User Index 0, Is Virtual User: 0
[2022.03.02-07.18.11:461][  0]LogSlate: Slate User Registered.  User Index 0, Is Virtual User: 0
[2022.03.02-07.18.11:542][  0]LogD3D11RHI: Loaded GFSDK_Aftermath_Lib.x64.dll
[2022.03.02-07.18.11:545][  0]LogHMD: Failed to initialize OpenVR with code 110
[2022.03.02-07.18.11:545][  0]LogD3D11RHI: D3D11 min allowed feature level: 11_0
[2022.03.02-07.18.11:545][  0]LogD3D11RHI: D3D11 max allowed feature level: 11_0
[2022.03.02-07.18.11:545][  0]LogD3D11RHI: D3D11 adapters:
[2022.03.02-07.18.11:628][  0]LogD3D11RHI:    0. 'NVIDIA GeForce RTX 3080 Ti' (Feature Level 11_0)
[2022.03.02-07.18.11:628][  0]LogD3D11RHI:       12108/0/16345 MB DedicatedVideo/DedicatedSystem/SharedSystem, Outputs:2, VendorId:0x10de
[2022.03.02-07.18.11:630][  0]LogD3D11RHI:    1. 'Microsoft Basic Render Driver' (Feature Level 11_0)
[2022.03.02-07.18.11:630][  0]LogD3D11RHI:       0/0/16345 MB DedicatedVideo/DedicatedSystem/SharedSystem, Outputs:0, VendorId:0x1414
[2022.03.02-07.18.11:630][  0]LogD3D11RHI: Chosen D3D11 Adapter:
[2022.03.02-07.18.11:630][  0]LogD3D11RHI:     Description : NVIDIA GeForce RTX 3080 Ti
[2022.03.02-07.18.11:630][  0]LogD3D11RHI:     VendorId    : 10de
[2022.03.02-07.18.11:630][  0]LogD3D11RHI:     DeviceId    : 2208
[2022.03.02-07.18.11:630][  0]LogD3D11RHI:     SubSysId    : 140a7377
[2022.03.02-07.18.11:630][  0]LogD3D11RHI:     Revision    : 00a1
[2022.03.02-07.18.11:630][  0]LogD3D11RHI:     DedicatedVideoMemory : 12696158208 bytes
[2022.03.02-07.18.11:630][  0]LogD3D11RHI:     DedicatedSystemMemory : 0 bytes
[2022.03.02-07.18.11:630][  0]LogD3D11RHI:     SharedSystemMemory : 17139302400 bytes
[2022.03.02-07.18.11:630][  0]LogD3D11RHI:     AdapterLuid : 0 58417
[2022.03.02-07.18.11:636][  0]LogD3D11RHI: Creating new Direct3DDevice
[2022.03.02-07.18.11:636][  0]LogD3D11RHI:     GPU DeviceId: 0x2208 (for the marketing name, search the web for "GPU Device Id")
[2022.03.02-07.18.11:636][  0]LogWindows: EnumDisplayDevices:
[2022.03.02-07.18.11:636][  0]LogWindows:    0. 'NVIDIA GeForce RTX 3080 Ti' (P:1 D:1)
[2022.03.02-07.18.11:636][  0]LogWindows:    1. 'NVIDIA GeForce RTX 3080 Ti' (P:0 D:1)
[2022.03.02-07.18.11:636][  0]LogWindows:    2. 'NVIDIA GeForce RTX 3080 Ti' (P:0 D:0)
[2022.03.02-07.18.11:637][  0]LogWindows:    3. 'NVIDIA GeForce RTX 3080 Ti' (P:0 D:0)
[2022.03.02-07.18.11:637][  0]LogWindows: DebugString: FoundDriverCount:4 
[2022.03.02-07.18.11:637][  0]LogD3D11RHI:     Adapter Name: NVIDIA GeForce RTX 3080 Ti
[2022.03.02-07.18.11:637][  0]LogD3D11RHI:   Driver Version: 511.79 (internal:30.0.15.1179, unified:511.79)
[2022.03.02-07.18.11:637][  0]LogD3D11RHI:      Driver Date: 2-10-2022
[2022.03.02-07.18.11:637][  0]LogRHI: Texture pool is 8475 MB (70% of 12108 MB)
[2022.03.02-07.18.11:637][  0]LogD3D11RHI: Creating D3DDevice using adapter:
[2022.03.02-07.18.11:637][  0]LogD3D11RHI:     Description : NVIDIA GeForce RTX 3080 Ti
[2022.03.02-07.18.11:637][  0]LogD3D11RHI:     VendorId    : 10de
[2022.03.02-07.18.11:637][  0]LogD3D11RHI:     DeviceId    : 2208
[2022.03.02-07.18.11:637][  0]LogD3D11RHI:     SubSysId    : 140a7377
[2022.03.02-07.18.11:637][  0]LogD3D11RHI:     Revision    : 00a1
[2022.03.02-07.18.11:637][  0]LogD3D11RHI:     DedicatedVideoMemory : 12696158208 bytes
[2022.03.02-07.18.11:637][  0]LogD3D11RHI:     DedicatedSystemMemory : 0 bytes
[2022.03.02-07.18.11:637][  0]LogD3D11RHI:     SharedSystemMemory : 17139302400 bytes
[2022.03.02-07.18.11:637][  0]LogD3D11RHI:     AdapterLuid : 0 58417
[2022.03.02-07.18.11:689][  0]LogD3D11RHI: RHI has support for 64 bit atomics
[2022.03.02-07.18.11:689][  0]LogD3D11RHI: Async texture creation enabled
[2022.03.02-07.18.11:689][  0]LogD3D11RHI: Array index from any shader is supported
[2022.03.02-07.18.11:710][  0]LogD3D11RHI: GPU Timing Frequency: 1000.000000 (Debug: 2 1)
[2022.03.02-07.18.11:740][  0]LogRHI: GeForceNow SDK initialized: 1
[2022.03.02-07.18.11:974][  0]LogTargetPlatformManager: Display: Loaded TargetPlatform 'WindowsNoEditor'
[2022.03.02-07.18.11:977][  0]LogTargetPlatformManager: Display: Loaded TargetPlatform 'Windows'
[2022.03.02-07.18.11:981][  0]LogTargetPlatformManager: Display: Loaded TargetPlatform 'WindowsClient'
[2022.03.02-07.18.11:984][  0]LogTargetPlatformManager: Display: Loaded TargetPlatform 'WindowsServer'
[2022.03.02-07.18.11:985][  0]LogTargetPlatformManager: Display: Building Assets For Windows
[2022.03.02-07.18.11:991][  0]LogAudioDebug: Display: Lib vorbis DLL was dynamically loaded.
[2022.03.02-07.18.12:015][  0]LogTextureFormatOodle: Display: Oodle Texture 2.9.0 init RDO Off
[2022.03.02-07.18.12:041][  0]LogRendererCore: Ray tracing is disabled. Reason: r.RayTracing=0.
[2022.03.02-07.18.12:041][  0]LogShaderCompilers: Guid format shader working directory is 6 characters bigger than the processId version (C:/UnrealProjects/STARRY-TAIL/StarryTail/Intermediate/Shaders/WorkingDirectory/23876/).
[2022.03.02-07.18.12:041][  0]LogShaderCompilers: Cleaned the shader compiler working directory 'C:/Users/syhwms/AppData/Local/Temp/UnrealShaderWorkingDir/46C2424145BC41BA876152A9EC9F91FD/'.
[2022.03.02-07.18.12:041][  0]LogXGEController: Cannot use XGE Controller as Incredibuild is not installed on this machine.
[2022.03.02-07.18.12:041][  0]LogShaderCompilers: Cannot use XGE Shader Compiler as Incredibuild is not installed on this machine.
[2022.03.02-07.18.12:041][  0]LogShaderCompilers: Display: Using Local Shader Compiler.
[2022.03.02-07.18.12:574][  0]LogDerivedDataCache: Display: Max Cache Size: 512 MB
[2022.03.02-07.18.12:615][  0]LogDerivedDataCache: Loaded boot cache 0.04s 103MB C:/Users/syhwms/AppData/Local/UnrealEngine/4.27/DerivedDataCache/Boot.ddc.
[2022.03.02-07.18.12:616][  0]LogDerivedDataCache: Display: Loaded Boot cache: C:/Users/syhwms/AppData/Local/UnrealEngine/4.27/DerivedDataCache/Boot.ddc
[2022.03.02-07.18.12:616][  0]LogDerivedDataCache: FDerivedDataBackendGraph:  Pak pak cache file C:/UnrealProjects/STARRY-TAIL/StarryTail/DerivedDataCache/DDC.ddp not found, will not use a pak cache.
[2022.03.02-07.18.12:616][  0]LogDerivedDataCache: Unable to find inner node Pak for hierarchical cache Hierarchy.
[2022.03.02-07.18.12:616][  0]LogDerivedDataCache: FDerivedDataBackendGraph:  CompressedPak pak cache file C:/UnrealProjects/STARRY-TAIL/StarryTail/DerivedDataCache/Compressed.ddp not found, will not use a pak cache.
[2022.03.02-07.18.12:616][  0]LogDerivedDataCache: Unable to find inner node CompressedPak for hierarchical cache Hierarchy.
[2022.03.02-07.18.12:629][  0]LogDerivedDataCache: Display: Pak cache opened for reading ../../../Engine/DerivedDataCache/Compressed.ddp.
[2022.03.02-07.18.12:629][  0]LogDerivedDataCache: FDerivedDataBackendGraph:  EnterprisePak pak cache file ../../../Enterprise/DerivedDataCache/Compressed.ddp not found, will not use a pak cache.
[2022.03.02-07.18.12:629][  0]LogDerivedDataCache: Unable to find inner node EnterprisePak for hierarchical cache Hierarchy.
[2022.03.02-07.18.12:638][  0]LogDerivedDataCache: Speed tests for C:/Users/syhwms/AppData/Local/UnrealEngine/Common/DerivedDataCache took 0.01 seconds
[2022.03.02-07.18.12:638][  0]LogDerivedDataCache: Display: Performance to C:/Users/syhwms/AppData/Local/UnrealEngine/Common/DerivedDataCache: Latency=0.03ms. RandomReadSpeed=783.22MBs, RandomWriteSpeed=125.91MBs. Assigned SpeedClass 'Local'
[2022.03.02-07.18.12:639][  0]LogDerivedDataCache: Using Local data cache path C:/Users/syhwms/AppData/Local/UnrealEngine/Common/DerivedDataCache: Writable
[2022.03.02-07.18.12:639][  0]LogDerivedDataCache: Shared data cache path not found in *engine.ini, will not use an Shared cache.
[2022.03.02-07.18.12:639][  0]LogDerivedDataCache: Unable to find inner node Shared for hierarchical cache Hierarchy.
[2022.03.02-07.18.12:664][  0]LogSlate: Using FreeType 2.10.0
[2022.03.02-07.18.12:664][  0]LogSlate: SlateFontServices - WITH_FREETYPE: 1, WITH_HARFBUZZ: 1
[2022.03.02-07.18.12:733][  0]LogInit: Using OS detected language (ko-KR).
[2022.03.02-07.18.12:733][  0]LogInit: Using OS detected locale (ko-KR).
[2022.03.02-07.18.12:733][  0]LogTextLocalizationManager: No localization for 'ko-KR' exists, so 'en' will be used for the language.
[2022.03.02-07.18.12:733][  0]LogTextLocalizationManager: No localization for 'ko-KR' exists, so 'en' will be used for the locale.
[2022.03.02-07.18.12:734][  0]LogSlate: FontCache flush requested. Reason: Culture for localization was changed
[2022.03.02-07.18.12:734][  0]LogSlate: FontCache flush requested. Reason: Culture for localization was changed
[2022.03.02-07.18.12:736][  0]LogAssetRegistry: FAssetRegistry took 0.0013 seconds to start up
[2022.03.02-07.18.12:853][  0]LogTextLocalizationManager: Compacting localization data took   0.00ms
[2022.03.02-07.18.12:853][  0]LogPackageLocalizationCache: Processed 27 localized package path(s) for 1 prioritized culture(s) in 0.000861 seconds
[2022.03.02-07.18.12:899][  0]LogInit: Selected Device Profile: [Windows]
[2022.03.02-07.18.12:899][  0]LogInit: Active device profile: [000002087AB0EF00][00000208702DB680 49] Windows
[2022.03.02-07.18.12:899][  0]LogInit: Profiles: [000002087AB0EF00][00000208702DB680 49] Windows, [000002087AAD1300][0000020879CB1800 49] WindowsNoEditor, [000002087AB0D300][0000020879CB5980 49] WindowsServer, [000002087AAD2700][0000020879CB9B00 49] WindowsClient, [000002087AB0E600][0000020879CBC100 49] IOS, [000002087AAD1C00][0000020879CC0280 49] iPadAir, [000002087AB0DB00][0000020879CC4400 49] iPadAir2, [000002087AA6F600][0000020879CCC6C0 49] IPadPro, [000002087AA6F700][0000020879CC8700 49] iPadAir3, [000002087AB0F200][0000020870536880 49] iPadAir4, [000002087AA6D800][000002087053AA00 49] iPadMini2, [000002087AB0EB00][000002087053EB80 49] iPadMini3, [000002087AA6E100][0000020870542D00 49] iPadMini4, [000002087AB0D400][0000020870546E80 49] iPadMini5, [000002087AA92F00][000002087054F140 49] iPhone6, [000002087AA93000][000002087054B180 49] iPodTouch6, [000002087AA6C900][00000208705533C0 49] iPhone7, [000002087AA6C800][00000208702D7400 49] iPodTouch7, [000002087AA91700][0000020870557540 49] iPhone5S, [000002087AA6F100][000002087055B680 49] iPhone6Plus, [000002087AA92200][0000020870563800 49] iPhone6S, [000002087AA6E900][000002087020D980 49] iPhone6SPlus, [000002087AA93700][0000020870211B00 49] iPhone7Plus, [000002087AA6DA00][0000020870214100 49] iPhoneSE, [000002087AA91A00][0000020870218280 49] iPhone8, [000002087AA6EE00][000002087021C400 49] iPhone8Plus, [000002087AA92100][0000020870220580 49] iPhoneX, [000002087AA6E600][0000020870224700 49] iPhoneXS, [000002087AA91B00][0000020870228880 49] iPhoneXSMax, [000002087AA6CF00][000002087022CA00 49] iPhoneXR, [000002087AA91400][0000020870230B80 49] iPhone11, [000002087AA6F900][0000020870234D00 49] iPhone11Pro, [000002087AA93A00][0000020870238E80 49] iPhone11ProMax, [000002087AA6CD00][000002087023D000 49] iPhoneSE2, [000002087AA92A00][0000020870241180 49] iPhone12Mini, [000002087AA6FF00][0000020870245300 49] iPhone12, [000002087AA93500][0000020870249480 49] iPhone12Pro, [000002087AA6E200][000002087055F5C0 49] iPhone12ProMax, [000002087AA91E00][000002087024D700 49] iPadPro105, [000002087AA6D700][0000020870251840 49] iPadPro129, [000002087AA90C00][00000208730AD9C0 49] iPadPro97, [000002087AA6FB00][00000208730B1B40 49] iPadPro2_129, [000002087AA93F00][00000208730B4140 49] iPad5, [000002087AA6CA00][00000208730B82C0 49] iPad6, [000002087AA90A00][00000208730BC440 49] iPad7, [000002087AA6E700][00000208730C05C0 49] iPad8, [000002087AA91800][00000208730C4740 49] iPadPro11, [000002087AA6CC00][00000208730C88C0 49] iPadPro2_11, [000002087AA90E00][00000208730CCA40 49] iPadPro3_129, [000002087AA6ED00][00000208730D0BC0 49] iPadPro4_129, [000002087AA92000][00000208730D4D40 49] AppleTV, [000002087AA6DF00][00000208730D8EC0 49] AppleTV4K, [000002087AA90B00][00000208730DD040 49] TVOS, [000002087AA6F500][00000208730E11C0 49] Mac, [000002087AAD2E00][00000208730E5340 49] MacClient, [000002087AB45100][00000208730E94C0 49] MacNoEditor, [000002087AAD1100][00000208730ED640 49] MacServer, [000002087AB44A00][0000020870255780 49] Linux, [000002087AAD2600][00000208730F18C0 49] LinuxAArch64, [000002087AB45700][00000208730F5A00 49] LinuxNoEditor, [000002087AAD1200][00000208730F9B40 49] LinuxAArch64NoEditor, [000002087AB44E00][0000020873100140 49] LinuxClient, [000002087AAD0D00][00000208731042C0 49] LinuxAArch64Client, [000002087AB45B00][0000020873108440 49] LinuxServer, [000002087AAD1F00][000002087310C5C0 49] LinuxAArch64Server, [000002087AB45500][0000020873110740 49] Android, [000002087AAD0300][00000208731148C0 49] Android_Low, [000002087AB44100][0000020873118A40 49] Android_Mid, [000002087AAD2400][000002087311CBC0 49] Android_High, [000002087AB45D00][0000020873120D40 49] Android_Default, [000002087AAD1800][0000020873124EC0 49] Android_Adreno4xx, [000002087AB44300][0000020873129040 49] Android_Adreno5xx_Low, [000002087AAD3E00][000002087312D1C0 49] Android_Adreno5xx, [000002087AB45200][0000020873131340 49] Android_Adreno6xx, [000002087AA6EB00][00000208731354C0 49] Android_Adreno6xx_Vulkan, [000002087AA90400][0000020873139640 49] Android_Mali_T6xx, [000002087AA6D500][000002087313D7C0 49] Android_Mali_T7xx, [000002087AA92E00][00000208730FD900 49] Android_Mali_T8xx, [000002087AA6FE00][0000020873141A40 49] Android_Mali_G71, [000002087AA93800][0000020873145B80 49] Android_Mali_G72, [000002087AA6E500][0000020873148140 49] Android_Mali_G72_Vulkan, [000002087AA93200][00000208731502C0 49] Android_Mali_G76, [000002087AA6D200][0000020873154440 49] Android_Mali_G76_Vulkan, [000002087AA91D00][00000208731585C0 49] Android_Mali_G77, [000002087AA6CE00][000002087315C740 49] Android_Mali_G77_Vulkan, [000002087AA90D00][00000208731608C0 49] Android_Mali_G78, [000002087AA6C300][0000020873164A40 49] Android_Mali_G78_Vulkan, [000002087AA90300][0000020873168BC0 49] Android_Mali_G710, [000002087AA6CB00][000002087316CD40 49] Android_Mali_G710_Vulkan, [000002087AB44700][0000020873170EC0 49] Android_Vulkan_SM5, [000002087AA6E300][0000020873175040 49] Android_PowerVR_G6xxx, [000002087AB44600][00000208731791C0 49] Android_PowerVR_GT7xxx, [000002087AA6C100][000002087317D340 49] Android_PowerVR_GE8xxx, [000002087AB44D00][00000208731814C0 49] Android_PowerVR_GM9xxx, [000002087AA6D300][0000020873185640 49] Android_PowerVR_GM9xxx_Vulkan, [000002087AB44900][00000208731897C0 49] Android_TegraK1, [000002087AA6FC00][000002087318D940 49] Android_Unknown_Vulkan, [000002087AB45300][0000020873191AC0 49] Lumin, [000002087AA6DB00][000002087314DC00 49] Lumin_Desktop, [000002087AA91200][00000208731941C0 49] HoloLens, 
[2022.03.02-07.18.12:947][  0]LogMeshReduction: Using QuadricMeshReduction for automatic static mesh reduction
[2022.03.02-07.18.12:947][  0]LogMeshReduction: Using SimplygonMeshReduction for automatic skeletal mesh reduction
[2022.03.02-07.18.12:947][  0]LogMeshReduction: Using ProxyLODMeshReduction for automatic mesh merging
[2022.03.02-07.18.12:947][  0]LogMeshReduction: No distributed automatic mesh merging module available
[2022.03.02-07.18.12:947][  0]LogMeshMerging: No distributed automatic mesh merging module available
[2022.03.02-07.18.13:086][  0]LogNetVersion: StarryTail 1.0.0, NetCL: 17155196, EngineNetVer: 17, GameNetVer: 0 (Checksum: 4214679525)
[2022.03.02-07.18.13:286][  0]LogTexture: Default maximum texture size for cubemaps generated from long-lat sources has been changed from 512 to unlimited. In order to preserve old behaiour for '/Engine/MapTemplates/Sky/DaylightAmbientCubemap.DaylightAmbientCubemap', its maximum texture size has been explicitly set to 512.
[2022.03.02-07.18.13:328][  0]LogHMD: PokeAHoleMaterial loaded successfully
[2022.03.02-07.18.13:413][  0]LogMoviePlayer: Initializing movie player
[2022.03.02-07.18.13:530][  0]LogNiagaraDebuggerClient: Niagara Debugger Client Initialized | Session: 04D66B4F4EFBFA7031901E99B1CD3FC4 | Instance: 66A4B5DC40EBB45A137DAFBCC9AA0BF0 (DESKTOP-RGJHDRQ-23876).
[2022.03.02-07.18.13:546][  0]LogCollectionManager: Loaded 0 collections in 0.000610 seconds
[2022.03.02-07.18.13:552][  0]LogFileCache: Scanning file cache for directory 'C:/UnrealProjects/STARRY-TAIL/StarryTail/Saved/Collections/' took 0.00s
[2022.03.02-07.18.13:552][  0]LogCollectionManager: Fixed up redirectors for 0 collections in 0.000002 seconds (updated 0 objects)
[2022.03.02-07.18.13:566][  0]LogFileCache: Scanning file cache for directory 'C:/UnrealProjects/STARRY-TAIL/StarryTail/Content/Developers/syhwms/Collections/' took 0.00s
[2022.03.02-07.18.13:566][  0]LogFileCache: Scanning file cache for directory 'C:/UnrealProjects/STARRY-TAIL/StarryTail/Content/Collections/' took 0.00s
[2022.03.02-07.18.13:566][  0]LogPython: Using Python 3.7.7
[2022.03.02-07.18.13:928][  0]LogTcpMessaging: Initializing TcpMessaging bridge
[2022.03.02-07.18.13:931][  0]LogUdpMessaging: Initializing bridge on interface 0.0.0.0:0 to multicast group 230.0.0.1:6666.
[2022.03.02-07.18.14:127][  0]SourceControl: Source control is disabled
[2022.03.02-07.18.14:127][  0]SourceControl: Source control is disabled
[2022.03.02-07.18.14:132][  0]LogUProjectInfo: Found projects:
[2022.03.02-07.18.14:145][  0]SourceControl: Source control is disabled
[2022.03.02-07.18.14:199][  0]LogOpenImageDenoise: OIDN starting up
[2022.03.02-07.18.14:225][  0]LogAndroidPermission: UAndroidPermissionCallbackProxy::GetInstance
[2022.03.02-07.18.14:241][  0]LogAudioCaptureCore: Display: No Audio Capture implementations found. Audio input will be silent.
[2022.03.02-07.18.14:241][  0]LogAudioCaptureCore: Display: No Audio Capture implementations found. Audio input will be silent.
[2022.03.02-07.18.14:291][  0]LogOcInput: OculusInput pre-init called
[2022.03.02-07.18.14:298][  0]LogUObjectArray: 23080 objects as part of root set at end of initial load.
[2022.03.02-07.18.14:298][  0]LogUObjectAllocator: 6378400 out of 0 bytes used by permanent object pool.
[2022.03.02-07.18.14:298][  0]LogUObjectArray: CloseDisregardForGC: 0/0 objects in disregard for GC pool
[2022.03.02-07.18.14:335][  0]LogClass: Display: BoolProperty FPlayerCharacterDataStruct::IsInvincibility is not initialized properly. Module:StarryTail File:PlayerCharacterDataStruct.h
[2022.03.02-07.18.14:335][  0]LogClass: Display: FloatProperty FPlayerCharacterDataStruct::HP is not initialized properly. Module:StarryTail File:PlayerCharacterDataStruct.h
[2022.03.02-07.18.14:335][  0]LogClass: Display: FloatProperty FPlayerCharacterDataStruct::MoveSpeed is not initialized properly. Module:StarryTail File:PlayerCharacterDataStruct.h
[2022.03.02-07.18.14:335][  0]LogClass: Display: 3 Uninitialized script struct members found including 0 object properties
[2022.03.02-07.18.14:336][  0]LogEngine: Initializing Engine...
[2022.03.02-07.18.14:338][  0]LogHMD: Failed to enumerate extensions. Please check that you have a valid OpenXR runtime installed.
[2022.03.02-07.18.14:338][  0]LogHMD: Failed to initialize OpenVR with code 110
[2022.03.02-07.18.14:338][  0]LogMagicLeap: Warning: VR disabled because ZI is not enabled.  To enable, in the editor, Edit -> Project Settings -> Plugins -> Magic Leap Plugin -> Enable Zero Iteration
[2022.03.02-07.18.14:339][  0]LogStats: UGameplayTagsManager::InitializeManager -  0.000 s
[2022.03.02-07.18.14:418][  0]LogInit: Initializing FReadOnlyCVARCache
[2022.03.02-07.18.14:418][  0]LogAudio: Display: Initializing Audio Device Manager...
[2022.03.02-07.18.14:422][  0]LogAudio: Display: Loading Default Audio Settings Objects...
[2022.03.02-07.18.14:422][  0]LogAudio: Display: No default SoundConcurrencyObject specified (or failed to load).
[2022.03.02-07.18.14:422][  0]LogAudio: Display: Audio Device Manager Initialized
[2022.03.02-07.18.14:422][  0]LogAudio: Display: Creating Audio Device:                 Id: 1, Scope: Shared, Realtime: True
[2022.03.02-07.18.14:422][  0]LogAudioMixer: Display: Audio Mixer Platform Settings:
[2022.03.02-07.18.14:422][  0]LogAudioMixer: Display: 	Sample Rate:						  48000
[2022.03.02-07.18.14:422][  0]LogAudioMixer: Display: 	Callback Buffer Frame Size Requested: 1024
[2022.03.02-07.18.14:422][  0]LogAudioMixer: Display: 	Callback Buffer Frame Size To Use:	  1024
[2022.03.02-07.18.14:422][  0]LogAudioMixer: Display: 	Number of buffers to queue:			  2
[2022.03.02-07.18.14:422][  0]LogAudioMixer: Display: 	Max Channels (voices):				  32
[2022.03.02-07.18.14:422][  0]LogAudioMixer: Display: 	Number of Async Source Workers:		  0
[2022.03.02-07.18.14:422][  0]LogAudio: Display: AudioDevice MaxSources: 32
[2022.03.02-07.18.14:423][  0]LogAudio: Display: Audio Spatialization Plugin: None (built-in).
[2022.03.02-07.18.14:423][  0]LogAudio: Display: Audio Reverb Plugin: None (built-in).
[2022.03.02-07.18.14:423][  0]LogAudio: Display: Audio Occlusion Plugin: None (built-in).
[2022.03.02-07.18.14:423][  0]LogAudioMixer: Display: Initializing audio mixer.
[2022.03.02-07.18.14:434][  0]LogAudioMixer: Display: 0: FrontLeft
[2022.03.02-07.18.14:434][  0]LogAudioMixer: Display: 1: FrontRight
[2022.03.02-07.18.14:448][  0]LogAudioMixer: Display: Using Audio Device 스피커(2- USBZH5XK)
[2022.03.02-07.18.14:452][  0]LogAudioMixer: Display: Initializing Sound Submixes...
[2022.03.02-07.18.14:454][  0]LogAudioMixer: Display: Creating Master Submix 'MasterSubmixDefault'
[2022.03.02-07.18.14:454][  0]LogAudioMixer: Display: Creating Master Submix 'MasterReverbSubmixDefault'
[2022.03.02-07.18.14:455][  0]LogAudioMixer: Display: Creating Master Submix 'MasterEQSubmixDefault'
[2022.03.02-07.18.14:455][  0]LogAudioMixer: FMixerPlatformXAudio2::StartAudioStream() called
[2022.03.02-07.18.14:455][  0]LogAudioMixer: Display: Output buffers initialized: Frames=1024, Channels=2, Samples=2048
[2022.03.02-07.18.14:455][  0]LogAudioMixer: Display: Starting AudioMixerPlatformInterface::RunInternal()
[2022.03.02-07.18.14:455][  0]LogAudioMixer: Display: FMixerPlatformXAudio2::SubmitBuffer() called for the first time
[2022.03.02-07.18.14:455][  0]LogInit: FAudioDevice initialized.
[2022.03.02-07.18.14:456][  0]LogNetVersion: Set ProjectVersion to 1.0.0.0. Version Checksum will be recalculated on next use.
[2022.03.02-07.18.14:461][  0]LogInit: Texture streaming: Enabled
[2022.03.02-07.18.14:631][  0]LogAudio: Display: Audio Device (ID: 1) registered with world 'Untitled'.
[2022.03.02-07.18.14:632][  0]LogSlate: Updating window title bar state: overlay mode, drag disabled, window buttons hidden, title bar hidden
[2022.03.02-07.18.14:632][  0]LogInit: Display: Game Engine Initialized.
[2022.03.02-07.18.14:641][  0]LogNiagaraEditor: GEditor isn't valid! Particle reset commands will not work for Niagara components!
[2022.03.02-07.18.14:725][  0]LogInit: Display: Starting Game.
[2022.03.02-07.18.14:725][  0]LogNet: Browse: /Game/ThirdPersonCPP/Maps/ThirdPersonExampleMap?Name=Player
[2022.03.02-07.18.14:725][  0]LogLoad: LoadMap: /Game/ThirdPersonCPP/Maps/ThirdPersonExampleMap?Name=Player
[2022.03.02-07.18.14:725][  0]LogWorld: BeginTearingDown for /Temp/Untitled_0
[2022.03.02-07.18.14:726][  0]LogWorld: UWorld::CleanupWorld for Untitled, bSessionEnded=true, bCleanupResources=true
[2022.03.02-07.18.14:726][  0]LogSlate: InvalidateAllWidgets triggered.  All widgets were invalidated
[2022.03.02-07.18.14:745][  0]LogAudio: Display: Audio Device unregistered from world 'None'.
[2022.03.02-07.18.14:747][  0]LogUObjectHash: Compacting FUObjectHashTables data took   0.61ms
[2022.03.02-07.18.14:840][  0]LogAudio: Display: Audio Device (ID: 1) registered with world 'ThirdPersonExampleMap'.
[2022.03.02-07.18.14:848][  0]LogAIModule: Creating AISystem for world ThirdPersonExampleMap
[2022.03.02-07.18.14:848][  0]LogLoad: Game class is 'StarryTailGameMode'
[2022.03.02-07.18.14:857][  0]LogWorld: Bringing World /Game/ThirdPersonCPP/Maps/ThirdPersonExampleMap.ThirdPersonExampleMap up for play (max tick rate 0) at 2022.03.02-16.18.14
[2022.03.02-07.18.14:857][  0]LogWorld: Bringing up level for play took: 0.009031
[2022.03.02-07.18.14:859][  0]LogLoad: Took 0.133439 seconds to LoadMap(/Game/ThirdPersonCPP/Maps/ThirdPersonExampleMap)
[2022.03.02-07.18.15:205][  0]LogRenderer: Reallocating scene render targets to support 1280x720 Format 10 NumSamples 1 (Frame:1).
[2022.03.02-07.18.15:205][  0]LogSlate: Took 0.010990 seconds to synchronously load lazily loaded font '../../../Engine/Content/Slate/Fonts/Roboto-Regular.ttf' (155K)
[2022.03.02-07.18.15:351][  0]LogInit: Display: Engine is initialized. Leaving FEngineLoop::Init()
[2022.03.02-07.18.15:351][  0]LogLoad: (Engine Initialization) Total time: 4.89 seconds
[2022.03.02-07.18.15:351][  0]LogLoad: (Engine Initialization) Total Blueprint compile time: 0.00 seconds
[2022.03.02-07.18.15:355][  0]LogContentStreaming: Texture pool size now 1000 MB
[2022.03.02-07.18.15:357][  0]LogSlate: InvalidateAllWidgets triggered.  All widgets were invalidated
[2022.03.02-07.18.15:373][  0]LogRenderer: Reallocating scene render targets to support 128x128 Format 10 NumSamples 1 (Frame:1).
[2022.03.02-07.18.15:390][  0]LogRenderer: Reallocating scene render targets to support 1280x720 Format 10 NumSamples 1 (Frame:2).
[2022.03.02-07.18.15:400][  1]LogSlate: Took 0.000145 seconds to synchronously load lazily loaded font '../../../Engine/Content/Slate/Fonts/Roboto-Regular.ttf' (155K)
[2022.03.02-07.18.16:039][255]LogTemp: Warning: LeftButton
[2022.03.02-07.18.16:901][737]LogTemp: Warning: Walk
[2022.03.02-07.18.17:641][174]LogTemp: Warning: Jump
[2022.03.02-07.18.18:869][211]LogTemp: Warning: Idle
[2022.03.02-07.18.22:343][218]LogWindowsDesktop: Alt-F4 pressed!
[2022.03.02-07.18.22:346][218]LogSlate: Window 'StarryTail (64-bit Development PCD3D_SM5) ' being destroyed
[2022.03.02-07.18.22:348][218]LogWindowsTextInputMethodSystem: Display: IME system activated using TSF (Microsoft 입력기).
[2022.03.02-07.18.22:352][218]LogSlate: Updating window title bar state: overlay mode, drag disabled, window buttons hidden, title bar hidden
[2022.03.02-07.18.22:352][218]LogEngine: All Windows Closed
[2022.03.02-07.18.22:352][218]LogWindows: FPlatformMisc::RequestExit(0)
[2022.03.02-07.18.22:352][218]LogWindows: FPlatformMisc::RequestExitWithStatus(0, 0)
[2022.03.02-07.18.22:352][218]LogCore: Engine exit requested (reason: Win RequestExit)
[2022.03.02-07.18.22:352][219]LogCore: Engine exit requested (reason: EngineExit() was called; note: exit was already requested)
[2022.03.02-07.18.22:352][219]LogInit: Display: PreExit Game.
[2022.03.02-07.18.22:362][219]LogWorld: BeginTearingDown for /Game/ThirdPersonCPP/Maps/ThirdPersonExampleMap
[2022.03.02-07.18.22:362][219]LogWorld: UWorld::CleanupWorld for ThirdPersonExampleMap, bSessionEnded=true, bCleanupResources=true
[2022.03.02-07.18.22:362][219]LogSlate: InvalidateAllWidgets triggered.  All widgets were invalidated
[2022.03.02-07.18.23:345][219]LogAudio: Display: Beginning Audio Device Manager Shutdown (Module: AudioMixerXAudio2)...
[2022.03.02-07.18.23:345][219]LogAudio: Display: Destroying 1 Remaining Audio Device(s)...
[2022.03.02-07.18.23:345][219]LogAudio: Display: Audio Device unregistered from world 'ThirdPersonExampleMap'.
[2022.03.02-07.18.23:374][219]LogAudioMixer: FMixerPlatformXAudio2::StopAudioStream() called
[2022.03.02-07.18.23:375][219]LogAudioMixer: FMixerPlatformXAudio2::StopAudioStream() called
[2022.03.02-07.18.23:377][219]LogAudio: Display: Audio Device Manager Shutdown
[2022.03.02-07.18.23:379][219]LogExit: Preparing to exit.
[2022.03.02-07.18.23:947][219]LogSlate: Updating window title bar state: overlay mode, drag disabled, window buttons hidden, title bar hidden
[2022.03.02-07.18.23:948][219]LogUObjectHash: Compacting FUObjectHashTables data took   0.71ms
[2022.03.02-07.18.23:972][219]LogMoviePlayer: Shutting down movie player
[2022.03.02-07.18.24:083][219]LogDemo: Cleaned up 0 splitscreen connections with owner deletion
[2022.03.02-07.18.24:086][219]LogExit: Game engine shut down
[2022.03.02-07.18.24:119][219]LogExit: Object subsystem successfully closed.
[2022.03.02-07.18.24:135][219]LogShaderCompilers: Display: === FShaderJobCache stats ===
[2022.03.02-07.18.24:135][219]LogShaderCompilers: Display: Total job queries 0, among them cache hits 0 (0.00%)
[2022.03.02-07.18.24:135][219]LogShaderCompilers: Display: Tracking 0 distinct input hashes that result in 0 distinct outputs (0.00%)
[2022.03.02-07.18.24:135][219]LogShaderCompilers: Display: RAM used: 0.00 MB (0.00 GB) of 1638.40 MB (1.60 GB) budget. Usage: 0.00%
[2022.03.02-07.18.24:135][219]LogShaderCompilers: Display: ================================================
[2022.03.02-07.18.24:143][219]LogShaderCompilers: Display: Shaders left to compile 0
[2022.03.02-07.18.24:149][219]LogModuleManager: Shutting down and abandoning module SequenceRecorderSections (562)
[2022.03.02-07.18.24:149][219]LogModuleManager: Shutting down and abandoning module SequenceRecorder (560)
[2022.03.02-07.18.24:149][219]LogModuleManager: Shutting down and abandoning module AutomationController (558)
[2022.03.02-07.18.24:149][219]LogModuleManager: Shutting down and abandoning module AutomationWorker (556)
[2022.03.02-07.18.24:149][219]LogModuleManager: Shutting down and abandoning module Voice (554)
[2022.03.02-07.18.24:149][219]LogModuleManager: Shutting down and abandoning module AIModule (552)
[2022.03.02-07.18.24:150][219]LogModuleManager: Shutting down and abandoning module GameplayDebugger (551)
[2022.03.02-07.18.24:150][219]LogModuleManager: Shutting down and abandoning module AITestSuite (549)
[2022.03.02-07.18.24:150][219]LogModuleManager: Shutting down and abandoning module NavigationSystem (547)
[2022.03.02-07.18.24:150][219]LogModuleManager: Shutting down and abandoning module SteamVREditor (544)
[2022.03.02-07.18.24:150][219]LogModuleManager: Shutting down and abandoning module ToolMenus (543)
[2022.03.02-07.18.24:150][219]LogModuleManager: Shutting down and abandoning module OculusMR (540)
[2022.03.02-07.18.24:150][219]LogModuleManager: Shutting down and abandoning module TakeRecorderSources (538)
[2022.03.02-07.18.24:150][219]LogModuleManager: Shutting down and abandoning module TakeRecorder (537)
[2022.03.02-07.18.24:150][219]LogModuleManager: Shutting down and abandoning module TakeTrackRecorders (534)
[2022.03.02-07.18.24:150][219]LogModuleManager: Shutting down and abandoning module TakesCore (532)
[2022.03.02-07.18.24:150][219]LogModuleManager: Shutting down and abandoning module OpenXRInput (530)
[2022.03.02-07.18.24:150][219]LogModuleManager: Shutting down and abandoning module WmfMediaFactory (528)
[2022.03.02-07.18.24:150][219]LogModuleManager: Shutting down and abandoning module WebMMediaFactory (526)
[2022.03.02-07.18.24:150][219]LogModuleManager: Shutting down and abandoning module WebMMedia (524)
[2022.03.02-07.18.24:150][219]LogModuleManager: Shutting down and abandoning module OpenExrWrapper (522)
[2022.03.02-07.18.24:150][219]LogModuleManager: Shutting down and abandoning module ImgMediaFactory (520)
[2022.03.02-07.18.24:150][219]LogModuleManager: Shutting down and abandoning module AvfMediaFactory (518)
[2022.03.02-07.18.24:150][219]LogModuleManager: Shutting down and abandoning module MagicLeapMediaCodecFactory (516)
[2022.03.02-07.18.24:150][219]LogModuleManager: Shutting down and abandoning module MagicLeapMediaFactory (514)
[2022.03.02-07.18.24:150][219]LogModuleManager: Shutting down and abandoning module PlanarCut (512)
[2022.03.02-07.18.24:150][219]LogModuleManager: Shutting down and abandoning module CharacterAI (510)
[2022.03.02-07.18.24:150][219]LogModuleManager: Shutting down and abandoning module SessionServices (508)
[2022.03.02-07.18.24:150][219]LogModuleManager: Shutting down and abandoning module MovieSceneCapture (506)
[2022.03.02-07.18.24:150][219]LogModuleManager: Shutting down and abandoning module LiveCoding (504)
[2022.03.02-07.18.24:150][219]LogModuleManager: Shutting down and abandoning module LevelSequence (502)
[2022.03.02-07.18.24:150][219]LogModuleManager: Shutting down and abandoning module MovieSceneTracks (500)
[2022.03.02-07.18.24:150][219]LogModuleManager: Shutting down and abandoning module MovieScene (498)
[2022.03.02-07.18.24:150][219]LogModuleManager: Shutting down and abandoning module StreamingPauseRendering (496)
[2022.03.02-07.18.24:150][219]LogModuleManager: Shutting down and abandoning module PortalServices (494)
[2022.03.02-07.18.24:150][219]LogModuleManager: Shutting down and abandoning module PortalRpc (492)
[2022.03.02-07.18.24:150][219]LogModuleManager: Shutting down and abandoning module MessagingRpc (490)
[2022.03.02-07.18.24:150][219]LogModuleManager: Shutting down and abandoning module AudioMixerXAudio2 (488)
[2022.03.02-07.18.24:150][219]LogModuleManager: Shutting down and abandoning module AudioMixerCore (487)
[2022.03.02-07.18.24:150][219]LogModuleManager: Shutting down and abandoning module ImageWriteQueue (484)
[2022.03.02-07.18.24:154][219]LogModuleManager: Shutting down and abandoning module ProfilerService (482)
[2022.03.02-07.18.24:316][219]LogModuleManager: Shutting down and abandoning module TaskGraph (480)
[2022.03.02-07.18.24:316][219]LogModuleManager: Shutting down and abandoning module OculusInput (478)
[2022.03.02-07.18.24:316][219]LogModuleManager: Shutting down and abandoning module TakeMovieScene (476)
[2022.03.02-07.18.24:316][219]LogModuleManager: Shutting down and abandoning module Synthesis (474)
[2022.03.02-07.18.24:316][219]LogModuleManager: Shutting down and abandoning module ProceduralMeshComponent (472)
[2022.03.02-07.18.24:316][219]LogModuleManager: Shutting down and abandoning module MobilePatchingUtils (470)
[2022.03.02-07.18.24:316][219]LogModuleManager: Shutting down and abandoning module GooglePAD (468)
[2022.03.02-07.18.24:316][219]LogModuleManager: Shutting down and abandoning module EditableMesh (466)
[2022.03.02-07.18.24:316][219]LogModuleManager: Shutting down and abandoning module CustomMeshComponent (464)
[2022.03.02-07.18.24:317][219]LogModuleManager: Shutting down and abandoning module CableComponent (462)
[2022.03.02-07.18.24:317][219]LogModuleManager: Shutting down and abandoning module AudioCapture (460)
[2022.03.02-07.18.24:317][219]LogModuleManager: Shutting down and abandoning module AudioCaptureRtAudio (459)
[2022.03.02-07.18.24:317][219]LogModuleManager: Shutting down and abandoning module AssetTags (456)
[2022.03.02-07.18.24:317][219]LogModuleManager: Shutting down and abandoning module ArchVisCharacter (454)
[2022.03.02-07.18.24:317][219]LogModuleManager: Shutting down and abandoning module AppleImageUtilsBlueprintSupport (452)
[2022.03.02-07.18.24:317][219]LogModuleManager: Shutting down and abandoning module AppleImageUtils (450)
[2022.03.02-07.18.24:317][219]LogModuleManager: Shutting down and abandoning module AndroidPermission (448)
[2022.03.02-07.18.24:317][219]LogModuleManager: Shutting down and abandoning module ActorLayerUtilities (446)
[2022.03.02-07.18.24:317][219]LogModuleManager: Shutting down and abandoning module TemplateSequence (444)
[2022.03.02-07.18.24:317][219]LogModuleManager: Shutting down and abandoning module ImgMedia (442)
[2022.03.02-07.18.24:317][219]LogModuleManager: Shutting down and abandoning module MediaCompositing (440)
[2022.03.02-07.18.24:317][219]LogModuleManager: Shutting down and abandoning module MagicLeapSharedWorld (438)
[2022.03.02-07.18.24:317][219]LogModuleManager: Shutting down and abandoning module MagicLeapLightEstimation (436)
[2022.03.02-07.18.24:317][219]LogModuleManager: Shutting down and abandoning module MagicLeapHelperVulkan (434)
[2022.03.02-07.18.24:317][219]LogModuleManager: Shutting down and abandoning module MagicLeapHelperOpenGL (432)
[2022.03.02-07.18.24:317][219]LogModuleManager: Shutting down and abandoning module MagicLeapAudio (430)
[2022.03.02-07.18.24:317][219]LogModuleManager: Shutting down and abandoning module OpenImageDenoise (428)
[2022.03.02-07.18.24:317][219]LogOpenImageDenoise: OIDN shutting down
[2022.03.02-07.18.24:317][219]LogModuleManager: Shutting down and abandoning module MotoSynth (426)
[2022.03.02-07.18.24:317][219]LogModuleManager: Shutting down and abandoning module MeshConversion (424)
[2022.03.02-07.18.24:317][219]LogModuleManager: Shutting down and abandoning module DynamicMesh (422)
[2022.03.02-07.18.24:317][219]LogModuleManager: Shutting down and abandoning module GeometryAlgorithms (420)
[2022.03.02-07.18.24:317][219]LogModuleManager: Shutting down and abandoning module GeometricObjects (418)
[2022.03.02-07.18.24:317][219]LogModuleManager: Shutting down and abandoning module GeometryCacheTracks (416)
[2022.03.02-07.18.24:317][219]LogModuleManager: Shutting down and abandoning module GeometryCacheSequencer (415)
[2022.03.02-07.18.24:317][219]LogModuleManager: Shutting down and abandoning module GeometryCache (412)
[2022.03.02-07.18.24:317][219]LogModuleManager: Shutting down and abandoning module GeometryCacheEd (411)
[2022.03.02-07.18.24:317][219]LogModuleManager: Shutting down and abandoning module GeometryCollectionTracks (408)
[2022.03.02-07.18.24:317][219]LogModuleManager: Shutting down and abandoning module GeometryCollectionSequencer (407)
[2022.03.02-07.18.24:317][219]LogModuleManager: Shutting down and abandoning module ChaosNiagara (404)
[2022.03.02-07.18.24:317][219]LogModuleManager: Shutting down and abandoning module FieldSystemEngine (403)
[2022.03.02-07.18.24:317][219]LogModuleManager: Shutting down and abandoning module UObjectPlugin (400)
[2022.03.02-07.18.24:317][219]LogModuleManager: Shutting down and abandoning module BackChannel (398)
[2022.03.02-07.18.24:317][219]LogModuleManager: Shutting down and abandoning module SubversionSourceControl (396)
[2022.03.02-07.18.24:317][219]LogModuleManager: Shutting down and abandoning module VisualStudioSourceCodeAccess (394)
[2022.03.02-07.18.24:317][219]LogModuleManager: Shutting down and abandoning module HotReload (393)
[2022.03.02-07.18.24:317][219]LogModuleManager: Shutting down and abandoning module AutomationUtils (390)
[2022.03.02-07.18.24:317][219]LogModuleManager: Shutting down and abandoning module VisualStudioCodeSourceCodeAccess (388)
[2022.03.02-07.18.24:317][219]LogModuleManager: Shutting down and abandoning module OodleNetworkHandlerComponent (386)
[2022.03.02-07.18.24:317][219]LogModuleManager: Shutting down and abandoning module PerforceSourceControl (384)
[2022.03.02-07.18.24:317][219]LogModuleManager: Shutting down and abandoning module SourceControl (383)
[2022.03.02-07.18.24:317][219]LogModuleManager: Shutting down and abandoning module CLionSourceCodeAccess (380)
[2022.03.02-07.18.24:317][219]LogModuleManager: Shutting down and abandoning module LiveLinkSequencer (378)
[2022.03.02-07.18.24:317][219]LogModuleManager: Shutting down and abandoning module LiveLinkMovieScene (376)
[2022.03.02-07.18.24:317][219]LogModuleManager: Shutting down and abandoning module LiveLinkGraphNode (374)
[2022.03.02-07.18.24:317][219]LogModuleManager: Shutting down and abandoning module LiveLinkComponents (372)
[2022.03.02-07.18.24:317][219]LogModuleManager: Shutting down and abandoning module LiveLink (370)
[2022.03.02-07.18.25:098][219]LogModuleManager: Shutting down and abandoning module StarryTail (368)
[2022.03.02-07.18.25:098][219]LogModuleManager: Shutting down and abandoning module AnimGraph (367)
[2022.03.02-07.18.25:098][219]LogModuleManager: Shutting down and abandoning module SoundFields (364)
[2022.03.02-07.18.25:098][219]LogModuleManager: Shutting down and abandoning module SignificanceManager (362)
[2022.03.02-07.18.25:098][219]LogModuleManager: Shutting down and abandoning module RuntimePhysXCooking (360)
[2022.03.02-07.18.25:098][219]LogModuleManager: Shutting down and abandoning module PropertyAccessEditor (358)
[2022.03.02-07.18.25:098][219]LogModuleManager: Shutting down and abandoning module PhysXVehiclesEditor (356)
[2022.03.02-07.18.25:098][219]LogModuleManager: Shutting down and abandoning module LocationServicesBPLibrary (352)
[2022.03.02-07.18.25:098][219]LogModuleManager: Shutting down and abandoning module AudioSynesthesia (350)
[2022.03.02-07.18.25:098][219]LogModuleManager: Shutting down and abandoning module AudioSynesthesiaCore (348)
[2022.03.02-07.18.25:098][219]LogModuleManager: Shutting down and abandoning module ActorSequence (346)
[2022.03.02-07.18.25:098][219]LogModuleManager: Shutting down and abandoning module UdpMessaging (344)
[2022.03.02-07.18.25:199][219]LogModuleManager: Shutting down and abandoning module TcpMessaging (342)
