Log file open, 02/23/22 22:11:19
LogWindows: Failed to load 'aqProf.dll' (GetLastError=126)
LogWindows: File 'aqProf.dll' does not exist
LogWindows: Failed to load 'VtuneApi.dll' (GetLastError=126)
LogWindows: File 'VtuneApi.dll' does not exist
LogWindows: Failed to load 'VtuneApi32e.dll' (GetLastError=126)
LogWindows: File 'VtuneApi32e.dll' does not exist
LogConsoleResponse: Display: Failed to find resolution value strings in scalability ini. Falling back to default.
LogConsoleResponse: Display: Failed to find resolution value strings in scalability ini. Falling back to default.
LogInit: Display: Running engine for game: StarryTail
LogPlatformFile: Not using cached read wrapper
LogTaskGraph: Started task graph with 5 named threads and 71 total threads with 3 sets of task threads.
LogStats: Stats thread started at 0.231836
LogICUInternationalization: ICU TimeZone Detection - Raw Offset: +9:00, Platform Override: ''
LogInit: Display: Loading text-based GConfig....
LogPluginManager: Mounting plugin MeshPainting
LogPluginManager: Mounting plugin XGEController
LogPluginManager: Mounting plugin Paper2D
LogPluginManager: Mounting plugin LiveLink
LogPluginManager: Mounting plugin AISupport
LogPluginManager: Mounting plugin EnvironmentQueryEditor
LogPluginManager: Mounting plugin LightPropagationVolume
LogPluginManager: Mounting plugin CLionSourceCodeAccess
LogPluginManager: Mounting plugin AnimationSharing
LogPluginManager: Mounting plugin GitSourceControl
LogPluginManager: Mounting plugin CodeLiteSourceCodeAccess
LogPluginManager: Mounting plugin PlasticSourceControl
LogPluginManager: Mounting plugin PerforceSourceControl
LogPluginManager: Mounting plugin KDevelopSourceCodeAccess
LogPluginManager: Mounting plugin PropertyAccessNode
LogPluginManager: Mounting plugin NullSourceCodeAccess
LogPluginManager: Mounting plugin PixWinPlugin
LogPluginManager: Mounting plugin PluginUtils
LogPluginManager: Mounting plugin RiderSourceCodeAccess
LogPluginManager: Mounting plugin UObjectPlugin
LogPluginManager: Mounting plugin TextureFormatOodle
LogPluginManager: Mounting plugin SubversionSourceControl
LogPluginManager: Mounting plugin VisualStudioCodeSourceCodeAccess
LogPluginManager: Mounting plugin XCodeSourceCodeAccess
LogPluginManager: Mounting plugin OodleData
LogPluginManager: Mounting plugin OodleNetwork
LogPluginManager: Mounting plugin VisualStudioSourceCodeAccess
LogPluginManager: Mounting plugin DatasmithContent
LogPluginManager: Mounting plugin AssetManagerEditor
LogPluginManager: Mounting plugin AlembicImporter
LogPluginManager: Mounting plugin VariantManagerContent
LogPluginManager: Mounting plugin AutomationUtils
LogPluginManager: Mounting plugin BackChannel
LogPluginManager: Mounting plugin ChaosCloth
LogPluginManager: Mounting plugin ChaosClothEditor
LogPluginManager: Mounting plugin ChaosEditor
LogPluginManager: Mounting plugin ChaosSolverPlugin
LogPluginManager: Mounting plugin CharacterAI
LogPluginManager: Mounting plugin ChaosNiagara
LogPluginManager: Mounting plugin CryptoKeys
LogPluginManager: Mounting plugin CurveEditorTools
LogPluginManager: Mounting plugin FacialAnimation
LogPluginManager: Mounting plugin DataValidation
LogPluginManager: Mounting plugin GameplayTagsEditor
LogPluginManager: Mounting plugin MaterialAnalyzer
LogPluginManager: Mounting plugin GeometryMode
LogPluginManager: Mounting plugin MacGraphicsSwitching
LogPluginManager: Mounting plugin PluginBrowser
LogPluginManager: Mounting plugin GeometryCollectionPlugin
LogPluginManager: Mounting plugin MobileLauncherProfileWizard
LogPluginManager: Mounting plugin OpenImageDenoise
LogPluginManager: Mounting plugin MotoSynth
LogPluginManager: Mounting plugin GeometryCache
LogPluginManager: Mounting plugin PlanarCut
LogPluginManager: Mounting plugin GeometryProcessing
LogPluginManager: Mounting plugin PythonScriptPlugin
LogPluginManager: Mounting plugin PlatformCrypto
LogPluginManager: Mounting plugin ProxyLODPlugin
LogPluginManager: Mounting plugin SkeletalReduction
LogPluginManager: Mounting plugin SpeedTreeImporter
LogPluginManager: Mounting plugin Niagara
LogPluginManager: Mounting plugin AndroidMedia
LogPluginManager: Mounting plugin AvfMedia
LogPluginManager: Mounting plugin ImgMedia
LogPluginManager: Mounting plugin MediaCompositing
LogPluginManager: Mounting plugin MediaPlayerEditor
LogPluginManager: Mounting plugin WmfMedia
LogPluginManager: Mounting plugin WebMMedia
LogPluginManager: Mounting plugin MagicLeap
LogPluginManager: Mounting plugin LuminPlatformFeatures
LogPluginManager: Mounting plugin MagicLeapLightEstimation
LogPluginManager: Mounting plugin MagicLeapMedia
LogPluginManager: Mounting plugin MagicLeapPassableWorld
LogPluginManager: Mounting plugin MLSDK
LogPluginManager: Mounting plugin ActorSequence
LogPluginManager: Mounting plugin OnlineSubsystem
LogPluginManager: Mounting plugin TcpMessaging
LogPluginManager: Mounting plugin UdpMessaging
LogPluginManager: Mounting plugin OnlineSubsystemNull
LogPluginManager: Mounting plugin OnlineSubsystemUtils
LogPluginManager: Mounting plugin LevelSequenceEditor
LogPluginManager: Mounting plugin MatineeToLevelSequence
LogPluginManager: Mounting plugin TemplateSequence
LogPluginManager: Mounting plugin LauncherChunkInstaller
LogPluginManager: Mounting plugin AndroidDeviceProfileSelector
LogPluginManager: Mounting plugin ActorLayerUtilities
LogPluginManager: Mounting plugin AndroidMoviePlayer
LogPluginManager: Mounting plugin AndroidPermission
LogPluginManager: Mounting plugin AppleImageUtils
LogPluginManager: Mounting plugin AppleMoviePlayer
LogPluginManager: Mounting plugin ArchVisCharacter
LogPluginManager: Mounting plugin AssetTags
LogPluginManager: Mounting plugin AudioCapture
LogPluginManager: Mounting plugin AudioSynesthesia
LogPluginManager: Mounting plugin CableComponent
LogPluginManager: Mounting plugin ChunkDownloader
LogPluginManager: Mounting plugin CustomMeshComponent
LogPluginManager: Mounting plugin EditableMesh
LogPluginManager: Mounting plugin ExampleDeviceProfileSelector
LogPluginManager: Mounting plugin GoogleCloudMessaging
LogPluginManager: Mounting plugin GooglePAD
LogPluginManager: Mounting plugin ScreenshotTools
LogPluginManager: Mounting plugin IOSDeviceProfileSelector
LogPluginManager: Mounting plugin LinuxDeviceProfileSelector
LogPluginManager: Mounting plugin LocationServicesBPLibrary
LogPluginManager: Mounting plugin MobilePatchingUtils
LogPluginManager: Mounting plugin OpenXR
LogPluginManager: Mounting plugin OpenXREyeTracker
LogPluginManager: Mounting plugin OpenXRHandTracking
LogPluginManager: Mounting plugin PhysXVehicles
LogPluginManager: Mounting plugin Takes
LogPluginManager: Mounting plugin PostSplashScreen
LogPluginManager: Mounting plugin ProceduralMeshComponent
LogPluginManager: Mounting plugin PropertyAccessEditor
LogPluginManager: Mounting plugin RuntimePhysXCooking
LogPluginManager: Mounting plugin SignificanceManager
LogPluginManager: Mounting plugin SoundFields
LogPluginManager: Mounting plugin Synthesis
LogPluginManager: Mounting plugin WebMMoviePlayer
LogPluginManager: Mounting plugin WindowsMoviePlayer
LogPluginManager: Mounting plugin CameraShakePreviewer
LogPluginManager: Mounting plugin GameplayCameras
LogPluginManager: Mounting plugin ContentBrowserClassDataSource
LogPluginManager: Mounting plugin ContentBrowserAssetDataSource
LogPluginManager: Mounting plugin ContentBrowserFileDataSource
LogPluginManager: Mounting plugin OnlineSubsystemIOS
LogPluginManager: Mounting plugin OnlineSubsystemGooglePlay
LogPluginManager: Mounting plugin OculusVR
LogPluginManager: Mounting plugin SteamVR
PixWinPlugin: PIX capture plugin failed to initialize! Check that the process is launched from PIX.
LogInit: Using libcurl 7.55.1-DEV
LogInit:  - built for x86_64-pc-win32
LogInit:  - supports SSL with OpenSSL/1.1.1
LogInit:  - supports HTTP deflate (compression) using libz 1.2.8
LogInit:  - other features:
LogInit:      CURL_VERSION_SSL
LogInit:      CURL_VERSION_LIBZ
LogInit:      CURL_VERSION_IPV6
LogInit:      CURL_VERSION_ASYNCHDNS
LogInit:      CURL_VERSION_LARGEFILE
LogInit:      CURL_VERSION_IDN
LogInit:  CurlRequestOptions (configurable via config and command line):
LogInit:  - bVerifyPeer = true  - Libcurl will verify peer certificate
LogInit:  - bUseHttpProxy = false  - Libcurl will NOT use HTTP proxy
LogInit:  - bDontReuseConnections = false  - Libcurl will reuse connections
LogInit:  - MaxHostConnections = 16  - Libcurl will limit the number of connections to a host
LogInit:  - LocalHostAddr = Default
LogInit:  - BufferSize = 65536
LogOnline: OSS: Creating online subsystem instance for: NULL
LogInit: WinSock: version 1.1 (2.2), MaxSocks=32767, MaxUdp=65467
LogOnline: OSS: TryLoadSubsystemAndSetDefault: Loaded subsystem for module [NULL]
LogOculusPluginWrapper: OculusPlugin initialized successfully
LogHMD: Failed initializing OVRPlugin 1.59.0
LogInit: Build: ++UE4+Release-4.27-CL-18319896
LogInit: Engine Version: 4.27.2-18319896+++UE4+Release-4.27
LogInit: Compatible Engine Version: 4.27.0-17155196+++UE4+Release-4.27
LogInit: Net CL: 17155196
LogInit: OS: Windows 10 (Release 2009) (), CPU: AMD Ryzen 9 5900X 12-Core Processor            , GPU: NVIDIA GeForce RTX 3080 Ti
LogInit: Compiled (64-bit): Nov 30 2021 07:12:08
LogInit: Compiled with Visual C++: 19.24.28315.00
LogInit: Build Configuration: Development
LogInit: Branch Name: ++UE4+Release-4.27
LogInit: Command Line: 
LogInit: Base Directory: D:/EpicGames/UE_4.27/Engine/Binaries/Win64/
LogInit: Allocator: TBB
LogInit: Installed Engine Build: 1
LogDevObjectVersion: Number of dev versions registered: 29
LogDevObjectVersion:   Dev-Blueprints (B0D832E4-1F89-4F0D-ACCF-7EB736FD4AA2): 10
LogDevObjectVersion:   Dev-Build (E1C64328-A22C-4D53-A36C-8E866417BD8C): 0
LogDevObjectVersion:   Dev-Core (375EC13C-06E4-48FB-B500-84F0262A717E): 4
LogDevObjectVersion:   Dev-Editor (E4B068ED-F494-42E9-A231-DA0B2E46BB41): 40
LogDevObjectVersion:   Dev-Framework (CFFC743F-43B0-4480-9391-14DF171D2073): 37
LogDevObjectVersion:   Dev-Mobile (B02B49B5-BB20-44E9-A304-32B752E40360): 3
LogDevObjectVersion:   Dev-Networking (A4E4105C-59A1-49B5-A7C5-40C4547EDFEE): 0
LogDevObjectVersion:   Dev-Online (39C831C9-5AE6-47DC-9A44-9C173E1C8E7C): 0
LogDevObjectVersion:   Dev-Physics (78F01B33-EBEA-4F98-B9B4-84EACCB95AA2): 14
LogDevObjectVersion:   Dev-Platform (6631380F-2D4D-43E0-8009-CF276956A95A): 0
LogDevObjectVersion:   Dev-Rendering (12F88B9F-8875-4AFC-A67C-D90C383ABD29): 45
LogDevObjectVersion:   Dev-Sequencer (7B5AE74C-D270-4C10-A958-57980B212A5A): 13
LogDevObjectVersion:   Dev-VR (D7296918-1DD6-4BDD-9DE2-64A83CC13884): 3
LogDevObjectVersion:   Dev-LoadTimes (C2A15278-BFE7-4AFE-6C17-90FF531DF755): 1
LogDevObjectVersion:   Private-Geometry (6EACA3D4-40EC-4CC1-B786-8BED09428FC5): 3
LogDevObjectVersion:   Dev-AnimPhys (29E575DD-E0A3-4627-9D10-D276232CDCEA): 17
LogDevObjectVersion:   Dev-Anim (AF43A65D-7FD3-4947-9873-3E8ED9C1BB05): 15
LogDevObjectVersion:   Dev-ReflectionCapture (6B266CEC-1EC7-4B8F-A30B-E4D90942FC07): 1
LogDevObjectVersion:   Dev-Automation (0DF73D61-A23F-47EA-B727-89E90C41499A): 1
LogDevObjectVersion:   FortniteMain (601D1886-AC64-4F84-AA16-D3DE0DEAC7D6): 47
LogDevObjectVersion:   FortniteRelease (E7086368-6B23-4C58-8439-1B7016265E91): 1
LogDevObjectVersion:   Dev-Enterprise (9DFFBCD6-494F-0158-E221-12823C92A888): 10
LogDevObjectVersion:   Dev-Niagara (F2AED0AC-9AFE-416F-8664-AA7FFA26D6FC): 1
LogDevObjectVersion:   Dev-Destruction (174F1F0B-B4C6-45A5-B13F-2EE8D0FB917D): 10
LogDevObjectVersion:   Dev-Physics-Ext (35F94A83-E258-406C-A318-09F59610247C): 41
LogDevObjectVersion:   Dev-PhysicsMaterial-Chaos (B68FC16E-8B1B-42E2-B453-215C058844FE): 1
LogDevObjectVersion:   Dev-CineCamera (B2E18506-4273-CFC2-A54E-F4BB758BBA07): 1
LogDevObjectVersion:   Dev-VirtualProduction (64F58936-FD1B-42BA-BA96-7289D5D0FA4E): 1
LogDevObjectVersion:   Dev-MediaFramework (6F0ED827-A609-4895-9C91-998D90180EA4): 2
LogInit: Presizing for max 25165824 objects, including 0 objects not considered by GC, pre-allocating 0 bytes for permanent pool.
LogConfig: Applying CVar settings from Section [/Script/Engine.StreamingSettings] File [C:/UnrealProjects/STARRY-TAIL/StarryTail/Saved/Config/Windows/Engine.ini]
LogConfig: Setting CVar [[s.MinBulkDataSizeForAsyncLoading:131072]]
LogConfig: Setting CVar [[s.AsyncLoadingThreadEnabled:0]]
LogConfig: Setting CVar [[s.EventDrivenLoaderEnabled:1]]
LogConfig: Setting CVar [[s.WarnIfTimeLimitExceeded:0]]
LogConfig: Setting CVar [[s.TimeLimitExceededMultiplier:1.5]]
LogConfig: Setting CVar [[s.TimeLimitExceededMinTime:0.005]]
LogConfig: Setting CVar [[s.UseBackgroundLevelStreaming:1]]
LogConfig: Setting CVar [[s.PriorityAsyncLoadingExtraTime:15.0]]
LogConfig: Setting CVar [[s.LevelStreamingActorsUpdateTimeLimit:5.0]]
LogConfig: Setting CVar [[s.PriorityLevelStreamingActorsUpdateExtraTime:5.0]]
LogConfig: Setting CVar [[s.LevelStreamingComponentsRegistrationGranularity:10]]
LogConfig: Setting CVar [[s.UnregisterComponentsTimeLimit:1.0]]
LogConfig: Setting CVar [[s.LevelStreamingComponentsUnregistrationGranularity:5]]
LogConfig: Setting CVar [[s.FlushStreamingOnExit:1]]
LogInit: Object subsystem initialized
LogConfig: Setting CVar [[con.DebugEarlyDefault:1]]
LogConfig: Setting CVar [[r.setres:1280x720]]
[2022.02.23-13.11.20:251][  0]LogConfig: Setting CVar [[r.VSync:0]]
[2022.02.23-13.11.20:251][  0]LogConfig: Setting CVar [[r.RHICmdBypass:0]]
[2022.02.23-13.11.20:251][  0]LogConfig: Applying CVar settings from Section [/Script/Engine.RendererSettings] File [C:/UnrealProjects/STARRY-TAIL/StarryTail/Saved/Config/Windows/Engine.ini]
[2022.02.23-13.11.20:251][  0]LogConfig: Setting CVar [[r.GPUCrashDebugging:0]]
[2022.02.23-13.11.20:251][  0]LogConfig: Applying CVar settings from Section [/Script/Engine.RendererOverrideSettings] File [C:/UnrealProjects/STARRY-TAIL/StarryTail/Saved/Config/Windows/Engine.ini]
[2022.02.23-13.11.20:251][  0]LogConfig: Applying CVar settings from Section [/Script/Engine.StreamingSettings] File [C:/UnrealProjects/STARRY-TAIL/StarryTail/Saved/Config/Windows/Engine.ini]
[2022.02.23-13.11.20:251][  0]LogConfig: Setting CVar [[s.MinBulkDataSizeForAsyncLoading:131072]]
[2022.02.23-13.11.20:251][  0]LogConfig: Setting CVar [[s.AsyncLoadingThreadEnabled:0]]
[2022.02.23-13.11.20:251][  0]LogConfig: Setting CVar [[s.EventDrivenLoaderEnabled:1]]
[2022.02.23-13.11.20:251][  0]LogConfig: Setting CVar [[s.WarnIfTimeLimitExceeded:0]]
[2022.02.23-13.11.20:251][  0]LogConfig: Setting CVar [[s.TimeLimitExceededMultiplier:1.5]]
[2022.02.23-13.11.20:251][  0]LogConfig: Setting CVar [[s.TimeLimitExceededMinTime:0.005]]
[2022.02.23-13.11.20:251][  0]LogConfig: Setting CVar [[s.UseBackgroundLevelStreaming:1]]
[2022.02.23-13.11.20:251][  0]LogConfig: Setting CVar [[s.PriorityAsyncLoadingExtraTime:15.0]]
[2022.02.23-13.11.20:251][  0]LogConfig: Setting CVar [[s.LevelStreamingActorsUpdateTimeLimit:5.0]]
[2022.02.23-13.11.20:251][  0]LogConfig: Setting CVar [[s.PriorityLevelStreamingActorsUpdateExtraTime:5.0]]
[2022.02.23-13.11.20:251][  0]LogConfig: Setting CVar [[s.LevelStreamingComponentsRegistrationGranularity:10]]
[2022.02.23-13.11.20:251][  0]LogConfig: Setting CVar [[s.UnregisterComponentsTimeLimit:1.0]]
[2022.02.23-13.11.20:251][  0]LogConfig: Setting CVar [[s.LevelStreamingComponentsUnregistrationGranularity:5]]
[2022.02.23-13.11.20:251][  0]LogConfig: Setting CVar [[s.FlushStreamingOnExit:1]]
[2022.02.23-13.11.20:251][  0]LogConfig: Applying CVar settings from Section [/Script/Engine.GarbageCollectionSettings] File [C:/UnrealProjects/STARRY-TAIL/StarryTail/Saved/Config/Windows/Engine.ini]
[2022.02.23-13.11.20:251][  0]LogConfig: Setting CVar [[gc.MaxObjectsNotConsideredByGC:1]]
[2022.02.23-13.11.20:251][  0]LogConfig: Setting CVar [[gc.SizeOfPermanentObjectPool:0]]
[2022.02.23-13.11.20:251][  0]LogConfig: Setting CVar [[gc.FlushStreamingOnGC:0]]
[2022.02.23-13.11.20:251][  0]LogConfig: Setting CVar [[gc.NumRetriesBeforeForcingGC:10]]
[2022.02.23-13.11.20:251][  0]LogConfig: Setting CVar [[gc.AllowParallelGC:1]]
[2022.02.23-13.11.20:251][  0]LogConfig: Setting CVar [[gc.TimeBetweenPurgingPendingKillObjects:61.1]]
[2022.02.23-13.11.20:251][  0]LogConfig: Setting CVar [[gc.MaxObjectsInEditor:25165824]]
[2022.02.23-13.11.20:251][  0]LogConfig: Setting CVar [[gc.IncrementalBeginDestroyEnabled:1]]
[2022.02.23-13.11.20:251][  0]LogConfig: Setting CVar [[gc.CreateGCClusters:1]]
[2022.02.23-13.11.20:251][  0]LogConfig: Setting CVar [[gc.MinGCClusterSize:5]]
[2022.02.23-13.11.20:251][  0]LogConfig: Setting CVar [[gc.ActorClusteringEnabled:0]]
[2022.02.23-13.11.20:251][  0]LogConfig: Setting CVar [[gc.BlueprintClusteringEnabled:0]]
[2022.02.23-13.11.20:251][  0]LogConfig: Setting CVar [[gc.UseDisregardForGCOnDedicatedServers:0]]
[2022.02.23-13.11.20:251][  0]LogConfig: Setting CVar [[gc.MultithreadedDestructionEnabled:1]]
[2022.02.23-13.11.20:251][  0]LogConfig: Applying CVar settings from Section [/Script/Engine.NetworkSettings] File [C:/UnrealProjects/STARRY-TAIL/StarryTail/Saved/Config/Windows/Engine.ini]
[2022.02.23-13.11.20:251][  0]LogConfig: Applying CVar settings from Section [/Script/UnrealEd.CookerSettings] File [C:/UnrealProjects/STARRY-TAIL/StarryTail/Saved/Config/Windows/Engine.ini]
[2022.02.23-13.11.20:323][  0]LogConfig: Applying CVar settings from Section [ViewDistanceQuality@3] File [C:/UnrealProjects/STARRY-TAIL/StarryTail/Saved/Config/Windows/Scalability.ini]
[2022.02.23-13.11.20:323][  0]LogConfig: Setting CVar [[r.SkeletalMeshLODBias:0]]
[2022.02.23-13.11.20:323][  0]LogConfig: Setting CVar [[r.ViewDistanceScale:1.0]]
[2022.02.23-13.11.20:323][  0]LogConfig: Applying CVar settings from Section [AntiAliasingQuality@3] File [C:/UnrealProjects/STARRY-TAIL/StarryTail/Saved/Config/Windows/Scalability.ini]
[2022.02.23-13.11.20:323][  0]LogConfig: Setting CVar [[r.PostProcessAAQuality:4]]
[2022.02.23-13.11.20:323][  0]LogConfig: Applying CVar settings from Section [ShadowQuality@3] File [C:/UnrealProjects/STARRY-TAIL/StarryTail/Saved/Config/Windows/Scalability.ini]
[2022.02.23-13.11.20:323][  0]LogConfig: Setting CVar [[r.LightFunctionQuality:1]]
[2022.02.23-13.11.20:323][  0]LogConfig: Setting CVar [[r.ShadowQuality:5]]
[2022.02.23-13.11.20:323][  0]LogConfig: Setting CVar [[r.Shadow.CSM.MaxCascades:10]]
[2022.02.23-13.11.20:323][  0]LogConfig: Setting CVar [[r.Shadow.MaxResolution:2048]]
[2022.02.23-13.11.20:323][  0]LogConfig: Setting CVar [[r.Shadow.MaxCSMResolution:2048]]
[2022.02.23-13.11.20:323][  0]LogConfig: Setting CVar [[r.Shadow.RadiusThreshold:0.01]]
[2022.02.23-13.11.20:323][  0]LogConfig: Setting CVar [[r.Shadow.DistanceScale:1.0]]
[2022.02.23-13.11.20:323][  0]LogConfig: Setting CVar [[r.Shadow.CSM.TransitionScale:1.0]]
[2022.02.23-13.11.20:323][  0]LogConfig: Setting CVar [[r.Shadow.PreShadowResolutionFactor:1.0]]
[2022.02.23-13.11.20:323][  0]LogConfig: Setting CVar [[r.DistanceFieldShadowing:1]]
[2022.02.23-13.11.20:323][  0]LogConfig: Setting CVar [[r.DistanceFieldAO:1]]
[2022.02.23-13.11.20:323][  0]LogConfig: Setting CVar [[r.AOQuality:2]]
[2022.02.23-13.11.20:323][  0]LogConfig: Setting CVar [[r.VolumetricFog:1]]
[2022.02.23-13.11.20:323][  0]LogConfig: Setting CVar [[r.VolumetricFog.GridPixelSize:8]]
[2022.02.23-13.11.20:323][  0]LogConfig: Setting CVar [[r.VolumetricFog.GridSizeZ:128]]
[2022.02.23-13.11.20:323][  0]LogConfig: Setting CVar [[r.VolumetricFog.HistoryMissSupersampleCount:4]]
[2022.02.23-13.11.20:323][  0]LogConfig: Setting CVar [[r.LightMaxDrawDistanceScale:1]]
[2022.02.23-13.11.20:323][  0]LogConfig: Setting CVar [[r.CapsuleShadows:1]]
[2022.02.23-13.11.20:323][  0]LogConfig: Applying CVar settings from Section [PostProcessQuality@3] File [C:/UnrealProjects/STARRY-TAIL/StarryTail/Saved/Config/Windows/Scalability.ini]
[2022.02.23-13.11.20:323][  0]LogConfig: Setting CVar [[r.MotionBlurQuality:4]]
[2022.02.23-13.11.20:323][  0]LogConfig: Setting CVar [[r.AmbientOcclusionMipLevelFactor:0.4]]
[2022.02.23-13.11.20:323][  0]LogConfig: Setting CVar [[r.AmbientOcclusionMaxQuality:100]]
[2022.02.23-13.11.20:323][  0]LogConfig: Setting CVar [[r.AmbientOcclusionLevels:-1]]
[2022.02.23-13.11.20:323][  0]LogConfig: Setting CVar [[r.AmbientOcclusionRadiusScale:1.0]]
[2022.02.23-13.11.20:323][  0]LogConfig: Setting CVar [[r.DepthOfFieldQuality:2]]
[2022.02.23-13.11.20:323][  0]LogConfig: Setting CVar [[r.RenderTargetPoolMin:400]]
[2022.02.23-13.11.20:323][  0]LogConfig: Setting CVar [[r.LensFlareQuality:2]]
[2022.02.23-13.11.20:323][  0]LogConfig: Setting CVar [[r.SceneColorFringeQuality:1]]
[2022.02.23-13.11.20:323][  0]LogConfig: Setting CVar [[r.EyeAdaptationQuality:2]]
[2022.02.23-13.11.20:323][  0]LogConfig: Setting CVar [[r.BloomQuality:5]]
[2022.02.23-13.11.20:323][  0]LogConfig: Setting CVar [[r.FastBlurThreshold:100]]
[2022.02.23-13.11.20:323][  0]LogConfig: Setting CVar [[r.Upscale.Quality:3]]
[2022.02.23-13.11.20:323][  0]LogConfig: Setting CVar [[r.Tonemapper.GrainQuantization:1]]
[2022.02.23-13.11.20:323][  0]LogConfig: Setting CVar [[r.LightShaftQuality:1]]
[2022.02.23-13.11.20:323][  0]LogConfig: Setting CVar [[r.Filter.SizeScale:1]]
[2022.02.23-13.11.20:323][  0]LogConfig: Setting CVar [[r.Tonemapper.Quality:5]]
[2022.02.23-13.11.20:323][  0]LogConfig: Setting CVar [[r.DOF.Gather.AccumulatorQuality:1        ; higher gathering accumulator quality]]
[2022.02.23-13.11.20:323][  0]LogConfig: Setting CVar [[r.DOF.Gather.PostfilterMethod:1          ; Median3x3 postfilering method]]
[2022.02.23-13.11.20:323][  0]LogConfig: Setting CVar [[r.DOF.Gather.EnableBokehSettings:0       ; no bokeh simulation when gathering]]
[2022.02.23-13.11.20:323][  0]LogConfig: Setting CVar [[r.DOF.Gather.RingCount:4                 ; medium number of samples when gathering]]
[2022.02.23-13.11.20:323][  0]LogConfig: Setting CVar [[r.DOF.Scatter.ForegroundCompositing:1    ; additive foreground scattering]]
[2022.02.23-13.11.20:323][  0]LogConfig: Setting CVar [[r.DOF.Scatter.BackgroundCompositing:2    ; additive background scattering]]
[2022.02.23-13.11.20:323][  0]LogConfig: Setting CVar [[r.DOF.Scatter.EnableBokehSettings:1      ; bokeh simulation when scattering]]
[2022.02.23-13.11.20:323][  0]LogConfig: Setting CVar [[r.DOF.Scatter.MaxSpriteRatio:0.1         ; only a maximum of 10% of scattered bokeh]]
[2022.02.23-13.11.20:323][  0]LogConfig: Setting CVar [[r.DOF.Recombine.Quality:1                ; cheap slight out of focus]]
[2022.02.23-13.11.20:323][  0]LogConfig: Setting CVar [[r.DOF.Recombine.EnableBokehSettings:0    ; no bokeh simulation on slight out of focus]]
[2022.02.23-13.11.20:324][  0]LogConfig: Setting CVar [[r.DOF.TemporalAAQuality:1                ; more stable temporal accumulation]]
[2022.02.23-13.11.20:324][  0]LogConfig: Setting CVar [[r.DOF.Kernel.MaxForegroundRadius:0.025]]
[2022.02.23-13.11.20:324][  0]LogConfig: Setting CVar [[r.DOF.Kernel.MaxBackgroundRadius:0.025]]
[2022.02.23-13.11.20:324][  0]LogConfig: Applying CVar settings from Section [TextureQuality@3] File [C:/UnrealProjects/STARRY-TAIL/StarryTail/Saved/Config/Windows/Scalability.ini]
[2022.02.23-13.11.20:324][  0]LogConfig: Setting CVar [[r.Streaming.MipBias:0]]
[2022.02.23-13.11.20:324][  0]LogConfig: Setting CVar [[r.Streaming.AmortizeCPUToGPUCopy:0]]
[2022.02.23-13.11.20:324][  0]LogConfig: Setting CVar [[r.Streaming.MaxNumTexturesToStreamPerFrame:0]]
[2022.02.23-13.11.20:324][  0]LogConfig: Setting CVar [[r.Streaming.Boost:1]]
[2022.02.23-13.11.20:324][  0]LogConfig: Setting CVar [[r.MaxAnisotropy:8]]
[2022.02.23-13.11.20:324][  0]LogConfig: Setting CVar [[r.VT.MaxAnisotropy:8]]
[2022.02.23-13.11.20:324][  0]LogConfig: Setting CVar [[r.Streaming.LimitPoolSizeToVRAM:0]]
[2022.02.23-13.11.20:324][  0]LogConfig: Setting CVar [[r.Streaming.PoolSize:1000]]
[2022.02.23-13.11.20:324][  0]LogConfig: Setting CVar [[r.Streaming.MaxEffectiveScreenSize:0]]
[2022.02.23-13.11.20:324][  0]LogConfig: Applying CVar settings from Section [EffectsQuality@3] File [C:/UnrealProjects/STARRY-TAIL/StarryTail/Saved/Config/Windows/Scalability.ini]
[2022.02.23-13.11.20:324][  0]LogConfig: Setting CVar [[r.TranslucencyLightingVolumeDim:64]]
[2022.02.23-13.11.20:324][  0]LogConfig: Setting CVar [[r.RefractionQuality:2]]
[2022.02.23-13.11.20:324][  0]LogConfig: Setting CVar [[r.SSR.Quality:3]]
[2022.02.23-13.11.20:324][  0]LogConfig: Setting CVar [[r.SSR.HalfResSceneColor:0]]
[2022.02.23-13.11.20:324][  0]LogConfig: Setting CVar [[r.SceneColorFormat:4]]
[2022.02.23-13.11.20:324][  0]LogConfig: Setting CVar [[r.DetailMode:2]]
[2022.02.23-13.11.20:324][  0]LogConfig: Setting CVar [[r.TranslucencyVolumeBlur:1]]
[2022.02.23-13.11.20:324][  0]LogConfig: Setting CVar [[r.MaterialQualityLevel:1 ; High quality]]
[2022.02.23-13.11.20:324][  0]LogConfig: Setting CVar [[r.AnisotropicMaterials:1]]
[2022.02.23-13.11.20:324][  0]LogConfig: Setting CVar [[r.SSS.Scale:1]]
[2022.02.23-13.11.20:324][  0]LogConfig: Setting CVar [[r.SSS.SampleSet:2]]
[2022.02.23-13.11.20:324][  0]LogConfig: Setting CVar [[r.SSS.Quality:1]]
[2022.02.23-13.11.20:324][  0]LogConfig: Setting CVar [[r.SSS.HalfRes:0]]
[2022.02.23-13.11.20:324][  0]LogConfig: Setting CVar [[r.SSGI.Quality:3]]
[2022.02.23-13.11.20:324][  0]LogConfig: Setting CVar [[r.EmitterSpawnRateScale:1.0]]
[2022.02.23-13.11.20:324][  0]LogConfig: Setting CVar [[r.ParticleLightQuality:2]]
[2022.02.23-13.11.20:324][  0]LogConfig: Setting CVar [[r.SkyAtmosphere.AerialPerspectiveLUT.FastApplyOnOpaque:1 ; Always have FastSkyLUT 1 in this case to avoid wrong sky]]
[2022.02.23-13.11.20:324][  0]LogConfig: Setting CVar [[r.SkyAtmosphere.AerialPerspectiveLUT.SampleCountMaxPerSlice:4]]
[2022.02.23-13.11.20:324][  0]LogConfig: Setting CVar [[r.SkyAtmosphere.AerialPerspectiveLUT.DepthResolution:16.0]]
[2022.02.23-13.11.20:324][  0]LogConfig: Setting CVar [[r.SkyAtmosphere.FastSkyLUT:1]]
[2022.02.23-13.11.20:324][  0]LogConfig: Setting CVar [[r.SkyAtmosphere.FastSkyLUT.SampleCountMin:4.0]]
[2022.02.23-13.11.20:324][  0]LogConfig: Setting CVar [[r.SkyAtmosphere.FastSkyLUT.SampleCountMax:128.0]]
[2022.02.23-13.11.20:324][  0]LogConfig: Setting CVar [[r.SkyAtmosphere.SampleCountMin:4.0]]
[2022.02.23-13.11.20:324][  0]LogConfig: Setting CVar [[r.SkyAtmosphere.SampleCountMax:128.0]]
[2022.02.23-13.11.20:324][  0]LogConfig: Setting CVar [[r.SkyAtmosphere.TransmittanceLUT.UseSmallFormat:0]]
[2022.02.23-13.11.20:324][  0]LogConfig: Setting CVar [[r.SkyAtmosphere.TransmittanceLUT.SampleCount:10.0]]
[2022.02.23-13.11.20:324][  0]LogConfig: Setting CVar [[r.SkyAtmosphere.MultiScatteringLUT.SampleCount:15.0]]
[2022.02.23-13.11.20:324][  0]LogConfig: Setting CVar [[r.SkyLight.RealTimeReflectionCapture:1]]
[2022.02.23-13.11.20:324][  0]LogConfig: Applying CVar settings from Section [FoliageQuality@3] File [C:/UnrealProjects/STARRY-TAIL/StarryTail/Saved/Config/Windows/Scalability.ini]
[2022.02.23-13.11.20:324][  0]LogConfig: Setting CVar [[foliage.DensityScale:1.0]]
[2022.02.23-13.11.20:324][  0]LogConfig: Setting CVar [[grass.DensityScale:1.0]]
[2022.02.23-13.11.20:324][  0]LogConfig: Applying CVar settings from Section [ShadingQuality@3] File [C:/UnrealProjects/STARRY-TAIL/StarryTail/Saved/Config/Windows/Scalability.ini]
[2022.02.23-13.11.20:324][  0]LogConfig: Setting CVar [[r.HairStrands.SkyLighting.IntegrationType:2]]
[2022.02.23-13.11.20:324][  0]LogConfig: Setting CVar [[r.HairStrands.SkyAO.SampleCount:4]]
[2022.02.23-13.11.20:324][  0]LogConfig: Setting CVar [[r.HairStrands.Visibility.MSAA.SamplePerPixel:4]]
[2022.02.23-13.11.20:324][  0]LogInit: Selected Device Profile: [Windows]
[2022.02.23-13.11.20:324][  0]LogInit: Applying CVar settings loaded from the selected device profile: [Windows]
[2022.02.23-13.11.20:324][  0]LogHAL: Display: Platform has ~ 32 GB [34278604800 / 34359738368 / 32], which maps to Largest [LargestMinGB=32, LargerMinGB=12, DefaultMinGB=8, SmallerMinGB=6, SmallestMinGB=0)
[2022.02.23-13.11.20:324][  0]LogInit: Going up to parent DeviceProfile []
[2022.02.23-13.11.20:324][  0]LogConfig: Applying CVar settings from Section [ViewDistanceQuality@3] File [C:/UnrealProjects/STARRY-TAIL/StarryTail/Saved/Config/Windows/Scalability.ini]
[2022.02.23-13.11.20:324][  0]LogConfig: Setting CVar [[r.SkeletalMeshLODBias:0]]
[2022.02.23-13.11.20:324][  0]LogConfig: Setting CVar [[r.ViewDistanceScale:1.0]]
[2022.02.23-13.11.20:324][  0]LogConfig: Applying CVar settings from Section [AntiAliasingQuality@3] File [C:/UnrealProjects/STARRY-TAIL/StarryTail/Saved/Config/Windows/Scalability.ini]
[2022.02.23-13.11.20:324][  0]LogConfig: Setting CVar [[r.PostProcessAAQuality:4]]
[2022.02.23-13.11.20:324][  0]LogConfig: Applying CVar settings from Section [ShadowQuality@3] File [C:/UnrealProjects/STARRY-TAIL/StarryTail/Saved/Config/Windows/Scalability.ini]
[2022.02.23-13.11.20:324][  0]LogConfig: Setting CVar [[r.LightFunctionQuality:1]]
[2022.02.23-13.11.20:324][  0]LogConfig: Setting CVar [[r.ShadowQuality:5]]
[2022.02.23-13.11.20:324][  0]LogConfig: Setting CVar [[r.Shadow.CSM.MaxCascades:10]]
[2022.02.23-13.11.20:324][  0]LogConfig: Setting CVar [[r.Shadow.MaxResolution:2048]]
[2022.02.23-13.11.20:324][  0]LogConfig: Setting CVar [[r.Shadow.MaxCSMResolution:2048]]
[2022.02.23-13.11.20:324][  0]LogConfig: Setting CVar [[r.Shadow.RadiusThreshold:0.01]]
[2022.02.23-13.11.20:324][  0]LogConfig: Setting CVar [[r.Shadow.DistanceScale:1.0]]
[2022.02.23-13.11.20:324][  0]LogConfig: Setting CVar [[r.Shadow.CSM.TransitionScale:1.0]]
[2022.02.23-13.11.20:324][  0]LogConfig: Setting CVar [[r.Shadow.PreShadowResolutionFactor:1.0]]
[2022.02.23-13.11.20:324][  0]LogConfig: Setting CVar [[r.DistanceFieldShadowing:1]]
[2022.02.23-13.11.20:324][  0]LogConfig: Setting CVar [[r.DistanceFieldAO:1]]
[2022.02.23-13.11.20:324][  0]LogConfig: Setting CVar [[r.AOQuality:2]]
[2022.02.23-13.11.20:324][  0]LogConfig: Setting CVar [[r.VolumetricFog:1]]
[2022.02.23-13.11.20:324][  0]LogConfig: Setting CVar [[r.VolumetricFog.GridPixelSize:8]]
[2022.02.23-13.11.20:324][  0]LogConfig: Setting CVar [[r.VolumetricFog.GridSizeZ:128]]
[2022.02.23-13.11.20:324][  0]LogConfig: Setting CVar [[r.VolumetricFog.HistoryMissSupersampleCount:4]]
[2022.02.23-13.11.20:324][  0]LogConfig: Setting CVar [[r.LightMaxDrawDistanceScale:1]]
[2022.02.23-13.11.20:324][  0]LogConfig: Setting CVar [[r.CapsuleShadows:1]]
[2022.02.23-13.11.20:324][  0]LogConfig: Applying CVar settings from Section [PostProcessQuality@3] File [C:/UnrealProjects/STARRY-TAIL/StarryTail/Saved/Config/Windows/Scalability.ini]
[2022.02.23-13.11.20:324][  0]LogConfig: Setting CVar [[r.MotionBlurQuality:4]]
[2022.02.23-13.11.20:324][  0]LogConfig: Setting CVar [[r.AmbientOcclusionMipLevelFactor:0.4]]
[2022.02.23-13.11.20:324][  0]LogConfig: Setting CVar [[r.AmbientOcclusionMaxQuality:100]]
[2022.02.23-13.11.20:324][  0]LogConfig: Setting CVar [[r.AmbientOcclusionLevels:-1]]
[2022.02.23-13.11.20:324][  0]LogConfig: Setting CVar [[r.AmbientOcclusionRadiusScale:1.0]]
[2022.02.23-13.11.20:324][  0]LogConfig: Setting CVar [[r.DepthOfFieldQuality:2]]
[2022.02.23-13.11.20:324][  0]LogConfig: Setting CVar [[r.RenderTargetPoolMin:400]]
[2022.02.23-13.11.20:324][  0]LogConfig: Setting CVar [[r.LensFlareQuality:2]]
[2022.02.23-13.11.20:324][  0]LogConfig: Setting CVar [[r.SceneColorFringeQuality:1]]
[2022.02.23-13.11.20:324][  0]LogConfig: Setting CVar [[r.EyeAdaptationQuality:2]]
[2022.02.23-13.11.20:324][  0]LogConfig: Setting CVar [[r.BloomQuality:5]]
[2022.02.23-13.11.20:324][  0]LogConfig: Setting CVar [[r.FastBlurThreshold:100]]
[2022.02.23-13.11.20:324][  0]LogConfig: Setting CVar [[r.Upscale.Quality:3]]
[2022.02.23-13.11.20:324][  0]LogConfig: Setting CVar [[r.Tonemapper.GrainQuantization:1]]
[2022.02.23-13.11.20:324][  0]LogConfig: Setting CVar [[r.LightShaftQuality:1]]
[2022.02.23-13.11.20:324][  0]LogConfig: Setting CVar [[r.Filter.SizeScale:1]]
[2022.02.23-13.11.20:324][  0]LogConfig: Setting CVar [[r.Tonemapper.Quality:5]]
[2022.02.23-13.11.20:324][  0]LogConfig: Setting CVar [[r.DOF.Gather.AccumulatorQuality:1        ; higher gathering accumulator quality]]
[2022.02.23-13.11.20:324][  0]LogConfig: Setting CVar [[r.DOF.Gather.PostfilterMethod:1          ; Median3x3 postfilering method]]
[2022.02.23-13.11.20:324][  0]LogConfig: Setting CVar [[r.DOF.Gather.EnableBokehSettings:0       ; no bokeh simulation when gathering]]
[2022.02.23-13.11.20:324][  0]LogConfig: Setting CVar [[r.DOF.Gather.RingCount:4                 ; medium number of samples when gathering]]
[2022.02.23-13.11.20:324][  0]LogConfig: Setting CVar [[r.DOF.Scatter.ForegroundCompositing:1    ; additive foreground scattering]]
[2022.02.23-13.11.20:324][  0]LogConfig: Setting CVar [[r.DOF.Scatter.BackgroundCompositing:2    ; additive background scattering]]
[2022.02.23-13.11.20:324][  0]LogConfig: Setting CVar [[r.DOF.Scatter.EnableBokehSettings:1      ; bokeh simulation when scattering]]
[2022.02.23-13.11.20:324][  0]LogConfig: Setting CVar [[r.DOF.Scatter.MaxSpriteRatio:0.1         ; only a maximum of 10% of scattered bokeh]]
[2022.02.23-13.11.20:324][  0]LogConfig: Setting CVar [[r.DOF.Recombine.Quality:1                ; cheap slight out of focus]]
[2022.02.23-13.11.20:324][  0]LogConfig: Setting CVar [[r.DOF.Recombine.EnableBokehSettings:0    ; no bokeh simulation on slight out of focus]]
[2022.02.23-13.11.20:324][  0]LogConfig: Setting CVar [[r.DOF.TemporalAAQuality:1                ; more stable temporal accumulation]]
[2022.02.23-13.11.20:324][  0]LogConfig: Setting CVar [[r.DOF.Kernel.MaxForegroundRadius:0.025]]
[2022.02.23-13.11.20:324][  0]LogConfig: Setting CVar [[r.DOF.Kernel.MaxBackgroundRadius:0.025]]
[2022.02.23-13.11.20:324][  0]LogConfig: Applying CVar settings from Section [TextureQuality@3] File [C:/UnrealProjects/STARRY-TAIL/StarryTail/Saved/Config/Windows/Scalability.ini]
[2022.02.23-13.11.20:324][  0]LogConfig: Setting CVar [[r.Streaming.MipBias:0]]
[2022.02.23-13.11.20:324][  0]LogConfig: Setting CVar [[r.Streaming.AmortizeCPUToGPUCopy:0]]
[2022.02.23-13.11.20:324][  0]LogConfig: Setting CVar [[r.Streaming.MaxNumTexturesToStreamPerFrame:0]]
[2022.02.23-13.11.20:324][  0]LogConfig: Setting CVar [[r.Streaming.Boost:1]]
[2022.02.23-13.11.20:324][  0]LogConfig: Setting CVar [[r.MaxAnisotropy:8]]
[2022.02.23-13.11.20:324][  0]LogConfig: Setting CVar [[r.VT.MaxAnisotropy:8]]
[2022.02.23-13.11.20:324][  0]LogConfig: Setting CVar [[r.Streaming.LimitPoolSizeToVRAM:0]]
[2022.02.23-13.11.20:324][  0]LogConfig: Setting CVar [[r.Streaming.PoolSize:1000]]
[2022.02.23-13.11.20:324][  0]LogConfig: Setting CVar [[r.Streaming.MaxEffectiveScreenSize:0]]
[2022.02.23-13.11.20:324][  0]LogConfig: Applying CVar settings from Section [EffectsQuality@3] File [C:/UnrealProjects/STARRY-TAIL/StarryTail/Saved/Config/Windows/Scalability.ini]
[2022.02.23-13.11.20:324][  0]LogConfig: Setting CVar [[r.TranslucencyLightingVolumeDim:64]]
[2022.02.23-13.11.20:324][  0]LogConfig: Setting CVar [[r.RefractionQuality:2]]
[2022.02.23-13.11.20:324][  0]LogConfig: Setting CVar [[r.SSR.Quality:3]]
[2022.02.23-13.11.20:324][  0]LogConfig: Setting CVar [[r.SSR.HalfResSceneColor:0]]
[2022.02.23-13.11.20:324][  0]LogConfig: Setting CVar [[r.SceneColorFormat:4]]
[2022.02.23-13.11.20:325][  0]LogConfig: Setting CVar [[r.DetailMode:2]]
[2022.02.23-13.11.20:325][  0]LogConfig: Setting CVar [[r.TranslucencyVolumeBlur:1]]
[2022.02.23-13.11.20:325][  0]LogConfig: Setting CVar [[r.MaterialQualityLevel:1 ; High quality]]
[2022.02.23-13.11.20:325][  0]LogConfig: Setting CVar [[r.AnisotropicMaterials:1]]
[2022.02.23-13.11.20:325][  0]LogConfig: Setting CVar [[r.SSS.Scale:1]]
[2022.02.23-13.11.20:325][  0]LogConfig: Setting CVar [[r.SSS.SampleSet:2]]
[2022.02.23-13.11.20:325][  0]LogConfig: Setting CVar [[r.SSS.Quality:1]]
[2022.02.23-13.11.20:325][  0]LogConfig: Setting CVar [[r.SSS.HalfRes:0]]
[2022.02.23-13.11.20:325][  0]LogConfig: Setting CVar [[r.SSGI.Quality:3]]
[2022.02.23-13.11.20:325][  0]LogConfig: Setting CVar [[r.EmitterSpawnRateScale:1.0]]
[2022.02.23-13.11.20:325][  0]LogConfig: Setting CVar [[r.ParticleLightQuality:2]]
[2022.02.23-13.11.20:325][  0]LogConfig: Setting CVar [[r.SkyAtmosphere.AerialPerspectiveLUT.FastApplyOnOpaque:1 ; Always have FastSkyLUT 1 in this case to avoid wrong sky]]
[2022.02.23-13.11.20:325][  0]LogConfig: Setting CVar [[r.SkyAtmosphere.AerialPerspectiveLUT.SampleCountMaxPerSlice:4]]
[2022.02.23-13.11.20:325][  0]LogConfig: Setting CVar [[r.SkyAtmosphere.AerialPerspectiveLUT.DepthResolution:16.0]]
[2022.02.23-13.11.20:325][  0]LogConfig: Setting CVar [[r.SkyAtmosphere.FastSkyLUT:1]]
[2022.02.23-13.11.20:325][  0]LogConfig: Setting CVar [[r.SkyAtmosphere.FastSkyLUT.SampleCountMin:4.0]]
[2022.02.23-13.11.20:325][  0]LogConfig: Setting CVar [[r.SkyAtmosphere.FastSkyLUT.SampleCountMax:128.0]]
[2022.02.23-13.11.20:325][  0]LogConfig: Setting CVar [[r.SkyAtmosphere.SampleCountMin:4.0]]
[2022.02.23-13.11.20:325][  0]LogConfig: Setting CVar [[r.SkyAtmosphere.SampleCountMax:128.0]]
[2022.02.23-13.11.20:325][  0]LogConfig: Setting CVar [[r.SkyAtmosphere.TransmittanceLUT.UseSmallFormat:0]]
[2022.02.23-13.11.20:325][  0]LogConfig: Setting CVar [[r.SkyAtmosphere.TransmittanceLUT.SampleCount:10.0]]
[2022.02.23-13.11.20:325][  0]LogConfig: Setting CVar [[r.SkyAtmosphere.MultiScatteringLUT.SampleCount:15.0]]
[2022.02.23-13.11.20:325][  0]LogConfig: Setting CVar [[r.SkyLight.RealTimeReflectionCapture:1]]
[2022.02.23-13.11.20:325][  0]LogConfig: Applying CVar settings from Section [FoliageQuality@3] File [C:/UnrealProjects/STARRY-TAIL/StarryTail/Saved/Config/Windows/Scalability.ini]
[2022.02.23-13.11.20:325][  0]LogConfig: Setting CVar [[foliage.DensityScale:1.0]]
[2022.02.23-13.11.20:325][  0]LogConfig: Setting CVar [[grass.DensityScale:1.0]]
[2022.02.23-13.11.20:325][  0]LogConfig: Applying CVar settings from Section [ShadingQuality@3] File [C:/UnrealProjects/STARRY-TAIL/StarryTail/Saved/Config/Windows/Scalability.ini]
[2022.02.23-13.11.20:325][  0]LogConfig: Setting CVar [[r.HairStrands.SkyLighting.IntegrationType:2]]
[2022.02.23-13.11.20:325][  0]LogConfig: Setting CVar [[r.HairStrands.SkyAO.SampleCount:4]]
[2022.02.23-13.11.20:325][  0]LogConfig: Setting CVar [[r.HairStrands.Visibility.MSAA.SamplePerPixel:4]]
[2022.02.23-13.11.20:325][  0]LogConfig: Applying CVar settings from Section [Startup] File [../../../Engine/Config/ConsoleVariables.ini]
[2022.02.23-13.11.20:325][  0]LogConfig: Setting CVar [[net.UseAdaptiveNetUpdateFrequency:0]]
[2022.02.23-13.11.20:325][  0]LogConfig: Setting CVar [[p.chaos.AllowCreatePhysxBodies:1]]
[2022.02.23-13.11.20:325][  0]LogConfig: Setting CVar [[fx.SkipVectorVMBackendOptimizations:1]]
[2022.02.23-13.11.20:325][  0]LogConfig: Applying CVar settings from Section [ConsoleVariables] File [C:/UnrealProjects/STARRY-TAIL/StarryTail/Saved/Config/Windows/Engine.ini]
[2022.02.23-13.11.20:325][  0]LogConfig: Applying CVar settings from Section [ConsoleVariables] File [C:/UnrealProjects/STARRY-TAIL/StarryTail/Saved/Config/Windows/Editor.ini]
[2022.02.23-13.11.20:325][  0]LogInit: Computer: DESKTOP-RGJHDRQ
[2022.02.23-13.11.20:325][  0]LogInit: User: syhwms
[2022.02.23-13.11.20:325][  0]LogInit: CPU Page size=4096, Cores=12
[2022.02.23-13.11.20:325][  0]LogInit: High frequency timer resolution =10.000000 MHz
[2022.02.23-13.11.20:325][  0]LogMemory: Memory total: Physical=31.9GB (32GB approx)
[2022.02.23-13.11.20:325][  0]LogMemory: Platform Memory Stats for Windows
[2022.02.23-13.11.20:325][  0]LogMemory: Process Physical Memory: 151.79 MB used, 151.80 MB peak
[2022.02.23-13.11.20:325][  0]LogMemory: Process Virtual Memory: 128.10 MB used, 128.10 MB peak
[2022.02.23-13.11.20:325][  0]LogMemory: Physical Memory: 11731.02 MB used,  20959.61 MB free, 32690.62 MB total
[2022.02.23-13.11.20:325][  0]LogMemory: Virtual Memory: 134194392.00 MB used,  23334.36 MB free, 134217728.00 MB total
[2022.02.23-13.11.20:330][  0]LogWindows: WindowsPlatformFeatures enabled
[2022.02.23-13.11.20:370][  0]LogInit: Physics initialised using underlying interface: PhysX
[2022.02.23-13.11.20:371][  0]LogInit: Using OS detected language (ko-KR).
[2022.02.23-13.11.20:371][  0]LogInit: Using OS detected locale (ko-KR).
[2022.02.23-13.11.20:373][  0]LogTextLocalizationManager: No specific localization for 'ko-KR' exists, so the 'ko' localization will be used.
[2022.02.23-13.11.20:445][  0]LogInit: Setting process to per monitor DPI aware
[2022.02.23-13.11.20:461][  0]LogWindowsTextInputMethodSystem: Display: IME system deactivated.
[2022.02.23-13.11.20:471][  0]LogSlate: New Slate User Created.  User Index 0, Is Virtual User: 0
[2022.02.23-13.11.20:471][  0]LogSlate: Slate User Registered.  User Index 0, Is Virtual User: 0
[2022.02.23-13.11.20:597][  0]LogD3D11RHI: Loaded GFSDK_Aftermath_Lib.x64.dll
[2022.02.23-13.11.20:599][  0]LogHMD: Failed to initialize OpenVR with code 110
[2022.02.23-13.11.20:599][  0]LogD3D11RHI: D3D11 min allowed feature level: 11_0
[2022.02.23-13.11.20:599][  0]LogD3D11RHI: D3D11 max allowed feature level: 11_0
[2022.02.23-13.11.20:599][  0]LogD3D11RHI: D3D11 adapters:
[2022.02.23-13.11.20:700][  0]LogD3D11RHI:    0. 'NVIDIA GeForce RTX 3080 Ti' (Feature Level 11_0)
[2022.02.23-13.11.20:701][  0]LogD3D11RHI:       12108/0/16345 MB DedicatedVideo/DedicatedSystem/SharedSystem, Outputs:2, VendorId:0x10de
[2022.02.23-13.11.20:702][  0]LogD3D11RHI:    1. 'Microsoft Basic Render Driver' (Feature Level 11_0)
[2022.02.23-13.11.20:702][  0]LogD3D11RHI:       0/0/16345 MB DedicatedVideo/DedicatedSystem/SharedSystem, Outputs:0, VendorId:0x1414
[2022.02.23-13.11.20:702][  0]LogD3D11RHI: Chosen D3D11 Adapter:
[2022.02.23-13.11.20:702][  0]LogD3D11RHI:     Description : NVIDIA GeForce RTX 3080 Ti
[2022.02.23-13.11.20:702][  0]LogD3D11RHI:     VendorId    : 10de
[2022.02.23-13.11.20:702][  0]LogD3D11RHI:     DeviceId    : 2208
[2022.02.23-13.11.20:702][  0]LogD3D11RHI:     SubSysId    : 140a7377
[2022.02.23-13.11.20:702][  0]LogD3D11RHI:     Revision    : 00a1
[2022.02.23-13.11.20:702][  0]LogD3D11RHI:     DedicatedVideoMemory : 12696158208 bytes
[2022.02.23-13.11.20:702][  0]LogD3D11RHI:     DedicatedSystemMemory : 0 bytes
[2022.02.23-13.11.20:702][  0]LogD3D11RHI:     SharedSystemMemory : 17139302400 bytes
[2022.02.23-13.11.20:702][  0]LogD3D11RHI:     AdapterLuid : 0 60312
[2022.02.23-13.11.20:708][  0]LogD3D11RHI: Creating new Direct3DDevice
[2022.02.23-13.11.20:708][  0]LogD3D11RHI:     GPU DeviceId: 0x2208 (for the marketing name, search the web for "GPU Device Id")
[2022.02.23-13.11.20:708][  0]LogWindows: EnumDisplayDevices:
[2022.02.23-13.11.20:708][  0]LogWindows:    0. 'NVIDIA GeForce RTX 3080 Ti' (P:1 D:1)
[2022.02.23-13.11.20:709][  0]LogWindows:    1. 'NVIDIA GeForce RTX 3080 Ti' (P:0 D:1)
[2022.02.23-13.11.20:709][  0]LogWindows:    2. 'NVIDIA GeForce RTX 3080 Ti' (P:0 D:0)
[2022.02.23-13.11.20:709][  0]LogWindows:    3. 'NVIDIA GeForce RTX 3080 Ti' (P:0 D:0)
[2022.02.23-13.11.20:709][  0]LogWindows: DebugString: FoundDriverCount:4 
[2022.02.23-13.11.20:709][  0]LogD3D11RHI:     Adapter Name: NVIDIA GeForce RTX 3080 Ti
[2022.02.23-13.11.20:709][  0]LogD3D11RHI:   Driver Version: 511.79 (internal:30.0.15.1179, unified:511.79)
[2022.02.23-13.11.20:709][  0]LogD3D11RHI:      Driver Date: 2-10-2022
[2022.02.23-13.11.20:709][  0]LogRHI: Texture pool is 8475 MB (70% of 12108 MB)
[2022.02.23-13.11.20:709][  0]LogD3D11RHI: Creating D3DDevice using adapter:
[2022.02.23-13.11.20:709][  0]LogD3D11RHI:     Description : NVIDIA GeForce RTX 3080 Ti
[2022.02.23-13.11.20:709][  0]LogD3D11RHI:     VendorId    : 10de
[2022.02.23-13.11.20:709][  0]LogD3D11RHI:     DeviceId    : 2208
[2022.02.23-13.11.20:709][  0]LogD3D11RHI:     SubSysId    : 140a7377
[2022.02.23-13.11.20:709][  0]LogD3D11RHI:     Revision    : 00a1
[2022.02.23-13.11.20:709][  0]LogD3D11RHI:     DedicatedVideoMemory : 12696158208 bytes
[2022.02.23-13.11.20:709][  0]LogD3D11RHI:     DedicatedSystemMemory : 0 bytes
[2022.02.23-13.11.20:709][  0]LogD3D11RHI:     SharedSystemMemory : 17139302400 bytes
[2022.02.23-13.11.20:709][  0]LogD3D11RHI:     AdapterLuid : 0 60312
[2022.02.23-13.11.20:757][  0]LogD3D11RHI: RHI has support for 64 bit atomics
[2022.02.23-13.11.20:757][  0]LogD3D11RHI: Async texture creation enabled
[2022.02.23-13.11.20:757][  0]LogD3D11RHI: Array index from any shader is supported
[2022.02.23-13.11.20:776][  0]LogD3D11RHI: GPU Timing Frequency: 1000.000000 (Debug: 2 1)
[2022.02.23-13.11.20:808][  0]LogRHI: GeForceNow SDK initialized: 1
[2022.02.23-13.11.21:041][  0]LogTargetPlatformManager: Display: Loaded TargetPlatform 'AllDesktop'
[2022.02.23-13.11.21:057][  0]LogTargetPlatformManager: Display: Loaded TargetPlatform 'Android'
[2022.02.23-13.11.21:057][  0]LogTargetPlatformManager: Display: Loaded TargetPlatform 'Android_ASTC'
[2022.02.23-13.11.21:057][  0]LogTargetPlatformManager: Display: Loaded TargetPlatform 'Android_DXT'
[2022.02.23-13.11.21:057][  0]LogTargetPlatformManager: Display: Loaded TargetPlatform 'Android_ETC2'
[2022.02.23-13.11.21:057][  0]LogTargetPlatformManager: Display: Loaded TargetPlatform 'AndroidClient'
[2022.02.23-13.11.21:057][  0]LogTargetPlatformManager: Display: Loaded TargetPlatform 'Android_ASTCClient'
[2022.02.23-13.11.21:057][  0]LogTargetPlatformManager: Display: Loaded TargetPlatform 'Android_DXTClient'
[2022.02.23-13.11.21:057][  0]LogTargetPlatformManager: Display: Loaded TargetPlatform 'Android_ETC2Client'
[2022.02.23-13.11.21:057][  0]LogTargetPlatformManager: Display: Loaded TargetPlatform 'Android_Multi'
[2022.02.23-13.11.21:057][  0]LogTargetPlatformManager: Display: Loaded TargetPlatform 'Android_MultiClient'
[2022.02.23-13.11.21:071][  0]LogTargetPlatformManager: Display: Loaded TargetPlatform 'IOSClient'
[2022.02.23-13.11.21:071][  0]LogTargetPlatformManager: Display: Loaded TargetPlatform 'IOS'
[2022.02.23-13.11.21:079][  0]LogTargetPlatformManager: Display: Loaded TargetPlatform 'Linux'
[2022.02.23-13.11.21:082][  0]LogTargetPlatformManager: Display: Loaded TargetPlatform 'LinuxNoEditor'
[2022.02.23-13.11.21:086][  0]LogTargetPlatformManager: Display: Loaded TargetPlatform 'LinuxClient'
[2022.02.23-13.11.21:090][  0]LogTargetPlatformManager: Display: Loaded TargetPlatform 'LinuxServer'
[2022.02.23-13.11.21:097][  0]LogTargetPlatformManager: Display: Loaded TargetPlatform 'LinuxAArch64NoEditor'
[2022.02.23-13.11.21:101][  0]LogTargetPlatformManager: Display: Loaded TargetPlatform 'LinuxAArch64Client'
[2022.02.23-13.11.21:104][  0]LogTargetPlatformManager: Display: Loaded TargetPlatform 'LinuxAArch64Server'
[2022.02.23-13.11.21:123][  0]LogTargetPlatformManager: Display: Loaded TargetPlatform 'Lumin'
[2022.02.23-13.11.21:123][  0]LogTargetPlatformManager: Display: Loaded TargetPlatform 'LuminClient'
[2022.02.23-13.11.21:129][  0]LogTargetPlatformManager: Display: Loaded TargetPlatform 'MacNoEditor'
[2022.02.23-13.11.21:132][  0]LogTargetPlatformManager: Display: Loaded TargetPlatform 'Mac'
[2022.02.23-13.11.21:136][  0]LogTargetPlatformManager: Display: Loaded TargetPlatform 'MacClient'
[2022.02.23-13.11.21:139][  0]LogTargetPlatformManager: Display: Loaded TargetPlatform 'MacServer'
[2022.02.23-13.11.21:147][  0]LogTargetPlatformManager: Display: Loaded TargetPlatform 'TVOSClient'
[2022.02.23-13.11.21:147][  0]LogTargetPlatformManager: Display: Loaded TargetPlatform 'TVOS'
[2022.02.23-13.11.21:154][  0]LogTargetPlatformManager: Display: Loaded TargetPlatform 'WindowsNoEditor'
[2022.02.23-13.11.21:158][  0]LogTargetPlatformManager: Display: Loaded TargetPlatform 'Windows'
[2022.02.23-13.11.21:163][  0]LogTargetPlatformManager: Display: Loaded TargetPlatform 'WindowsClient'
[2022.02.23-13.11.21:167][  0]LogTargetPlatformManager: Display: Loaded TargetPlatform 'WindowsServer'
[2022.02.23-13.11.21:167][  0]LogTargetPlatformManager: Display: Building Assets For Windows
[2022.02.23-13.11.21:174][  0]LogAudioDebug: Display: Lib vorbis DLL was dynamically loaded.
[2022.02.23-13.11.21:200][  0]LogTextureFormatOodle: Display: Oodle Texture 2.9.0 init RDO Off
[2022.02.23-13.11.21:226][  0]LogRendererCore: Ray tracing is disabled. Reason: r.RayTracing=0.
[2022.02.23-13.11.21:226][  0]LogShaderCompilers: Guid format shader working directory is 6 characters bigger than the processId version (C:/UnrealProjects/STARRY-TAIL/StarryTail/Intermediate/Shaders/WorkingDirectory/24396/).
[2022.02.23-13.11.21:226][  0]LogShaderCompilers: Cleaned the shader compiler working directory 'C:/Users/syhwms/AppData/Local/Temp/UnrealShaderWorkingDir/35ECBC76431BE2553C9B2BAF9F80D28D/'.
[2022.02.23-13.11.21:226][  0]LogXGEController: Cannot use XGE Controller as Incredibuild is not installed on this machine.
[2022.02.23-13.11.21:226][  0]LogShaderCompilers: Cannot use XGE Shader Compiler as Incredibuild is not installed on this machine.
[2022.02.23-13.11.21:226][  0]LogShaderCompilers: Display: Using Local Shader Compiler.
[2022.02.23-13.11.21:753][  0]LogDerivedDataCache: Display: Max Cache Size: 512 MB
[2022.02.23-13.11.21:792][  0]LogDerivedDataCache: Loaded boot cache 0.04s 103MB C:/Users/syhwms/AppData/Local/UnrealEngine/4.27/DerivedDataCache/Boot.ddc.
[2022.02.23-13.11.21:792][  0]LogDerivedDataCache: Display: Loaded Boot cache: C:/Users/syhwms/AppData/Local/UnrealEngine/4.27/DerivedDataCache/Boot.ddc
[2022.02.23-13.11.21:792][  0]LogDerivedDataCache: FDerivedDataBackendGraph:  Pak pak cache file C:/UnrealProjects/STARRY-TAIL/StarryTail/DerivedDataCache/DDC.ddp not found, will not use a pak cache.
[2022.02.23-13.11.21:792][  0]LogDerivedDataCache: Unable to find inner node Pak for hierarchical cache Hierarchy.
[2022.02.23-13.11.21:793][  0]LogDerivedDataCache: FDerivedDataBackendGraph:  CompressedPak pak cache file C:/UnrealProjects/STARRY-TAIL/StarryTail/DerivedDataCache/Compressed.ddp not found, will not use a pak cache.
[2022.02.23-13.11.21:793][  0]LogDerivedDataCache: Unable to find inner node CompressedPak for hierarchical cache Hierarchy.
[2022.02.23-13.11.21:806][  0]LogDerivedDataCache: Display: Pak cache opened for reading ../../../Engine/DerivedDataCache/Compressed.ddp.
[2022.02.23-13.11.21:806][  0]LogDerivedDataCache: FDerivedDataBackendGraph:  EnterprisePak pak cache file ../../../Enterprise/DerivedDataCache/Compressed.ddp not found, will not use a pak cache.
[2022.02.23-13.11.21:806][  0]LogDerivedDataCache: Unable to find inner node EnterprisePak for hierarchical cache Hierarchy.
[2022.02.23-13.11.21:814][  0]LogDerivedDataCache: Speed tests for C:/Users/syhwms/AppData/Local/UnrealEngine/Common/DerivedDataCache took 0.01 seconds
[2022.02.23-13.11.21:814][  0]LogDerivedDataCache: Display: Performance to C:/Users/syhwms/AppData/Local/UnrealEngine/Common/DerivedDataCache: Latency=0.03ms. RandomReadSpeed=914.15MBs, RandomWriteSpeed=137.55MBs. Assigned SpeedClass 'Local'
[2022.02.23-13.11.21:815][  0]LogDerivedDataCache: Using Local data cache path C:/Users/syhwms/AppData/Local/UnrealEngine/Common/DerivedDataCache: Writable
[2022.02.23-13.11.21:815][  0]LogDerivedDataCache: Shared data cache path not found in *engine.ini, will not use an Shared cache.
[2022.02.23-13.11.21:815][  0]LogDerivedDataCache: Unable to find inner node Shared for hierarchical cache Hierarchy.
[2022.02.23-13.11.21:846][  0]LogSlate: Using FreeType 2.10.0
[2022.02.23-13.11.21:847][  0]LogSlate: SlateFontServices - WITH_FREETYPE: 1, WITH_HARFBUZZ: 1
[2022.02.23-13.11.21:864][  0]LogAssetRegistry: FAssetRegistry took 0.0022 seconds to start up
[2022.02.23-13.11.22:027][  0]LogInit: Selected Device Profile: [Windows]
[2022.02.23-13.11.22:027][  0]LogInit: Active device profile: [000001BB3C2C8F00][000001BB3338A200 49] Windows
[2022.02.23-13.11.22:027][  0]LogInit: Profiles: [000001BB3C2C8F00][000001BB3338A200 49] Windows, [000001BB3C282A00][000001BB3338E340 49] WindowsNoEditor, [000001BB3C2C9F00][000001BB33392480 49] WindowsServer, [000001BB3C281B00][000001BB3314A5C0 49] WindowsClient, [000001BB3C2C9200][000001BB3314E700 49] IOS, [000001BB3C281800][000001BB33156880 49] iPadAir, [000001BB3C2CB300][000001BB3315AA00 49] iPadAir2, [000001BB3C231300][000001BB33162CC0 49] IPadPro, [000001BB3C231400][000001BB3315ED00 49] iPadAir3, [000001BB3C280B00][000001BB33166E80 49] iPadAir4, [000001BB3C232100][000001BB3316B000 49] iPadMini2, [000001BB3C283A00][000001BB3316F180 49] iPadMini3, [000001BB3C232C00][000001BB33173300 49] iPadMini4, [000001BB3C282C00][000001BB33177480 49] iPadMini5, [000001BB3C250E00][000001BB3317F740 49] iPhone6, [000001BB3C250F00][000001BB3317B780 49] iPodTouch6, [000001BB3C2CB700][000001BB33187A40 49] iPhone7, [000001BB3C2CA800][000001BB33183A80 49] iPodTouch7, [000001BB3C231100][000001BB3318BC00 49] iPhone5S, [000001BB3C2C9100][000001BB3318E200 49] iPhone6Plus, [000001BB3C232A00][000001BB33192380 49] iPhone6S, [000001BB3C2C9A00][000001BB33196500 49] iPhone6SPlus, [000001BB3C250100][000001BB33152640 49] iPhone7Plus, [000001BB3C231D00][000001BB3319A780 49] iPhoneSE, [000001BB3C250C00][000001BB32A928C0 49] iPhone8, [000001BB3C230400][000001BB32A9AA40 49] iPhone8Plus, [000001BB3C252A00][000001BB32A9EBC0 49] iPhoneX, [000001BB3C233C00][000001BB32B12D40 49] iPhoneXS, [000001BB3C252900][000001BB32B16EC0 49] iPhoneXSMax, [000001BB3C230B00][000001BB2EBA7040 49] iPhoneXR, [000001BB3C2CB800][000001BB33CF31C0 49] iPhone11, [000001BB3C233D00][000001BB2EBF7340 49] iPhone11Pro, [000001BB3C2C9B00][000001BB32C3F4C0 49] iPhone11ProMax, [000001BB3C231500][000001BB32CF3640 49] iPhoneSE2, [000001BB3C2C9E00][000001BB32CF77C0 49] iPhone12Mini, [000001BB3C233100][000001BB334E3940 49] iPhone12, [000001BB3C2CB400][000001BB334EFAC0 49] iPhone12Pro, [000001BB3C230D00][000001BB32AAA0C0 49] iPhone12ProMax, [000001BB3C2CBC00][000001BB32AAE240 49] iPadPro105, [000001BB3C233700][000001BB3CF8A3C0 49] iPadPro129, [000001BB3C2CAA00][000001BB3CF92540 49] iPadPro97, [000001BB3C230900][000001BB3CF9A6C0 49] iPadPro2_129, [000001BB3C2C8800][000001BB32A96800 49] iPad5, [000001BB3C231000][000001BB32B52940 49] iPad6, [000001BB3C2C8400][000001BB32B90A80 49] iPad7, [000001BB3C232B00][000001BB32B94BC0 49] iPad8, [000001BB3C2CB500][000001BB32D6AD40 49] iPadPro11, [000001BB3C231800][000001BB32D6EEC0 49] iPadPro2_11, [000001BB3C2C8900][000001BB32D73040 49] iPadPro3_129, [000001BB3C232800][000001BB32D771C0 49] iPadPro4_129, [000001BB3C2CAE00][000001BB32D7B340 49] AppleTV, [000001BB3C233E00][000001BB32D7F4C0 49] AppleTV4K, [000001BB3C2C8500][000001BB32D83640 49] TVOS, [000001BB3C231700][000001BB32D877C0 49] Mac, [000001BB3C2CA300][000001BB32D8B940 49] MacClient, [000001BB3C230800][000001BB32C35AC0 49] MacNoEditor, [000001BB3C2C9000][000001BB33CD20C0 49] MacServer, [000001BB3C230500][000001BB33CD6240 49] Linux, [000001BB3C2CAB00][000001BB33CDA3C0 49] LinuxAArch64, [000001BB3C231600][000001BB33CEA540 49] LinuxNoEditor, [000001BB3C2CA100][000001BB3355E6C0 49] LinuxAArch64NoEditor, [000001BB3C233900][000001BB33562840 49] LinuxClient, [000001BB3C2CA600][000001BB32B98980 49] LinuxAArch64Client, [000001BB3C232300][000001BB33570AC0 49] LinuxServer, [000001BB3C2C8700][000001BB33574C00 49] LinuxAArch64Server, [000001BB3C231A00][000001BB33578D40 49] Android, [000001BB3C2CA200][000001BB33580EC0 49] Android_Low, [000001BB3C231C00][000001BB33585040 49] Android_Mid, [000001BB3C2C9300][000001BB335891C0 49] Android_High, [000001BB3C230E00][000001BB3358D340 49] Android_Default, [000001BB3C2CB600][000001BB32CB34C0 49] Android_Adreno4xx, [000001BB3C230F00][000001BB32CCB640 49] Android_Adreno5xx_Low, [000001BB3C2CBB00][000001BB32D377C0 49] Android_Adreno5xx, [000001BB3C233A00][000001BB32D3B940 49] Android_Adreno6xx, [000001BB3C2C8B00][000001BB32D3FAC0 49] Android_Adreno6xx_Vulkan, [000001BB3C231900][000001BB32D420C0 49] Android_Mali_T6xx, [000001BB3C2C8A00][000001BB3E3AC240 49] Android_Mali_T7xx, [000001BB3C281A00][000001BB32CCE3C0 49] Android_Mali_T8xx, [000001BB3C250500][000001BB32BFC540 49] Android_Mali_G71, [000001BB3C280600][000001BB32C046C0 49] Android_Mali_G72, [000001BB3C250300][000001BB32C08840 49] Android_Mali_G72_Vulkan, [000001BB3C283900][000001BB32D4A9C0 49] Android_Mali_G76, [000001BB3C251000][000001BB32D4EB40 49] Android_Mali_G76_Vulkan, [000001BB3C282600][000001BB3357CC80 49] Android_Mali_G77, [000001BB3C252F00][000001BB32D46DC0 49] Android_Mali_G77_Vulkan, [000001BB3C280E00][000001BB32C00F00 49] Android_Mali_G78, [000001BB3C253100][000001BB32CED080 49] Android_Mali_G78_Vulkan, [000001BB3C280800][000001BB32D5F200 49] Android_Mali_G710, [000001BB3C252C00][000001BB32D63380 49] Android_Mali_G710_Vulkan, [000001BB3C283C00][000001BB32D67500 49] Android_Vulkan_SM5, [000001BB3C253500][000001BB32C39680 49] Android_PowerVR_G6xxx, [000001BB3C281F00][000001BB3CF8F800 49] Android_PowerVR_GT7xxx, [000001BB3C251D00][000001BB3CF97980 49] Android_PowerVR_GE8xxx, [000001BB3C283300][000001BB32AE1B00 49] Android_PowerVR_GM9xxx, [000001BB3C250800][000001BB32AE4100 49] Android_PowerVR_GM9xxx_Vulkan, [000001BB3C283700][000001BB32AE8280 49] Android_TegraK1, [000001BB3C251200][000001BB32AEC400 49] Android_Unknown_Vulkan, [000001BB3C282900][000001BB32AF0580 49] Lumin, [000001BB3C253700][000001BB32AF4700 49] Lumin_Desktop, [000001BB3C282E00][000001BB32AF8880 49] HoloLens, 
[2022.02.23-13.11.22:120][  0]LogMeshReduction: Using QuadricMeshReduction for automatic static mesh reduction
[2022.02.23-13.11.22:120][  0]LogMeshReduction: Using SimplygonMeshReduction for automatic skeletal mesh reduction
[2022.02.23-13.11.22:120][  0]LogMeshReduction: Using ProxyLODMeshReduction for automatic mesh merging
[2022.02.23-13.11.22:120][  0]LogMeshReduction: No distributed automatic mesh merging module available
[2022.02.23-13.11.22:120][  0]LogMeshMerging: No distributed automatic mesh merging module available
[2022.02.23-13.11.22:134][  0]LogNetVersion: StarryTail 1.0.0, NetCL: 17155196, EngineNetVer: 17, GameNetVer: 0 (Checksum: 4214679525)
[2022.02.23-13.11.22:405][  0]LogTexture: Default maximum texture size for cubemaps generated from long-lat sources has been changed from 512 to unlimited. In order to preserve old behaiour for '/Engine/MapTemplates/Sky/DaylightAmbientCubemap.DaylightAmbientCubemap', its maximum texture size has been explicitly set to 512.
[2022.02.23-13.11.22:446][  0]LogHMD: PokeAHoleMaterial loaded successfully
[2022.02.23-13.11.22:450][  0]LogUObjectArray: 17178 objects as part of root set at end of initial load.
[2022.02.23-13.11.22:450][  0]LogUObjectAllocator: 4302048 out of 0 bytes used by permanent object pool.
[2022.02.23-13.11.22:450][  0]LogUObjectArray: CloseDisregardForGC: 0/0 objects in disregard for GC pool
[2022.02.23-13.11.22:653][  0]LogPython: Using Python 3.7.7
[2022.02.23-13.11.22:982][  0]LogNiagaraDebuggerClient: Niagara Debugger Client Initialized | Session: 112DB0E54E07ABFC91EB328815BD5D50 | Instance: D85AC2AE492525785B688886646AE480 (DESKTOP-RGJHDRQ-24396).
[2022.02.23-13.11.23:105][  0]LogTcpMessaging: Initializing TcpMessaging bridge
[2022.02.23-13.11.23:109][  0]LogUdpMessaging: Initializing bridge on interface 0.0.0.0:0 to multicast group 230.0.0.1:6666.
[2022.02.23-13.11.23:339][  0]SourceControl: 소스 컨트롤이 꺼졌습니다.
[2022.02.23-13.11.23:339][  0]SourceControl: 소스 컨트롤이 꺼졌습니다.
[2022.02.23-13.11.23:342][  0]SourceControl: 소스 컨트롤이 꺼졌습니다.
[2022.02.23-13.11.23:344][  0]SourceControl: 소스 컨트롤이 꺼졌습니다.
[2022.02.23-13.11.23:356][  0]SourceControl: 소스 컨트롤이 꺼졌습니다.
[2022.02.23-13.11.23:358][  0]LogUProjectInfo: Found projects:
[2022.02.23-13.11.23:493][  0]LogOpenImageDenoise: OIDN starting up
[2022.02.23-13.11.23:576][  0]LogAndroidPermission: UAndroidPermissionCallbackProxy::GetInstance
[2022.02.23-13.11.23:594][  0]LogAudioCaptureCore: Display: No Audio Capture implementations found. Audio input will be silent.
[2022.02.23-13.11.23:594][  0]LogAudioCaptureCore: Display: No Audio Capture implementations found. Audio input will be silent.
[2022.02.23-13.11.23:687][  0]LogCollectionManager: Loaded 0 collections in 0.000674 seconds
[2022.02.23-13.11.23:706][  0]LogFileCache: Scanning file cache for directory 'C:/UnrealProjects/STARRY-TAIL/StarryTail/Saved/Collections/' took 0.00s
[2022.02.23-13.11.23:706][  0]LogFileCache: Scanning file cache for directory 'C:/UnrealProjects/STARRY-TAIL/StarryTail/Content/Developers/syhwms/Collections/' took 0.00s
[2022.02.23-13.11.23:706][  0]LogFileCache: Scanning file cache for directory 'C:/UnrealProjects/STARRY-TAIL/StarryTail/Content/Collections/' took 0.00s
[2022.02.23-13.11.23:706][  0]LogOcInput: OculusInput pre-init called
[2022.02.23-13.11.23:880][  0]LogClass: Display: FloatProperty FPlayerCharacterDataStruct::HP is not initialized properly. Module:StarryTail File:PlayerCharacterDataStruct.h
[2022.02.23-13.11.23:880][  0]LogClass: Display: 1 Uninitialized script struct members found including 0 object properties
[2022.02.23-13.11.23:881][  0]LogEngine: Initializing Engine...
[2022.02.23-13.11.23:882][  0]LogHMD: Failed to enumerate extensions. Please check that you have a valid OpenXR runtime installed.
[2022.02.23-13.11.23:882][  0]LogHMD: Failed to initialize OpenVR with code 110
[2022.02.23-13.11.23:882][  0]LogMagicLeap: Warning: VR disabled because ZI is not enabled.  To enable, in the editor, Edit -> Project Settings -> Plugins -> Magic Leap Plugin -> Enable Zero Iteration
[2022.02.23-13.11.23:883][  0]LogStats: UGameplayTagsManager::InitializeManager -  0.000 s
[2022.02.23-13.11.23:975][  0]LogInit: Initializing FReadOnlyCVARCache
[2022.02.23-13.11.23:983][  0]LogAIModule: Creating AISystem for world Untitled
[2022.02.23-13.11.23:983][  0]LogAudio: Display: Initializing Audio Device Manager...
[2022.02.23-13.11.23:986][  0]LogAudio: Display: Loading Default Audio Settings Objects...
[2022.02.23-13.11.23:987][  0]LogAudio: Display: No default SoundConcurrencyObject specified (or failed to load).
[2022.02.23-13.11.23:987][  0]LogAudio: Display: Audio Device Manager Initialized
[2022.02.23-13.11.23:987][  0]LogAudio: Display: Creating Audio Device:                 Id: 1, Scope: Shared, Realtime: True
[2022.02.23-13.11.23:987][  0]LogAudioMixer: Display: Audio Mixer Platform Settings:
[2022.02.23-13.11.23:987][  0]LogAudioMixer: Display: 	Sample Rate:						  48000
[2022.02.23-13.11.23:987][  0]LogAudioMixer: Display: 	Callback Buffer Frame Size Requested: 1024
[2022.02.23-13.11.23:987][  0]LogAudioMixer: Display: 	Callback Buffer Frame Size To Use:	  1024
[2022.02.23-13.11.23:987][  0]LogAudioMixer: Display: 	Number of buffers to queue:			  2
[2022.02.23-13.11.23:987][  0]LogAudioMixer: Display: 	Max Channels (voices):				  32
[2022.02.23-13.11.23:987][  0]LogAudioMixer: Display: 	Number of Async Source Workers:		  0
[2022.02.23-13.11.23:987][  0]LogAudio: Display: AudioDevice MaxSources: 32
[2022.02.23-13.11.23:987][  0]LogAudio: Display: Audio Spatialization Plugin: None (built-in).
[2022.02.23-13.11.23:987][  0]LogAudio: Display: Audio Reverb Plugin: None (built-in).
[2022.02.23-13.11.23:988][  0]LogAudio: Display: Audio Occlusion Plugin: None (built-in).
[2022.02.23-13.11.23:988][  0]LogAudioMixer: Display: Initializing audio mixer.
[2022.02.23-13.11.23:998][  0]LogAudioMixer: Display: 0: FrontLeft
[2022.02.23-13.11.23:998][  0]LogAudioMixer: Display: 1: FrontRight
[2022.02.23-13.11.24:013][  0]LogAudioMixer: Display: Using Audio Device 스피커(2- USBZH5XK)
[2022.02.23-13.11.24:013][  0]LogAudioMixer: Display: Initializing Sound Submixes...
[2022.02.23-13.11.24:015][  0]LogAudioMixer: Display: Creating Master Submix 'MasterSubmixDefault'
[2022.02.23-13.11.24:015][  0]LogAudioMixer: Display: Creating Master Submix 'MasterReverbSubmixDefault'
[2022.02.23-13.11.24:016][  0]LogAudioMixer: Display: Creating Master Submix 'MasterEQSubmixDefault'
[2022.02.23-13.11.24:016][  0]LogAudioMixer: FMixerPlatformXAudio2::StartAudioStream() called
[2022.02.23-13.11.24:016][  0]LogAudioMixer: Display: Output buffers initialized: Frames=1024, Channels=2, Samples=2048
[2022.02.23-13.11.24:017][  0]LogAudioMixer: Display: Starting AudioMixerPlatformInterface::RunInternal()
[2022.02.23-13.11.24:017][  0]LogAudioMixer: Display: FMixerPlatformXAudio2::SubmitBuffer() called for the first time
[2022.02.23-13.11.24:017][  0]LogInit: FAudioDevice initialized.
[2022.02.23-13.11.24:017][  0]LogAudio: Display: Audio Device (ID: 1) registered with world 'Untitled'.
[2022.02.23-13.11.24:017][  0]LogNetVersion: Set ProjectVersion to 1.0.0.0. Version Checksum will be recalculated on next use.
[2022.02.23-13.11.24:065][  0]LogDerivedDataCache: Saved boot cache 0.05s 103MB C:/Users/syhwms/AppData/Local/UnrealEngine/4.27/DerivedDataCache/Boot.ddc.
[2022.02.23-13.11.24:065][  0]LogInit: Texture streaming: Enabled
[2022.02.23-13.11.24:075][  0]LogAnalytics: Display: [UEEditor.Rocket.Release] APIServer = https://datarouter.ol.epicgames.com/. AppVersion = 4.27.2-18319896+++UE4+Release-4.27
[2022.02.23-13.11.24:079][  0]LogEngineSessionManager: EngineSessionManager initialized
[2022.02.23-13.11.24:079][  0]LogEngineSessionManager: EngineSessionManager sent abnormal shutdown report. Type=Crashed, SessionId={0C35C117-4C3A-8034-9E8A-E5BFC2EAA4BB}
[2022.02.23-13.11.24:079][  0]LogEditorSessionSummary: Verbose: Initializing EditorSessionSummaryWriter for editor session tracking
[2022.02.23-13.11.24:081][  0]LogEditorSessionSummary: EditorSessionSummaryWriter initialized
[2022.02.23-13.11.24:103][  0]LogInit: Transaction tracking system initialized
[2022.02.23-13.11.24:119][  0]BlueprintLog: New page: 에디터 로드
[2022.02.23-13.11.24:163][  0]LocalizationService: 현지화 서비스가 비활성화되었습니다.
[2022.02.23-13.11.24:181][  0]TimingProfiler: Initialize
[2022.02.23-13.11.24:181][  0]TimingProfiler: OnSessionChanged
[2022.02.23-13.11.24:181][  0]LoadingProfiler: Initialize
[2022.02.23-13.11.24:181][  0]LoadingProfiler: OnSessionChanged
[2022.02.23-13.11.24:181][  0]NetworkingProfiler: Initialize
[2022.02.23-13.11.24:181][  0]NetworkingProfiler: OnSessionChanged
[2022.02.23-13.11.24:181][  0]MemoryProfiler: Initialize
[2022.02.23-13.11.24:181][  0]MemoryProfiler: OnSessionChanged
[2022.02.23-13.11.24:281][  0]LogCook: Display: CookSettings for Memory: MemoryMaxUsedVirtual 0MiB, MemoryMaxUsedPhysical 16384MiB, MemoryMinFreeVirtual 0MiB, MemoryMinFreePhysical 1024MiB
[2022.02.23-13.11.24:281][  0]LogCook: Display: Mobile HDR setting 1
[2022.02.23-13.11.24:413][  0]LogFileCache: Scanning file cache for directory 'C:/UnrealProjects/STARRY-TAIL/StarryTail/Content/' took 0.00s
[2022.02.23-13.11.24:539][  0]LogInit: Display: Engine is initialized. Leaving FEngineLoop::Init()
[2022.02.23-13.11.24:542][  0]SourceControl: 소스 컨트롤이 꺼졌습니다.
[2022.02.23-13.11.24:542][  0]LogUnrealEdMisc: Loading editor; pre map load, took 5.152
[2022.02.23-13.11.24:542][  0]Cmd: MAP LOAD FILE="C:/UnrealProjects/STARRY-TAIL/StarryTail/Content/ThirdPersonCPP/Maps/ThirdPersonExampleMap.umap" TEMPLATE=0 SHOWPROGRESS=1 FEATURELEVEL=3
[2022.02.23-13.11.24:542][  0]LightingResults: New page: 라이팅 빌드
[2022.02.23-13.11.24:543][  0]LogWorld: UWorld::CleanupWorld for Untitled, bSessionEnded=true, bCleanupResources=true
[2022.02.23-13.11.24:544][  0]LogSlate: InvalidateAllWidgets triggered.  All widgets were invalidated
[2022.02.23-13.11.24:544][  0]MapCheck: New page: 맵 체크
[2022.02.23-13.11.24:544][  0]LightingResults: New page: 라이팅 빌드
[2022.02.23-13.11.24:560][  0]LogAudio: Display: Audio Device unregistered from world 'None'.
[2022.02.23-13.11.24:562][  0]LogUObjectHash: Compacting FUObjectHashTables data took   0.63ms
[2022.02.23-13.11.24:604][  0]LogAudio: Display: Audio Device (ID: 1) registered with world 'ThirdPersonExampleMap'.
[2022.02.23-13.11.24:605][  0]LogAIModule: Creating AISystem for world ThirdPersonExampleMap
[2022.02.23-13.11.24:616][  0]LogEditorServer: Finished looking for orphan Actors (0.000 secs)
[2022.02.23-13.11.24:626][  0]LogUObjectHash: Compacting FUObjectHashTables data took   0.66ms
[2022.02.23-13.11.24:626][  0]Cmd: MAP CHECKDEP NOCLEARLOG
[2022.02.23-13.11.24:626][  0]MapCheck: 맵 체크 완료: 오류 0 회, 경고 0 회, 소요 시간 0.109ms.
[2022.02.23-13.11.24:626][  0]LogFileHelpers: Loading map 'ThirdPersonExampleMap' took 0.084
[2022.02.23-13.11.24:628][  0]LogUnrealEdMisc: Total Editor Startup Time, took 5.238
[2022.02.23-13.11.24:740][  0]LogSlate: Updating window title bar state: overlay mode, drag disabled, window buttons hidden, title bar hidden
[2022.02.23-13.11.24:745][  0]LogSlate: Updating window title bar state: overlay mode, drag disabled, window buttons hidden, title bar hidden
[2022.02.23-13.11.24:749][  0]LogSlate: Updating window title bar state: overlay mode, drag disabled, window buttons hidden, title bar hidden
[2022.02.23-13.11.24:753][  0]LogSlate: Updating window title bar state: overlay mode, drag disabled, window buttons hidden, title bar hidden
[2022.02.23-13.11.24:764][  0]LogNativeClassHierarchy: Verbose: Native class hierarchy populated in 0.0073 seconds. Added 3825 classes and 930 folders.
[2022.02.23-13.11.24:765][  0]LogNativeClassHierarchy: Verbose: Native class hierarchy updated for 'WidgetCarousel' in 0.0002 seconds. Added 0 classes and 0 folders.
[2022.02.23-13.11.24:766][  0]LogPakFile: PakFile PrimaryIndexSize=187
[2022.02.23-13.11.24:766][  0]LogPakFile: PakFile PathHashIndexSize=101
[2022.02.23-13.11.24:766][  0]LogPakFile: PakFile FullDirectoryIndexSize=148
[2022.02.23-13.11.24:766][  0]LogShaderLibrary: Display: ShaderCodeLibraryPakFileMountedCallback: PakFile 'D:/EpicGames/UE_4.27/FeaturePacks/FP_FirstPerson.upack' (chunk index -1, root 'root:/') mounted
[2022.02.23-13.11.24:767][  0]LogShaderLibrary: Display: ShaderCodeLibraryPakFileMountedCallback: pending pak file info (ChunkID:-1 Root:root:/ File:D:/EpicGames/UE_4.27/FeaturePacks/FP_FirstPerson.upack)
[2022.02.23-13.11.24:767][  0]LogPakFile: OnPakFileMounted2Time == 0.000039
[2022.02.23-13.11.24:767][  0]LogPakFile: PakFile PrimaryIndexSize=189
[2022.02.23-13.11.24:767][  0]LogPakFile: PakFile PathHashIndexSize=101
[2022.02.23-13.11.24:767][  0]LogPakFile: PakFile FullDirectoryIndexSize=152
[2022.02.23-13.11.24:767][  0]LogShaderLibrary: Display: ShaderCodeLibraryPakFileMountedCallback: PakFile 'D:/EpicGames/UE_4.27/FeaturePacks/FP_FirstPersonBP.upack' (chunk index -1, root 'root:/') mounted
[2022.02.23-13.11.24:767][  0]LogShaderLibrary: Display: ShaderCodeLibraryPakFileMountedCallback: pending pak file info (ChunkID:-1 Root:root:/ File:D:/EpicGames/UE_4.27/FeaturePacks/FP_FirstPersonBP.upack)
[2022.02.23-13.11.24:767][  0]LogPakFile: OnPakFileMounted2Time == 0.000025
[2022.02.23-13.11.24:768][  0]LogPakFile: PakFile PrimaryIndexSize=191
[2022.02.23-13.11.24:768][  0]LogPakFile: PakFile PathHashIndexSize=101
[2022.02.23-13.11.24:768][  0]LogPakFile: PakFile FullDirectoryIndexSize=160
[2022.02.23-13.11.24:768][  0]LogShaderLibrary: Display: ShaderCodeLibraryPakFileMountedCallback: PakFile 'D:/EpicGames/UE_4.27/FeaturePacks/MobileStarterContent.upack' (chunk index -1, root 'root:/') mounted
[2022.02.23-13.11.24:768][  0]LogShaderLibrary: Display: ShaderCodeLibraryPakFileMountedCallback: pending pak file info (ChunkID:-1 Root:root:/ File:D:/EpicGames/UE_4.27/FeaturePacks/MobileStarterContent.upack)
[2022.02.23-13.11.24:768][  0]LogPakFile: OnPakFileMounted2Time == 0.000022
[2022.02.23-13.11.24:768][  0]LogPakFile: PakFile PrimaryIndexSize=185
[2022.02.23-13.11.24:768][  0]LogPakFile: PakFile PathHashIndexSize=101
[2022.02.23-13.11.24:768][  0]LogPakFile: PakFile FullDirectoryIndexSize=148
[2022.02.23-13.11.24:768][  0]LogShaderLibrary: Display: ShaderCodeLibraryPakFileMountedCallback: PakFile 'D:/EpicGames/UE_4.27/FeaturePacks/StarterContent.upack' (chunk index -1, root 'root:/') mounted
[2022.02.23-13.11.24:768][  0]LogShaderLibrary: Display: ShaderCodeLibraryPakFileMountedCallback: pending pak file info (ChunkID:-1 Root:root:/ File:D:/EpicGames/UE_4.27/FeaturePacks/StarterContent.upack)
[2022.02.23-13.11.24:768][  0]LogPakFile: OnPakFileMounted2Time == 0.000023
[2022.02.23-13.11.24:768][  0]LogPakFile: PakFile PrimaryIndexSize=190
[2022.02.23-13.11.24:768][  0]LogPakFile: PakFile PathHashIndexSize=101
[2022.02.23-13.11.24:768][  0]LogPakFile: PakFile FullDirectoryIndexSize=154
[2022.02.23-13.11.24:768][  0]LogShaderLibrary: Display: ShaderCodeLibraryPakFileMountedCallback: PakFile 'D:/EpicGames/UE_4.27/FeaturePacks/TP_2DSideScroller.upack' (chunk index -1, root 'root:/') mounted
[2022.02.23-13.11.24:769][  0]LogShaderLibrary: Display: ShaderCodeLibraryPakFileMountedCallback: pending pak file info (ChunkID:-1 Root:root:/ File:D:/EpicGames/UE_4.27/FeaturePacks/TP_2DSideScroller.upack)
[2022.02.23-13.11.24:769][  0]LogPakFile: OnPakFileMounted2Time == 0.000023
[2022.02.23-13.11.24:769][  0]LogPakFile: PakFile PrimaryIndexSize=192
[2022.02.23-13.11.24:769][  0]LogPakFile: PakFile PathHashIndexSize=101
[2022.02.23-13.11.24:769][  0]LogPakFile: PakFile FullDirectoryIndexSize=158
[2022.02.23-13.11.24:769][  0]LogShaderLibrary: Display: ShaderCodeLibraryPakFileMountedCallback: PakFile 'D:/EpicGames/UE_4.27/FeaturePacks/TP_2DSideScrollerBP.upack' (chunk index -1, root 'root:/') mounted
[2022.02.23-13.11.24:769][  0]LogShaderLibrary: Display: ShaderCodeLibraryPakFileMountedCallback: pending pak file info (ChunkID:-1 Root:root:/ File:D:/EpicGames/UE_4.27/FeaturePacks/TP_2DSideScrollerBP.upack)
[2022.02.23-13.11.24:769][  0]LogPakFile: OnPakFileMounted2Time == 0.000022
[2022.02.23-13.11.24:769][  0]LogPakFile: PakFile PrimaryIndexSize=182
[2022.02.23-13.11.24:769][  0]LogPakFile: PakFile PathHashIndexSize=101
[2022.02.23-13.11.24:769][  0]LogPakFile: PakFile FullDirectoryIndexSize=138
[2022.02.23-13.11.24:769][  0]LogShaderLibrary: Display: ShaderCodeLibraryPakFileMountedCallback: PakFile 'D:/EpicGames/UE_4.27/FeaturePacks/TP_Flying.upack' (chunk index -1, root 'root:/') mounted
[2022.02.23-13.11.24:769][  0]LogShaderLibrary: Display: ShaderCodeLibraryPakFileMountedCallback: pending pak file info (ChunkID:-1 Root:root:/ File:D:/EpicGames/UE_4.27/FeaturePacks/TP_Flying.upack)
[2022.02.23-13.11.24:769][  0]LogPakFile: OnPakFileMounted2Time == 0.000021
[2022.02.23-13.11.24:770][  0]LogPakFile: PakFile PrimaryIndexSize=184
[2022.02.23-13.11.24:770][  0]LogPakFile: PakFile PathHashIndexSize=101
[2022.02.23-13.11.24:770][  0]LogPakFile: PakFile FullDirectoryIndexSize=142
[2022.02.23-13.11.24:770][  0]LogShaderLibrary: Display: ShaderCodeLibraryPakFileMountedCallback: PakFile 'D:/EpicGames/UE_4.27/FeaturePacks/TP_FlyingBP.upack' (chunk index -1, root 'root:/') mounted
[2022.02.23-13.11.24:770][  0]LogShaderLibrary: Display: ShaderCodeLibraryPakFileMountedCallback: pending pak file info (ChunkID:-1 Root:root:/ File:D:/EpicGames/UE_4.27/FeaturePacks/TP_FlyingBP.upack)
[2022.02.23-13.11.24:770][  0]LogPakFile: OnPakFileMounted2Time == 0.000021
[2022.02.23-13.11.24:770][  0]LogPakFile: PakFile PrimaryIndexSize=188
[2022.02.23-13.11.24:770][  0]LogPakFile: PakFile PathHashIndexSize=101
[2022.02.23-13.11.24:770][  0]LogPakFile: PakFile FullDirectoryIndexSize=150
[2022.02.23-13.11.24:770][  0]LogShaderLibrary: Display: ShaderCodeLibraryPakFileMountedCallback: PakFile 'D:/EpicGames/UE_4.27/FeaturePacks/TP_HandheldARBP.upack' (chunk index -1, root 'root:/') mounted
[2022.02.23-13.11.24:770][  0]LogShaderLibrary: Display: ShaderCodeLibraryPakFileMountedCallback: pending pak file info (ChunkID:-1 Root:root:/ File:D:/EpicGames/UE_4.27/FeaturePacks/TP_HandheldARBP.upack)
[2022.02.23-13.11.24:770][  0]LogPakFile: OnPakFileMounted2Time == 0.000022
[2022.02.23-13.11.24:771][  0]LogPakFile: PakFile PrimaryIndexSize=182
[2022.02.23-13.11.24:771][  0]LogPakFile: PakFile PathHashIndexSize=101
[2022.02.23-13.11.24:771][  0]LogPakFile: PakFile FullDirectoryIndexSize=138
[2022.02.23-13.11.24:771][  0]LogShaderLibrary: Display: ShaderCodeLibraryPakFileMountedCallback: PakFile 'D:/EpicGames/UE_4.27/FeaturePacks/TP_Puzzle.upack' (chunk index -1, root 'root:/') mounted
[2022.02.23-13.11.24:771][  0]LogShaderLibrary: Display: ShaderCodeLibraryPakFileMountedCallback: pending pak file info (ChunkID:-1 Root:root:/ File:D:/EpicGames/UE_4.27/FeaturePacks/TP_Puzzle.upack)
[2022.02.23-13.11.24:771][  0]LogPakFile: OnPakFileMounted2Time == 0.000021
[2022.02.23-13.11.24:771][  0]LogPakFile: PakFile PrimaryIndexSize=184
[2022.02.23-13.11.24:771][  0]LogPakFile: PakFile PathHashIndexSize=101
[2022.02.23-13.11.24:771][  0]LogPakFile: PakFile FullDirectoryIndexSize=142
[2022.02.23-13.11.24:771][  0]LogShaderLibrary: Display: ShaderCodeLibraryPakFileMountedCallback: PakFile 'D:/EpicGames/UE_4.27/FeaturePacks/TP_PuzzleBP.upack' (chunk index -1, root 'root:/') mounted
[2022.02.23-13.11.24:771][  0]LogShaderLibrary: Display: ShaderCodeLibraryPakFileMountedCallback: pending pak file info (ChunkID:-1 Root:root:/ File:D:/EpicGames/UE_4.27/FeaturePacks/TP_PuzzleBP.upack)
[2022.02.23-13.11.24:771][  0]LogPakFile: OnPakFileMounted2Time == 0.000020
[2022.02.23-13.11.24:772][  0]LogPakFile: PakFile PrimaryIndexSize=183
[2022.02.23-13.11.24:772][  0]LogPakFile: PakFile PathHashIndexSize=101
[2022.02.23-13.11.24:772][  0]LogPakFile: PakFile FullDirectoryIndexSize=140
[2022.02.23-13.11.24:772][  0]LogShaderLibrary: Display: ShaderCodeLibraryPakFileMountedCallback: PakFile 'D:/EpicGames/UE_4.27/FeaturePacks/TP_Rolling.upack' (chunk index -1, root 'root:/') mounted
[2022.02.23-13.11.24:772][  0]LogShaderLibrary: Display: ShaderCodeLibraryPakFileMountedCallback: pending pak file info (ChunkID:-1 Root:root:/ File:D:/EpicGames/UE_4.27/FeaturePacks/TP_Rolling.upack)
[2022.02.23-13.11.24:772][  0]LogPakFile: OnPakFileMounted2Time == 0.000020
[2022.02.23-13.11.24:772][  0]LogPakFile: PakFile PrimaryIndexSize=185
[2022.02.23-13.11.24:772][  0]LogPakFile: PakFile PathHashIndexSize=101
[2022.02.23-13.11.24:772][  0]LogPakFile: PakFile FullDirectoryIndexSize=144
[2022.02.23-13.11.24:772][  0]LogShaderLibrary: Display: ShaderCodeLibraryPakFileMountedCallback: PakFile 'D:/EpicGames/UE_4.27/FeaturePacks/TP_RollingBP.upack' (chunk index -1, root 'root:/') mounted
[2022.02.23-13.11.24:772][  0]LogShaderLibrary: Display: ShaderCodeLibraryPakFileMountedCallback: pending pak file info (ChunkID:-1 Root:root:/ File:D:/EpicGames/UE_4.27/FeaturePacks/TP_RollingBP.upack)
[2022.02.23-13.11.24:772][  0]LogPakFile: OnPakFileMounted2Time == 0.000020
[2022.02.23-13.11.24:773][  0]LogPakFile: PakFile PrimaryIndexSize=188
[2022.02.23-13.11.24:773][  0]LogPakFile: PakFile PathHashIndexSize=101
[2022.02.23-13.11.24:773][  0]LogPakFile: PakFile FullDirectoryIndexSize=150
[2022.02.23-13.11.24:773][  0]LogShaderLibrary: Display: ShaderCodeLibraryPakFileMountedCallback: PakFile 'D:/EpicGames/UE_4.27/FeaturePacks/TP_SideScroller.upack' (chunk index -1, root 'root:/') mounted
[2022.02.23-13.11.24:773][  0]LogShaderLibrary: Display: ShaderCodeLibraryPakFileMountedCallback: pending pak file info (ChunkID:-1 Root:root:/ File:D:/EpicGames/UE_4.27/FeaturePacks/TP_SideScroller.upack)
[2022.02.23-13.11.24:773][  0]LogPakFile: OnPakFileMounted2Time == 0.000020
[2022.02.23-13.11.24:773][  0]LogPakFile: PakFile PrimaryIndexSize=190
[2022.02.23-13.11.24:773][  0]LogPakFile: PakFile PathHashIndexSize=101
[2022.02.23-13.11.24:773][  0]LogPakFile: PakFile FullDirectoryIndexSize=154
[2022.02.23-13.11.24:773][  0]LogShaderLibrary: Display: ShaderCodeLibraryPakFileMountedCallback: PakFile 'D:/EpicGames/UE_4.27/FeaturePacks/TP_SideScrollerBP.upack' (chunk index -1, root 'root:/') mounted
[2022.02.23-13.11.24:773][  0]LogShaderLibrary: Display: ShaderCodeLibraryPakFileMountedCallback: pending pak file info (ChunkID:-1 Root:root:/ File:D:/EpicGames/UE_4.27/FeaturePacks/TP_SideScrollerBP.upack)
[2022.02.23-13.11.24:773][  0]LogPakFile: OnPakFileMounted2Time == 0.000020
[2022.02.23-13.11.24:773][  0]LogPakFile: PakFile PrimaryIndexSize=187
[2022.02.23-13.11.24:774][  0]LogPakFile: PakFile PathHashIndexSize=101
[2022.02.23-13.11.24:774][  0]LogPakFile: PakFile FullDirectoryIndexSize=148
[2022.02.23-13.11.24:774][  0]LogShaderLibrary: Display: ShaderCodeLibraryPakFileMountedCallback: PakFile 'D:/EpicGames/UE_4.27/FeaturePacks/TP_ThirdPerson.upack' (chunk index -1, root 'root:/') mounted
[2022.02.23-13.11.24:774][  0]LogShaderLibrary: Display: ShaderCodeLibraryPakFileMountedCallback: pending pak file info (ChunkID:-1 Root:root:/ File:D:/EpicGames/UE_4.27/FeaturePacks/TP_ThirdPerson.upack)
[2022.02.23-13.11.24:774][  0]LogPakFile: OnPakFileMounted2Time == 0.000020
[2022.02.23-13.11.24:774][  0]LogPakFile: PakFile PrimaryIndexSize=189
[2022.02.23-13.11.24:774][  0]LogPakFile: PakFile PathHashIndexSize=101
[2022.02.23-13.11.24:774][  0]LogPakFile: PakFile FullDirectoryIndexSize=152
[2022.02.23-13.11.24:774][  0]LogShaderLibrary: Display: ShaderCodeLibraryPakFileMountedCallback: PakFile 'D:/EpicGames/UE_4.27/FeaturePacks/TP_ThirdPersonBP.upack' (chunk index -1, root 'root:/') mounted
[2022.02.23-13.11.24:774][  0]LogShaderLibrary: Display: ShaderCodeLibraryPakFileMountedCallback: pending pak file info (ChunkID:-1 Root:root:/ File:D:/EpicGames/UE_4.27/FeaturePacks/TP_ThirdPersonBP.upack)
[2022.02.23-13.11.24:774][  0]LogPakFile: OnPakFileMounted2Time == 0.000021
[2022.02.23-13.11.24:774][  0]LogPakFile: PakFile PrimaryIndexSize=183
[2022.02.23-13.11.24:774][  0]LogPakFile: PakFile PathHashIndexSize=101
[2022.02.23-13.11.24:774][  0]LogPakFile: PakFile FullDirectoryIndexSize=140
[2022.02.23-13.11.24:774][  0]LogShaderLibrary: Display: ShaderCodeLibraryPakFileMountedCallback: PakFile 'D:/EpicGames/UE_4.27/FeaturePacks/TP_TopDown.upack' (chunk index -1, root 'root:/') mounted
[2022.02.23-13.11.24:774][  0]LogShaderLibrary: Display: ShaderCodeLibraryPakFileMountedCallback: pending pak file info (ChunkID:-1 Root:root:/ File:D:/EpicGames/UE_4.27/FeaturePacks/TP_TopDown.upack)
[2022.02.23-13.11.24:774][  0]LogPakFile: OnPakFileMounted2Time == 0.000025
[2022.02.23-13.11.24:775][  0]LogPakFile: PakFile PrimaryIndexSize=185
[2022.02.23-13.11.24:775][  0]LogPakFile: PakFile PathHashIndexSize=101
[2022.02.23-13.11.24:775][  0]LogPakFile: PakFile FullDirectoryIndexSize=144
[2022.02.23-13.11.24:775][  0]LogShaderLibrary: Display: ShaderCodeLibraryPakFileMountedCallback: PakFile 'D:/EpicGames/UE_4.27/FeaturePacks/TP_TopDownBP.upack' (chunk index -1, root 'root:/') mounted
[2022.02.23-13.11.24:775][  0]LogShaderLibrary: Display: ShaderCodeLibraryPakFileMountedCallback: pending pak file info (ChunkID:-1 Root:root:/ File:D:/EpicGames/UE_4.27/FeaturePacks/TP_TopDownBP.upack)
[2022.02.23-13.11.24:775][  0]LogPakFile: OnPakFileMounted2Time == 0.000020
[2022.02.23-13.11.24:775][  0]LogPakFile: PakFile PrimaryIndexSize=185
[2022.02.23-13.11.24:775][  0]LogPakFile: PakFile PathHashIndexSize=101
[2022.02.23-13.11.24:775][  0]LogPakFile: PakFile FullDirectoryIndexSize=144
[2022.02.23-13.11.24:775][  0]LogShaderLibrary: Display: ShaderCodeLibraryPakFileMountedCallback: PakFile 'D:/EpicGames/UE_4.27/FeaturePacks/TP_TwinStick.upack' (chunk index -1, root 'root:/') mounted
[2022.02.23-13.11.24:775][  0]LogShaderLibrary: Display: ShaderCodeLibraryPakFileMountedCallback: pending pak file info (ChunkID:-1 Root:root:/ File:D:/EpicGames/UE_4.27/FeaturePacks/TP_TwinStick.upack)
[2022.02.23-13.11.24:775][  0]LogPakFile: OnPakFileMounted2Time == 0.000022
[2022.02.23-13.11.24:776][  0]LogPakFile: PakFile PrimaryIndexSize=187
[2022.02.23-13.11.24:776][  0]LogPakFile: PakFile PathHashIndexSize=101
[2022.02.23-13.11.24:776][  0]LogPakFile: PakFile FullDirectoryIndexSize=148
[2022.02.23-13.11.24:776][  0]LogShaderLibrary: Display: ShaderCodeLibraryPakFileMountedCallback: PakFile 'D:/EpicGames/UE_4.27/FeaturePacks/TP_TwinStickBP.upack' (chunk index -1, root 'root:/') mounted
[2022.02.23-13.11.24:776][  0]LogShaderLibrary: Display: ShaderCodeLibraryPakFileMountedCallback: pending pak file info (ChunkID:-1 Root:root:/ File:D:/EpicGames/UE_4.27/FeaturePacks/TP_TwinStickBP.upack)
[2022.02.23-13.11.24:776][  0]LogPakFile: OnPakFileMounted2Time == 0.000020
[2022.02.23-13.11.24:776][  0]LogPakFile: PakFile PrimaryIndexSize=183
[2022.02.23-13.11.24:776][  0]LogPakFile: PakFile PathHashIndexSize=101
[2022.02.23-13.11.24:776][  0]LogPakFile: PakFile FullDirectoryIndexSize=140
[2022.02.23-13.11.24:776][  0]LogShaderLibrary: Display: ShaderCodeLibraryPakFileMountedCallback: PakFile 'D:/EpicGames/UE_4.27/FeaturePacks/TP_Vehicle.upack' (chunk index -1, root 'root:/') mounted
[2022.02.23-13.11.24:776][  0]LogShaderLibrary: Display: ShaderCodeLibraryPakFileMountedCallback: pending pak file info (ChunkID:-1 Root:root:/ File:D:/EpicGames/UE_4.27/FeaturePacks/TP_Vehicle.upack)
[2022.02.23-13.11.24:776][  0]LogPakFile: OnPakFileMounted2Time == 0.000020
[2022.02.23-13.11.24:777][  0]LogPakFile: PakFile PrimaryIndexSize=186
[2022.02.23-13.11.24:777][  0]LogPakFile: PakFile PathHashIndexSize=101
[2022.02.23-13.11.24:777][  0]LogPakFile: PakFile FullDirectoryIndexSize=146
[2022.02.23-13.11.24:777][  0]LogShaderLibrary: Display: ShaderCodeLibraryPakFileMountedCallback: PakFile 'D:/EpicGames/UE_4.27/FeaturePacks/TP_VehicleAdv.upack' (chunk index -1, root 'root:/') mounted
[2022.02.23-13.11.24:777][  0]LogShaderLibrary: Display: ShaderCodeLibraryPakFileMountedCallback: pending pak file info (ChunkID:-1 Root:root:/ File:D:/EpicGames/UE_4.27/FeaturePacks/TP_VehicleAdv.upack)
[2022.02.23-13.11.24:777][  0]LogPakFile: OnPakFileMounted2Time == 0.000021
[2022.02.23-13.11.24:777][  0]LogPakFile: PakFile PrimaryIndexSize=188
[2022.02.23-13.11.24:777][  0]LogPakFile: PakFile PathHashIndexSize=101
[2022.02.23-13.11.24:777][  0]LogPakFile: PakFile FullDirectoryIndexSize=150
[2022.02.23-13.11.24:777][  0]LogShaderLibrary: Display: ShaderCodeLibraryPakFileMountedCallback: PakFile 'D:/EpicGames/UE_4.27/FeaturePacks/TP_VehicleAdvBP.upack' (chunk index -1, root 'root:/') mounted
[2022.02.23-13.11.24:777][  0]LogShaderLibrary: Display: ShaderCodeLibraryPakFileMountedCallback: pending pak file info (ChunkID:-1 Root:root:/ File:D:/EpicGames/UE_4.27/FeaturePacks/TP_VehicleAdvBP.upack)
[2022.02.23-13.11.24:777][  0]LogPakFile: OnPakFileMounted2Time == 0.000024
[2022.02.23-13.11.24:778][  0]LogPakFile: PakFile PrimaryIndexSize=185
[2022.02.23-13.11.24:778][  0]LogPakFile: PakFile PathHashIndexSize=101
[2022.02.23-13.11.24:778][  0]LogPakFile: PakFile FullDirectoryIndexSize=144
[2022.02.23-13.11.24:778][  0]LogShaderLibrary: Display: ShaderCodeLibraryPakFileMountedCallback: PakFile 'D:/EpicGames/UE_4.27/FeaturePacks/TP_VehicleBP.upack' (chunk index -1, root 'root:/') mounted
[2022.02.23-13.11.24:778][  0]LogShaderLibrary: Display: ShaderCodeLibraryPakFileMountedCallback: pending pak file info (ChunkID:-1 Root:root:/ File:D:/EpicGames/UE_4.27/FeaturePacks/TP_VehicleBP.upack)
[2022.02.23-13.11.24:778][  0]LogPakFile: OnPakFileMounted2Time == 0.000020
[2022.02.23-13.11.24:778][  0]LogPakFile: PakFile PrimaryIndexSize=192
[2022.02.23-13.11.24:778][  0]LogPakFile: PakFile PathHashIndexSize=101
[2022.02.23-13.11.24:778][  0]LogPakFile: PakFile FullDirectoryIndexSize=158
[2022.02.23-13.11.24:778][  0]LogShaderLibrary: Display: ShaderCodeLibraryPakFileMountedCallback: PakFile 'D:/EpicGames/UE_4.27/FeaturePacks/TP_VirtualRealityBP.upack' (chunk index -1, root 'root:/') mounted
[2022.02.23-13.11.24:778][  0]LogShaderLibrary: Display: ShaderCodeLibraryPakFileMountedCallback: pending pak file info (ChunkID:-1 Root:root:/ File:D:/EpicGames/UE_4.27/FeaturePacks/TP_VirtualRealityBP.upack)
[2022.02.23-13.11.24:778][  0]LogPakFile: OnPakFileMounted2Time == 0.000020
[2022.02.23-13.11.24:815][  0]LogNativeClassHierarchy: Verbose: Native class hierarchy updated for 'AddContentDialog' in 0.0002 seconds. Added 0 classes and 0 folders.
[2022.02.23-13.11.24:816][  0]LogNativeClassHierarchy: Verbose: Native class hierarchy updated for 'SceneOutliner' in 0.0002 seconds. Added 2 classes and 0 folders.
[2022.02.23-13.11.24:935][  0]LogSlate: Took 0.000219 seconds to synchronously load lazily loaded font '../../../Engine/Content/Slate/Fonts/Roboto-Regular.ttf' (155K)
[2022.02.23-13.11.24:936][  0]LogSlate: Took 0.000098 seconds to synchronously load lazily loaded font '../../../Engine/Content/Editor/Slate/Fonts/FontAwesome.ttf' (139K)
[2022.02.23-13.11.24:937][  0]LogSlate: Took 0.000857 seconds to synchronously load lazily loaded font '../../../Engine/Content/Editor/Slate/Fonts/NanumGothic.ttf' (4243K)
[2022.02.23-13.11.24:938][  0]LogSlate: Took 0.000855 seconds to synchronously load lazily loaded font '../../../Engine/Content/Editor/Slate/Fonts/NanumGothicBold.ttf' (4188K)
[2022.02.23-13.11.24:939][  0]LogSlate: Took 0.000119 seconds to synchronously load lazily loaded font '../../../Engine/Content/Slate/Fonts/Roboto-Bold.ttf' (160K)
[2022.02.23-13.11.24:942][  0]LogSlate: Took 0.000116 seconds to synchronously load lazily loaded font '../../../Engine/Content/Slate/Fonts/DroidSansMono.ttf' (77K)
[2022.02.23-13.11.24:973][  0]LogSlate: Took 0.000830 seconds to synchronously load lazily loaded font '../../../Engine/Content/Editor/Slate/Fonts/NanumGothicExtraBold.ttf' (4074K)
[2022.02.23-13.11.25:038][  0]LogRenderer: Reallocating scene render targets to support 1288x620 Format 10 NumSamples 1 (Frame:1).
[2022.02.23-13.11.25:115][  0]LogNativeClassHierarchy: Verbose: Native class hierarchy updated for 'HierarchicalLODOutliner' in 0.0002 seconds. Added 0 classes and 0 folders.
[2022.02.23-13.11.25:115][  0]LogInput: Warning: Action Jump uses invalid key OculusGo_Left_Trigger_Click.
[2022.02.23-13.11.25:115][  0]LogInput: Warning: Action ResetVR uses invalid key OculusGo_Left_Trackpad_Click.
[2022.02.23-13.11.25:115][  0]LogInput: Warning: Use -RemoveInvalidKeys to remove instances of these keys from the action mapping.
[2022.02.23-13.11.25:115][  0]LogLoad: (Engine Initialization) Total time: 5.72 seconds
[2022.02.23-13.11.25:115][  0]LogLoad: (Engine Initialization) Total Blueprint compile time: 0.00 seconds
[2022.02.23-13.11.25:170][  0]LogAssetRegistry: Asset discovery search completed in 3.3061 seconds
[2022.02.23-13.11.25:174][  0]LogCollectionManager: Fixed up redirectors for 0 collections in 0.000003 seconds (updated 0 objects)
[2022.02.23-13.11.25:175][  0]LogContentStreaming: Texture pool size now 1000 MB
[2022.02.23-13.12.04:364][117]LogHotReload: New module detected: UE4Editor-StarryTail-0022.dll
[2022.02.23-13.12.04:713][119]LogHotReload: Starting Hot-Reload from IDE
[2022.02.23-13.12.04:717][119]LogSlate: Took 0.000217 seconds to synchronously load lazily loaded font '../../../Engine/Content/Slate/Fonts/Roboto-Light.ttf' (167K)
[2022.02.23-13.12.05:197][119]LogClass: PlayerCharacterDataStruct HotReload.
[2022.02.23-13.12.05:199][119]LogHotReload: Re-instancing IreneCharacter after hot-reload.
[2022.02.23-13.12.05:207][119]LogNativeClassHierarchy: Verbose: Native class hierarchy updated for 'StarryTail' in 0.0003 seconds. Added 3 classes and 2 folders.
[2022.02.23-13.12.05:208][119]Display: HotReload successful (0 functions remapped  1 scriptstructs remapped)
[2022.02.23-13.12.05:246][119]LogNativeClassHierarchy: Verbose: Native class hierarchy populated in 0.0064 seconds. Added 3825 classes and 930 folders.
[2022.02.23-13.12.05:282][119]Display: HotReload took  0.6s.
[2022.02.23-13.12.06:629][123]LogTemp: Repeating last play command: 선택된 뷰포트
[2022.02.23-13.12.06:635][123]LogPlayLevel: PlayLevel: No blueprints needed recompiling
[2022.02.23-13.12.06:636][123]PIE: New page: PIE 세션: ThirdPersonExampleMap (2022. 2. 24. 오전 7:12:06)
[2022.02.23-13.12.06:637][123]LogOnline: OSS: Creating online subsystem instance for: NULL
[2022.02.23-13.12.06:638][123]LogOnline: OSS: TryLoadSubsystemAndSetDefault: Loaded subsystem for module [NULL]
[2022.02.23-13.12.06:638][123]LogPlayLevel: Creating play world package: /Game/ThirdPersonCPP/Maps/UEDPIE_0_ThirdPersonExampleMap
[2022.02.23-13.12.06:646][123]LogPlayLevel: PIE: StaticDuplicateObject took: (0.008155s)
[2022.02.23-13.12.06:646][123]LogAIModule: Creating AISystem for world ThirdPersonExampleMap
[2022.02.23-13.12.06:647][123]LogPlayLevel: PIE: World Init took: (0.000829s)
[2022.02.23-13.12.06:647][123]LogPlayLevel: PIE: Created PIE world by copying editor world from /Game/ThirdPersonCPP/Maps/ThirdPersonExampleMap.ThirdPersonExampleMap to /Game/ThirdPersonCPP/Maps/UEDPIE_0_ThirdPersonExampleMap.ThirdPersonExampleMap (0.009103s)
[2022.02.23-13.12.06:667][123]LogUObjectHash: Compacting FUObjectHashTables data took   0.55ms
[2022.02.23-13.12.06:669][123]LogAudio: Display: Creating Audio Device:                 Id: 2, Scope: Unique, Realtime: True
[2022.02.23-13.12.06:669][123]LogAudioMixer: Display: Audio Mixer Platform Settings:
[2022.02.23-13.12.06:669][123]LogAudioMixer: Display: 	Sample Rate:						  48000
[2022.02.23-13.12.06:669][123]LogAudioMixer: Display: 	Callback Buffer Frame Size Requested: 1024
[2022.02.23-13.12.06:669][123]LogAudioMixer: Display: 	Callback Buffer Frame Size To Use:	  1024
[2022.02.23-13.12.06:669][123]LogAudioMixer: Display: 	Number of buffers to queue:			  2
[2022.02.23-13.12.06:669][123]LogAudioMixer: Display: 	Max Channels (voices):				  32
[2022.02.23-13.12.06:669][123]LogAudioMixer: Display: 	Number of Async Source Workers:		  0
[2022.02.23-13.12.06:669][123]LogAudio: Display: AudioDevice MaxSources: 32
[2022.02.23-13.12.06:669][123]LogAudio: Display: Audio Spatialization Plugin: None (built-in).
[2022.02.23-13.12.06:669][123]LogAudio: Display: Audio Reverb Plugin: None (built-in).
[2022.02.23-13.12.06:669][123]LogAudio: Display: Audio Occlusion Plugin: None (built-in).
[2022.02.23-13.12.06:669][123]LogAudioMixer: Display: Initializing audio mixer.
[2022.02.23-13.12.06:673][123]LogAudioMixer: Display: 0: FrontLeft
[2022.02.23-13.12.06:673][123]LogAudioMixer: Display: 1: FrontRight
[2022.02.23-13.12.06:681][123]LogAudioMixer: Display: Using Audio Device 스피커(2- USBZH5XK)
[2022.02.23-13.12.06:681][123]LogAudioMixer: Display: Initializing Sound Submixes...
[2022.02.23-13.12.06:681][123]LogAudioMixer: Display: Creating Master Submix 'MasterSubmixDefault'
[2022.02.23-13.12.06:681][123]LogAudioMixer: Display: Creating Master Submix 'MasterReverbSubmixDefault'
[2022.02.23-13.12.06:682][123]LogAudioMixer: Display: Creating Master Submix 'MasterEQSubmixDefault'
[2022.02.23-13.12.06:682][123]LogAudioMixer: FMixerPlatformXAudio2::StartAudioStream() called
[2022.02.23-13.12.06:682][123]LogAudioMixer: Display: Output buffers initialized: Frames=1024, Channels=2, Samples=2048
[2022.02.23-13.12.06:682][123]LogAudioMixer: Display: Starting AudioMixerPlatformInterface::RunInternal()
[2022.02.23-13.12.06:682][123]LogAudioMixer: Display: FMixerPlatformXAudio2::SubmitBuffer() called for the first time
[2022.02.23-13.12.06:682][123]LogInit: FAudioDevice initialized.
[2022.02.23-13.12.06:682][123]LogAudio: Display: Audio Device (ID: 2) registered with world 'ThirdPersonExampleMap'.
[2022.02.23-13.12.06:690][123]LogLoad: Game class is 'StarryTailGameMode'
[2022.02.23-13.12.06:691][123]LogWorld: Bringing World /Game/ThirdPersonCPP/Maps/UEDPIE_0_ThirdPersonExampleMap.ThirdPersonExampleMap up for play (max tick rate 0) at 2022.02.23-22.12.06
[2022.02.23-13.12.06:692][123]LogWorld: Bringing up level for play took: 0.001312
[2022.02.23-13.12.06:692][123]LogOnline: OSS: Creating online subsystem instance for: :Context_2
[2022.02.23-13.12.06:713][123]LogNativeClassHierarchy: Verbose: Native class hierarchy updated for 'MovieSceneCapture' in 0.0003 seconds. Added 20 classes and 0 folders.
[2022.02.23-13.12.08:255][123]LogWindows: Error: === Critical error: ===
[2022.02.23-13.12.08:255][123]LogWindows: Error: 
[2022.02.23-13.12.08:255][123]LogWindows: Error: Fatal error!
[2022.02.23-13.12.08:255][123]LogWindows: Error: 
[2022.02.23-13.12.08:255][123]LogWindows: Error: Unhandled Exception: EXCEPTION_ACCESS_VIOLATION reading address 0x0000000000000000
[2022.02.23-13.12.08:255][123]LogWindows: Error: 
[2022.02.23-13.12.08:255][123]LogWindows: Error: [Callstack] 0x00007ffcca174046 UE4Editor-StarryTail-0022.dll!AIreneCharacter::BeginPlay() [C:\UnrealProjects\STARRY-TAIL\StarryTail\Source\StarryTail\IreneCharacter.cpp:58]
[2022.02.23-13.12.08:255][123]LogWindows: Error: [Callstack] 0x00007ffc7f200c1f UE4Editor-Engine.dll!UnknownFunction []
[2022.02.23-13.12.08:255][123]LogWindows: Error: [Callstack] 0x00007ffc8060ba95 UE4Editor-Engine.dll!UnknownFunction []
[2022.02.23-13.12.08:255][123]LogWindows: Error: [Callstack] 0x00007ffc7f94ca31 UE4Editor-Engine.dll!UnknownFunction []
[2022.02.23-13.12.08:255][123]LogWindows: Error: [Callstack] 0x00007ffc805afb3e UE4Editor-Engine.dll!UnknownFunction []
[2022.02.23-13.12.08:255][123]LogWindows: Error: [Callstack] 0x00007ffc7f96eb09 UE4Editor-Engine.dll!UnknownFunction []
[2022.02.23-13.12.08:255][123]LogWindows: Error: [Callstack] 0x00007ffc84902c45 UE4Editor-UnrealEd.dll!UnknownFunction []
[2022.02.23-13.12.08:255][123]LogWindows: Error: [Callstack] 0x00007ffc8492622f UE4Editor-UnrealEd.dll!UnknownFunction []
[2022.02.23-13.12.08:255][123]LogWindows: Error: [Callstack] 0x00007ffc8490397d UE4Editor-UnrealEd.dll!UnknownFunction []
[2022.02.23-13.12.08:255][123]LogWindows: Error: [Callstack] 0x00007ffc84943772 UE4Editor-UnrealEd.dll!UnknownFunction []
[2022.02.23-13.12.08:255][123]LogWindows: Error: [Callstack] 0x00007ffc84946d31 UE4Editor-UnrealEd.dll!UnknownFunction []
[2022.02.23-13.12.08:255][123]LogWindows: Error: [Callstack] 0x00007ffc849465f8 UE4Editor-UnrealEd.dll!UnknownFunction []
[2022.02.23-13.12.08:255][123]LogWindows: Error: [Callstack] 0x00007ffc843a0c8c UE4Editor-UnrealEd.dll!UnknownFunction []
[2022.02.23-13.12.08:255][123]LogWindows: Error: [Callstack] 0x00007ffc84ca2ba6 UE4Editor-UnrealEd.dll!UnknownFunction []
[2022.02.23-13.12.08:255][123]LogWindows: Error: [Callstack] 0x00007ff7769787a0 UE4Editor.exe!UnknownFunction []
[2022.02.23-13.12.08:255][123]LogWindows: Error: [Callstack] 0x00007ff776990fcc UE4Editor.exe!UnknownFunction []
[2022.02.23-13.12.08:256][123]LogWindows: Error: [Callstack] 0x00007ff7769910ba UE4Editor.exe!UnknownFunction []
[2022.02.23-13.12.08:256][123]LogWindows: Error: [Callstack] 0x00007ff7769940dd UE4Editor.exe!UnknownFunction []
[2022.02.23-13.12.08:256][123]LogWindows: Error: [Callstack] 0x00007ff7769a5984 UE4Editor.exe!UnknownFunction []
[2022.02.23-13.12.08:256][123]LogWindows: Error: [Callstack] 0x00007ff7769a853a UE4Editor.exe!UnknownFunction []
[2022.02.23-13.12.08:256][123]LogWindows: Error: [Callstack] 0x00007ffce3c77034 KERNEL32.DLL!UnknownFunction []
[2022.02.23-13.12.08:256][123]LogWindows: Error: [Callstack] 0x00007ffce4502651 ntdll.dll!UnknownFunction []
[2022.02.23-13.12.08:256][123]LogWindows: Error: 
[2022.02.23-13.12.08:268][123]LogExit: Executing StaticShutdownAfterError
[2022.02.23-13.12.08:269][123]LogWindows: FPlatformMisc::RequestExit(1)
[2022.02.23-13.12.08:269][123]LogWindows: FPlatformMisc::RequestExitWithStatus(1, 3)
[2022.02.23-13.12.08:269][123]LogCore: Engine exit requested (reason: Win RequestExit)
[2022.02.23-13.12.08:278][123]Log file closed, 02/23/22 22:12:08
