Log file open, 03/04/22 20:41:39
LogWindows: Failed to load 'aqProf.dll' (GetLastError=126)
LogWindows: File 'aqProf.dll' does not exist
LogWindows: Failed to load 'VtuneApi.dll' (GetLastError=126)
LogWindows: File 'VtuneApi.dll' does not exist
LogWindows: Failed to load 'VtuneApi32e.dll' (GetLastError=126)
LogWindows: File 'VtuneApi32e.dll' does not exist
LogConsoleResponse: Display: Failed to find resolution value strings in scalability ini. Falling back to default.
LogConsoleResponse: Display: Failed to find resolution value strings in scalability ini. Falling back to default.
LogInit: Display: Running engine for game: StarryTail
LogPlatformFile: Not using cached read wrapper
LogTaskGraph: Started task graph with 5 named threads and 35 total threads with 3 sets of task threads.
LogStats: Stats thread started at 0.470416
LogICUInternationalization: ICU TimeZone Detection - Raw Offset: +9:00, Platform Override: ''
LogInit: Display: Loading text-based GConfig....
LogPluginManager: Mounting plugin MeshPainting
LogPluginManager: Mounting plugin XGEController
LogPluginManager: Mounting plugin LightPropagationVolume
LogPluginManager: Mounting plugin Paper2D
LogPluginManager: Mounting plugin AISupport
LogPluginManager: Mounting plugin LiveLink
LogPluginManager: Mounting plugin CameraShakePreviewer
LogPluginManager: Mounting plugin EnvironmentQueryEditor
LogPluginManager: Mounting plugin GameplayCameras
LogPluginManager: Mounting plugin OodleData
LogPluginManager: Mounting plugin OodleNetwork
LogPluginManager: Mounting plugin Niagara
LogPluginManager: Mounting plugin DatasmithContent
LogPluginManager: Mounting plugin AssetManagerEditor
LogPluginManager: Mounting plugin VariantManagerContent
LogPluginManager: Mounting plugin CryptoKeys
LogPluginManager: Mounting plugin MacGraphicsSwitching
LogPluginManager: Mounting plugin DataValidation
LogPluginManager: Mounting plugin CurveEditorTools
LogPluginManager: Mounting plugin FacialAnimation
LogPluginManager: Mounting plugin GameplayTagsEditor
LogPluginManager: Mounting plugin GeometryMode
LogPluginManager: Mounting plugin MaterialAnalyzer
LogPluginManager: Mounting plugin MobileLauncherProfileWizard
LogPluginManager: Mounting plugin AnimationSharing
LogPluginManager: Mounting plugin PluginBrowser
LogPluginManager: Mounting plugin SpeedTreeImporter
LogPluginManager: Mounting plugin CLionSourceCodeAccess
LogPluginManager: Mounting plugin CodeLiteSourceCodeAccess
LogPluginManager: Mounting plugin KDevelopSourceCodeAccess
LogPluginManager: Mounting plugin GitSourceControl
LogPluginManager: Mounting plugin NullSourceCodeAccess
LogPluginManager: Mounting plugin PixWinPlugin
LogPluginManager: Mounting plugin PerforceSourceControl
LogPluginManager: Mounting plugin PropertyAccessNode
LogPluginManager: Mounting plugin PluginUtils
LogPluginManager: Mounting plugin LuminPlatformFeatures
LogPluginManager: Mounting plugin PlasticSourceControl
LogPluginManager: Mounting plugin RiderSourceCodeAccess
LogPluginManager: Mounting plugin TextureFormatOodle
LogPluginManager: Mounting plugin SubversionSourceControl
LogPluginManager: Mounting plugin UObjectPlugin
LogPluginManager: Mounting plugin MagicLeap
LogPluginManager: Mounting plugin MagicLeapLightEstimation
LogPluginManager: Mounting plugin VisualStudioCodeSourceCodeAccess
LogPluginManager: Mounting plugin VisualStudioSourceCodeAccess
LogPluginManager: Mounting plugin MagicLeapMedia
LogPluginManager: Mounting plugin XCodeSourceCodeAccess
LogPluginManager: Mounting plugin MagicLeapPassableWorld
LogPluginManager: Mounting plugin MLSDK
LogPluginManager: Mounting plugin TcpMessaging
LogPluginManager: Mounting plugin UdpMessaging
LogPluginManager: Mounting plugin AndroidMedia
LogPluginManager: Mounting plugin AvfMedia
LogPluginManager: Mounting plugin ImgMedia
LogPluginManager: Mounting plugin MediaCompositing
LogPluginManager: Mounting plugin MediaPlayerEditor
LogPluginManager: Mounting plugin WebMMedia
LogPluginManager: Mounting plugin WmfMedia
LogPluginManager: Mounting plugin OnlineSubsystem
LogPluginManager: Mounting plugin OnlineSubsystemNull
LogPluginManager: Mounting plugin LauncherChunkInstaller
LogPluginManager: Mounting plugin OnlineSubsystemUtils
LogPluginManager: Mounting plugin ActorSequence
LogPluginManager: Mounting plugin LevelSequenceEditor
LogPluginManager: Mounting plugin MatineeToLevelSequence
LogPluginManager: Mounting plugin TemplateSequence
LogPluginManager: Mounting plugin AlembicImporter
LogPluginManager: Mounting plugin AutomationUtils
LogPluginManager: Mounting plugin BackChannel
LogPluginManager: Mounting plugin ChaosClothEditor
LogPluginManager: Mounting plugin ChaosEditor
LogPluginManager: Mounting plugin CharacterAI
LogPluginManager: Mounting plugin ChaosCloth
LogPluginManager: Mounting plugin ChaosNiagara
LogPluginManager: Mounting plugin ChaosSolverPlugin
LogPluginManager: Mounting plugin GeometryCache
LogPluginManager: Mounting plugin GeometryCollectionPlugin
LogPluginManager: Mounting plugin ScreenshotTools
LogPluginManager: Mounting plugin MotoSynth
LogPluginManager: Mounting plugin GeometryProcessing
LogPluginManager: Mounting plugin PlatformCrypto
LogPluginManager: Mounting plugin ProxyLODPlugin
LogPluginManager: Mounting plugin PlanarCut
LogPluginManager: Mounting plugin PythonScriptPlugin
LogPluginManager: Mounting plugin OpenImageDenoise
LogPluginManager: Mounting plugin SkeletalReduction
LogPluginManager: Mounting plugin Takes
LogPluginManager: Mounting plugin ActorLayerUtilities
LogPluginManager: Mounting plugin AndroidDeviceProfileSelector
LogPluginManager: Mounting plugin AndroidMoviePlayer
LogPluginManager: Mounting plugin AndroidPermission
LogPluginManager: Mounting plugin AppleImageUtils
LogPluginManager: Mounting plugin AppleMoviePlayer
LogPluginManager: Mounting plugin AudioSynesthesia
LogPluginManager: Mounting plugin CableComponent
LogPluginManager: Mounting plugin ArchVisCharacter
LogPluginManager: Mounting plugin AudioCapture
LogPluginManager: Mounting plugin ChunkDownloader
LogPluginManager: Mounting plugin AssetTags
LogPluginManager: Mounting plugin CustomMeshComponent
LogPluginManager: Mounting plugin ExampleDeviceProfileSelector
LogPluginManager: Mounting plugin EditableMesh
LogPluginManager: Mounting plugin GoogleCloudMessaging
LogPluginManager: Mounting plugin GooglePAD
LogPluginManager: Mounting plugin IOSDeviceProfileSelector
LogPluginManager: Mounting plugin LinuxDeviceProfileSelector
LogPluginManager: Mounting plugin LocationServicesBPLibrary
LogPluginManager: Mounting plugin MobilePatchingUtils
LogPluginManager: Mounting plugin OpenXR
LogPluginManager: Mounting plugin OpenXREyeTracker
LogPluginManager: Mounting plugin OpenXRHandTracking
LogPluginManager: Mounting plugin PostSplashScreen
LogPluginManager: Mounting plugin PhysXVehicles
LogPluginManager: Mounting plugin PropertyAccessEditor
LogPluginManager: Mounting plugin ProceduralMeshComponent
LogPluginManager: Mounting plugin RuntimePhysXCooking
LogPluginManager: Mounting plugin SignificanceManager
LogPluginManager: Mounting plugin SoundFields
LogPluginManager: Mounting plugin Synthesis
LogPluginManager: Mounting plugin WebMMoviePlayer
LogPluginManager: Mounting plugin WindowsMoviePlayer
LogPluginManager: Mounting plugin ContentBrowserAssetDataSource
LogPluginManager: Mounting plugin ContentBrowserClassDataSource
LogPluginManager: Mounting plugin ContentBrowserFileDataSource
LogPluginManager: Mounting plugin OnlineSubsystemIOS
LogPluginManager: Mounting plugin OnlineSubsystemGooglePlay
LogPluginManager: Mounting plugin OculusVR
LogPluginManager: Mounting plugin SteamVR
PixWinPlugin: PIX capture plugin failed to initialize! Check that the process is launched from PIX.
LogInit: Using libcurl 7.55.1-DEV
LogInit:  - built for x86_64-pc-win32
LogInit:  - supports SSL with OpenSSL/1.1.1
LogInit:  - supports HTTP deflate (compression) using libz 1.2.8
LogInit:  - other features:
LogInit:      CURL_VERSION_SSL
LogInit:      CURL_VERSION_LIBZ
LogInit:      CURL_VERSION_IPV6
LogInit:      CURL_VERSION_ASYNCHDNS
LogInit:      CURL_VERSION_LARGEFILE
LogInit:      CURL_VERSION_IDN
LogInit:  CurlRequestOptions (configurable via config and command line):
LogInit:  - bVerifyPeer = true  - Libcurl will verify peer certificate
LogInit:  - bUseHttpProxy = false  - Libcurl will NOT use HTTP proxy
LogInit:  - bDontReuseConnections = false  - Libcurl will reuse connections
LogInit:  - MaxHostConnections = 16  - Libcurl will limit the number of connections to a host
LogInit:  - LocalHostAddr = Default
LogInit:  - BufferSize = 65536
LogOnline: OSS: Creating online subsystem instance for: NULL
LogInit: WinSock: version 1.1 (2.2), MaxSocks=32767, MaxUdp=65467
LogOnline: OSS: TryLoadSubsystemAndSetDefault: Loaded subsystem for module [NULL]
LogOculusPluginWrapper: OculusPlugin initialized successfully
LogHMD: Failed initializing OVRPlugin 1.59.0
LogInit: Build: ++UE4+Release-4.27-CL-18319896
LogInit: Engine Version: 4.27.2-18319896+++UE4+Release-4.27
LogInit: Compatible Engine Version: 4.27.0-17155196+++UE4+Release-4.27
LogInit: Net CL: 17155196
LogInit: OS: Windows 10 (Release 2009) (), CPU: AMD Ryzen 5 5600X 6-Core Processor             , GPU: NVIDIA GeForce RTX 3060 Ti
LogInit: Compiled (64-bit): Nov 30 2021 07:12:08
LogInit: Compiled with Visual C++: 19.24.28315.00
LogInit: Build Configuration: Development
LogInit: Branch Name: ++UE4+Release-4.27
LogInit: Command Line: 
LogInit: Base Directory: C:/Program Files/Epic Games/UE_4.27/Engine/Binaries/Win64/
LogInit: Allocator: TBB
LogInit: Installed Engine Build: 1
LogDevObjectVersion: Number of dev versions registered: 29
LogDevObjectVersion:   Dev-Blueprints (B0D832E4-1F89-4F0D-ACCF-7EB736FD4AA2): 10
LogDevObjectVersion:   Dev-Build (E1C64328-A22C-4D53-A36C-8E866417BD8C): 0
LogDevObjectVersion:   Dev-Core (375EC13C-06E4-48FB-B500-84F0262A717E): 4
LogDevObjectVersion:   Dev-Editor (E4B068ED-F494-42E9-A231-DA0B2E46BB41): 40
LogDevObjectVersion:   Dev-Framework (CFFC743F-43B0-4480-9391-14DF171D2073): 37
LogDevObjectVersion:   Dev-Mobile (B02B49B5-BB20-44E9-A304-32B752E40360): 3
LogDevObjectVersion:   Dev-Networking (A4E4105C-59A1-49B5-A7C5-40C4547EDFEE): 0
LogDevObjectVersion:   Dev-Online (39C831C9-5AE6-47DC-9A44-9C173E1C8E7C): 0
LogDevObjectVersion:   Dev-Physics (78F01B33-EBEA-4F98-B9B4-84EACCB95AA2): 14
LogDevObjectVersion:   Dev-Platform (6631380F-2D4D-43E0-8009-CF276956A95A): 0
LogDevObjectVersion:   Dev-Rendering (12F88B9F-8875-4AFC-A67C-D90C383ABD29): 45
LogDevObjectVersion:   Dev-Sequencer (7B5AE74C-D270-4C10-A958-57980B212A5A): 13
LogDevObjectVersion:   Dev-VR (D7296918-1DD6-4BDD-9DE2-64A83CC13884): 3
LogDevObjectVersion:   Dev-LoadTimes (C2A15278-BFE7-4AFE-6C17-90FF531DF755): 1
LogDevObjectVersion:   Private-Geometry (6EACA3D4-40EC-4CC1-B786-8BED09428FC5): 3
LogDevObjectVersion:   Dev-AnimPhys (29E575DD-E0A3-4627-9D10-D276232CDCEA): 17
LogDevObjectVersion:   Dev-Anim (AF43A65D-7FD3-4947-9873-3E8ED9C1BB05): 15
LogDevObjectVersion:   Dev-ReflectionCapture (6B266CEC-1EC7-4B8F-A30B-E4D90942FC07): 1
LogDevObjectVersion:   Dev-Automation (0DF73D61-A23F-47EA-B727-89E90C41499A): 1
LogDevObjectVersion:   FortniteMain (601D1886-AC64-4F84-AA16-D3DE0DEAC7D6): 47
LogDevObjectVersion:   FortniteRelease (E7086368-6B23-4C58-8439-1B7016265E91): 1
LogDevObjectVersion:   Dev-Enterprise (9DFFBCD6-494F-0158-E221-12823C92A888): 10
LogDevObjectVersion:   Dev-Niagara (F2AED0AC-9AFE-416F-8664-AA7FFA26D6FC): 1
LogDevObjectVersion:   Dev-Destruction (174F1F0B-B4C6-45A5-B13F-2EE8D0FB917D): 10
LogDevObjectVersion:   Dev-Physics-Ext (35F94A83-E258-406C-A318-09F59610247C): 41
LogDevObjectVersion:   Dev-PhysicsMaterial-Chaos (B68FC16E-8B1B-42E2-B453-215C058844FE): 1
LogDevObjectVersion:   Dev-CineCamera (B2E18506-4273-CFC2-A54E-F4BB758BBA07): 1
LogDevObjectVersion:   Dev-VirtualProduction (64F58936-FD1B-42BA-BA96-7289D5D0FA4E): 1
LogDevObjectVersion:   Dev-MediaFramework (6F0ED827-A609-4895-9C91-998D90180EA4): 2
LogInit: Presizing for max 25165824 objects, including 0 objects not considered by GC, pre-allocating 0 bytes for permanent pool.
LogConfig: Applying CVar settings from Section [/Script/Engine.StreamingSettings] File [C:/Users/Pocari/Desktop/STARRY-TAIL/StarryTail/Saved/Config/Windows/Engine.ini]
LogConfig: Setting CVar [[s.MinBulkDataSizeForAsyncLoading:131072]]
LogConfig: Setting CVar [[s.AsyncLoadingThreadEnabled:0]]
LogConfig: Setting CVar [[s.EventDrivenLoaderEnabled:1]]
LogConfig: Setting CVar [[s.WarnIfTimeLimitExceeded:0]]
LogConfig: Setting CVar [[s.TimeLimitExceededMultiplier:1.5]]
LogConfig: Setting CVar [[s.TimeLimitExceededMinTime:0.005]]
LogConfig: Setting CVar [[s.UseBackgroundLevelStreaming:1]]
LogConfig: Setting CVar [[s.PriorityAsyncLoadingExtraTime:15.0]]
LogConfig: Setting CVar [[s.LevelStreamingActorsUpdateTimeLimit:5.0]]
LogConfig: Setting CVar [[s.PriorityLevelStreamingActorsUpdateExtraTime:5.0]]
LogConfig: Setting CVar [[s.LevelStreamingComponentsRegistrationGranularity:10]]
LogConfig: Setting CVar [[s.UnregisterComponentsTimeLimit:1.0]]
LogConfig: Setting CVar [[s.LevelStreamingComponentsUnregistrationGranularity:5]]
LogConfig: Setting CVar [[s.FlushStreamingOnExit:1]]
LogInit: Object subsystem initialized
LogConfig: Setting CVar [[con.DebugEarlyDefault:1]]
LogConfig: Setting CVar [[r.setres:1280x720]]
[2022.03.04-11.41.42:599][  0]LogConfig: Setting CVar [[r.VSync:0]]
[2022.03.04-11.41.42:599][  0]LogConfig: Setting CVar [[r.RHICmdBypass:0]]
[2022.03.04-11.41.42:599][  0]LogConfig: Applying CVar settings from Section [/Script/Engine.RendererSettings] File [C:/Users/Pocari/Desktop/STARRY-TAIL/StarryTail/Saved/Config/Windows/Engine.ini]
[2022.03.04-11.41.42:599][  0]LogConfig: Setting CVar [[r.GPUCrashDebugging:0]]
[2022.03.04-11.41.42:599][  0]LogConfig: Applying CVar settings from Section [/Script/Engine.RendererOverrideSettings] File [C:/Users/Pocari/Desktop/STARRY-TAIL/StarryTail/Saved/Config/Windows/Engine.ini]
[2022.03.04-11.41.42:599][  0]LogConfig: Applying CVar settings from Section [/Script/Engine.StreamingSettings] File [C:/Users/Pocari/Desktop/STARRY-TAIL/StarryTail/Saved/Config/Windows/Engine.ini]
[2022.03.04-11.41.42:599][  0]LogConfig: Setting CVar [[s.MinBulkDataSizeForAsyncLoading:131072]]
[2022.03.04-11.41.42:599][  0]LogConfig: Setting CVar [[s.AsyncLoadingThreadEnabled:0]]
[2022.03.04-11.41.42:600][  0]LogConfig: Setting CVar [[s.EventDrivenLoaderEnabled:1]]
[2022.03.04-11.41.42:600][  0]LogConfig: Setting CVar [[s.WarnIfTimeLimitExceeded:0]]
[2022.03.04-11.41.42:600][  0]LogConfig: Setting CVar [[s.TimeLimitExceededMultiplier:1.5]]
[2022.03.04-11.41.42:600][  0]LogConfig: Setting CVar [[s.TimeLimitExceededMinTime:0.005]]
[2022.03.04-11.41.42:600][  0]LogConfig: Setting CVar [[s.UseBackgroundLevelStreaming:1]]
[2022.03.04-11.41.42:600][  0]LogConfig: Setting CVar [[s.PriorityAsyncLoadingExtraTime:15.0]]
[2022.03.04-11.41.42:600][  0]LogConfig: Setting CVar [[s.LevelStreamingActorsUpdateTimeLimit:5.0]]
[2022.03.04-11.41.42:600][  0]LogConfig: Setting CVar [[s.PriorityLevelStreamingActorsUpdateExtraTime:5.0]]
[2022.03.04-11.41.42:600][  0]LogConfig: Setting CVar [[s.LevelStreamingComponentsRegistrationGranularity:10]]
[2022.03.04-11.41.42:600][  0]LogConfig: Setting CVar [[s.UnregisterComponentsTimeLimit:1.0]]
[2022.03.04-11.41.42:600][  0]LogConfig: Setting CVar [[s.LevelStreamingComponentsUnregistrationGranularity:5]]
[2022.03.04-11.41.42:600][  0]LogConfig: Setting CVar [[s.FlushStreamingOnExit:1]]
[2022.03.04-11.41.42:600][  0]LogConfig: Applying CVar settings from Section [/Script/Engine.GarbageCollectionSettings] File [C:/Users/Pocari/Desktop/STARRY-TAIL/StarryTail/Saved/Config/Windows/Engine.ini]
[2022.03.04-11.41.42:600][  0]LogConfig: Setting CVar [[gc.MaxObjectsNotConsideredByGC:1]]
[2022.03.04-11.41.42:600][  0]LogConfig: Setting CVar [[gc.SizeOfPermanentObjectPool:0]]
[2022.03.04-11.41.42:600][  0]LogConfig: Setting CVar [[gc.FlushStreamingOnGC:0]]
[2022.03.04-11.41.42:600][  0]LogConfig: Setting CVar [[gc.NumRetriesBeforeForcingGC:10]]
[2022.03.04-11.41.42:600][  0]LogConfig: Setting CVar [[gc.AllowParallelGC:1]]
[2022.03.04-11.41.42:600][  0]LogConfig: Setting CVar [[gc.TimeBetweenPurgingPendingKillObjects:61.1]]
[2022.03.04-11.41.42:600][  0]LogConfig: Setting CVar [[gc.MaxObjectsInEditor:25165824]]
[2022.03.04-11.41.42:600][  0]LogConfig: Setting CVar [[gc.IncrementalBeginDestroyEnabled:1]]
[2022.03.04-11.41.42:600][  0]LogConfig: Setting CVar [[gc.CreateGCClusters:1]]
[2022.03.04-11.41.42:600][  0]LogConfig: Setting CVar [[gc.MinGCClusterSize:5]]
[2022.03.04-11.41.42:600][  0]LogConfig: Setting CVar [[gc.ActorClusteringEnabled:0]]
[2022.03.04-11.41.42:600][  0]LogConfig: Setting CVar [[gc.BlueprintClusteringEnabled:0]]
[2022.03.04-11.41.42:600][  0]LogConfig: Setting CVar [[gc.UseDisregardForGCOnDedicatedServers:0]]
[2022.03.04-11.41.42:600][  0]LogConfig: Setting CVar [[gc.MultithreadedDestructionEnabled:1]]
[2022.03.04-11.41.42:600][  0]LogConfig: Applying CVar settings from Section [/Script/Engine.NetworkSettings] File [C:/Users/Pocari/Desktop/STARRY-TAIL/StarryTail/Saved/Config/Windows/Engine.ini]
[2022.03.04-11.41.42:600][  0]LogConfig: Applying CVar settings from Section [/Script/UnrealEd.CookerSettings] File [C:/Users/Pocari/Desktop/STARRY-TAIL/StarryTail/Saved/Config/Windows/Engine.ini]
[2022.03.04-11.41.42:618][  0]LogConfig: Applying CVar settings from Section [ViewDistanceQuality@3] File [C:/Users/Pocari/Desktop/STARRY-TAIL/StarryTail/Saved/Config/Windows/Scalability.ini]
[2022.03.04-11.41.42:618][  0]LogConfig: Setting CVar [[r.SkeletalMeshLODBias:0]]
[2022.03.04-11.41.42:618][  0]LogConfig: Setting CVar [[r.ViewDistanceScale:1.0]]
[2022.03.04-11.41.42:618][  0]LogConfig: Applying CVar settings from Section [AntiAliasingQuality@3] File [C:/Users/Pocari/Desktop/STARRY-TAIL/StarryTail/Saved/Config/Windows/Scalability.ini]
[2022.03.04-11.41.42:618][  0]LogConfig: Setting CVar [[r.PostProcessAAQuality:4]]
[2022.03.04-11.41.42:618][  0]LogConfig: Applying CVar settings from Section [ShadowQuality@3] File [C:/Users/Pocari/Desktop/STARRY-TAIL/StarryTail/Saved/Config/Windows/Scalability.ini]
[2022.03.04-11.41.42:618][  0]LogConfig: Setting CVar [[r.LightFunctionQuality:1]]
[2022.03.04-11.41.42:618][  0]LogConfig: Setting CVar [[r.ShadowQuality:5]]
[2022.03.04-11.41.42:618][  0]LogConfig: Setting CVar [[r.Shadow.CSM.MaxCascades:10]]
[2022.03.04-11.41.42:618][  0]LogConfig: Setting CVar [[r.Shadow.MaxResolution:2048]]
[2022.03.04-11.41.42:618][  0]LogConfig: Setting CVar [[r.Shadow.MaxCSMResolution:2048]]
[2022.03.04-11.41.42:618][  0]LogConfig: Setting CVar [[r.Shadow.RadiusThreshold:0.01]]
[2022.03.04-11.41.42:618][  0]LogConfig: Setting CVar [[r.Shadow.DistanceScale:1.0]]
[2022.03.04-11.41.42:618][  0]LogConfig: Setting CVar [[r.Shadow.CSM.TransitionScale:1.0]]
[2022.03.04-11.41.42:618][  0]LogConfig: Setting CVar [[r.Shadow.PreShadowResolutionFactor:1.0]]
[2022.03.04-11.41.42:618][  0]LogConfig: Setting CVar [[r.DistanceFieldShadowing:1]]
[2022.03.04-11.41.42:618][  0]LogConfig: Setting CVar [[r.DistanceFieldAO:1]]
[2022.03.04-11.41.42:618][  0]LogConfig: Setting CVar [[r.AOQuality:2]]
[2022.03.04-11.41.42:618][  0]LogConfig: Setting CVar [[r.VolumetricFog:1]]
[2022.03.04-11.41.42:618][  0]LogConfig: Setting CVar [[r.VolumetricFog.GridPixelSize:8]]
[2022.03.04-11.41.42:618][  0]LogConfig: Setting CVar [[r.VolumetricFog.GridSizeZ:128]]
[2022.03.04-11.41.42:618][  0]LogConfig: Setting CVar [[r.VolumetricFog.HistoryMissSupersampleCount:4]]
[2022.03.04-11.41.42:618][  0]LogConfig: Setting CVar [[r.LightMaxDrawDistanceScale:1]]
[2022.03.04-11.41.42:618][  0]LogConfig: Setting CVar [[r.CapsuleShadows:1]]
[2022.03.04-11.41.42:618][  0]LogConfig: Applying CVar settings from Section [PostProcessQuality@3] File [C:/Users/Pocari/Desktop/STARRY-TAIL/StarryTail/Saved/Config/Windows/Scalability.ini]
[2022.03.04-11.41.42:618][  0]LogConfig: Setting CVar [[r.MotionBlurQuality:4]]
[2022.03.04-11.41.42:618][  0]LogConfig: Setting CVar [[r.AmbientOcclusionMipLevelFactor:0.4]]
[2022.03.04-11.41.42:618][  0]LogConfig: Setting CVar [[r.AmbientOcclusionMaxQuality:100]]
[2022.03.04-11.41.42:618][  0]LogConfig: Setting CVar [[r.AmbientOcclusionLevels:-1]]
[2022.03.04-11.41.42:618][  0]LogConfig: Setting CVar [[r.AmbientOcclusionRadiusScale:1.0]]
[2022.03.04-11.41.42:618][  0]LogConfig: Setting CVar [[r.DepthOfFieldQuality:2]]
[2022.03.04-11.41.42:618][  0]LogConfig: Setting CVar [[r.RenderTargetPoolMin:400]]
[2022.03.04-11.41.42:618][  0]LogConfig: Setting CVar [[r.LensFlareQuality:2]]
[2022.03.04-11.41.42:618][  0]LogConfig: Setting CVar [[r.SceneColorFringeQuality:1]]
[2022.03.04-11.41.42:618][  0]LogConfig: Setting CVar [[r.EyeAdaptationQuality:2]]
[2022.03.04-11.41.42:618][  0]LogConfig: Setting CVar [[r.BloomQuality:5]]
[2022.03.04-11.41.42:618][  0]LogConfig: Setting CVar [[r.FastBlurThreshold:100]]
[2022.03.04-11.41.42:618][  0]LogConfig: Setting CVar [[r.Upscale.Quality:3]]
[2022.03.04-11.41.42:618][  0]LogConfig: Setting CVar [[r.Tonemapper.GrainQuantization:1]]
[2022.03.04-11.41.42:618][  0]LogConfig: Setting CVar [[r.LightShaftQuality:1]]
[2022.03.04-11.41.42:618][  0]LogConfig: Setting CVar [[r.Filter.SizeScale:1]]
[2022.03.04-11.41.42:618][  0]LogConfig: Setting CVar [[r.Tonemapper.Quality:5]]
[2022.03.04-11.41.42:618][  0]LogConfig: Setting CVar [[r.DOF.Gather.AccumulatorQuality:1        ; higher gathering accumulator quality]]
[2022.03.04-11.41.42:618][  0]LogConfig: Setting CVar [[r.DOF.Gather.PostfilterMethod:1          ; Median3x3 postfilering method]]
[2022.03.04-11.41.42:618][  0]LogConfig: Setting CVar [[r.DOF.Gather.EnableBokehSettings:0       ; no bokeh simulation when gathering]]
[2022.03.04-11.41.42:618][  0]LogConfig: Setting CVar [[r.DOF.Gather.RingCount:4                 ; medium number of samples when gathering]]
[2022.03.04-11.41.42:618][  0]LogConfig: Setting CVar [[r.DOF.Scatter.ForegroundCompositing:1    ; additive foreground scattering]]
[2022.03.04-11.41.42:618][  0]LogConfig: Setting CVar [[r.DOF.Scatter.BackgroundCompositing:2    ; additive background scattering]]
[2022.03.04-11.41.42:618][  0]LogConfig: Setting CVar [[r.DOF.Scatter.EnableBokehSettings:1      ; bokeh simulation when scattering]]
[2022.03.04-11.41.42:618][  0]LogConfig: Setting CVar [[r.DOF.Scatter.MaxSpriteRatio:0.1         ; only a maximum of 10% of scattered bokeh]]
[2022.03.04-11.41.42:618][  0]LogConfig: Setting CVar [[r.DOF.Recombine.Quality:1                ; cheap slight out of focus]]
[2022.03.04-11.41.42:618][  0]LogConfig: Setting CVar [[r.DOF.Recombine.EnableBokehSettings:0    ; no bokeh simulation on slight out of focus]]
[2022.03.04-11.41.42:618][  0]LogConfig: Setting CVar [[r.DOF.TemporalAAQuality:1                ; more stable temporal accumulation]]
[2022.03.04-11.41.42:618][  0]LogConfig: Setting CVar [[r.DOF.Kernel.MaxForegroundRadius:0.025]]
[2022.03.04-11.41.42:618][  0]LogConfig: Setting CVar [[r.DOF.Kernel.MaxBackgroundRadius:0.025]]
[2022.03.04-11.41.42:618][  0]LogConfig: Applying CVar settings from Section [TextureQuality@3] File [C:/Users/Pocari/Desktop/STARRY-TAIL/StarryTail/Saved/Config/Windows/Scalability.ini]
[2022.03.04-11.41.42:618][  0]LogConfig: Setting CVar [[r.Streaming.MipBias:0]]
[2022.03.04-11.41.42:618][  0]LogConfig: Setting CVar [[r.Streaming.AmortizeCPUToGPUCopy:0]]
[2022.03.04-11.41.42:618][  0]LogConfig: Setting CVar [[r.Streaming.MaxNumTexturesToStreamPerFrame:0]]
[2022.03.04-11.41.42:618][  0]LogConfig: Setting CVar [[r.Streaming.Boost:1]]
[2022.03.04-11.41.42:618][  0]LogConfig: Setting CVar [[r.MaxAnisotropy:8]]
[2022.03.04-11.41.42:618][  0]LogConfig: Setting CVar [[r.VT.MaxAnisotropy:8]]
[2022.03.04-11.41.42:618][  0]LogConfig: Setting CVar [[r.Streaming.LimitPoolSizeToVRAM:0]]
[2022.03.04-11.41.42:618][  0]LogConfig: Setting CVar [[r.Streaming.PoolSize:1000]]
[2022.03.04-11.41.42:619][  0]LogConfig: Setting CVar [[r.Streaming.MaxEffectiveScreenSize:0]]
[2022.03.04-11.41.42:619][  0]LogConfig: Applying CVar settings from Section [EffectsQuality@3] File [C:/Users/Pocari/Desktop/STARRY-TAIL/StarryTail/Saved/Config/Windows/Scalability.ini]
[2022.03.04-11.41.42:619][  0]LogConfig: Setting CVar [[r.TranslucencyLightingVolumeDim:64]]
[2022.03.04-11.41.42:619][  0]LogConfig: Setting CVar [[r.RefractionQuality:2]]
[2022.03.04-11.41.42:619][  0]LogConfig: Setting CVar [[r.SSR.Quality:3]]
[2022.03.04-11.41.42:619][  0]LogConfig: Setting CVar [[r.SSR.HalfResSceneColor:0]]
[2022.03.04-11.41.42:619][  0]LogConfig: Setting CVar [[r.SceneColorFormat:4]]
[2022.03.04-11.41.42:619][  0]LogConfig: Setting CVar [[r.DetailMode:2]]
[2022.03.04-11.41.42:619][  0]LogConfig: Setting CVar [[r.TranslucencyVolumeBlur:1]]
[2022.03.04-11.41.42:619][  0]LogConfig: Setting CVar [[r.MaterialQualityLevel:1 ; High quality]]
[2022.03.04-11.41.42:619][  0]LogConfig: Setting CVar [[r.AnisotropicMaterials:1]]
[2022.03.04-11.41.42:619][  0]LogConfig: Setting CVar [[r.SSS.Scale:1]]
[2022.03.04-11.41.42:619][  0]LogConfig: Setting CVar [[r.SSS.SampleSet:2]]
[2022.03.04-11.41.42:619][  0]LogConfig: Setting CVar [[r.SSS.Quality:1]]
[2022.03.04-11.41.42:619][  0]LogConfig: Setting CVar [[r.SSS.HalfRes:0]]
[2022.03.04-11.41.42:619][  0]LogConfig: Setting CVar [[r.SSGI.Quality:3]]
[2022.03.04-11.41.42:619][  0]LogConfig: Setting CVar [[r.EmitterSpawnRateScale:1.0]]
[2022.03.04-11.41.42:619][  0]LogConfig: Setting CVar [[r.ParticleLightQuality:2]]
[2022.03.04-11.41.42:619][  0]LogConfig: Setting CVar [[r.SkyAtmosphere.AerialPerspectiveLUT.FastApplyOnOpaque:1 ; Always have FastSkyLUT 1 in this case to avoid wrong sky]]
[2022.03.04-11.41.42:619][  0]LogConfig: Setting CVar [[r.SkyAtmosphere.AerialPerspectiveLUT.SampleCountMaxPerSlice:4]]
[2022.03.04-11.41.42:619][  0]LogConfig: Setting CVar [[r.SkyAtmosphere.AerialPerspectiveLUT.DepthResolution:16.0]]
[2022.03.04-11.41.42:619][  0]LogConfig: Setting CVar [[r.SkyAtmosphere.FastSkyLUT:1]]
[2022.03.04-11.41.42:619][  0]LogConfig: Setting CVar [[r.SkyAtmosphere.FastSkyLUT.SampleCountMin:4.0]]
[2022.03.04-11.41.42:619][  0]LogConfig: Setting CVar [[r.SkyAtmosphere.FastSkyLUT.SampleCountMax:128.0]]
[2022.03.04-11.41.42:619][  0]LogConfig: Setting CVar [[r.SkyAtmosphere.SampleCountMin:4.0]]
[2022.03.04-11.41.42:619][  0]LogConfig: Setting CVar [[r.SkyAtmosphere.SampleCountMax:128.0]]
[2022.03.04-11.41.42:619][  0]LogConfig: Setting CVar [[r.SkyAtmosphere.TransmittanceLUT.UseSmallFormat:0]]
[2022.03.04-11.41.42:619][  0]LogConfig: Setting CVar [[r.SkyAtmosphere.TransmittanceLUT.SampleCount:10.0]]
[2022.03.04-11.41.42:619][  0]LogConfig: Setting CVar [[r.SkyAtmosphere.MultiScatteringLUT.SampleCount:15.0]]
[2022.03.04-11.41.42:619][  0]LogConfig: Setting CVar [[r.SkyLight.RealTimeReflectionCapture:1]]
[2022.03.04-11.41.42:619][  0]LogConfig: Applying CVar settings from Section [FoliageQuality@3] File [C:/Users/Pocari/Desktop/STARRY-TAIL/StarryTail/Saved/Config/Windows/Scalability.ini]
[2022.03.04-11.41.42:619][  0]LogConfig: Setting CVar [[foliage.DensityScale:1.0]]
[2022.03.04-11.41.42:619][  0]LogConfig: Setting CVar [[grass.DensityScale:1.0]]
[2022.03.04-11.41.42:619][  0]LogConfig: Applying CVar settings from Section [ShadingQuality@3] File [C:/Users/Pocari/Desktop/STARRY-TAIL/StarryTail/Saved/Config/Windows/Scalability.ini]
[2022.03.04-11.41.42:619][  0]LogConfig: Setting CVar [[r.HairStrands.SkyLighting.IntegrationType:2]]
[2022.03.04-11.41.42:619][  0]LogConfig: Setting CVar [[r.HairStrands.SkyAO.SampleCount:4]]
[2022.03.04-11.41.42:619][  0]LogConfig: Setting CVar [[r.HairStrands.Visibility.MSAA.SamplePerPixel:4]]
[2022.03.04-11.41.42:619][  0]LogInit: Selected Device Profile: [Windows]
[2022.03.04-11.41.42:620][  0]LogInit: Applying CVar settings loaded from the selected device profile: [Windows]
[2022.03.04-11.41.42:620][  0]LogHAL: Display: Platform has ~ 16 GB [17080684544 / 17179869184 / 16], which maps to Larger [LargestMinGB=32, LargerMinGB=12, DefaultMinGB=8, SmallerMinGB=6, SmallestMinGB=0)
[2022.03.04-11.41.42:620][  0]LogInit: Going up to parent DeviceProfile []
[2022.03.04-11.41.42:620][  0]LogConfig: Applying CVar settings from Section [ViewDistanceQuality@3] File [C:/Users/Pocari/Desktop/STARRY-TAIL/StarryTail/Saved/Config/Windows/Scalability.ini]
[2022.03.04-11.41.42:620][  0]LogConfig: Setting CVar [[r.SkeletalMeshLODBias:0]]
[2022.03.04-11.41.42:620][  0]LogConfig: Setting CVar [[r.ViewDistanceScale:1.0]]
[2022.03.04-11.41.42:620][  0]LogConfig: Applying CVar settings from Section [AntiAliasingQuality@3] File [C:/Users/Pocari/Desktop/STARRY-TAIL/StarryTail/Saved/Config/Windows/Scalability.ini]
[2022.03.04-11.41.42:620][  0]LogConfig: Setting CVar [[r.PostProcessAAQuality:4]]
[2022.03.04-11.41.42:620][  0]LogConfig: Applying CVar settings from Section [ShadowQuality@3] File [C:/Users/Pocari/Desktop/STARRY-TAIL/StarryTail/Saved/Config/Windows/Scalability.ini]
[2022.03.04-11.41.42:620][  0]LogConfig: Setting CVar [[r.LightFunctionQuality:1]]
[2022.03.04-11.41.42:620][  0]LogConfig: Setting CVar [[r.ShadowQuality:5]]
[2022.03.04-11.41.42:620][  0]LogConfig: Setting CVar [[r.Shadow.CSM.MaxCascades:10]]
[2022.03.04-11.41.42:620][  0]LogConfig: Setting CVar [[r.Shadow.MaxResolution:2048]]
[2022.03.04-11.41.42:620][  0]LogConfig: Setting CVar [[r.Shadow.MaxCSMResolution:2048]]
[2022.03.04-11.41.42:620][  0]LogConfig: Setting CVar [[r.Shadow.RadiusThreshold:0.01]]
[2022.03.04-11.41.42:620][  0]LogConfig: Setting CVar [[r.Shadow.DistanceScale:1.0]]
[2022.03.04-11.41.42:620][  0]LogConfig: Setting CVar [[r.Shadow.CSM.TransitionScale:1.0]]
[2022.03.04-11.41.42:620][  0]LogConfig: Setting CVar [[r.Shadow.PreShadowResolutionFactor:1.0]]
[2022.03.04-11.41.42:620][  0]LogConfig: Setting CVar [[r.DistanceFieldShadowing:1]]
[2022.03.04-11.41.42:620][  0]LogConfig: Setting CVar [[r.DistanceFieldAO:1]]
[2022.03.04-11.41.42:620][  0]LogConfig: Setting CVar [[r.AOQuality:2]]
[2022.03.04-11.41.42:620][  0]LogConfig: Setting CVar [[r.VolumetricFog:1]]
[2022.03.04-11.41.42:620][  0]LogConfig: Setting CVar [[r.VolumetricFog.GridPixelSize:8]]
[2022.03.04-11.41.42:620][  0]LogConfig: Setting CVar [[r.VolumetricFog.GridSizeZ:128]]
[2022.03.04-11.41.42:620][  0]LogConfig: Setting CVar [[r.VolumetricFog.HistoryMissSupersampleCount:4]]
[2022.03.04-11.41.42:620][  0]LogConfig: Setting CVar [[r.LightMaxDrawDistanceScale:1]]
[2022.03.04-11.41.42:620][  0]LogConfig: Setting CVar [[r.CapsuleShadows:1]]
[2022.03.04-11.41.42:620][  0]LogConfig: Applying CVar settings from Section [PostProcessQuality@3] File [C:/Users/Pocari/Desktop/STARRY-TAIL/StarryTail/Saved/Config/Windows/Scalability.ini]
[2022.03.04-11.41.42:620][  0]LogConfig: Setting CVar [[r.MotionBlurQuality:4]]
[2022.03.04-11.41.42:620][  0]LogConfig: Setting CVar [[r.AmbientOcclusionMipLevelFactor:0.4]]
[2022.03.04-11.41.42:620][  0]LogConfig: Setting CVar [[r.AmbientOcclusionMaxQuality:100]]
[2022.03.04-11.41.42:620][  0]LogConfig: Setting CVar [[r.AmbientOcclusionLevels:-1]]
[2022.03.04-11.41.42:620][  0]LogConfig: Setting CVar [[r.AmbientOcclusionRadiusScale:1.0]]
[2022.03.04-11.41.42:620][  0]LogConfig: Setting CVar [[r.DepthOfFieldQuality:2]]
[2022.03.04-11.41.42:620][  0]LogConfig: Setting CVar [[r.RenderTargetPoolMin:400]]
[2022.03.04-11.41.42:620][  0]LogConfig: Setting CVar [[r.LensFlareQuality:2]]
[2022.03.04-11.41.42:620][  0]LogConfig: Setting CVar [[r.SceneColorFringeQuality:1]]
[2022.03.04-11.41.42:620][  0]LogConfig: Setting CVar [[r.EyeAdaptationQuality:2]]
[2022.03.04-11.41.42:620][  0]LogConfig: Setting CVar [[r.BloomQuality:5]]
[2022.03.04-11.41.42:620][  0]LogConfig: Setting CVar [[r.FastBlurThreshold:100]]
[2022.03.04-11.41.42:620][  0]LogConfig: Setting CVar [[r.Upscale.Quality:3]]
[2022.03.04-11.41.42:620][  0]LogConfig: Setting CVar [[r.Tonemapper.GrainQuantization:1]]
[2022.03.04-11.41.42:620][  0]LogConfig: Setting CVar [[r.LightShaftQuality:1]]
[2022.03.04-11.41.42:620][  0]LogConfig: Setting CVar [[r.Filter.SizeScale:1]]
[2022.03.04-11.41.42:620][  0]LogConfig: Setting CVar [[r.Tonemapper.Quality:5]]
[2022.03.04-11.41.42:620][  0]LogConfig: Setting CVar [[r.DOF.Gather.AccumulatorQuality:1        ; higher gathering accumulator quality]]
[2022.03.04-11.41.42:620][  0]LogConfig: Setting CVar [[r.DOF.Gather.PostfilterMethod:1          ; Median3x3 postfilering method]]
[2022.03.04-11.41.42:620][  0]LogConfig: Setting CVar [[r.DOF.Gather.EnableBokehSettings:0       ; no bokeh simulation when gathering]]
[2022.03.04-11.41.42:621][  0]LogConfig: Setting CVar [[r.DOF.Gather.RingCount:4                 ; medium number of samples when gathering]]
[2022.03.04-11.41.42:621][  0]LogConfig: Setting CVar [[r.DOF.Scatter.ForegroundCompositing:1    ; additive foreground scattering]]
[2022.03.04-11.41.42:621][  0]LogConfig: Setting CVar [[r.DOF.Scatter.BackgroundCompositing:2    ; additive background scattering]]
[2022.03.04-11.41.42:621][  0]LogConfig: Setting CVar [[r.DOF.Scatter.EnableBokehSettings:1      ; bokeh simulation when scattering]]
[2022.03.04-11.41.42:621][  0]LogConfig: Setting CVar [[r.DOF.Scatter.MaxSpriteRatio:0.1         ; only a maximum of 10% of scattered bokeh]]
[2022.03.04-11.41.42:621][  0]LogConfig: Setting CVar [[r.DOF.Recombine.Quality:1                ; cheap slight out of focus]]
[2022.03.04-11.41.42:621][  0]LogConfig: Setting CVar [[r.DOF.Recombine.EnableBokehSettings:0    ; no bokeh simulation on slight out of focus]]
[2022.03.04-11.41.42:621][  0]LogConfig: Setting CVar [[r.DOF.TemporalAAQuality:1                ; more stable temporal accumulation]]
[2022.03.04-11.41.42:621][  0]LogConfig: Setting CVar [[r.DOF.Kernel.MaxForegroundRadius:0.025]]
[2022.03.04-11.41.42:621][  0]LogConfig: Setting CVar [[r.DOF.Kernel.MaxBackgroundRadius:0.025]]
[2022.03.04-11.41.42:621][  0]LogConfig: Applying CVar settings from Section [TextureQuality@3] File [C:/Users/Pocari/Desktop/STARRY-TAIL/StarryTail/Saved/Config/Windows/Scalability.ini]
[2022.03.04-11.41.42:621][  0]LogConfig: Setting CVar [[r.Streaming.MipBias:0]]
[2022.03.04-11.41.42:621][  0]LogConfig: Setting CVar [[r.Streaming.AmortizeCPUToGPUCopy:0]]
[2022.03.04-11.41.42:621][  0]LogConfig: Setting CVar [[r.Streaming.MaxNumTexturesToStreamPerFrame:0]]
[2022.03.04-11.41.42:621][  0]LogConfig: Setting CVar [[r.Streaming.Boost:1]]
[2022.03.04-11.41.42:621][  0]LogConfig: Setting CVar [[r.MaxAnisotropy:8]]
[2022.03.04-11.41.42:621][  0]LogConfig: Setting CVar [[r.VT.MaxAnisotropy:8]]
[2022.03.04-11.41.42:621][  0]LogConfig: Setting CVar [[r.Streaming.LimitPoolSizeToVRAM:0]]
[2022.03.04-11.41.42:621][  0]LogConfig: Setting CVar [[r.Streaming.PoolSize:1000]]
[2022.03.04-11.41.42:621][  0]LogConfig: Setting CVar [[r.Streaming.MaxEffectiveScreenSize:0]]
[2022.03.04-11.41.42:621][  0]LogConfig: Applying CVar settings from Section [EffectsQuality@3] File [C:/Users/Pocari/Desktop/STARRY-TAIL/StarryTail/Saved/Config/Windows/Scalability.ini]
[2022.03.04-11.41.42:621][  0]LogConfig: Setting CVar [[r.TranslucencyLightingVolumeDim:64]]
[2022.03.04-11.41.42:621][  0]LogConfig: Setting CVar [[r.RefractionQuality:2]]
[2022.03.04-11.41.42:621][  0]LogConfig: Setting CVar [[r.SSR.Quality:3]]
[2022.03.04-11.41.42:621][  0]LogConfig: Setting CVar [[r.SSR.HalfResSceneColor:0]]
[2022.03.04-11.41.42:621][  0]LogConfig: Setting CVar [[r.SceneColorFormat:4]]
[2022.03.04-11.41.42:621][  0]LogConfig: Setting CVar [[r.DetailMode:2]]
[2022.03.04-11.41.42:621][  0]LogConfig: Setting CVar [[r.TranslucencyVolumeBlur:1]]
[2022.03.04-11.41.42:621][  0]LogConfig: Setting CVar [[r.MaterialQualityLevel:1 ; High quality]]
[2022.03.04-11.41.42:621][  0]LogConfig: Setting CVar [[r.AnisotropicMaterials:1]]
[2022.03.04-11.41.42:621][  0]LogConfig: Setting CVar [[r.SSS.Scale:1]]
[2022.03.04-11.41.42:621][  0]LogConfig: Setting CVar [[r.SSS.SampleSet:2]]
[2022.03.04-11.41.42:621][  0]LogConfig: Setting CVar [[r.SSS.Quality:1]]
[2022.03.04-11.41.42:621][  0]LogConfig: Setting CVar [[r.SSS.HalfRes:0]]
[2022.03.04-11.41.42:621][  0]LogConfig: Setting CVar [[r.SSGI.Quality:3]]
[2022.03.04-11.41.42:621][  0]LogConfig: Setting CVar [[r.EmitterSpawnRateScale:1.0]]
[2022.03.04-11.41.42:621][  0]LogConfig: Setting CVar [[r.ParticleLightQuality:2]]
[2022.03.04-11.41.42:621][  0]LogConfig: Setting CVar [[r.SkyAtmosphere.AerialPerspectiveLUT.FastApplyOnOpaque:1 ; Always have FastSkyLUT 1 in this case to avoid wrong sky]]
[2022.03.04-11.41.42:621][  0]LogConfig: Setting CVar [[r.SkyAtmosphere.AerialPerspectiveLUT.SampleCountMaxPerSlice:4]]
[2022.03.04-11.41.42:621][  0]LogConfig: Setting CVar [[r.SkyAtmosphere.AerialPerspectiveLUT.DepthResolution:16.0]]
[2022.03.04-11.41.42:621][  0]LogConfig: Setting CVar [[r.SkyAtmosphere.FastSkyLUT:1]]
[2022.03.04-11.41.42:621][  0]LogConfig: Setting CVar [[r.SkyAtmosphere.FastSkyLUT.SampleCountMin:4.0]]
[2022.03.04-11.41.42:621][  0]LogConfig: Setting CVar [[r.SkyAtmosphere.FastSkyLUT.SampleCountMax:128.0]]
[2022.03.04-11.41.42:621][  0]LogConfig: Setting CVar [[r.SkyAtmosphere.SampleCountMin:4.0]]
[2022.03.04-11.41.42:621][  0]LogConfig: Setting CVar [[r.SkyAtmosphere.SampleCountMax:128.0]]
[2022.03.04-11.41.42:621][  0]LogConfig: Setting CVar [[r.SkyAtmosphere.TransmittanceLUT.UseSmallFormat:0]]
[2022.03.04-11.41.42:621][  0]LogConfig: Setting CVar [[r.SkyAtmosphere.TransmittanceLUT.SampleCount:10.0]]
[2022.03.04-11.41.42:621][  0]LogConfig: Setting CVar [[r.SkyAtmosphere.MultiScatteringLUT.SampleCount:15.0]]
[2022.03.04-11.41.42:621][  0]LogConfig: Setting CVar [[r.SkyLight.RealTimeReflectionCapture:1]]
[2022.03.04-11.41.42:621][  0]LogConfig: Applying CVar settings from Section [FoliageQuality@3] File [C:/Users/Pocari/Desktop/STARRY-TAIL/StarryTail/Saved/Config/Windows/Scalability.ini]
[2022.03.04-11.41.42:621][  0]LogConfig: Setting CVar [[foliage.DensityScale:1.0]]
[2022.03.04-11.41.42:621][  0]LogConfig: Setting CVar [[grass.DensityScale:1.0]]
[2022.03.04-11.41.42:621][  0]LogConfig: Applying CVar settings from Section [ShadingQuality@3] File [C:/Users/Pocari/Desktop/STARRY-TAIL/StarryTail/Saved/Config/Windows/Scalability.ini]
[2022.03.04-11.41.42:621][  0]LogConfig: Setting CVar [[r.HairStrands.SkyLighting.IntegrationType:2]]
[2022.03.04-11.41.42:621][  0]LogConfig: Setting CVar [[r.HairStrands.SkyAO.SampleCount:4]]
[2022.03.04-11.41.42:621][  0]LogConfig: Setting CVar [[r.HairStrands.Visibility.MSAA.SamplePerPixel:4]]
[2022.03.04-11.41.42:621][  0]LogConfig: Applying CVar settings from Section [Startup] File [../../../Engine/Config/ConsoleVariables.ini]
[2022.03.04-11.41.42:626][  0]LogConfig: Setting CVar [[net.UseAdaptiveNetUpdateFrequency:0]]
[2022.03.04-11.41.42:626][  0]LogConfig: Setting CVar [[p.chaos.AllowCreatePhysxBodies:1]]
[2022.03.04-11.41.42:626][  0]LogConfig: Setting CVar [[fx.SkipVectorVMBackendOptimizations:1]]
[2022.03.04-11.41.42:626][  0]LogConfig: Applying CVar settings from Section [ConsoleVariables] File [C:/Users/Pocari/Desktop/STARRY-TAIL/StarryTail/Saved/Config/Windows/Engine.ini]
[2022.03.04-11.41.42:626][  0]LogConfig: Applying CVar settings from Section [ConsoleVariables] File [C:/Users/Pocari/Desktop/STARRY-TAIL/StarryTail/Saved/Config/Windows/Editor.ini]
[2022.03.04-11.41.42:627][  0]LogInit: Computer: DESKTOP-JDOR4MB
[2022.03.04-11.41.42:627][  0]LogInit: User: Pocari
[2022.03.04-11.41.42:627][  0]LogInit: CPU Page size=4096, Cores=6
[2022.03.04-11.41.42:627][  0]LogInit: High frequency timer resolution =10.000000 MHz
[2022.03.04-11.41.42:627][  0]LogMemory: Memory total: Physical=15.9GB (16GB approx)
[2022.03.04-11.41.42:627][  0]LogMemory: Platform Memory Stats for Windows
[2022.03.04-11.41.42:627][  0]LogMemory: Process Physical Memory: 150.22 MB used, 150.22 MB peak
[2022.03.04-11.41.42:627][  0]LogMemory: Process Virtual Memory: 129.53 MB used, 129.53 MB peak
[2022.03.04-11.41.42:627][  0]LogMemory: Physical Memory: 5776.89 MB used,  10512.52 MB free, 16289.41 MB total
[2022.03.04-11.41.42:627][  0]LogMemory: Virtual Memory: 134199960.00 MB used,  17766.69 MB free, 134217728.00 MB total
[2022.03.04-11.41.42:647][  0]LogWindows: WindowsPlatformFeatures enabled
[2022.03.04-11.41.42:908][  0]LogInit: Physics initialised using underlying interface: PhysX
[2022.03.04-11.41.42:911][  0]LogInit: Overriding language with editor language configuration option (ko).
[2022.03.04-11.41.42:911][  0]LogInit: Using OS detected locale (ko-KR).
[2022.03.04-11.41.43:138][  0]LogInit: Setting process to per monitor DPI aware
[2022.03.04-11.41.43:171][  0]LogWindowsTextInputMethodSystem: Display: IME system deactivated.
[2022.03.04-11.41.43:290][  0]LogSlate: New Slate User Created.  User Index 0, Is Virtual User: 0
[2022.03.04-11.41.43:290][  0]LogSlate: Slate User Registered.  User Index 0, Is Virtual User: 0
[2022.03.04-11.41.46:774][  0]LogD3D11RHI: Loaded GFSDK_Aftermath_Lib.x64.dll
[2022.03.04-11.41.46:984][  0]LogHMD: Failed to initialize OpenVR with code 126
[2022.03.04-11.41.46:984][  0]LogD3D11RHI: D3D11 min allowed feature level: 11_0
[2022.03.04-11.41.46:984][  0]LogD3D11RHI: D3D11 max allowed feature level: 11_0
[2022.03.04-11.41.46:984][  0]LogD3D11RHI: D3D11 adapters:
[2022.03.04-11.41.47:105][  0]LogD3D11RHI:    0. 'NVIDIA GeForce RTX 3060 Ti' (Feature Level 11_0)
[2022.03.04-11.41.47:105][  0]LogD3D11RHI:       8050/0/8144 MB DedicatedVideo/DedicatedSystem/SharedSystem, Outputs:2, VendorId:0x10de
[2022.03.04-11.41.47:109][  0]LogD3D11RHI:    1. 'Microsoft Basic Render Driver' (Feature Level 11_0)
[2022.03.04-11.41.47:109][  0]LogD3D11RHI:       0/0/8144 MB DedicatedVideo/DedicatedSystem/SharedSystem, Outputs:0, VendorId:0x1414
[2022.03.04-11.41.47:109][  0]LogD3D11RHI: Chosen D3D11 Adapter:
[2022.03.04-11.41.47:109][  0]LogD3D11RHI:     Description : NVIDIA GeForce RTX 3060 Ti
[2022.03.04-11.41.47:109][  0]LogD3D11RHI:     VendorId    : 10de
[2022.03.04-11.41.47:109][  0]LogD3D11RHI:     DeviceId    : 2489
[2022.03.04-11.41.47:109][  0]LogD3D11RHI:     SubSysId    : 40771458
[2022.03.04-11.41.47:109][  0]LogD3D11RHI:     Revision    : 00a1
[2022.03.04-11.41.47:109][  0]LogD3D11RHI:     DedicatedVideoMemory : 8441036800 bytes
[2022.03.04-11.41.47:109][  0]LogD3D11RHI:     DedicatedSystemMemory : 0 bytes
[2022.03.04-11.41.47:109][  0]LogD3D11RHI:     SharedSystemMemory : 8540342272 bytes
[2022.03.04-11.41.47:109][  0]LogD3D11RHI:     AdapterLuid : 0 62983
[2022.03.04-11.41.47:117][  0]LogD3D11RHI: Creating new Direct3DDevice
[2022.03.04-11.41.47:118][  0]LogD3D11RHI:     GPU DeviceId: 0x2489 (for the marketing name, search the web for "GPU Device Id")
[2022.03.04-11.41.47:118][  0]LogWindows: EnumDisplayDevices:
[2022.03.04-11.41.47:118][  0]LogWindows:    0. 'NVIDIA GeForce RTX 3060 Ti' (P:1 D:1)
[2022.03.04-11.41.47:118][  0]LogWindows:    1. 'NVIDIA GeForce RTX 3060 Ti' (P:0 D:1)
[2022.03.04-11.41.47:119][  0]LogWindows:    2. 'NVIDIA GeForce RTX 3060 Ti' (P:0 D:0)
[2022.03.04-11.41.47:119][  0]LogWindows:    3. 'NVIDIA GeForce RTX 3060 Ti' (P:0 D:0)
[2022.03.04-11.41.47:119][  0]LogWindows: DebugString: FoundDriverCount:4 
[2022.03.04-11.41.47:119][  0]LogD3D11RHI:     Adapter Name: NVIDIA GeForce RTX 3060 Ti
[2022.03.04-11.41.47:119][  0]LogD3D11RHI:   Driver Version: 497.09 (internal:30.0.14.9709, unified:497.09)
[2022.03.04-11.41.47:119][  0]LogD3D11RHI:      Driver Date: 11-26-2021
[2022.03.04-11.41.47:120][  0]LogRHI: Texture pool is 5635 MB (70% of 8050 MB)
[2022.03.04-11.41.47:120][  0]LogD3D11RHI: Creating D3DDevice using adapter:
[2022.03.04-11.41.47:120][  0]LogD3D11RHI:     Description : NVIDIA GeForce RTX 3060 Ti
[2022.03.04-11.41.47:120][  0]LogD3D11RHI:     VendorId    : 10de
[2022.03.04-11.41.47:120][  0]LogD3D11RHI:     DeviceId    : 2489
[2022.03.04-11.41.47:120][  0]LogD3D11RHI:     SubSysId    : 40771458
[2022.03.04-11.41.47:120][  0]LogD3D11RHI:     Revision    : 00a1
[2022.03.04-11.41.47:120][  0]LogD3D11RHI:     DedicatedVideoMemory : 8441036800 bytes
[2022.03.04-11.41.47:120][  0]LogD3D11RHI:     DedicatedSystemMemory : 0 bytes
[2022.03.04-11.41.47:120][  0]LogD3D11RHI:     SharedSystemMemory : 8540342272 bytes
[2022.03.04-11.41.47:120][  0]LogD3D11RHI:     AdapterLuid : 0 62983
[2022.03.04-11.41.47:177][  0]LogD3D11RHI: RHI has support for 64 bit atomics
[2022.03.04-11.41.47:178][  0]LogD3D11RHI: Async texture creation enabled
[2022.03.04-11.41.47:178][  0]LogD3D11RHI: Array index from any shader is supported
[2022.03.04-11.41.47:248][  0]LogD3D11RHI: GPU Timing Frequency: 1000.000000 (Debug: 2 2)
[2022.03.04-11.41.47:317][  0]LogRHI: GeForceNow SDK initialized: 1
[2022.03.04-11.41.47:798][  0]LogTargetPlatformManager: Display: Loaded TargetPlatform 'AllDesktop'
[2022.03.04-11.41.47:840][  0]LogTargetPlatformManager: Display: Loaded TargetPlatform 'Android'
[2022.03.04-11.41.47:840][  0]LogTargetPlatformManager: Display: Loaded TargetPlatform 'Android_ASTC'
[2022.03.04-11.41.47:840][  0]LogTargetPlatformManager: Display: Loaded TargetPlatform 'Android_DXT'
[2022.03.04-11.41.47:840][  0]LogTargetPlatformManager: Display: Loaded TargetPlatform 'Android_ETC2'
[2022.03.04-11.41.47:840][  0]LogTargetPlatformManager: Display: Loaded TargetPlatform 'AndroidClient'
[2022.03.04-11.41.47:840][  0]LogTargetPlatformManager: Display: Loaded TargetPlatform 'Android_ASTCClient'
[2022.03.04-11.41.47:840][  0]LogTargetPlatformManager: Display: Loaded TargetPlatform 'Android_DXTClient'
[2022.03.04-11.41.47:840][  0]LogTargetPlatformManager: Display: Loaded TargetPlatform 'Android_ETC2Client'
[2022.03.04-11.41.47:840][  0]LogTargetPlatformManager: Display: Loaded TargetPlatform 'Android_Multi'
[2022.03.04-11.41.47:840][  0]LogTargetPlatformManager: Display: Loaded TargetPlatform 'Android_MultiClient'
[2022.03.04-11.41.47:906][  0]LogTargetPlatformManager: Display: Loaded TargetPlatform 'IOSClient'
[2022.03.04-11.41.47:906][  0]LogTargetPlatformManager: Display: Loaded TargetPlatform 'IOS'
[2022.03.04-11.41.47:937][  0]LogTargetPlatformManager: Display: Loaded TargetPlatform 'Linux'
[2022.03.04-11.41.47:956][  0]LogTargetPlatformManager: Display: Loaded TargetPlatform 'LinuxNoEditor'
[2022.03.04-11.41.47:978][  0]LogTargetPlatformManager: Display: Loaded TargetPlatform 'LinuxClient'
[2022.03.04-11.41.48:001][  0]LogTargetPlatformManager: Display: Loaded TargetPlatform 'LinuxServer'
[2022.03.04-11.41.48:030][  0]LogTargetPlatformManager: Display: Loaded TargetPlatform 'LinuxAArch64NoEditor'
[2022.03.04-11.41.48:049][  0]LogTargetPlatformManager: Display: Loaded TargetPlatform 'LinuxAArch64Client'
[2022.03.04-11.41.48:068][  0]LogTargetPlatformManager: Display: Loaded TargetPlatform 'LinuxAArch64Server'
[2022.03.04-11.41.48:111][  0]LogTargetPlatformManager: Display: Loaded TargetPlatform 'Lumin'
[2022.03.04-11.41.48:111][  0]LogTargetPlatformManager: Display: Loaded TargetPlatform 'LuminClient'
[2022.03.04-11.41.48:144][  0]LogTargetPlatformManager: Display: Loaded TargetPlatform 'MacNoEditor'
[2022.03.04-11.41.48:166][  0]LogTargetPlatformManager: Display: Loaded TargetPlatform 'Mac'
[2022.03.04-11.41.48:185][  0]LogTargetPlatformManager: Display: Loaded TargetPlatform 'MacClient'
[2022.03.04-11.41.48:205][  0]LogTargetPlatformManager: Display: Loaded TargetPlatform 'MacServer'
[2022.03.04-11.41.48:230][  0]LogTargetPlatformManager: Display: Loaded TargetPlatform 'TVOSClient'
[2022.03.04-11.41.48:230][  0]LogTargetPlatformManager: Display: Loaded TargetPlatform 'TVOS'
[2022.03.04-11.41.48:256][  0]LogTargetPlatformManager: Display: Loaded TargetPlatform 'WindowsNoEditor'
[2022.03.04-11.41.48:280][  0]LogTargetPlatformManager: Display: Loaded TargetPlatform 'Windows'
[2022.03.04-11.41.48:302][  0]LogTargetPlatformManager: Display: Loaded TargetPlatform 'WindowsClient'
[2022.03.04-11.41.48:325][  0]LogTargetPlatformManager: Display: Loaded TargetPlatform 'WindowsServer'
[2022.03.04-11.41.48:325][  0]LogTargetPlatformManager: Display: Building Assets For Windows
[2022.03.04-11.41.48:401][  0]LogAudioDebug: Display: Lib vorbis DLL was dynamically loaded.
[2022.03.04-11.41.48:608][  0]LogTextureFormatOodle: Display: Oodle Texture 2.9.0 init RDO Off
[2022.03.04-11.41.48:864][  0]LogRendererCore: Ray tracing is disabled. Reason: r.RayTracing=0.
[2022.03.04-11.41.48:865][  0]LogShaderCompilers: Guid format shader working directory is -15 characters bigger than the processId version (../../../../../../Users/Pocari/Desktop/STARRY-TAIL/StarryTail/Intermediate/Shaders/WorkingDirectory/18384/).
[2022.03.04-11.41.48:865][  0]LogShaderCompilers: Cleaned the shader compiler working directory 'C:/Users/Pocari/AppData/Local/Temp/UnrealShaderWorkingDir/6082433B4D00815CDF31588D418234D5/'.
[2022.03.04-11.41.48:866][  0]LogXGEController: Cannot use XGE Controller as Incredibuild is not installed on this machine.
[2022.03.04-11.41.48:866][  0]LogShaderCompilers: Cannot use XGE Shader Compiler as Incredibuild is not installed on this machine.
[2022.03.04-11.41.48:866][  0]LogShaderCompilers: Display: Using Local Shader Compiler.
[2022.03.04-11.41.51:806][  0]LogDerivedDataCache: Display: Max Cache Size: 512 MB
[2022.03.04-11.41.51:860][  0]LogDerivedDataCache: Loaded boot cache 0.05s 98MB C:/Users/Pocari/AppData/Local/UnrealEngine/4.27/DerivedDataCache/Boot.ddc.
[2022.03.04-11.41.51:860][  0]LogDerivedDataCache: Display: Loaded Boot cache: C:/Users/Pocari/AppData/Local/UnrealEngine/4.27/DerivedDataCache/Boot.ddc
[2022.03.04-11.41.51:860][  0]LogDerivedDataCache: FDerivedDataBackendGraph:  Pak pak cache file ../../../../../../Users/Pocari/Desktop/STARRY-TAIL/StarryTail/DerivedDataCache/DDC.ddp not found, will not use a pak cache.
[2022.03.04-11.41.51:860][  0]LogDerivedDataCache: Unable to find inner node Pak for hierarchical cache Hierarchy.
[2022.03.04-11.41.51:861][  0]LogDerivedDataCache: FDerivedDataBackendGraph:  CompressedPak pak cache file ../../../../../../Users/Pocari/Desktop/STARRY-TAIL/StarryTail/DerivedDataCache/Compressed.ddp not found, will not use a pak cache.
[2022.03.04-11.41.51:861][  0]LogDerivedDataCache: Unable to find inner node CompressedPak for hierarchical cache Hierarchy.
[2022.03.04-11.41.51:885][  0]LogDerivedDataCache: Display: Pak cache opened for reading ../../../Engine/DerivedDataCache/Compressed.ddp.
[2022.03.04-11.41.51:885][  0]LogDerivedDataCache: FDerivedDataBackendGraph:  EnterprisePak pak cache file ../../../Enterprise/DerivedDataCache/Compressed.ddp not found, will not use a pak cache.
[2022.03.04-11.41.51:885][  0]LogDerivedDataCache: Unable to find inner node EnterprisePak for hierarchical cache Hierarchy.
[2022.03.04-11.41.51:940][  0]LogDerivedDataCache: Speed tests for C:/Users/Pocari/AppData/Local/UnrealEngine/Common/DerivedDataCache took 0.06 seconds
[2022.03.04-11.41.51:940][  0]LogDerivedDataCache: Display: Performance to C:/Users/Pocari/AppData/Local/UnrealEngine/Common/DerivedDataCache: Latency=0.21ms. RandomReadSpeed=20.28MBs, RandomWriteSpeed=133.70MBs. Assigned SpeedClass 'Local'
[2022.03.04-11.41.51:942][  0]LogDerivedDataCache: Using Local data cache path C:/Users/Pocari/AppData/Local/UnrealEngine/Common/DerivedDataCache: Writable
[2022.03.04-11.41.51:942][  0]LogDerivedDataCache: Shared data cache path not found in *engine.ini, will not use an Shared cache.
[2022.03.04-11.41.51:942][  0]LogDerivedDataCache: Unable to find inner node Shared for hierarchical cache Hierarchy.
[2022.03.04-11.41.51:985][  0]LogSlate: Using FreeType 2.10.0
[2022.03.04-11.41.51:993][  0]LogSlate: SlateFontServices - WITH_FREETYPE: 1, WITH_HARFBUZZ: 1
[2022.03.04-11.41.52:153][  0]LogAssetRegistry: FAssetRegistry took 0.0043 seconds to start up
[2022.03.04-11.41.52:444][  0]LogInit: Selected Device Profile: [Windows]
[2022.03.04-11.41.52:444][  0]LogInit: Active device profile: [0000017463990900][00000174534BC900 49] Windows
[2022.03.04-11.41.52:444][  0]LogInit: Profiles: [0000017463990900][00000174534BC900 49] Windows, [000001746394F100][000001745FCD8A40 49] WindowsNoEditor, [0000017463993500][000001746050EB80 49] WindowsServer, [000001746394FB00][000001746051ED00 49] WindowsClient, [0000017463993800][0000017453DC2E80 49] IOS, [000001746394E100][0000017453DC7000 49] iPadAir, [0000017463992000][000001745FC73180 49] iPadAir2, [00000174638FCA00][00000174644B3440 49] IPadPro, [00000174638FCB00][000001745FC77480 49] iPadAir3, [000001746394D100][00000174644B7600 49] iPadAir4, [00000174638FF400][00000174644BB780 49] iPadMini2, [000001746394E300][0000017462FCB900 49] iPadMini3, [00000174638FD700][0000017462FCFA80 49] iPadMini4, [0000017463991000][0000017462FD3C00 49] iPadMini5, [0000017463938300][0000017462FDA340 49] iPhone6, [0000017463938400][0000017462FD6380 49] iPodTouch6, [00000174638FF600][0000017462FE2640 49] iPhone7, [00000174638FD800][0000017462FDE680 49] iPodTouch7, [000001746393BF00][0000017462FE6800 49] iPhone5S, [000001746394DC00][0000017462C64940 49] iPhone6Plus, [00000174638FC200][0000017462FEAA80 49] iPhone6S, [000001746394DB00][0000017462FEEBC0 49] iPhone6SPlus, [00000174638FFC00][0000017462FF2D00 49] iPhone7Plus, [000001746394C100][0000017462FFAE80 49] iPhoneSE, [00000174638FF500][0000017462FFF000 49] iPhone8, [000001746394D700][0000017463003180 49] iPhone8Plus, [00000174638FD000][0000017464131300 49] iPhoneX, [000001746394FF00][0000017464135480 49] iPhoneXS, [00000174638FD200][0000017464139600 49] iPhoneXSMax, [000001746394CE00][000001746413D780 49] iPhoneXR, [00000174638FF700][0000017464141900 49] iPhone11, [000001746394FC00][0000017464145A80 49] iPhone11Pro, [00000174638FF800][0000017464149C00 49] iPhone11ProMax, [000001746394FA00][000001746414C200 49] iPhoneSE2, [00000174638FEE00][0000017464150380 49] iPhone12Mini, [000001746394EA00][0000017464154500 49] iPhone12, [00000174638FEB00][0000017464158680 49] iPhone12Pro, [000001746394C800][000001746415C800 49] iPhone12ProMax, [00000174638FE300][0000017464160980 49] iPadPro105, [000001746394E800][0000017464164B00 49] iPadPro129, [00000174638FE000][0000017462FF6C40 49] iPadPro97, [000001746394CC00][0000017464168D80 49] iPadPro2_129, [00000174638FDA00][000001745FB48EC0 49] iPad5, [000001746394D300][000001745FB51040 49] iPad6, [00000174638FE800][000001745FB551C0 49] iPad7, [000001746394FD00][000001745FB59340 49] iPad8, [00000174638FF200][000001745FB5D4C0 49] iPadPro11, [000001746394CF00][000001745FB61640 49] iPadPro2_11, [00000174638FDC00][000001745FB657C0 49] iPadPro3_129, [000001746394F200][000001745FB69940 49] iPadPro4_129, [00000174638FD500][000001745FB6DAC0 49] AppleTV, [000001746394C300][000001745FB700C0 49] AppleTV4K, [00000174638FC100][000001745FB74240 49] TVOS, [000001746394DD00][000001745FB783C0 49] Mac, [00000174638FE100][000001745FB7C540 49] MacClient, [000001746394ED00][000001745FB806C0 49] MacNoEditor, [00000174638FDF00][000001745FB84840 49] MacServer, [000001746394C600][000001745FB889C0 49] Linux, [00000174638FE200][000001745FB8CB40 49] LinuxAArch64, [000001746394EF00][000001745FB90CC0 49] LinuxNoEditor, [00000174638FDD00][000001745FB4CE00 49] LinuxAArch64NoEditor, [000001746394CD00][000001745FB94F40 49] LinuxClient, [00000174638FF100][000001745FB99080 49] LinuxAArch64Client, [000001746394D200][000001745FB9D1C0 49] LinuxServer, [00000174638FF000][000001745FBA5340 49] LinuxAArch64Server, [000001746394DF00][000001745FBA94C0 49] Android, [00000174638FC700][000001745FBAD640 49] Android_Low, [000001746394D400][000001745FBB17C0 49] Android_Mid, [0000017463993A00][000001746429D940 49] Android_High, [0000017463939C00][00000174642A1AC0 49] Android_Default, [0000017463992100][00000174642A40C0 49] Android_Adreno4xx, [000001746393A700][00000174642A8240 49] Android_Adreno5xx_Low, [0000017463990B00][00000174642AC3C0 49] Android_Adreno5xx, [000001746393AD00][00000174642B0540 49] Android_Adreno6xx, [0000017463991200][00000174642B46C0 49] Android_Adreno6xx_Vulkan, [000001746393A800][00000174642B8840 49] Android_Mali_T6xx, [0000017463993200][00000174642BC9C0 49] Android_Mali_T7xx, [000001746393AE00][00000174642C0B40 49] Android_Mali_T8xx, [0000017463992500][00000174642C4CC0 49] Android_Mali_G71, [000001746393BE00][00000174642C8E40 49] Android_Mali_G72, [0000017463992A00][000001745FBA0F80 49] Android_Mali_G72_Vulkan, [0000017463939B00][00000174642CD0C0 49] Android_Mali_G76, [0000017463991B00][00000174642D1200 49] Android_Mali_G76_Vulkan, [000001746393BD00][00000174642D5340 49] Android_Mali_G77, [0000017463992D00][00000174642DD4C0 49] Android_Mali_G77_Vulkan, [000001746393B900][00000174642E1640 49] Android_Mali_G78, [0000017463990D00][00000174642E57C0 49] Android_Mali_G78_Vulkan, [0000017463938500][00000174642E9940 49] Android_Mali_G710, [0000017463992B00][00000174642EDAC0 49] Android_Mali_G710_Vulkan, [000001746393B500][00000174642F00C0 49] Android_Vulkan_SM5, [0000017463993400][00000174642F4240 49] Android_PowerVR_G6xxx, [000001746393A400][00000174642F83C0 49] Android_PowerVR_GT7xxx, [0000017463993C00][00000174642FC540 49] Android_PowerVR_GE8xxx, [000001746393A200][00000174643006C0 49] Android_PowerVR_GM9xxx, [0000017463993000][0000017464304840 49] Android_PowerVR_GM9xxx_Vulkan, [0000017463939500][00000174643089C0 49] Android_TegraK1, [0000017463991100][000001746430CB40 49] Android_Unknown_Vulkan, [000001746394F600][0000017464310CC0 49] Lumin, [0000017463992900][0000017464314E40 49] Lumin_Desktop, [000001746394F700][0000017464318FC0 49] HoloLens, 
[2022.03.04-11.41.52:844][  0]LogMeshReduction: Using QuadricMeshReduction for automatic static mesh reduction
[2022.03.04-11.41.52:844][  0]LogMeshReduction: Using SimplygonMeshReduction for automatic skeletal mesh reduction
[2022.03.04-11.41.52:844][  0]LogMeshReduction: Using ProxyLODMeshReduction for automatic mesh merging
[2022.03.04-11.41.52:844][  0]LogMeshReduction: No distributed automatic mesh merging module available
[2022.03.04-11.41.52:844][  0]LogMeshMerging: No distributed automatic mesh merging module available
[2022.03.04-11.41.52:910][  0]LogNetVersion: StarryTail 1.0.0, NetCL: 17155196, EngineNetVer: 17, GameNetVer: 0 (Checksum: 4214679525)
[2022.03.04-11.41.55:342][  0]LogTexture: Default maximum texture size for cubemaps generated from long-lat sources has been changed from 512 to unlimited. In order to preserve old behaiour for '/Engine/MapTemplates/Sky/DaylightAmbientCubemap.DaylightAmbientCubemap', its maximum texture size has been explicitly set to 512.
[2022.03.04-11.41.55:451][  0]LogHMD: PokeAHoleMaterial loaded successfully
[2022.03.04-11.41.55:456][  0]LogUObjectArray: 17178 objects as part of root set at end of initial load.
[2022.03.04-11.41.55:456][  0]LogUObjectAllocator: 4302048 out of 0 bytes used by permanent object pool.
[2022.03.04-11.41.55:456][  0]LogUObjectArray: CloseDisregardForGC: 0/0 objects in disregard for GC pool
[2022.03.04-11.41.56:267][  0]LogNiagaraDebuggerClient: Niagara Debugger Client Initialized | Session: B3FC0CFF49BD3D8E5E3F969680BB45A5 | Instance: BFC7DBB34866B5C6D28C9BABB59FAD16 (DESKTOP-JDOR4MB-18384).
[2022.03.04-11.41.57:220][  0]LogTcpMessaging: Initializing TcpMessaging bridge
[2022.03.04-11.41.57:240][  0]LogUdpMessaging: Initializing bridge on interface 0.0.0.0:0 to multicast group 230.0.0.1:6666.
[2022.03.04-11.41.57:329][  0]LogPython: Using Python 3.7.7
[2022.03.04-11.41.58:333][  0]LogTemp: Error: TimerWidgetSet
[2022.03.04-11.41.59:168][  0]SourceControl: 소스 컨트롤이 꺼졌습니다.
[2022.03.04-11.41.59:168][  0]SourceControl: 소스 컨트롤이 꺼졌습니다.
[2022.03.04-11.41.59:190][  0]SourceControl: 소스 컨트롤이 꺼졌습니다.
[2022.03.04-11.41.59:212][  0]SourceControl: 소스 컨트롤이 꺼졌습니다.
[2022.03.04-11.41.59:254][  0]SourceControl: 소스 컨트롤이 꺼졌습니다.
[2022.03.04-11.41.59:324][  0]LogUProjectInfo: Found projects:
[2022.03.04-11.42.00:060][  0]LogOpenImageDenoise: OIDN starting up
[2022.03.04-11.42.00:140][  0]LogAndroidPermission: UAndroidPermissionCallbackProxy::GetInstance
[2022.03.04-11.42.00:247][  0]LogAudioCaptureCore: Display: No Audio Capture implementations found. Audio input will be silent.
[2022.03.04-11.42.00:247][  0]LogAudioCaptureCore: Display: No Audio Capture implementations found. Audio input will be silent.
[2022.03.04-11.42.00:746][  0]LogCollectionManager: Loaded 0 collections in 0.001694 seconds
[2022.03.04-11.42.00:828][  0]LogFileCache: Scanning file cache for directory 'C:/Users/Pocari/Desktop/STARRY-TAIL/StarryTail/Saved/Collections/' took 0.00s
[2022.03.04-11.42.00:828][  0]LogFileCache: Scanning file cache for directory 'C:/Users/Pocari/Desktop/STARRY-TAIL/StarryTail/Content/Developers/Pocari/Collections/' took 0.00s
[2022.03.04-11.42.00:828][  0]LogFileCache: Scanning file cache for directory 'C:/Users/Pocari/Desktop/STARRY-TAIL/StarryTail/Content/Collections/' took 0.00s
[2022.03.04-11.42.00:828][  0]LogOcInput: OculusInput pre-init called
[2022.03.04-11.42.01:206][  0]LogClass: Display: BoolProperty FPlayerCharacterDataStruct::IsInvincibility is not initialized properly. Module:StarryTail File:PlayerCharacterDataStruct.h
[2022.03.04-11.42.01:206][  0]LogClass: Display: FloatProperty FPlayerCharacterDataStruct::HP is not initialized properly. Module:StarryTail File:PlayerCharacterDataStruct.h
[2022.03.04-11.42.01:206][  0]LogClass: Display: FloatProperty FPlayerCharacterDataStruct::MoveSpeed is not initialized properly. Module:StarryTail File:PlayerCharacterDataStruct.h
[2022.03.04-11.42.01:206][  0]LogClass: Display: 3 Uninitialized script struct members found including 0 object properties
[2022.03.04-11.42.01:210][  0]LogEngine: Initializing Engine...
[2022.03.04-11.42.01:271][  0]LogHMD: Failed to initialize OpenVR with code 108
[2022.03.04-11.42.01:326][  0]LogHMD: Optional extension XR_VARJO_quad_views is not available
[2022.03.04-11.42.01:326][  0]LogHMD: Warning: Required extension XR_EXT_eye_gaze_interaction is not available
[2022.03.04-11.42.01:326][  0]LogHMD: Could not enable all required OpenXR extensions for OpenXREyeTracker on current system. This plugin will be loaded but ignored, but will be enabled on a target platform that supports the required extension.
[2022.03.04-11.42.01:828][  0]LogHMD: Failed to get an OpenXR system, result is XR_ERROR_FORM_FACTOR_UNAVAILABLE. Please check that your runtime supports VR headsets.
[2022.03.04-11.42.01:828][  0]LogMagicLeap: Warning: VR disabled because ZI is not enabled.  To enable, in the editor, Edit -> Project Settings -> Plugins -> Magic Leap Plugin -> Enable Zero Iteration
[2022.03.04-11.42.01:830][  0]LogStats: UGameplayTagsManager::InitializeManager -  0.001 s
[2022.03.04-11.42.02:080][  0]LogInit: Initializing FReadOnlyCVARCache
[2022.03.04-11.42.02:113][  0]LogAIModule: Creating AISystem for world Untitled
[2022.03.04-11.42.02:116][  0]LogAudio: Display: Initializing Audio Device Manager...
[2022.03.04-11.42.02:133][  0]LogAudio: Display: Loading Default Audio Settings Objects...
[2022.03.04-11.42.02:137][  0]LogAudio: Display: No default SoundConcurrencyObject specified (or failed to load).
[2022.03.04-11.42.02:137][  0]LogAudio: Display: Audio Device Manager Initialized
[2022.03.04-11.42.02:138][  0]LogAudio: Display: Creating Audio Device:                 Id: 1, Scope: Shared, Realtime: True
[2022.03.04-11.42.02:138][  0]LogAudioMixer: Display: Audio Mixer Platform Settings:
[2022.03.04-11.42.02:138][  0]LogAudioMixer: Display: 	Sample Rate:						  48000
[2022.03.04-11.42.02:138][  0]LogAudioMixer: Display: 	Callback Buffer Frame Size Requested: 1024
[2022.03.04-11.42.02:138][  0]LogAudioMixer: Display: 	Callback Buffer Frame Size To Use:	  1024
[2022.03.04-11.42.02:138][  0]LogAudioMixer: Display: 	Number of buffers to queue:			  2
[2022.03.04-11.42.02:138][  0]LogAudioMixer: Display: 	Max Channels (voices):				  32
[2022.03.04-11.42.02:138][  0]LogAudioMixer: Display: 	Number of Async Source Workers:		  0
[2022.03.04-11.42.02:138][  0]LogAudio: Display: AudioDevice MaxSources: 32
[2022.03.04-11.42.02:139][  0]LogAudio: Display: Audio Spatialization Plugin: None (built-in).
[2022.03.04-11.42.02:139][  0]LogAudio: Display: Audio Reverb Plugin: None (built-in).
[2022.03.04-11.42.02:139][  0]LogAudio: Display: Audio Occlusion Plugin: None (built-in).
[2022.03.04-11.42.02:139][  0]LogAudioMixer: Display: Initializing audio mixer.
[2022.03.04-11.42.02:187][  0]LogAudioMixer: Display: 0: FrontLeft
[2022.03.04-11.42.02:187][  0]LogAudioMixer: Display: 1: FrontRight
[2022.03.04-11.42.02:196][  0]LogAudioMixer: Display: Using Audio Device FxSound Speakers(FxSound Audio Enhancer)
[2022.03.04-11.42.02:197][  0]LogAudioMixer: Display: Initializing Sound Submixes...
[2022.03.04-11.42.02:216][  0]LogAudioMixer: Display: Creating Master Submix 'MasterSubmixDefault'
[2022.03.04-11.42.02:216][  0]LogAudioMixer: Display: Creating Master Submix 'MasterReverbSubmixDefault'
[2022.03.04-11.42.02:217][  0]LogAudioMixer: Display: Creating Master Submix 'MasterEQSubmixDefault'
[2022.03.04-11.42.02:217][  0]LogAudioMixer: FMixerPlatformXAudio2::StartAudioStream() called
[2022.03.04-11.42.02:217][  0]LogAudioMixer: Display: Output buffers initialized: Frames=1024, Channels=2, Samples=2048
[2022.03.04-11.42.02:218][  0]LogAudioMixer: Display: Starting AudioMixerPlatformInterface::RunInternal()
[2022.03.04-11.42.02:218][  0]LogAudioMixer: Display: FMixerPlatformXAudio2::SubmitBuffer() called for the first time
[2022.03.04-11.42.02:218][  0]LogInit: FAudioDevice initialized.
[2022.03.04-11.42.02:218][  0]LogAudio: Display: Audio Device (ID: 1) registered with world 'Untitled'.
[2022.03.04-11.42.02:219][  0]LogNetVersion: Set ProjectVersion to 1.0.0.0. Version Checksum will be recalculated on next use.
[2022.03.04-11.42.02:250][  0]LogDerivedDataCache: Saved boot cache 0.03s 98MB C:/Users/Pocari/AppData/Local/UnrealEngine/4.27/DerivedDataCache/Boot.ddc.
[2022.03.04-11.42.02:250][  0]LogInit: Texture streaming: Enabled
[2022.03.04-11.42.02:299][  0]LogAnalytics: Display: [UEEditor.Rocket.Release] APIServer = https://datarouter.ol.epicgames.com/. AppVersion = 4.27.2-18319896+++UE4+Release-4.27
[2022.03.04-11.42.02:314][  0]LogEngineSessionManager: EngineSessionManager initialized
[2022.03.04-11.42.02:314][  0]LogEditorSessionSummary: Verbose: Initializing EditorSessionSummaryWriter for editor session tracking
[2022.03.04-11.42.02:317][  0]LogEditorSessionSummary: EditorSessionSummaryWriter initialized
[2022.03.04-11.42.02:495][  0]LogInit: Transaction tracking system initialized
[2022.03.04-11.42.02:611][  0]BlueprintLog: New page: 에디터 로드
[2022.03.04-11.42.02:920][  0]LocalizationService: 현지화 서비스가 비활성화되었습니다.
[2022.03.04-11.42.03:050][  0]TimingProfiler: Initialize
[2022.03.04-11.42.03:051][  0]TimingProfiler: OnSessionChanged
[2022.03.04-11.42.03:051][  0]LoadingProfiler: Initialize
[2022.03.04-11.42.03:051][  0]LoadingProfiler: OnSessionChanged
[2022.03.04-11.42.03:051][  0]NetworkingProfiler: Initialize
[2022.03.04-11.42.03:052][  0]NetworkingProfiler: OnSessionChanged
[2022.03.04-11.42.03:052][  0]MemoryProfiler: Initialize
[2022.03.04-11.42.03:052][  0]MemoryProfiler: OnSessionChanged
[2022.03.04-11.42.03:617][  0]LogCook: Display: CookSettings for Memory: MemoryMaxUsedVirtual 0MiB, MemoryMaxUsedPhysical 16384MiB, MemoryMinFreeVirtual 0MiB, MemoryMinFreePhysical 1024MiB
[2022.03.04-11.42.03:617][  0]LogCook: Display: Mobile HDR setting 1
[2022.03.04-11.42.04:058][  0]LogFileCache: Scanning file cache for directory 'C:/Users/Pocari/Desktop/STARRY-TAIL/StarryTail/Content/' took 0.01s
[2022.03.04-11.42.04:652][  0]LogInit: Display: Engine is initialized. Leaving FEngineLoop::Init()
[2022.03.04-11.42.04:658][  0]SourceControl: 소스 컨트롤이 꺼졌습니다.
[2022.03.04-11.42.04:658][  0]LogUnrealEdMisc: Loading editor; pre map load, took 27.716
[2022.03.04-11.42.04:659][  0]Cmd: MAP LOAD FILE="../../../../../../Users/Pocari/Desktop/STARRY-TAIL/StarryTail/Content/ThirdPersonCPP/Maps/ThirdPersonExampleMap.umap" TEMPLATE=0 SHOWPROGRESS=1 FEATURELEVEL=3
[2022.03.04-11.42.04:660][  0]LightingResults: New page: 라이팅 빌드
[2022.03.04-11.42.04:663][  0]LogWorld: UWorld::CleanupWorld for Untitled, bSessionEnded=true, bCleanupResources=true
[2022.03.04-11.42.04:664][  0]LogSlate: InvalidateAllWidgets triggered.  All widgets were invalidated
[2022.03.04-11.42.04:664][  0]MapCheck: New page: 맵 체크
[2022.03.04-11.42.04:664][  0]LightingResults: New page: 라이팅 빌드
[2022.03.04-11.42.04:669][  0]LogAudio: Display: Audio Device unregistered from world 'None'.
[2022.03.04-11.42.04:674][  0]LogUObjectHash: Compacting FUObjectHashTables data took   0.73ms
[2022.03.04-11.42.05:312][  0]LogAudio: Display: Audio Device (ID: 1) registered with world 'ThirdPersonExampleMap'.
[2022.03.04-11.42.05:313][  0]LogAIModule: Creating AISystem for world ThirdPersonExampleMap
[2022.03.04-11.42.05:334][  0]LogEditorServer: Finished looking for orphan Actors (0.000 secs)
[2022.03.04-11.42.05:346][  0]LogUObjectHash: Compacting FUObjectHashTables data took   0.71ms
[2022.03.04-11.42.05:347][  0]Cmd: MAP CHECKDEP NOCLEARLOG
[2022.03.04-11.42.05:347][  0]MapCheck: 맵 체크 완료: 오류 0 회, 경고 0 회, 소요 시간 0.23ms.
[2022.03.04-11.42.05:347][  0]LogFileHelpers: Loading map 'ThirdPersonExampleMap' took 0.688
[2022.03.04-11.42.05:362][  0]LogUnrealEdMisc: Total Editor Startup Time, took 28.419
[2022.03.04-11.42.05:534][  0]LogSlate: Updating window title bar state: overlay mode, drag disabled, window buttons hidden, title bar hidden
[2022.03.04-11.42.05:539][  0]LogSlate: Updating window title bar state: overlay mode, drag disabled, window buttons hidden, title bar hidden
[2022.03.04-11.42.05:543][  0]LogSlate: Updating window title bar state: overlay mode, drag disabled, window buttons hidden, title bar hidden
[2022.03.04-11.42.05:548][  0]LogSlate: Updating window title bar state: overlay mode, drag disabled, window buttons hidden, title bar hidden
[2022.03.04-11.42.05:651][  0]LogNativeClassHierarchy: Verbose: Native class hierarchy populated in 0.0082 seconds. Added 3828 classes and 931 folders.
[2022.03.04-11.42.05:655][  0]LogNativeClassHierarchy: Verbose: Native class hierarchy updated for 'WidgetCarousel' in 0.0002 seconds. Added 0 classes and 0 folders.
[2022.03.04-11.42.05:670][  0]LogPakFile: PakFile PrimaryIndexSize=187
[2022.03.04-11.42.05:670][  0]LogPakFile: PakFile PathHashIndexSize=101
[2022.03.04-11.42.05:670][  0]LogPakFile: PakFile FullDirectoryIndexSize=148
[2022.03.04-11.42.05:670][  0]LogShaderLibrary: Display: ShaderCodeLibraryPakFileMountedCallback: PakFile 'C:/Program Files/Epic Games/UE_4.27/FeaturePacks/FP_FirstPerson.upack' (chunk index -1, root 'root:/') mounted
[2022.03.04-11.42.05:670][  0]LogShaderLibrary: Display: ShaderCodeLibraryPakFileMountedCallback: pending pak file info (ChunkID:-1 Root:root:/ File:C:/Program Files/Epic Games/UE_4.27/FeaturePacks/FP_FirstPerson.upack)
[2022.03.04-11.42.05:670][  0]LogPakFile: OnPakFileMounted2Time == 0.000144
[2022.03.04-11.42.05:677][  0]LogPakFile: PakFile PrimaryIndexSize=189
[2022.03.04-11.42.05:677][  0]LogPakFile: PakFile PathHashIndexSize=101
[2022.03.04-11.42.05:677][  0]LogPakFile: PakFile FullDirectoryIndexSize=152
[2022.03.04-11.42.05:677][  0]LogShaderLibrary: Display: ShaderCodeLibraryPakFileMountedCallback: PakFile 'C:/Program Files/Epic Games/UE_4.27/FeaturePacks/FP_FirstPersonBP.upack' (chunk index -1, root 'root:/') mounted
[2022.03.04-11.42.05:677][  0]LogShaderLibrary: Display: ShaderCodeLibraryPakFileMountedCallback: pending pak file info (ChunkID:-1 Root:root:/ File:C:/Program Files/Epic Games/UE_4.27/FeaturePacks/FP_FirstPersonBP.upack)
[2022.03.04-11.42.05:677][  0]LogPakFile: OnPakFileMounted2Time == 0.000031
[2022.03.04-11.42.05:682][  0]LogPakFile: PakFile PrimaryIndexSize=191
[2022.03.04-11.42.05:682][  0]LogPakFile: PakFile PathHashIndexSize=101
[2022.03.04-11.42.05:682][  0]LogPakFile: PakFile FullDirectoryIndexSize=160
[2022.03.04-11.42.05:682][  0]LogShaderLibrary: Display: ShaderCodeLibraryPakFileMountedCallback: PakFile 'C:/Program Files/Epic Games/UE_4.27/FeaturePacks/MobileStarterContent.upack' (chunk index -1, root 'root:/') mounted
[2022.03.04-11.42.05:682][  0]LogShaderLibrary: Display: ShaderCodeLibraryPakFileMountedCallback: pending pak file info (ChunkID:-1 Root:root:/ File:C:/Program Files/Epic Games/UE_4.27/FeaturePacks/MobileStarterContent.upack)
[2022.03.04-11.42.05:682][  0]LogPakFile: OnPakFileMounted2Time == 0.000026
[2022.03.04-11.42.05:687][  0]LogPakFile: PakFile PrimaryIndexSize=185
[2022.03.04-11.42.05:687][  0]LogPakFile: PakFile PathHashIndexSize=101
[2022.03.04-11.42.05:687][  0]LogPakFile: PakFile FullDirectoryIndexSize=148
[2022.03.04-11.42.05:687][  0]LogShaderLibrary: Display: ShaderCodeLibraryPakFileMountedCallback: PakFile 'C:/Program Files/Epic Games/UE_4.27/FeaturePacks/StarterContent.upack' (chunk index -1, root 'root:/') mounted
[2022.03.04-11.42.05:687][  0]LogShaderLibrary: Display: ShaderCodeLibraryPakFileMountedCallback: pending pak file info (ChunkID:-1 Root:root:/ File:C:/Program Files/Epic Games/UE_4.27/FeaturePacks/StarterContent.upack)
[2022.03.04-11.42.05:687][  0]LogPakFile: OnPakFileMounted2Time == 0.000025
[2022.03.04-11.42.05:693][  0]LogPakFile: PakFile PrimaryIndexSize=190
[2022.03.04-11.42.05:693][  0]LogPakFile: PakFile PathHashIndexSize=101
[2022.03.04-11.42.05:693][  0]LogPakFile: PakFile FullDirectoryIndexSize=154
[2022.03.04-11.42.05:693][  0]LogShaderLibrary: Display: ShaderCodeLibraryPakFileMountedCallback: PakFile 'C:/Program Files/Epic Games/UE_4.27/FeaturePacks/TP_2DSideScroller.upack' (chunk index -1, root 'root:/') mounted
[2022.03.04-11.42.05:693][  0]LogShaderLibrary: Display: ShaderCodeLibraryPakFileMountedCallback: pending pak file info (ChunkID:-1 Root:root:/ File:C:/Program Files/Epic Games/UE_4.27/FeaturePacks/TP_2DSideScroller.upack)
[2022.03.04-11.42.05:693][  0]LogPakFile: OnPakFileMounted2Time == 0.000034
[2022.03.04-11.42.05:697][  0]LogPakFile: PakFile PrimaryIndexSize=192
[2022.03.04-11.42.05:697][  0]LogPakFile: PakFile PathHashIndexSize=101
[2022.03.04-11.42.05:697][  0]LogPakFile: PakFile FullDirectoryIndexSize=158
[2022.03.04-11.42.05:697][  0]LogShaderLibrary: Display: ShaderCodeLibraryPakFileMountedCallback: PakFile 'C:/Program Files/Epic Games/UE_4.27/FeaturePacks/TP_2DSideScrollerBP.upack' (chunk index -1, root 'root:/') mounted
[2022.03.04-11.42.05:698][  0]LogShaderLibrary: Display: ShaderCodeLibraryPakFileMountedCallback: pending pak file info (ChunkID:-1 Root:root:/ File:C:/Program Files/Epic Games/UE_4.27/FeaturePacks/TP_2DSideScrollerBP.upack)
[2022.03.04-11.42.05:698][  0]LogPakFile: OnPakFileMounted2Time == 0.000042
[2022.03.04-11.42.05:702][  0]LogPakFile: PakFile PrimaryIndexSize=182
[2022.03.04-11.42.05:702][  0]LogPakFile: PakFile PathHashIndexSize=101
[2022.03.04-11.42.05:702][  0]LogPakFile: PakFile FullDirectoryIndexSize=138
[2022.03.04-11.42.05:702][  0]LogShaderLibrary: Display: ShaderCodeLibraryPakFileMountedCallback: PakFile 'C:/Program Files/Epic Games/UE_4.27/FeaturePacks/TP_Flying.upack' (chunk index -1, root 'root:/') mounted
[2022.03.04-11.42.05:702][  0]LogShaderLibrary: Display: ShaderCodeLibraryPakFileMountedCallback: pending pak file info (ChunkID:-1 Root:root:/ File:C:/Program Files/Epic Games/UE_4.27/FeaturePacks/TP_Flying.upack)
[2022.03.04-11.42.05:702][  0]LogPakFile: OnPakFileMounted2Time == 0.000025
[2022.03.04-11.42.05:709][  0]LogPakFile: PakFile PrimaryIndexSize=184
[2022.03.04-11.42.05:709][  0]LogPakFile: PakFile PathHashIndexSize=101
[2022.03.04-11.42.05:709][  0]LogPakFile: PakFile FullDirectoryIndexSize=142
[2022.03.04-11.42.05:709][  0]LogShaderLibrary: Display: ShaderCodeLibraryPakFileMountedCallback: PakFile 'C:/Program Files/Epic Games/UE_4.27/FeaturePacks/TP_FlyingBP.upack' (chunk index -1, root 'root:/') mounted
[2022.03.04-11.42.05:709][  0]LogShaderLibrary: Display: ShaderCodeLibraryPakFileMountedCallback: pending pak file info (ChunkID:-1 Root:root:/ File:C:/Program Files/Epic Games/UE_4.27/FeaturePacks/TP_FlyingBP.upack)
[2022.03.04-11.42.05:709][  0]LogPakFile: OnPakFileMounted2Time == 0.000030
[2022.03.04-11.42.05:715][  0]LogPakFile: PakFile PrimaryIndexSize=188
[2022.03.04-11.42.05:715][  0]LogPakFile: PakFile PathHashIndexSize=101
[2022.03.04-11.42.05:715][  0]LogPakFile: PakFile FullDirectoryIndexSize=150
[2022.03.04-11.42.05:715][  0]LogShaderLibrary: Display: ShaderCodeLibraryPakFileMountedCallback: PakFile 'C:/Program Files/Epic Games/UE_4.27/FeaturePacks/TP_HandheldARBP.upack' (chunk index -1, root 'root:/') mounted
[2022.03.04-11.42.05:715][  0]LogShaderLibrary: Display: ShaderCodeLibraryPakFileMountedCallback: pending pak file info (ChunkID:-1 Root:root:/ File:C:/Program Files/Epic Games/UE_4.27/FeaturePacks/TP_HandheldARBP.upack)
[2022.03.04-11.42.05:715][  0]LogPakFile: OnPakFileMounted2Time == 0.000028
[2022.03.04-11.42.05:721][  0]LogPakFile: PakFile PrimaryIndexSize=182
[2022.03.04-11.42.05:721][  0]LogPakFile: PakFile PathHashIndexSize=101
[2022.03.04-11.42.05:721][  0]LogPakFile: PakFile FullDirectoryIndexSize=138
[2022.03.04-11.42.05:721][  0]LogShaderLibrary: Display: ShaderCodeLibraryPakFileMountedCallback: PakFile 'C:/Program Files/Epic Games/UE_4.27/FeaturePacks/TP_Puzzle.upack' (chunk index -1, root 'root:/') mounted
[2022.03.04-11.42.05:721][  0]LogShaderLibrary: Display: ShaderCodeLibraryPakFileMountedCallback: pending pak file info (ChunkID:-1 Root:root:/ File:C:/Program Files/Epic Games/UE_4.27/FeaturePacks/TP_Puzzle.upack)
[2022.03.04-11.42.05:721][  0]LogPakFile: OnPakFileMounted2Time == 0.000031
[2022.03.04-11.42.05:725][  0]LogPakFile: PakFile PrimaryIndexSize=184
[2022.03.04-11.42.05:725][  0]LogPakFile: PakFile PathHashIndexSize=101
[2022.03.04-11.42.05:725][  0]LogPakFile: PakFile FullDirectoryIndexSize=142
[2022.03.04-11.42.05:725][  0]LogShaderLibrary: Display: ShaderCodeLibraryPakFileMountedCallback: PakFile 'C:/Program Files/Epic Games/UE_4.27/FeaturePacks/TP_PuzzleBP.upack' (chunk index -1, root 'root:/') mounted
[2022.03.04-11.42.05:725][  0]LogShaderLibrary: Display: ShaderCodeLibraryPakFileMountedCallback: pending pak file info (ChunkID:-1 Root:root:/ File:C:/Program Files/Epic Games/UE_4.27/FeaturePacks/TP_PuzzleBP.upack)
[2022.03.04-11.42.05:725][  0]LogPakFile: OnPakFileMounted2Time == 0.000036
[2022.03.04-11.42.05:731][  0]LogPakFile: PakFile PrimaryIndexSize=183
[2022.03.04-11.42.05:731][  0]LogPakFile: PakFile PathHashIndexSize=101
[2022.03.04-11.42.05:731][  0]LogPakFile: PakFile FullDirectoryIndexSize=140
[2022.03.04-11.42.05:731][  0]LogShaderLibrary: Display: ShaderCodeLibraryPakFileMountedCallback: PakFile 'C:/Program Files/Epic Games/UE_4.27/FeaturePacks/TP_Rolling.upack' (chunk index -1, root 'root:/') mounted
[2022.03.04-11.42.05:731][  0]LogShaderLibrary: Display: ShaderCodeLibraryPakFileMountedCallback: pending pak file info (ChunkID:-1 Root:root:/ File:C:/Program Files/Epic Games/UE_4.27/FeaturePacks/TP_Rolling.upack)
[2022.03.04-11.42.05:731][  0]LogPakFile: OnPakFileMounted2Time == 0.000026
[2022.03.04-11.42.05:735][  0]LogPakFile: PakFile PrimaryIndexSize=185
[2022.03.04-11.42.05:735][  0]LogPakFile: PakFile PathHashIndexSize=101
[2022.03.04-11.42.05:735][  0]LogPakFile: PakFile FullDirectoryIndexSize=144
[2022.03.04-11.42.05:735][  0]LogShaderLibrary: Display: ShaderCodeLibraryPakFileMountedCallback: PakFile 'C:/Program Files/Epic Games/UE_4.27/FeaturePacks/TP_RollingBP.upack' (chunk index -1, root 'root:/') mounted
[2022.03.04-11.42.05:735][  0]LogShaderLibrary: Display: ShaderCodeLibraryPakFileMountedCallback: pending pak file info (ChunkID:-1 Root:root:/ File:C:/Program Files/Epic Games/UE_4.27/FeaturePacks/TP_RollingBP.upack)
[2022.03.04-11.42.05:735][  0]LogPakFile: OnPakFileMounted2Time == 0.000024
[2022.03.04-11.42.05:740][  0]LogPakFile: PakFile PrimaryIndexSize=188
[2022.03.04-11.42.05:740][  0]LogPakFile: PakFile PathHashIndexSize=101
[2022.03.04-11.42.05:740][  0]LogPakFile: PakFile FullDirectoryIndexSize=150
[2022.03.04-11.42.05:740][  0]LogShaderLibrary: Display: ShaderCodeLibraryPakFileMountedCallback: PakFile 'C:/Program Files/Epic Games/UE_4.27/FeaturePacks/TP_SideScroller.upack' (chunk index -1, root 'root:/') mounted
[2022.03.04-11.42.05:740][  0]LogShaderLibrary: Display: ShaderCodeLibraryPakFileMountedCallback: pending pak file info (ChunkID:-1 Root:root:/ File:C:/Program Files/Epic Games/UE_4.27/FeaturePacks/TP_SideScroller.upack)
[2022.03.04-11.42.05:740][  0]LogPakFile: OnPakFileMounted2Time == 0.000034
[2022.03.04-11.42.05:745][  0]LogPakFile: PakFile PrimaryIndexSize=190
[2022.03.04-11.42.05:745][  0]LogPakFile: PakFile PathHashIndexSize=101
[2022.03.04-11.42.05:745][  0]LogPakFile: PakFile FullDirectoryIndexSize=154
[2022.03.04-11.42.05:745][  0]LogShaderLibrary: Display: ShaderCodeLibraryPakFileMountedCallback: PakFile 'C:/Program Files/Epic Games/UE_4.27/FeaturePacks/TP_SideScrollerBP.upack' (chunk index -1, root 'root:/') mounted
[2022.03.04-11.42.05:745][  0]LogShaderLibrary: Display: ShaderCodeLibraryPakFileMountedCallback: pending pak file info (ChunkID:-1 Root:root:/ File:C:/Program Files/Epic Games/UE_4.27/FeaturePacks/TP_SideScrollerBP.upack)
[2022.03.04-11.42.05:745][  0]LogPakFile: OnPakFileMounted2Time == 0.000032
[2022.03.04-11.42.05:750][  0]LogPakFile: PakFile PrimaryIndexSize=187
[2022.03.04-11.42.05:750][  0]LogPakFile: PakFile PathHashIndexSize=101
[2022.03.04-11.42.05:750][  0]LogPakFile: PakFile FullDirectoryIndexSize=148
[2022.03.04-11.42.05:750][  0]LogShaderLibrary: Display: ShaderCodeLibraryPakFileMountedCallback: PakFile 'C:/Program Files/Epic Games/UE_4.27/FeaturePacks/TP_ThirdPerson.upack' (chunk index -1, root 'root:/') mounted
[2022.03.04-11.42.05:750][  0]LogShaderLibrary: Display: ShaderCodeLibraryPakFileMountedCallback: pending pak file info (ChunkID:-1 Root:root:/ File:C:/Program Files/Epic Games/UE_4.27/FeaturePacks/TP_ThirdPerson.upack)
[2022.03.04-11.42.05:750][  0]LogPakFile: OnPakFileMounted2Time == 0.000024
[2022.03.04-11.42.05:754][  0]LogPakFile: PakFile PrimaryIndexSize=189
[2022.03.04-11.42.05:754][  0]LogPakFile: PakFile PathHashIndexSize=101
[2022.03.04-11.42.05:754][  0]LogPakFile: PakFile FullDirectoryIndexSize=152
[2022.03.04-11.42.05:754][  0]LogShaderLibrary: Display: ShaderCodeLibraryPakFileMountedCallback: PakFile 'C:/Program Files/Epic Games/UE_4.27/FeaturePacks/TP_ThirdPersonBP.upack' (chunk index -1, root 'root:/') mounted
[2022.03.04-11.42.05:754][  0]LogShaderLibrary: Display: ShaderCodeLibraryPakFileMountedCallback: pending pak file info (ChunkID:-1 Root:root:/ File:C:/Program Files/Epic Games/UE_4.27/FeaturePacks/TP_ThirdPersonBP.upack)
[2022.03.04-11.42.05:754][  0]LogPakFile: OnPakFileMounted2Time == 0.000025
[2022.03.04-11.42.05:759][  0]LogPakFile: PakFile PrimaryIndexSize=183
[2022.03.04-11.42.05:759][  0]LogPakFile: PakFile PathHashIndexSize=101
[2022.03.04-11.42.05:759][  0]LogPakFile: PakFile FullDirectoryIndexSize=140
[2022.03.04-11.42.05:759][  0]LogShaderLibrary: Display: ShaderCodeLibraryPakFileMountedCallback: PakFile 'C:/Program Files/Epic Games/UE_4.27/FeaturePacks/TP_TopDown.upack' (chunk index -1, root 'root:/') mounted
[2022.03.04-11.42.05:759][  0]LogShaderLibrary: Display: ShaderCodeLibraryPakFileMountedCallback: pending pak file info (ChunkID:-1 Root:root:/ File:C:/Program Files/Epic Games/UE_4.27/FeaturePacks/TP_TopDown.upack)
[2022.03.04-11.42.05:759][  0]LogPakFile: OnPakFileMounted2Time == 0.000036
[2022.03.04-11.42.05:764][  0]LogPakFile: PakFile PrimaryIndexSize=185
[2022.03.04-11.42.05:764][  0]LogPakFile: PakFile PathHashIndexSize=101
[2022.03.04-11.42.05:764][  0]LogPakFile: PakFile FullDirectoryIndexSize=144
[2022.03.04-11.42.05:764][  0]LogShaderLibrary: Display: ShaderCodeLibraryPakFileMountedCallback: PakFile 'C:/Program Files/Epic Games/UE_4.27/FeaturePacks/TP_TopDownBP.upack' (chunk index -1, root 'root:/') mounted
[2022.03.04-11.42.05:764][  0]LogShaderLibrary: Display: ShaderCodeLibraryPakFileMountedCallback: pending pak file info (ChunkID:-1 Root:root:/ File:C:/Program Files/Epic Games/UE_4.27/FeaturePacks/TP_TopDownBP.upack)
[2022.03.04-11.42.05:764][  0]LogPakFile: OnPakFileMounted2Time == 0.000031
[2022.03.04-11.42.05:772][  0]LogPakFile: PakFile PrimaryIndexSize=185
[2022.03.04-11.42.05:772][  0]LogPakFile: PakFile PathHashIndexSize=101
[2022.03.04-11.42.05:772][  0]LogPakFile: PakFile FullDirectoryIndexSize=144
[2022.03.04-11.42.05:772][  0]LogShaderLibrary: Display: ShaderCodeLibraryPakFileMountedCallback: PakFile 'C:/Program Files/Epic Games/UE_4.27/FeaturePacks/TP_TwinStick.upack' (chunk index -1, root 'root:/') mounted
[2022.03.04-11.42.05:772][  0]LogShaderLibrary: Display: ShaderCodeLibraryPakFileMountedCallback: pending pak file info (ChunkID:-1 Root:root:/ File:C:/Program Files/Epic Games/UE_4.27/FeaturePacks/TP_TwinStick.upack)
[2022.03.04-11.42.05:772][  0]LogPakFile: OnPakFileMounted2Time == 0.000029
[2022.03.04-11.42.05:777][  0]LogPakFile: PakFile PrimaryIndexSize=187
[2022.03.04-11.42.05:777][  0]LogPakFile: PakFile PathHashIndexSize=101
[2022.03.04-11.42.05:777][  0]LogPakFile: PakFile FullDirectoryIndexSize=148
[2022.03.04-11.42.05:777][  0]LogShaderLibrary: Display: ShaderCodeLibraryPakFileMountedCallback: PakFile 'C:/Program Files/Epic Games/UE_4.27/FeaturePacks/TP_TwinStickBP.upack' (chunk index -1, root 'root:/') mounted
[2022.03.04-11.42.05:777][  0]LogShaderLibrary: Display: ShaderCodeLibraryPakFileMountedCallback: pending pak file info (ChunkID:-1 Root:root:/ File:C:/Program Files/Epic Games/UE_4.27/FeaturePacks/TP_TwinStickBP.upack)
[2022.03.04-11.42.05:777][  0]LogPakFile: OnPakFileMounted2Time == 0.000028
[2022.03.04-11.42.05:783][  0]LogPakFile: PakFile PrimaryIndexSize=183
[2022.03.04-11.42.05:783][  0]LogPakFile: PakFile PathHashIndexSize=101
[2022.03.04-11.42.05:783][  0]LogPakFile: PakFile FullDirectoryIndexSize=140
[2022.03.04-11.42.05:783][  0]LogShaderLibrary: Display: ShaderCodeLibraryPakFileMountedCallback: PakFile 'C:/Program Files/Epic Games/UE_4.27/FeaturePacks/TP_Vehicle.upack' (chunk index -1, root 'root:/') mounted
[2022.03.04-11.42.05:783][  0]LogShaderLibrary: Display: ShaderCodeLibraryPakFileMountedCallback: pending pak file info (ChunkID:-1 Root:root:/ File:C:/Program Files/Epic Games/UE_4.27/FeaturePacks/TP_Vehicle.upack)
[2022.03.04-11.42.05:783][  0]LogPakFile: OnPakFileMounted2Time == 0.000033
[2022.03.04-11.42.05:788][  0]LogPakFile: PakFile PrimaryIndexSize=186
[2022.03.04-11.42.05:788][  0]LogPakFile: PakFile PathHashIndexSize=101
[2022.03.04-11.42.05:788][  0]LogPakFile: PakFile FullDirectoryIndexSize=146
[2022.03.04-11.42.05:788][  0]LogShaderLibrary: Display: ShaderCodeLibraryPakFileMountedCallback: PakFile 'C:/Program Files/Epic Games/UE_4.27/FeaturePacks/TP_VehicleAdv.upack' (chunk index -1, root 'root:/') mounted
[2022.03.04-11.42.05:788][  0]LogShaderLibrary: Display: ShaderCodeLibraryPakFileMountedCallback: pending pak file info (ChunkID:-1 Root:root:/ File:C:/Program Files/Epic Games/UE_4.27/FeaturePacks/TP_VehicleAdv.upack)
[2022.03.04-11.42.05:788][  0]LogPakFile: OnPakFileMounted2Time == 0.000027
[2022.03.04-11.42.05:793][  0]LogPakFile: PakFile PrimaryIndexSize=188
[2022.03.04-11.42.05:793][  0]LogPakFile: PakFile PathHashIndexSize=101
[2022.03.04-11.42.05:793][  0]LogPakFile: PakFile FullDirectoryIndexSize=150
[2022.03.04-11.42.05:793][  0]LogShaderLibrary: Display: ShaderCodeLibraryPakFileMountedCallback: PakFile 'C:/Program Files/Epic Games/UE_4.27/FeaturePacks/TP_VehicleAdvBP.upack' (chunk index -1, root 'root:/') mounted
[2022.03.04-11.42.05:793][  0]LogShaderLibrary: Display: ShaderCodeLibraryPakFileMountedCallback: pending pak file info (ChunkID:-1 Root:root:/ File:C:/Program Files/Epic Games/UE_4.27/FeaturePacks/TP_VehicleAdvBP.upack)
[2022.03.04-11.42.05:793][  0]LogPakFile: OnPakFileMounted2Time == 0.000029
[2022.03.04-11.42.05:798][  0]LogPakFile: PakFile PrimaryIndexSize=185
[2022.03.04-11.42.05:798][  0]LogPakFile: PakFile PathHashIndexSize=101
[2022.03.04-11.42.05:798][  0]LogPakFile: PakFile FullDirectoryIndexSize=144
[2022.03.04-11.42.05:798][  0]LogShaderLibrary: Display: ShaderCodeLibraryPakFileMountedCallback: PakFile 'C:/Program Files/Epic Games/UE_4.27/FeaturePacks/TP_VehicleBP.upack' (chunk index -1, root 'root:/') mounted
[2022.03.04-11.42.05:798][  0]LogShaderLibrary: Display: ShaderCodeLibraryPakFileMountedCallback: pending pak file info (ChunkID:-1 Root:root:/ File:C:/Program Files/Epic Games/UE_4.27/FeaturePacks/TP_VehicleBP.upack)
[2022.03.04-11.42.05:798][  0]LogPakFile: OnPakFileMounted2Time == 0.000028
[2022.03.04-11.42.05:804][  0]LogPakFile: PakFile PrimaryIndexSize=192
[2022.03.04-11.42.05:804][  0]LogPakFile: PakFile PathHashIndexSize=101
[2022.03.04-11.42.05:804][  0]LogPakFile: PakFile FullDirectoryIndexSize=158
[2022.03.04-11.42.05:804][  0]LogShaderLibrary: Display: ShaderCodeLibraryPakFileMountedCallback: PakFile 'C:/Program Files/Epic Games/UE_4.27/FeaturePacks/TP_VirtualRealityBP.upack' (chunk index -1, root 'root:/') mounted
[2022.03.04-11.42.05:804][  0]LogShaderLibrary: Display: ShaderCodeLibraryPakFileMountedCallback: pending pak file info (ChunkID:-1 Root:root:/ File:C:/Program Files/Epic Games/UE_4.27/FeaturePacks/TP_VirtualRealityBP.upack)
[2022.03.04-11.42.05:804][  0]LogPakFile: OnPakFileMounted2Time == 0.000028
[2022.03.04-11.42.06:095][  0]LogNativeClassHierarchy: Verbose: Native class hierarchy updated for 'AddContentDialog' in 0.0002 seconds. Added 0 classes and 0 folders.
[2022.03.04-11.42.06:098][  0]LogNativeClassHierarchy: Verbose: Native class hierarchy updated for 'SceneOutliner' in 0.0002 seconds. Added 2 classes and 0 folders.
[2022.03.04-11.42.06:195][  0]LogSlate: Took 0.004108 seconds to synchronously load lazily loaded font '../../../Engine/Content/Slate/Fonts/Roboto-Regular.ttf' (155K)
[2022.03.04-11.42.06:201][  0]LogSlate: Took 0.005317 seconds to synchronously load lazily loaded font '../../../Engine/Content/Editor/Slate/Fonts/FontAwesome.ttf' (139K)
[2022.03.04-11.42.06:207][  0]LogSlate: Took 0.005371 seconds to synchronously load lazily loaded font '../../../Engine/Content/Editor/Slate/Fonts/NanumGothic.ttf' (4243K)
[2022.03.04-11.42.06:214][  0]LogSlate: Took 0.006186 seconds to synchronously load lazily loaded font '../../../Engine/Content/Editor/Slate/Fonts/NanumGothicBold.ttf' (4188K)
[2022.03.04-11.42.06:219][  0]LogSlate: Took 0.004593 seconds to synchronously load lazily loaded font '../../../Engine/Content/Slate/Fonts/Roboto-Bold.ttf' (160K)
[2022.03.04-11.42.06:230][  0]LogSlate: Took 0.006941 seconds to synchronously load lazily loaded font '../../../Engine/Content/Slate/Fonts/DroidSansMono.ttf' (77K)
[2022.03.04-11.42.06:267][  0]LogSlate: Took 0.005269 seconds to synchronously load lazily loaded font '../../../Engine/Content/Editor/Slate/Fonts/NanumGothicExtraBold.ttf' (4074K)
[2022.03.04-11.42.06:434][  0]LogRenderer: Reallocating scene render targets to support 752x568 Format 10 NumSamples 1 (Frame:1).
[2022.03.04-11.42.06:480][  0]LogSlate: Took 0.004407 seconds to synchronously load lazily loaded font '../../../Engine/Content/Slate/Fonts/Roboto-Light.ttf' (167K)
[2022.03.04-11.42.06:543][  0]LogNativeClassHierarchy: Verbose: Native class hierarchy updated for 'HierarchicalLODOutliner' in 0.0002 seconds. Added 0 classes and 0 folders.
[2022.03.04-11.42.06:543][  0]LogInput: Warning: Action Jump uses invalid key OculusGo_Left_Trigger_Click.
[2022.03.04-11.42.06:543][  0]LogInput: Warning: Action ResetVR uses invalid key OculusGo_Left_Trackpad_Click.
[2022.03.04-11.42.06:543][  0]LogInput: Warning: Use -RemoveInvalidKeys to remove instances of these keys from the action mapping.
[2022.03.04-11.42.06:543][  0]LogLoad: (Engine Initialization) Total time: 29.60 seconds
[2022.03.04-11.42.06:543][  0]LogLoad: (Engine Initialization) Total Blueprint compile time: 0.00 seconds
[2022.03.04-11.42.06:587][  0]LogAssetRegistry: Asset discovery search completed in 14.4347 seconds
[2022.03.04-11.42.06:611][  0]LogCollectionManager: Fixed up redirectors for 0 collections in 0.000003 seconds (updated 0 objects)
[2022.03.04-11.42.06:614][  0]LogContentStreaming: Texture pool size now 1000 MB
[2022.03.04-11.45.31:152][931]LogAudioMixer: Warning: Changing default audio render device to new device: {0.0.0.00000000}.{ed413785-fef2-4d77-8716-394881a102ed}.
[2022.03.04-11.45.31:152][931]LogAudioMixer: Warning: Audio device removed, falling back to other windows default device.
[2022.03.04-11.45.31:152][931]LogAudioMixer: Warning: Audio device removed, falling back to other windows default device.
[2022.03.04-11.45.31:152][931]LogAudioMixer: Warning: Audio device removed, falling back to other windows default device.
[2022.03.04-11.45.31:152][931]LogAudioMixer: Warning: Audio device removed, falling back to other windows default device.
[2022.03.04-11.45.31:152][931]LogAudioMixer: Resetting audio stream to device id 
[2022.03.04-11.45.31:167][931]LogAudioMixer: Display: 0: FrontLeft
[2022.03.04-11.45.31:167][931]LogAudioMixer: Display: 1: FrontRight
[2022.03.04-11.49.26:690][884]LogMaterial: Display: Missing cached shadermap for Material_0 in PCD3D_SM5, Default, SM5 (DDC key hash: 5F5D7E1E0E8F59ED6C8F96913F799923D3748032), compiling. 
[2022.03.04-11.49.26:704][885]LogShaderCompilers: Display: Submitted 2 shader compile jobs with 'ForceLocal' priority
[2022.03.04-11.49.26:710][885]LogShaderCompilers: Display: Worker (1/9): shaders left to compile 2
[2022.03.04-11.49.26:710][885]LogShaderCompilers: Display: Worker (2/9): shaders left to compile 1
[2022.03.04-11.49.26:710][885]LogShaderCompilers: Display: Started 2 'Local' shader compile jobs with 'ForceLocal' priority
[2022.03.04-11.49.26:764][885]LogShaderCompilers: Display: Submitted 41 shader compile jobs with 'Normal' priority
[2022.03.04-11.49.26:764][885]LogShaderCompilers: Display: Worker (3/9): shaders left to compile 41
[2022.03.04-11.49.26:764][885]LogShaderCompilers: Display: Worker (4/9): shaders left to compile 35
[2022.03.04-11.49.26:764][885]LogShaderCompilers: Display: Worker (5/9): shaders left to compile 29
[2022.03.04-11.49.26:764][885]LogShaderCompilers: Display: Worker (6/9): shaders left to compile 23
[2022.03.04-11.49.26:764][885]LogShaderCompilers: Display: Worker (7/9): shaders left to compile 17
[2022.03.04-11.49.26:764][885]LogShaderCompilers: Display: Worker (8/9): shaders left to compile 11
[2022.03.04-11.49.26:764][885]LogShaderCompilers: Display: Started 36 'Local' shader compile jobs with 'Normal' priority
[2022.03.04-11.49.26:783][885]LogMaterial: Display: Missing cached shadermap for Material_0 in PCD3D_SM5, Default, SM5 (DDC key hash: D58AF33C0683E1AC397A278283EA4914F9544F0C), compiling. 
[2022.03.04-11.49.26:796][886]LogShaderCompilers: Display: Submitted 2 shader compile jobs with 'ForceLocal' priority
[2022.03.04-11.49.26:822][887]LogShaderCompilers: Display: Submitted 41 shader compile jobs with 'Normal' priority
[2022.03.04-11.49.27:594][950]LogShaderCompilers: Display: Worker (2/9): shaders left to compile 2
[2022.03.04-11.49.27:594][950]LogShaderCompilers: Display: Started 1 'Local' shader compile jobs with 'ForceLocal' priority
[2022.03.04-11.49.27:623][950]LogShaderCompilers: Display: === FShaderJobCache stats ===
[2022.03.04-11.49.27:623][950]LogShaderCompilers: Display: Total job queries 86, among them cache hits 0 (0.00%)
[2022.03.04-11.49.27:623][950]LogShaderCompilers: Display: Tracking 1 distinct input hashes that result in 1 distinct outputs (100.00%)
[2022.03.04-11.49.27:623][950]LogShaderCompilers: Display: RAM used: 0.00 MB (0.00 GB) of 819.20 MB (0.80 GB) budget. Usage: 0.00%
[2022.03.04-11.49.27:623][950]LogShaderCompilers: Display: ================================================
[2022.03.04-11.49.27:685][957]LogShaderCompilers: Display: Worker (1/9): shaders left to compile 1
[2022.03.04-11.49.27:686][957]LogShaderCompilers: Display: Started 1 'Local' shader compile jobs with 'ForceLocal' priority
[2022.03.04-11.49.28:024][977]LogShaderCompilers: Display: Worker (1/9): shaders left to compile 46
[2022.03.04-11.49.28:025][977]LogShaderCompilers: Display: Started 6 'Local' shader compile jobs with 'Normal' priority
[2022.03.04-11.49.28:057][978]LogShaderCompilers: Display: Worker (2/9): shaders left to compile 40
[2022.03.04-11.49.28:058][978]LogShaderCompilers: Display: Started 6 'Local' shader compile jobs with 'Normal' priority
[2022.03.04-11.49.28:212][981]LogShaderCompilers: Display: Worker (8/9): shaders left to compile 34
[2022.03.04-11.49.28:212][981]LogShaderCompilers: Display: Started 5 'Local' shader compile jobs with 'Normal' priority
[2022.03.04-11.49.28:437][989]LogShaderCompilers: Display: Worker (5/9): shaders left to compile 29
[2022.03.04-11.49.28:437][989]LogShaderCompilers: Display: Started 4 'Local' shader compile jobs with 'Normal' priority
[2022.03.04-11.49.28:874][ 27]LogShaderCompilers: Display: Worker (8/9): shaders left to compile 25
[2022.03.04-11.49.28:874][ 27]LogShaderCompilers: Display: Started 4 'Local' shader compile jobs with 'Normal' priority
[2022.03.04-11.49.28:901][ 30]LogShaderCompilers: Display: Worker (6/9): shaders left to compile 21
[2022.03.04-11.49.28:902][ 30]LogShaderCompilers: Display: Started 3 'Local' shader compile jobs with 'Normal' priority
[2022.03.04-11.49.28:980][ 39]LogShaderCompilers: Display: Worker (4/9): shaders left to compile 18
[2022.03.04-11.49.28:980][ 39]LogShaderCompilers: Display: Started 3 'Local' shader compile jobs with 'Normal' priority
[2022.03.04-11.49.29:264][ 49]LogShaderCompilers: Display: Worker (7/9): shaders left to compile 15
[2022.03.04-11.49.29:265][ 49]LogShaderCompilers: Display: Started 2 'Local' shader compile jobs with 'Normal' priority
[2022.03.04-11.49.29:469][ 58]LogShaderCompilers: Display: Worker (3/9): shaders left to compile 13
[2022.03.04-11.49.29:469][ 58]LogShaderCompilers: Display: Started 2 'Local' shader compile jobs with 'Normal' priority
[2022.03.04-11.49.29:546][ 66]LogShaderCompilers: Display: Worker (7/9): shaders left to compile 11
[2022.03.04-11.49.29:546][ 66]LogShaderCompilers: Display: Started 2 'Local' shader compile jobs with 'Normal' priority
[2022.03.04-11.49.29:747][ 84]LogShaderCompilers: Display: Worker (5/9): shaders left to compile 9
[2022.03.04-11.49.29:747][ 84]LogShaderCompilers: Display: Started 2 'Local' shader compile jobs with 'Normal' priority
[2022.03.04-11.49.29:747][ 84]LogShaderCompilers: Display: Worker (4/9): shaders left to compile 7
[2022.03.04-11.49.29:747][ 84]LogShaderCompilers: Display: Started 1 'Local' shader compile jobs with 'Normal' priority
[2022.03.04-11.49.29:760][ 85]LogShaderCompilers: Display: Worker (2/9): shaders left to compile 6
[2022.03.04-11.49.29:760][ 85]LogShaderCompilers: Display: Started 1 'Local' shader compile jobs with 'Normal' priority
[2022.03.04-11.49.29:817][ 91]LogShaderCompilers: Display: Worker (6/9): shaders left to compile 5
[2022.03.04-11.49.29:817][ 91]LogShaderCompilers: Display: Started 1 'Local' shader compile jobs with 'Normal' priority
[2022.03.04-11.49.29:940][102]LogShaderCompilers: Display: Worker (3/9): shaders left to compile 4
[2022.03.04-11.49.29:940][102]LogShaderCompilers: Display: Started 1 'Local' shader compile jobs with 'Normal' priority
[2022.03.04-11.49.29:986][105]LogShaderCompilers: Display: Worker (4/9): shaders left to compile 3
[2022.03.04-11.49.29:986][105]LogShaderCompilers: Display: Started 1 'Local' shader compile jobs with 'Normal' priority
[2022.03.04-11.49.30:129][117]LogShaderCompilers: Display: Worker (6/9): shaders left to compile 2
[2022.03.04-11.49.30:129][117]LogShaderCompilers: Display: Started 1 'Local' shader compile jobs with 'Normal' priority
[2022.03.04-11.49.30:159][119]LogShaderCompilers: Display: Worker (7/9): shaders left to compile 1
[2022.03.04-11.49.30:159][119]LogShaderCompilers: Display: Started 1 'Local' shader compile jobs with 'Normal' priority
