Log file open, 03/06/22 15:06:50
LogWindows: Failed to load 'aqProf.dll' (GetLastError=126)
LogWindows: File 'aqProf.dll' does not exist
LogWindows: Failed to load 'VtuneApi.dll' (GetLastError=126)
LogWindows: File 'VtuneApi.dll' does not exist
LogWindows: Failed to load 'VtuneApi32e.dll' (GetLastError=126)
LogWindows: File 'VtuneApi32e.dll' does not exist
LogConsoleResponse: Display: Failed to find resolution value strings in scalability ini. Falling back to default.
LogConsoleResponse: Display: Failed to find resolution value strings in scalability ini. Falling back to default.
LogInit: Display: Running engine for game: StarryTail
LogPlatformFile: Not using cached read wrapper
LogTaskGraph: Started task graph with 5 named threads and 35 total threads with 3 sets of task threads.
LogStats: Stats thread started at 0.200353
LogICUInternationalization: ICU TimeZone Detection - Raw Offset: +9:00, Platform Override: ''
LogInit: Display: Loading text-based GConfig....
LogPluginManager: Mounting plugin MeshPainting
LogPluginManager: Mounting plugin XGEController
LogPluginManager: Mounting plugin LightPropagationVolume
LogPluginManager: Mounting plugin EnvironmentQueryEditor
LogPluginManager: Mounting plugin Paper2D
LogPluginManager: Mounting plugin AISupport
LogPluginManager: Mounting plugin LiveLink
LogPluginManager: Mounting plugin AnimationSharing
LogPluginManager: Mounting plugin CLionSourceCodeAccess
LogPluginManager: Mounting plugin CodeLiteSourceCodeAccess
LogPluginManager: Mounting plugin NullSourceCodeAccess
LogPluginManager: Mounting plugin KDevelopSourceCodeAccess
LogPluginManager: Mounting plugin GitSourceControl
LogPluginManager: Mounting plugin PerforceSourceControl
LogPluginManager: Mounting plugin CameraShakePreviewer
LogPluginManager: Mounting plugin PixWinPlugin
LogPluginManager: Mounting plugin PlasticSourceControl
LogPluginManager: Mounting plugin GameplayCameras
LogPluginManager: Mounting plugin PluginUtils
LogPluginManager: Mounting plugin RiderSourceCodeAccess
LogPluginManager: Mounting plugin PropertyAccessNode
LogPluginManager: Mounting plugin TextureFormatOodle
LogPluginManager: Mounting plugin SubversionSourceControl
LogPluginManager: Mounting plugin UObjectPlugin
LogPluginManager: Mounting plugin OodleNetwork
LogPluginManager: Mounting plugin OodleData
LogPluginManager: Mounting plugin VisualStudioCodeSourceCodeAccess
LogPluginManager: Mounting plugin XCodeSourceCodeAccess
LogPluginManager: Mounting plugin AssetManagerEditor
LogPluginManager: Mounting plugin VisualStudioSourceCodeAccess
LogPluginManager: Mounting plugin CryptoKeys
LogPluginManager: Mounting plugin DataValidation
LogPluginManager: Mounting plugin CurveEditorTools
LogPluginManager: Mounting plugin GeometryMode
LogPluginManager: Mounting plugin MaterialAnalyzer
LogPluginManager: Mounting plugin GameplayTagsEditor
LogPluginManager: Mounting plugin PluginBrowser
LogPluginManager: Mounting plugin MacGraphicsSwitching
LogPluginManager: Mounting plugin MobileLauncherProfileWizard
LogPluginManager: Mounting plugin SpeedTreeImporter
LogPluginManager: Mounting plugin Niagara
LogPluginManager: Mounting plugin FacialAnimation
LogPluginManager: Mounting plugin DatasmithContent
LogPluginManager: Mounting plugin VariantManagerContent
LogPluginManager: Mounting plugin AutomationUtils
LogPluginManager: Mounting plugin AlembicImporter
LogPluginManager: Mounting plugin BackChannel
LogPluginManager: Mounting plugin ChaosCloth
LogPluginManager: Mounting plugin ChaosEditor
LogPluginManager: Mounting plugin ChaosNiagara
LogPluginManager: Mounting plugin CharacterAI
LogPluginManager: Mounting plugin ChaosClothEditor
LogPluginManager: Mounting plugin GeometryCache
LogPluginManager: Mounting plugin GeometryCollectionPlugin
LogPluginManager: Mounting plugin ChaosSolverPlugin
LogPluginManager: Mounting plugin GeometryProcessing
LogPluginManager: Mounting plugin MotoSynth
LogPluginManager: Mounting plugin PlanarCut
LogPluginManager: Mounting plugin OpenImageDenoise
LogPluginManager: Mounting plugin PlatformCrypto
LogPluginManager: Mounting plugin PythonScriptPlugin
LogPluginManager: Mounting plugin ProxyLODPlugin
LogPluginManager: Mounting plugin SkeletalReduction
LogPluginManager: Mounting plugin LuminPlatformFeatures
LogPluginManager: Mounting plugin MagicLeap
LogPluginManager: Mounting plugin MagicLeapLightEstimation
LogPluginManager: Mounting plugin MagicLeapPassableWorld
LogPluginManager: Mounting plugin MagicLeapMedia
LogPluginManager: Mounting plugin MLSDK
LogPluginManager: Mounting plugin AndroidMedia
LogPluginManager: Mounting plugin AvfMedia
LogPluginManager: Mounting plugin ImgMedia
LogPluginManager: Mounting plugin MediaCompositing
LogPluginManager: Mounting plugin WebMMedia
LogPluginManager: Mounting plugin MediaPlayerEditor
LogPluginManager: Mounting plugin TcpMessaging
LogPluginManager: Mounting plugin UdpMessaging
LogPluginManager: Mounting plugin ActorSequence
LogPluginManager: Mounting plugin LevelSequenceEditor
LogPluginManager: Mounting plugin MatineeToLevelSequence
LogPluginManager: Mounting plugin WmfMedia
LogPluginManager: Mounting plugin TemplateSequence
LogPluginManager: Mounting plugin LauncherChunkInstaller
LogPluginManager: Mounting plugin OnlineSubsystem
LogPluginManager: Mounting plugin OnlineSubsystemNull
LogPluginManager: Mounting plugin OnlineSubsystemUtils
LogPluginManager: Mounting plugin ActorLayerUtilities
LogPluginManager: Mounting plugin AndroidDeviceProfileSelector
LogPluginManager: Mounting plugin AndroidMoviePlayer
LogPluginManager: Mounting plugin AndroidPermission
LogPluginManager: Mounting plugin AppleImageUtils
LogPluginManager: Mounting plugin AppleMoviePlayer
LogPluginManager: Mounting plugin ArchVisCharacter
LogPluginManager: Mounting plugin AudioCapture
LogPluginManager: Mounting plugin CableComponent
LogPluginManager: Mounting plugin AssetTags
LogPluginManager: Mounting plugin ChunkDownloader
LogPluginManager: Mounting plugin CustomMeshComponent
LogPluginManager: Mounting plugin EditableMesh
LogPluginManager: Mounting plugin ExampleDeviceProfileSelector
LogPluginManager: Mounting plugin GoogleCloudMessaging
LogPluginManager: Mounting plugin GooglePAD
LogPluginManager: Mounting plugin LinuxDeviceProfileSelector
LogPluginManager: Mounting plugin IOSDeviceProfileSelector
LogPluginManager: Mounting plugin LocationServicesBPLibrary
LogPluginManager: Mounting plugin AudioSynesthesia
LogPluginManager: Mounting plugin MobilePatchingUtils
LogPluginManager: Mounting plugin OpenXR
LogPluginManager: Mounting plugin OpenXRHandTracking
LogPluginManager: Mounting plugin OpenXREyeTracker
LogPluginManager: Mounting plugin PhysXVehicles
LogPluginManager: Mounting plugin ProceduralMeshComponent
LogPluginManager: Mounting plugin PostSplashScreen
LogPluginManager: Mounting plugin PropertyAccessEditor
LogPluginManager: Mounting plugin RuntimePhysXCooking
LogPluginManager: Mounting plugin SignificanceManager
LogPluginManager: Mounting plugin SoundFields
LogPluginManager: Mounting plugin Synthesis
LogPluginManager: Mounting plugin WebMMoviePlayer
LogPluginManager: Mounting plugin WindowsMoviePlayer
LogPluginManager: Mounting plugin ScreenshotTools
LogPluginManager: Mounting plugin Takes
LogPluginManager: Mounting plugin ContentBrowserClassDataSource
LogPluginManager: Mounting plugin ContentBrowserAssetDataSource
LogPluginManager: Mounting plugin ContentBrowserFileDataSource
LogPluginManager: Mounting plugin OnlineSubsystemGooglePlay
LogPluginManager: Mounting plugin OnlineSubsystemIOS
LogPluginManager: Mounting plugin OculusVR
LogPluginManager: Mounting plugin SteamVR
PixWinPlugin: PIX capture plugin failed to initialize! Check that the process is launched from PIX.
LogInit: Using libcurl 7.55.1-DEV
LogInit:  - built for x86_64-pc-win32
LogInit:  - supports SSL with OpenSSL/1.1.1
LogInit:  - supports HTTP deflate (compression) using libz 1.2.8
LogInit:  - other features:
LogInit:      CURL_VERSION_SSL
LogInit:      CURL_VERSION_LIBZ
LogInit:      CURL_VERSION_IPV6
LogInit:      CURL_VERSION_ASYNCHDNS
LogInit:      CURL_VERSION_LARGEFILE
LogInit:      CURL_VERSION_IDN
LogInit:  CurlRequestOptions (configurable via config and command line):
LogInit:  - bVerifyPeer = true  - Libcurl will verify peer certificate
LogInit:  - bUseHttpProxy = false  - Libcurl will NOT use HTTP proxy
LogInit:  - bDontReuseConnections = false  - Libcurl will reuse connections
LogInit:  - MaxHostConnections = 16  - Libcurl will limit the number of connections to a host
LogInit:  - LocalHostAddr = Default
LogInit:  - BufferSize = 65536
LogOnline: OSS: Creating online subsystem instance for: NULL
LogInit: WinSock: version 1.1 (2.2), MaxSocks=32767, MaxUdp=65467
LogOnline: OSS: TryLoadSubsystemAndSetDefault: Loaded subsystem for module [NULL]
LogOculusPluginWrapper: OculusPlugin initialized successfully
LogHMD: Failed initializing OVRPlugin 1.59.0
LogInit: Build: ++UE4+Release-4.27-CL-18319896
LogInit: Engine Version: 4.27.2-18319896+++UE4+Release-4.27
LogInit: Compatible Engine Version: 4.27.0-17155196+++UE4+Release-4.27
LogInit: Net CL: 17155196
LogInit: OS: Windows 10 (Release 2009) (), CPU: AMD Ryzen 5 5600X 6-Core Processor             , GPU: NVIDIA GeForce RTX 3060 Ti
LogInit: Compiled (64-bit): Nov 30 2021 07:12:08
LogInit: Compiled with Visual C++: 19.24.28315.00
LogInit: Build Configuration: Development
LogInit: Branch Name: ++UE4+Release-4.27
LogInit: Command Line: 
LogInit: Base Directory: C:/Program Files/Epic Games/UE_4.27/Engine/Binaries/Win64/
LogInit: Allocator: TBB
LogInit: Installed Engine Build: 1
LogDevObjectVersion: Number of dev versions registered: 29
LogDevObjectVersion:   Dev-Blueprints (B0D832E4-1F89-4F0D-ACCF-7EB736FD4AA2): 10
LogDevObjectVersion:   Dev-Build (E1C64328-A22C-4D53-A36C-8E866417BD8C): 0
LogDevObjectVersion:   Dev-Core (375EC13C-06E4-48FB-B500-84F0262A717E): 4
LogDevObjectVersion:   Dev-Editor (E4B068ED-F494-42E9-A231-DA0B2E46BB41): 40
LogDevObjectVersion:   Dev-Framework (CFFC743F-43B0-4480-9391-14DF171D2073): 37
LogDevObjectVersion:   Dev-Mobile (B02B49B5-BB20-44E9-A304-32B752E40360): 3
LogDevObjectVersion:   Dev-Networking (A4E4105C-59A1-49B5-A7C5-40C4547EDFEE): 0
LogDevObjectVersion:   Dev-Online (39C831C9-5AE6-47DC-9A44-9C173E1C8E7C): 0
LogDevObjectVersion:   Dev-Physics (78F01B33-EBEA-4F98-B9B4-84EACCB95AA2): 14
LogDevObjectVersion:   Dev-Platform (6631380F-2D4D-43E0-8009-CF276956A95A): 0
LogDevObjectVersion:   Dev-Rendering (12F88B9F-8875-4AFC-A67C-D90C383ABD29): 45
LogDevObjectVersion:   Dev-Sequencer (7B5AE74C-D270-4C10-A958-57980B212A5A): 13
LogDevObjectVersion:   Dev-VR (D7296918-1DD6-4BDD-9DE2-64A83CC13884): 3
LogDevObjectVersion:   Dev-LoadTimes (C2A15278-BFE7-4AFE-6C17-90FF531DF755): 1
LogDevObjectVersion:   Private-Geometry (6EACA3D4-40EC-4CC1-B786-8BED09428FC5): 3
LogDevObjectVersion:   Dev-AnimPhys (29E575DD-E0A3-4627-9D10-D276232CDCEA): 17
LogDevObjectVersion:   Dev-Anim (AF43A65D-7FD3-4947-9873-3E8ED9C1BB05): 15
LogDevObjectVersion:   Dev-ReflectionCapture (6B266CEC-1EC7-4B8F-A30B-E4D90942FC07): 1
LogDevObjectVersion:   Dev-Automation (0DF73D61-A23F-47EA-B727-89E90C41499A): 1
LogDevObjectVersion:   FortniteMain (601D1886-AC64-4F84-AA16-D3DE0DEAC7D6): 47
LogDevObjectVersion:   FortniteRelease (E7086368-6B23-4C58-8439-1B7016265E91): 1
LogDevObjectVersion:   Dev-Enterprise (9DFFBCD6-494F-0158-E221-12823C92A888): 10
LogDevObjectVersion:   Dev-Niagara (F2AED0AC-9AFE-416F-8664-AA7FFA26D6FC): 1
LogDevObjectVersion:   Dev-Destruction (174F1F0B-B4C6-45A5-B13F-2EE8D0FB917D): 10
LogDevObjectVersion:   Dev-Physics-Ext (35F94A83-E258-406C-A318-09F59610247C): 41
LogDevObjectVersion:   Dev-PhysicsMaterial-Chaos (B68FC16E-8B1B-42E2-B453-215C058844FE): 1
LogDevObjectVersion:   Dev-CineCamera (B2E18506-4273-CFC2-A54E-F4BB758BBA07): 1
LogDevObjectVersion:   Dev-VirtualProduction (64F58936-FD1B-42BA-BA96-7289D5D0FA4E): 1
LogDevObjectVersion:   Dev-MediaFramework (6F0ED827-A609-4895-9C91-998D90180EA4): 2
LogInit: Presizing for max 25165824 objects, including 0 objects not considered by GC, pre-allocating 0 bytes for permanent pool.
LogConfig: Applying CVar settings from Section [/Script/Engine.StreamingSettings] File [C:/Users/Pocari/Desktop/STARRY-TAIL/StarryTail/Saved/Config/Windows/Engine.ini]
LogConfig: Setting CVar [[s.MinBulkDataSizeForAsyncLoading:131072]]
LogConfig: Setting CVar [[s.AsyncLoadingThreadEnabled:0]]
LogConfig: Setting CVar [[s.EventDrivenLoaderEnabled:1]]
LogConfig: Setting CVar [[s.WarnIfTimeLimitExceeded:0]]
LogConfig: Setting CVar [[s.TimeLimitExceededMultiplier:1.5]]
LogConfig: Setting CVar [[s.TimeLimitExceededMinTime:0.005]]
LogConfig: Setting CVar [[s.UseBackgroundLevelStreaming:1]]
LogConfig: Setting CVar [[s.PriorityAsyncLoadingExtraTime:15.0]]
LogConfig: Setting CVar [[s.LevelStreamingActorsUpdateTimeLimit:5.0]]
LogConfig: Setting CVar [[s.PriorityLevelStreamingActorsUpdateExtraTime:5.0]]
LogConfig: Setting CVar [[s.LevelStreamingComponentsRegistrationGranularity:10]]
LogConfig: Setting CVar [[s.UnregisterComponentsTimeLimit:1.0]]
LogConfig: Setting CVar [[s.LevelStreamingComponentsUnregistrationGranularity:5]]
LogConfig: Setting CVar [[s.FlushStreamingOnExit:1]]
LogInit: Object subsystem initialized
LogConfig: Setting CVar [[con.DebugEarlyDefault:1]]
LogConfig: Setting CVar [[r.setres:1280x720]]
[2022.03.06-06.06.51:487][  0]LogConfig: Setting CVar [[r.VSync:0]]
[2022.03.06-06.06.51:487][  0]LogConfig: Setting CVar [[r.RHICmdBypass:0]]
[2022.03.06-06.06.51:487][  0]LogConfig: Applying CVar settings from Section [/Script/Engine.RendererSettings] File [C:/Users/Pocari/Desktop/STARRY-TAIL/StarryTail/Saved/Config/Windows/Engine.ini]
[2022.03.06-06.06.51:487][  0]LogConfig: Setting CVar [[r.GPUCrashDebugging:0]]
[2022.03.06-06.06.51:487][  0]LogConfig: Applying CVar settings from Section [/Script/Engine.RendererOverrideSettings] File [C:/Users/Pocari/Desktop/STARRY-TAIL/StarryTail/Saved/Config/Windows/Engine.ini]
[2022.03.06-06.06.51:487][  0]LogConfig: Applying CVar settings from Section [/Script/Engine.StreamingSettings] File [C:/Users/Pocari/Desktop/STARRY-TAIL/StarryTail/Saved/Config/Windows/Engine.ini]
[2022.03.06-06.06.51:487][  0]LogConfig: Setting CVar [[s.MinBulkDataSizeForAsyncLoading:131072]]
[2022.03.06-06.06.51:487][  0]LogConfig: Setting CVar [[s.AsyncLoadingThreadEnabled:0]]
[2022.03.06-06.06.51:487][  0]LogConfig: Setting CVar [[s.EventDrivenLoaderEnabled:1]]
[2022.03.06-06.06.51:487][  0]LogConfig: Setting CVar [[s.WarnIfTimeLimitExceeded:0]]
[2022.03.06-06.06.51:487][  0]LogConfig: Setting CVar [[s.TimeLimitExceededMultiplier:1.5]]
[2022.03.06-06.06.51:487][  0]LogConfig: Setting CVar [[s.TimeLimitExceededMinTime:0.005]]
[2022.03.06-06.06.51:487][  0]LogConfig: Setting CVar [[s.UseBackgroundLevelStreaming:1]]
[2022.03.06-06.06.51:487][  0]LogConfig: Setting CVar [[s.PriorityAsyncLoadingExtraTime:15.0]]
[2022.03.06-06.06.51:487][  0]LogConfig: Setting CVar [[s.LevelStreamingActorsUpdateTimeLimit:5.0]]
[2022.03.06-06.06.51:487][  0]LogConfig: Setting CVar [[s.PriorityLevelStreamingActorsUpdateExtraTime:5.0]]
[2022.03.06-06.06.51:487][  0]LogConfig: Setting CVar [[s.LevelStreamingComponentsRegistrationGranularity:10]]
[2022.03.06-06.06.51:487][  0]LogConfig: Setting CVar [[s.UnregisterComponentsTimeLimit:1.0]]
[2022.03.06-06.06.51:487][  0]LogConfig: Setting CVar [[s.LevelStreamingComponentsUnregistrationGranularity:5]]
[2022.03.06-06.06.51:487][  0]LogConfig: Setting CVar [[s.FlushStreamingOnExit:1]]
[2022.03.06-06.06.51:487][  0]LogConfig: Applying CVar settings from Section [/Script/Engine.GarbageCollectionSettings] File [C:/Users/Pocari/Desktop/STARRY-TAIL/StarryTail/Saved/Config/Windows/Engine.ini]
[2022.03.06-06.06.51:487][  0]LogConfig: Setting CVar [[gc.MaxObjectsNotConsideredByGC:1]]
[2022.03.06-06.06.51:487][  0]LogConfig: Setting CVar [[gc.SizeOfPermanentObjectPool:0]]
[2022.03.06-06.06.51:487][  0]LogConfig: Setting CVar [[gc.FlushStreamingOnGC:0]]
[2022.03.06-06.06.51:487][  0]LogConfig: Setting CVar [[gc.NumRetriesBeforeForcingGC:10]]
[2022.03.06-06.06.51:487][  0]LogConfig: Setting CVar [[gc.AllowParallelGC:1]]
[2022.03.06-06.06.51:487][  0]LogConfig: Setting CVar [[gc.TimeBetweenPurgingPendingKillObjects:61.1]]
[2022.03.06-06.06.51:487][  0]LogConfig: Setting CVar [[gc.MaxObjectsInEditor:25165824]]
[2022.03.06-06.06.51:487][  0]LogConfig: Setting CVar [[gc.IncrementalBeginDestroyEnabled:1]]
[2022.03.06-06.06.51:487][  0]LogConfig: Setting CVar [[gc.CreateGCClusters:1]]
[2022.03.06-06.06.51:487][  0]LogConfig: Setting CVar [[gc.MinGCClusterSize:5]]
[2022.03.06-06.06.51:487][  0]LogConfig: Setting CVar [[gc.ActorClusteringEnabled:0]]
[2022.03.06-06.06.51:487][  0]LogConfig: Setting CVar [[gc.BlueprintClusteringEnabled:0]]
[2022.03.06-06.06.51:487][  0]LogConfig: Setting CVar [[gc.UseDisregardForGCOnDedicatedServers:0]]
[2022.03.06-06.06.51:487][  0]LogConfig: Setting CVar [[gc.MultithreadedDestructionEnabled:1]]
[2022.03.06-06.06.51:487][  0]LogConfig: Applying CVar settings from Section [/Script/Engine.NetworkSettings] File [C:/Users/Pocari/Desktop/STARRY-TAIL/StarryTail/Saved/Config/Windows/Engine.ini]
[2022.03.06-06.06.51:487][  0]LogConfig: Applying CVar settings from Section [/Script/UnrealEd.CookerSettings] File [C:/Users/Pocari/Desktop/STARRY-TAIL/StarryTail/Saved/Config/Windows/Engine.ini]
[2022.03.06-06.06.51:501][  0]LogConfig: Applying CVar settings from Section [ViewDistanceQuality@3] File [C:/Users/Pocari/Desktop/STARRY-TAIL/StarryTail/Saved/Config/Windows/Scalability.ini]
[2022.03.06-06.06.51:501][  0]LogConfig: Setting CVar [[r.SkeletalMeshLODBias:0]]
[2022.03.06-06.06.51:501][  0]LogConfig: Setting CVar [[r.ViewDistanceScale:1.0]]
[2022.03.06-06.06.51:501][  0]LogConfig: Applying CVar settings from Section [AntiAliasingQuality@3] File [C:/Users/Pocari/Desktop/STARRY-TAIL/StarryTail/Saved/Config/Windows/Scalability.ini]
[2022.03.06-06.06.51:501][  0]LogConfig: Setting CVar [[r.PostProcessAAQuality:4]]
[2022.03.06-06.06.51:501][  0]LogConfig: Applying CVar settings from Section [ShadowQuality@3] File [C:/Users/Pocari/Desktop/STARRY-TAIL/StarryTail/Saved/Config/Windows/Scalability.ini]
[2022.03.06-06.06.51:501][  0]LogConfig: Setting CVar [[r.LightFunctionQuality:1]]
[2022.03.06-06.06.51:501][  0]LogConfig: Setting CVar [[r.ShadowQuality:5]]
[2022.03.06-06.06.51:501][  0]LogConfig: Setting CVar [[r.Shadow.CSM.MaxCascades:10]]
[2022.03.06-06.06.51:501][  0]LogConfig: Setting CVar [[r.Shadow.MaxResolution:2048]]
[2022.03.06-06.06.51:501][  0]LogConfig: Setting CVar [[r.Shadow.MaxCSMResolution:2048]]
[2022.03.06-06.06.51:501][  0]LogConfig: Setting CVar [[r.Shadow.RadiusThreshold:0.01]]
[2022.03.06-06.06.51:501][  0]LogConfig: Setting CVar [[r.Shadow.DistanceScale:1.0]]
[2022.03.06-06.06.51:501][  0]LogConfig: Setting CVar [[r.Shadow.CSM.TransitionScale:1.0]]
[2022.03.06-06.06.51:501][  0]LogConfig: Setting CVar [[r.Shadow.PreShadowResolutionFactor:1.0]]
[2022.03.06-06.06.51:501][  0]LogConfig: Setting CVar [[r.DistanceFieldShadowing:1]]
[2022.03.06-06.06.51:501][  0]LogConfig: Setting CVar [[r.DistanceFieldAO:1]]
[2022.03.06-06.06.51:501][  0]LogConfig: Setting CVar [[r.AOQuality:2]]
[2022.03.06-06.06.51:501][  0]LogConfig: Setting CVar [[r.VolumetricFog:1]]
[2022.03.06-06.06.51:501][  0]LogConfig: Setting CVar [[r.VolumetricFog.GridPixelSize:8]]
[2022.03.06-06.06.51:501][  0]LogConfig: Setting CVar [[r.VolumetricFog.GridSizeZ:128]]
[2022.03.06-06.06.51:501][  0]LogConfig: Setting CVar [[r.VolumetricFog.HistoryMissSupersampleCount:4]]
[2022.03.06-06.06.51:501][  0]LogConfig: Setting CVar [[r.LightMaxDrawDistanceScale:1]]
[2022.03.06-06.06.51:501][  0]LogConfig: Setting CVar [[r.CapsuleShadows:1]]
[2022.03.06-06.06.51:501][  0]LogConfig: Applying CVar settings from Section [PostProcessQuality@3] File [C:/Users/Pocari/Desktop/STARRY-TAIL/StarryTail/Saved/Config/Windows/Scalability.ini]
[2022.03.06-06.06.51:501][  0]LogConfig: Setting CVar [[r.MotionBlurQuality:4]]
[2022.03.06-06.06.51:501][  0]LogConfig: Setting CVar [[r.AmbientOcclusionMipLevelFactor:0.4]]
[2022.03.06-06.06.51:501][  0]LogConfig: Setting CVar [[r.AmbientOcclusionMaxQuality:100]]
[2022.03.06-06.06.51:501][  0]LogConfig: Setting CVar [[r.AmbientOcclusionLevels:-1]]
[2022.03.06-06.06.51:501][  0]LogConfig: Setting CVar [[r.AmbientOcclusionRadiusScale:1.0]]
[2022.03.06-06.06.51:501][  0]LogConfig: Setting CVar [[r.DepthOfFieldQuality:2]]
[2022.03.06-06.06.51:501][  0]LogConfig: Setting CVar [[r.RenderTargetPoolMin:400]]
[2022.03.06-06.06.51:501][  0]LogConfig: Setting CVar [[r.LensFlareQuality:2]]
[2022.03.06-06.06.51:501][  0]LogConfig: Setting CVar [[r.SceneColorFringeQuality:1]]
[2022.03.06-06.06.51:501][  0]LogConfig: Setting CVar [[r.EyeAdaptationQuality:2]]
[2022.03.06-06.06.51:501][  0]LogConfig: Setting CVar [[r.BloomQuality:5]]
[2022.03.06-06.06.51:501][  0]LogConfig: Setting CVar [[r.FastBlurThreshold:100]]
[2022.03.06-06.06.51:501][  0]LogConfig: Setting CVar [[r.Upscale.Quality:3]]
[2022.03.06-06.06.51:501][  0]LogConfig: Setting CVar [[r.Tonemapper.GrainQuantization:1]]
[2022.03.06-06.06.51:501][  0]LogConfig: Setting CVar [[r.LightShaftQuality:1]]
[2022.03.06-06.06.51:501][  0]LogConfig: Setting CVar [[r.Filter.SizeScale:1]]
[2022.03.06-06.06.51:501][  0]LogConfig: Setting CVar [[r.Tonemapper.Quality:5]]
[2022.03.06-06.06.51:502][  0]LogConfig: Setting CVar [[r.DOF.Gather.AccumulatorQuality:1        ; higher gathering accumulator quality]]
[2022.03.06-06.06.51:502][  0]LogConfig: Setting CVar [[r.DOF.Gather.PostfilterMethod:1          ; Median3x3 postfilering method]]
[2022.03.06-06.06.51:502][  0]LogConfig: Setting CVar [[r.DOF.Gather.EnableBokehSettings:0       ; no bokeh simulation when gathering]]
[2022.03.06-06.06.51:502][  0]LogConfig: Setting CVar [[r.DOF.Gather.RingCount:4                 ; medium number of samples when gathering]]
[2022.03.06-06.06.51:502][  0]LogConfig: Setting CVar [[r.DOF.Scatter.ForegroundCompositing:1    ; additive foreground scattering]]
[2022.03.06-06.06.51:502][  0]LogConfig: Setting CVar [[r.DOF.Scatter.BackgroundCompositing:2    ; additive background scattering]]
[2022.03.06-06.06.51:502][  0]LogConfig: Setting CVar [[r.DOF.Scatter.EnableBokehSettings:1      ; bokeh simulation when scattering]]
[2022.03.06-06.06.51:502][  0]LogConfig: Setting CVar [[r.DOF.Scatter.MaxSpriteRatio:0.1         ; only a maximum of 10% of scattered bokeh]]
[2022.03.06-06.06.51:502][  0]LogConfig: Setting CVar [[r.DOF.Recombine.Quality:1                ; cheap slight out of focus]]
[2022.03.06-06.06.51:502][  0]LogConfig: Setting CVar [[r.DOF.Recombine.EnableBokehSettings:0    ; no bokeh simulation on slight out of focus]]
[2022.03.06-06.06.51:502][  0]LogConfig: Setting CVar [[r.DOF.TemporalAAQuality:1                ; more stable temporal accumulation]]
[2022.03.06-06.06.51:502][  0]LogConfig: Setting CVar [[r.DOF.Kernel.MaxForegroundRadius:0.025]]
[2022.03.06-06.06.51:502][  0]LogConfig: Setting CVar [[r.DOF.Kernel.MaxBackgroundRadius:0.025]]
[2022.03.06-06.06.51:502][  0]LogConfig: Applying CVar settings from Section [TextureQuality@3] File [C:/Users/Pocari/Desktop/STARRY-TAIL/StarryTail/Saved/Config/Windows/Scalability.ini]
[2022.03.06-06.06.51:502][  0]LogConfig: Setting CVar [[r.Streaming.MipBias:0]]
[2022.03.06-06.06.51:502][  0]LogConfig: Setting CVar [[r.Streaming.AmortizeCPUToGPUCopy:0]]
[2022.03.06-06.06.51:502][  0]LogConfig: Setting CVar [[r.Streaming.MaxNumTexturesToStreamPerFrame:0]]
[2022.03.06-06.06.51:502][  0]LogConfig: Setting CVar [[r.Streaming.Boost:1]]
[2022.03.06-06.06.51:502][  0]LogConfig: Setting CVar [[r.MaxAnisotropy:8]]
[2022.03.06-06.06.51:502][  0]LogConfig: Setting CVar [[r.VT.MaxAnisotropy:8]]
[2022.03.06-06.06.51:502][  0]LogConfig: Setting CVar [[r.Streaming.LimitPoolSizeToVRAM:0]]
[2022.03.06-06.06.51:502][  0]LogConfig: Setting CVar [[r.Streaming.PoolSize:1000]]
[2022.03.06-06.06.51:502][  0]LogConfig: Setting CVar [[r.Streaming.MaxEffectiveScreenSize:0]]
[2022.03.06-06.06.51:502][  0]LogConfig: Applying CVar settings from Section [EffectsQuality@3] File [C:/Users/Pocari/Desktop/STARRY-TAIL/StarryTail/Saved/Config/Windows/Scalability.ini]
[2022.03.06-06.06.51:502][  0]LogConfig: Setting CVar [[r.TranslucencyLightingVolumeDim:64]]
[2022.03.06-06.06.51:502][  0]LogConfig: Setting CVar [[r.RefractionQuality:2]]
[2022.03.06-06.06.51:502][  0]LogConfig: Setting CVar [[r.SSR.Quality:3]]
[2022.03.06-06.06.51:502][  0]LogConfig: Setting CVar [[r.SSR.HalfResSceneColor:0]]
[2022.03.06-06.06.51:502][  0]LogConfig: Setting CVar [[r.SceneColorFormat:4]]
[2022.03.06-06.06.51:502][  0]LogConfig: Setting CVar [[r.DetailMode:2]]
[2022.03.06-06.06.51:502][  0]LogConfig: Setting CVar [[r.TranslucencyVolumeBlur:1]]
[2022.03.06-06.06.51:502][  0]LogConfig: Setting CVar [[r.MaterialQualityLevel:1 ; High quality]]
[2022.03.06-06.06.51:502][  0]LogConfig: Setting CVar [[r.AnisotropicMaterials:1]]
[2022.03.06-06.06.51:502][  0]LogConfig: Setting CVar [[r.SSS.Scale:1]]
[2022.03.06-06.06.51:502][  0]LogConfig: Setting CVar [[r.SSS.SampleSet:2]]
[2022.03.06-06.06.51:502][  0]LogConfig: Setting CVar [[r.SSS.Quality:1]]
[2022.03.06-06.06.51:502][  0]LogConfig: Setting CVar [[r.SSS.HalfRes:0]]
[2022.03.06-06.06.51:502][  0]LogConfig: Setting CVar [[r.SSGI.Quality:3]]
[2022.03.06-06.06.51:502][  0]LogConfig: Setting CVar [[r.EmitterSpawnRateScale:1.0]]
[2022.03.06-06.06.51:502][  0]LogConfig: Setting CVar [[r.ParticleLightQuality:2]]
[2022.03.06-06.06.51:502][  0]LogConfig: Setting CVar [[r.SkyAtmosphere.AerialPerspectiveLUT.FastApplyOnOpaque:1 ; Always have FastSkyLUT 1 in this case to avoid wrong sky]]
[2022.03.06-06.06.51:502][  0]LogConfig: Setting CVar [[r.SkyAtmosphere.AerialPerspectiveLUT.SampleCountMaxPerSlice:4]]
[2022.03.06-06.06.51:502][  0]LogConfig: Setting CVar [[r.SkyAtmosphere.AerialPerspectiveLUT.DepthResolution:16.0]]
[2022.03.06-06.06.51:502][  0]LogConfig: Setting CVar [[r.SkyAtmosphere.FastSkyLUT:1]]
[2022.03.06-06.06.51:502][  0]LogConfig: Setting CVar [[r.SkyAtmosphere.FastSkyLUT.SampleCountMin:4.0]]
[2022.03.06-06.06.51:502][  0]LogConfig: Setting CVar [[r.SkyAtmosphere.FastSkyLUT.SampleCountMax:128.0]]
[2022.03.06-06.06.51:502][  0]LogConfig: Setting CVar [[r.SkyAtmosphere.SampleCountMin:4.0]]
[2022.03.06-06.06.51:502][  0]LogConfig: Setting CVar [[r.SkyAtmosphere.SampleCountMax:128.0]]
[2022.03.06-06.06.51:502][  0]LogConfig: Setting CVar [[r.SkyAtmosphere.TransmittanceLUT.UseSmallFormat:0]]
[2022.03.06-06.06.51:502][  0]LogConfig: Setting CVar [[r.SkyAtmosphere.TransmittanceLUT.SampleCount:10.0]]
[2022.03.06-06.06.51:502][  0]LogConfig: Setting CVar [[r.SkyAtmosphere.MultiScatteringLUT.SampleCount:15.0]]
[2022.03.06-06.06.51:502][  0]LogConfig: Setting CVar [[r.SkyLight.RealTimeReflectionCapture:1]]
[2022.03.06-06.06.51:502][  0]LogConfig: Applying CVar settings from Section [FoliageQuality@3] File [C:/Users/Pocari/Desktop/STARRY-TAIL/StarryTail/Saved/Config/Windows/Scalability.ini]
[2022.03.06-06.06.51:502][  0]LogConfig: Setting CVar [[foliage.DensityScale:1.0]]
[2022.03.06-06.06.51:502][  0]LogConfig: Setting CVar [[grass.DensityScale:1.0]]
[2022.03.06-06.06.51:502][  0]LogConfig: Applying CVar settings from Section [ShadingQuality@3] File [C:/Users/Pocari/Desktop/STARRY-TAIL/StarryTail/Saved/Config/Windows/Scalability.ini]
[2022.03.06-06.06.51:502][  0]LogConfig: Setting CVar [[r.HairStrands.SkyLighting.IntegrationType:2]]
[2022.03.06-06.06.51:502][  0]LogConfig: Setting CVar [[r.HairStrands.SkyAO.SampleCount:4]]
[2022.03.06-06.06.51:502][  0]LogConfig: Setting CVar [[r.HairStrands.Visibility.MSAA.SamplePerPixel:4]]
[2022.03.06-06.06.51:502][  0]LogInit: Selected Device Profile: [Windows]
[2022.03.06-06.06.51:502][  0]LogInit: Applying CVar settings loaded from the selected device profile: [Windows]
[2022.03.06-06.06.51:502][  0]LogHAL: Display: Platform has ~ 16 GB [17080684544 / 17179869184 / 16], which maps to Larger [LargestMinGB=32, LargerMinGB=12, DefaultMinGB=8, SmallerMinGB=6, SmallestMinGB=0)
[2022.03.06-06.06.51:502][  0]LogInit: Going up to parent DeviceProfile []
[2022.03.06-06.06.51:502][  0]LogConfig: Applying CVar settings from Section [ViewDistanceQuality@3] File [C:/Users/Pocari/Desktop/STARRY-TAIL/StarryTail/Saved/Config/Windows/Scalability.ini]
[2022.03.06-06.06.51:502][  0]LogConfig: Setting CVar [[r.SkeletalMeshLODBias:0]]
[2022.03.06-06.06.51:502][  0]LogConfig: Setting CVar [[r.ViewDistanceScale:1.0]]
[2022.03.06-06.06.51:502][  0]LogConfig: Applying CVar settings from Section [AntiAliasingQuality@3] File [C:/Users/Pocari/Desktop/STARRY-TAIL/StarryTail/Saved/Config/Windows/Scalability.ini]
[2022.03.06-06.06.51:502][  0]LogConfig: Setting CVar [[r.PostProcessAAQuality:4]]
[2022.03.06-06.06.51:502][  0]LogConfig: Applying CVar settings from Section [ShadowQuality@3] File [C:/Users/Pocari/Desktop/STARRY-TAIL/StarryTail/Saved/Config/Windows/Scalability.ini]
[2022.03.06-06.06.51:502][  0]LogConfig: Setting CVar [[r.LightFunctionQuality:1]]
[2022.03.06-06.06.51:502][  0]LogConfig: Setting CVar [[r.ShadowQuality:5]]
[2022.03.06-06.06.51:502][  0]LogConfig: Setting CVar [[r.Shadow.CSM.MaxCascades:10]]
[2022.03.06-06.06.51:502][  0]LogConfig: Setting CVar [[r.Shadow.MaxResolution:2048]]
[2022.03.06-06.06.51:502][  0]LogConfig: Setting CVar [[r.Shadow.MaxCSMResolution:2048]]
[2022.03.06-06.06.51:502][  0]LogConfig: Setting CVar [[r.Shadow.RadiusThreshold:0.01]]
[2022.03.06-06.06.51:502][  0]LogConfig: Setting CVar [[r.Shadow.DistanceScale:1.0]]
[2022.03.06-06.06.51:502][  0]LogConfig: Setting CVar [[r.Shadow.CSM.TransitionScale:1.0]]
[2022.03.06-06.06.51:502][  0]LogConfig: Setting CVar [[r.Shadow.PreShadowResolutionFactor:1.0]]
[2022.03.06-06.06.51:502][  0]LogConfig: Setting CVar [[r.DistanceFieldShadowing:1]]
[2022.03.06-06.06.51:502][  0]LogConfig: Setting CVar [[r.DistanceFieldAO:1]]
[2022.03.06-06.06.51:502][  0]LogConfig: Setting CVar [[r.AOQuality:2]]
[2022.03.06-06.06.51:502][  0]LogConfig: Setting CVar [[r.VolumetricFog:1]]
[2022.03.06-06.06.51:502][  0]LogConfig: Setting CVar [[r.VolumetricFog.GridPixelSize:8]]
[2022.03.06-06.06.51:502][  0]LogConfig: Setting CVar [[r.VolumetricFog.GridSizeZ:128]]
[2022.03.06-06.06.51:502][  0]LogConfig: Setting CVar [[r.VolumetricFog.HistoryMissSupersampleCount:4]]
[2022.03.06-06.06.51:502][  0]LogConfig: Setting CVar [[r.LightMaxDrawDistanceScale:1]]
[2022.03.06-06.06.51:502][  0]LogConfig: Setting CVar [[r.CapsuleShadows:1]]
[2022.03.06-06.06.51:502][  0]LogConfig: Applying CVar settings from Section [PostProcessQuality@3] File [C:/Users/Pocari/Desktop/STARRY-TAIL/StarryTail/Saved/Config/Windows/Scalability.ini]
[2022.03.06-06.06.51:502][  0]LogConfig: Setting CVar [[r.MotionBlurQuality:4]]
[2022.03.06-06.06.51:502][  0]LogConfig: Setting CVar [[r.AmbientOcclusionMipLevelFactor:0.4]]
[2022.03.06-06.06.51:502][  0]LogConfig: Setting CVar [[r.AmbientOcclusionMaxQuality:100]]
[2022.03.06-06.06.51:502][  0]LogConfig: Setting CVar [[r.AmbientOcclusionLevels:-1]]
[2022.03.06-06.06.51:502][  0]LogConfig: Setting CVar [[r.AmbientOcclusionRadiusScale:1.0]]
[2022.03.06-06.06.51:502][  0]LogConfig: Setting CVar [[r.DepthOfFieldQuality:2]]
[2022.03.06-06.06.51:502][  0]LogConfig: Setting CVar [[r.RenderTargetPoolMin:400]]
[2022.03.06-06.06.51:502][  0]LogConfig: Setting CVar [[r.LensFlareQuality:2]]
[2022.03.06-06.06.51:502][  0]LogConfig: Setting CVar [[r.SceneColorFringeQuality:1]]
[2022.03.06-06.06.51:502][  0]LogConfig: Setting CVar [[r.EyeAdaptationQuality:2]]
[2022.03.06-06.06.51:502][  0]LogConfig: Setting CVar [[r.BloomQuality:5]]
[2022.03.06-06.06.51:502][  0]LogConfig: Setting CVar [[r.FastBlurThreshold:100]]
[2022.03.06-06.06.51:502][  0]LogConfig: Setting CVar [[r.Upscale.Quality:3]]
[2022.03.06-06.06.51:502][  0]LogConfig: Setting CVar [[r.Tonemapper.GrainQuantization:1]]
[2022.03.06-06.06.51:502][  0]LogConfig: Setting CVar [[r.LightShaftQuality:1]]
[2022.03.06-06.06.51:502][  0]LogConfig: Setting CVar [[r.Filter.SizeScale:1]]
[2022.03.06-06.06.51:502][  0]LogConfig: Setting CVar [[r.Tonemapper.Quality:5]]
[2022.03.06-06.06.51:502][  0]LogConfig: Setting CVar [[r.DOF.Gather.AccumulatorQuality:1        ; higher gathering accumulator quality]]
[2022.03.06-06.06.51:502][  0]LogConfig: Setting CVar [[r.DOF.Gather.PostfilterMethod:1          ; Median3x3 postfilering method]]
[2022.03.06-06.06.51:502][  0]LogConfig: Setting CVar [[r.DOF.Gather.EnableBokehSettings:0       ; no bokeh simulation when gathering]]
[2022.03.06-06.06.51:502][  0]LogConfig: Setting CVar [[r.DOF.Gather.RingCount:4                 ; medium number of samples when gathering]]
[2022.03.06-06.06.51:502][  0]LogConfig: Setting CVar [[r.DOF.Scatter.ForegroundCompositing:1    ; additive foreground scattering]]
[2022.03.06-06.06.51:502][  0]LogConfig: Setting CVar [[r.DOF.Scatter.BackgroundCompositing:2    ; additive background scattering]]
[2022.03.06-06.06.51:502][  0]LogConfig: Setting CVar [[r.DOF.Scatter.EnableBokehSettings:1      ; bokeh simulation when scattering]]
[2022.03.06-06.06.51:502][  0]LogConfig: Setting CVar [[r.DOF.Scatter.MaxSpriteRatio:0.1         ; only a maximum of 10% of scattered bokeh]]
[2022.03.06-06.06.51:502][  0]LogConfig: Setting CVar [[r.DOF.Recombine.Quality:1                ; cheap slight out of focus]]
[2022.03.06-06.06.51:502][  0]LogConfig: Setting CVar [[r.DOF.Recombine.EnableBokehSettings:0    ; no bokeh simulation on slight out of focus]]
[2022.03.06-06.06.51:502][  0]LogConfig: Setting CVar [[r.DOF.TemporalAAQuality:1                ; more stable temporal accumulation]]
[2022.03.06-06.06.51:502][  0]LogConfig: Setting CVar [[r.DOF.Kernel.MaxForegroundRadius:0.025]]
[2022.03.06-06.06.51:502][  0]LogConfig: Setting CVar [[r.DOF.Kernel.MaxBackgroundRadius:0.025]]
[2022.03.06-06.06.51:502][  0]LogConfig: Applying CVar settings from Section [TextureQuality@3] File [C:/Users/Pocari/Desktop/STARRY-TAIL/StarryTail/Saved/Config/Windows/Scalability.ini]
[2022.03.06-06.06.51:502][  0]LogConfig: Setting CVar [[r.Streaming.MipBias:0]]
[2022.03.06-06.06.51:502][  0]LogConfig: Setting CVar [[r.Streaming.AmortizeCPUToGPUCopy:0]]
[2022.03.06-06.06.51:502][  0]LogConfig: Setting CVar [[r.Streaming.MaxNumTexturesToStreamPerFrame:0]]
[2022.03.06-06.06.51:502][  0]LogConfig: Setting CVar [[r.Streaming.Boost:1]]
[2022.03.06-06.06.51:502][  0]LogConfig: Setting CVar [[r.MaxAnisotropy:8]]
[2022.03.06-06.06.51:502][  0]LogConfig: Setting CVar [[r.VT.MaxAnisotropy:8]]
[2022.03.06-06.06.51:502][  0]LogConfig: Setting CVar [[r.Streaming.LimitPoolSizeToVRAM:0]]
[2022.03.06-06.06.51:502][  0]LogConfig: Setting CVar [[r.Streaming.PoolSize:1000]]
[2022.03.06-06.06.51:502][  0]LogConfig: Setting CVar [[r.Streaming.MaxEffectiveScreenSize:0]]
[2022.03.06-06.06.51:502][  0]LogConfig: Applying CVar settings from Section [EffectsQuality@3] File [C:/Users/Pocari/Desktop/STARRY-TAIL/StarryTail/Saved/Config/Windows/Scalability.ini]
[2022.03.06-06.06.51:502][  0]LogConfig: Setting CVar [[r.TranslucencyLightingVolumeDim:64]]
[2022.03.06-06.06.51:503][  0]LogConfig: Setting CVar [[r.RefractionQuality:2]]
[2022.03.06-06.06.51:503][  0]LogConfig: Setting CVar [[r.SSR.Quality:3]]
[2022.03.06-06.06.51:503][  0]LogConfig: Setting CVar [[r.SSR.HalfResSceneColor:0]]
[2022.03.06-06.06.51:503][  0]LogConfig: Setting CVar [[r.SceneColorFormat:4]]
[2022.03.06-06.06.51:503][  0]LogConfig: Setting CVar [[r.DetailMode:2]]
[2022.03.06-06.06.51:503][  0]LogConfig: Setting CVar [[r.TranslucencyVolumeBlur:1]]
[2022.03.06-06.06.51:503][  0]LogConfig: Setting CVar [[r.MaterialQualityLevel:1 ; High quality]]
[2022.03.06-06.06.51:503][  0]LogConfig: Setting CVar [[r.AnisotropicMaterials:1]]
[2022.03.06-06.06.51:503][  0]LogConfig: Setting CVar [[r.SSS.Scale:1]]
[2022.03.06-06.06.51:503][  0]LogConfig: Setting CVar [[r.SSS.SampleSet:2]]
[2022.03.06-06.06.51:503][  0]LogConfig: Setting CVar [[r.SSS.Quality:1]]
[2022.03.06-06.06.51:503][  0]LogConfig: Setting CVar [[r.SSS.HalfRes:0]]
[2022.03.06-06.06.51:503][  0]LogConfig: Setting CVar [[r.SSGI.Quality:3]]
[2022.03.06-06.06.51:503][  0]LogConfig: Setting CVar [[r.EmitterSpawnRateScale:1.0]]
[2022.03.06-06.06.51:503][  0]LogConfig: Setting CVar [[r.ParticleLightQuality:2]]
[2022.03.06-06.06.51:503][  0]LogConfig: Setting CVar [[r.SkyAtmosphere.AerialPerspectiveLUT.FastApplyOnOpaque:1 ; Always have FastSkyLUT 1 in this case to avoid wrong sky]]
[2022.03.06-06.06.51:503][  0]LogConfig: Setting CVar [[r.SkyAtmosphere.AerialPerspectiveLUT.SampleCountMaxPerSlice:4]]
[2022.03.06-06.06.51:503][  0]LogConfig: Setting CVar [[r.SkyAtmosphere.AerialPerspectiveLUT.DepthResolution:16.0]]
[2022.03.06-06.06.51:503][  0]LogConfig: Setting CVar [[r.SkyAtmosphere.FastSkyLUT:1]]
[2022.03.06-06.06.51:503][  0]LogConfig: Setting CVar [[r.SkyAtmosphere.FastSkyLUT.SampleCountMin:4.0]]
[2022.03.06-06.06.51:503][  0]LogConfig: Setting CVar [[r.SkyAtmosphere.FastSkyLUT.SampleCountMax:128.0]]
[2022.03.06-06.06.51:503][  0]LogConfig: Setting CVar [[r.SkyAtmosphere.SampleCountMin:4.0]]
[2022.03.06-06.06.51:503][  0]LogConfig: Setting CVar [[r.SkyAtmosphere.SampleCountMax:128.0]]
[2022.03.06-06.06.51:503][  0]LogConfig: Setting CVar [[r.SkyAtmosphere.TransmittanceLUT.UseSmallFormat:0]]
[2022.03.06-06.06.51:503][  0]LogConfig: Setting CVar [[r.SkyAtmosphere.TransmittanceLUT.SampleCount:10.0]]
[2022.03.06-06.06.51:503][  0]LogConfig: Setting CVar [[r.SkyAtmosphere.MultiScatteringLUT.SampleCount:15.0]]
[2022.03.06-06.06.51:503][  0]LogConfig: Setting CVar [[r.SkyLight.RealTimeReflectionCapture:1]]
[2022.03.06-06.06.51:503][  0]LogConfig: Applying CVar settings from Section [FoliageQuality@3] File [C:/Users/Pocari/Desktop/STARRY-TAIL/StarryTail/Saved/Config/Windows/Scalability.ini]
[2022.03.06-06.06.51:503][  0]LogConfig: Setting CVar [[foliage.DensityScale:1.0]]
[2022.03.06-06.06.51:503][  0]LogConfig: Setting CVar [[grass.DensityScale:1.0]]
[2022.03.06-06.06.51:503][  0]LogConfig: Applying CVar settings from Section [ShadingQuality@3] File [C:/Users/Pocari/Desktop/STARRY-TAIL/StarryTail/Saved/Config/Windows/Scalability.ini]
[2022.03.06-06.06.51:503][  0]LogConfig: Setting CVar [[r.HairStrands.SkyLighting.IntegrationType:2]]
[2022.03.06-06.06.51:503][  0]LogConfig: Setting CVar [[r.HairStrands.SkyAO.SampleCount:4]]
[2022.03.06-06.06.51:503][  0]LogConfig: Setting CVar [[r.HairStrands.Visibility.MSAA.SamplePerPixel:4]]
[2022.03.06-06.06.51:503][  0]LogConfig: Applying CVar settings from Section [Startup] File [../../../Engine/Config/ConsoleVariables.ini]
[2022.03.06-06.06.51:503][  0]LogConfig: Setting CVar [[net.UseAdaptiveNetUpdateFrequency:0]]
[2022.03.06-06.06.51:503][  0]LogConfig: Setting CVar [[p.chaos.AllowCreatePhysxBodies:1]]
[2022.03.06-06.06.51:503][  0]LogConfig: Setting CVar [[fx.SkipVectorVMBackendOptimizations:1]]
[2022.03.06-06.06.51:503][  0]LogConfig: Applying CVar settings from Section [ConsoleVariables] File [C:/Users/Pocari/Desktop/STARRY-TAIL/StarryTail/Saved/Config/Windows/Engine.ini]
[2022.03.06-06.06.51:503][  0]LogConfig: Applying CVar settings from Section [ConsoleVariables] File [C:/Users/Pocari/Desktop/STARRY-TAIL/StarryTail/Saved/Config/Windows/Editor.ini]
[2022.03.06-06.06.51:503][  0]LogInit: Computer: DESKTOP-JDOR4MB
[2022.03.06-06.06.51:503][  0]LogInit: User: Pocari
[2022.03.06-06.06.51:503][  0]LogInit: CPU Page size=4096, Cores=6
[2022.03.06-06.06.51:503][  0]LogInit: High frequency timer resolution =10.000000 MHz
[2022.03.06-06.06.51:503][  0]LogMemory: Memory total: Physical=15.9GB (16GB approx)
[2022.03.06-06.06.51:503][  0]LogMemory: Platform Memory Stats for Windows
[2022.03.06-06.06.51:503][  0]LogMemory: Process Physical Memory: 150.70 MB used, 150.70 MB peak
[2022.03.06-06.06.51:503][  0]LogMemory: Process Virtual Memory: 129.85 MB used, 129.85 MB peak
[2022.03.06-06.06.51:503][  0]LogMemory: Physical Memory: 9849.97 MB used,  6439.44 MB free, 16289.41 MB total
[2022.03.06-06.06.51:503][  0]LogMemory: Virtual Memory: 134211792.00 MB used,  5936.63 MB free, 134217728.00 MB total
[2022.03.06-06.06.51:510][  0]LogWindows: WindowsPlatformFeatures enabled
[2022.03.06-06.06.51:555][  0]LogInit: Physics initialised using underlying interface: PhysX
[2022.03.06-06.06.51:555][  0]LogInit: Overriding language with editor language configuration option (ko).
[2022.03.06-06.06.51:555][  0]LogInit: Using OS detected locale (ko-KR).
[2022.03.06-06.06.51:688][  0]LogInit: Setting process to per monitor DPI aware
[2022.03.06-06.06.51:716][  0]LogWindowsTextInputMethodSystem: Display: IME system deactivated.
[2022.03.06-06.06.51:727][  0]LogSlate: New Slate User Created.  User Index 0, Is Virtual User: 0
[2022.03.06-06.06.51:727][  0]LogSlate: Slate User Registered.  User Index 0, Is Virtual User: 0
[2022.03.06-06.06.51:972][  0]LogD3D11RHI: Loaded GFSDK_Aftermath_Lib.x64.dll
[2022.03.06-06.06.52:046][  0]LogHMD: Failed to initialize OpenVR with code 108
[2022.03.06-06.06.52:046][  0]LogD3D11RHI: D3D11 min allowed feature level: 11_0
[2022.03.06-06.06.52:046][  0]LogD3D11RHI: D3D11 max allowed feature level: 11_0
[2022.03.06-06.06.52:046][  0]LogD3D11RHI: D3D11 adapters:
[2022.03.06-06.06.52:133][  0]LogD3D11RHI:    0. 'NVIDIA GeForce RTX 3060 Ti' (Feature Level 11_0)
[2022.03.06-06.06.52:133][  0]LogD3D11RHI:       8050/0/8144 MB DedicatedVideo/DedicatedSystem/SharedSystem, Outputs:2, VendorId:0x10de
[2022.03.06-06.06.52:138][  0]LogD3D11RHI:    1. 'Microsoft Basic Render Driver' (Feature Level 11_0)
[2022.03.06-06.06.52:138][  0]LogD3D11RHI:       0/0/8144 MB DedicatedVideo/DedicatedSystem/SharedSystem, Outputs:0, VendorId:0x1414
[2022.03.06-06.06.52:138][  0]LogD3D11RHI: Chosen D3D11 Adapter:
[2022.03.06-06.06.52:138][  0]LogD3D11RHI:     Description : NVIDIA GeForce RTX 3060 Ti
[2022.03.06-06.06.52:138][  0]LogD3D11RHI:     VendorId    : 10de
[2022.03.06-06.06.52:138][  0]LogD3D11RHI:     DeviceId    : 2489
[2022.03.06-06.06.52:138][  0]LogD3D11RHI:     SubSysId    : 40771458
[2022.03.06-06.06.52:138][  0]LogD3D11RHI:     Revision    : 00a1
[2022.03.06-06.06.52:138][  0]LogD3D11RHI:     DedicatedVideoMemory : 8441036800 bytes
[2022.03.06-06.06.52:138][  0]LogD3D11RHI:     DedicatedSystemMemory : 0 bytes
[2022.03.06-06.06.52:138][  0]LogD3D11RHI:     SharedSystemMemory : 8540342272 bytes
[2022.03.06-06.06.52:138][  0]LogD3D11RHI:     AdapterLuid : 0 62957
[2022.03.06-06.06.52:144][  0]LogD3D11RHI: Creating new Direct3DDevice
[2022.03.06-06.06.52:144][  0]LogD3D11RHI:     GPU DeviceId: 0x2489 (for the marketing name, search the web for "GPU Device Id")
[2022.03.06-06.06.52:144][  0]LogWindows: EnumDisplayDevices:
[2022.03.06-06.06.52:144][  0]LogWindows:    0. 'NVIDIA GeForce RTX 3060 Ti' (P:1 D:1)
[2022.03.06-06.06.52:144][  0]LogWindows:    1. 'NVIDIA GeForce RTX 3060 Ti' (P:0 D:1)
[2022.03.06-06.06.52:144][  0]LogWindows:    2. 'NVIDIA GeForce RTX 3060 Ti' (P:0 D:0)
[2022.03.06-06.06.52:145][  0]LogWindows:    3. 'NVIDIA GeForce RTX 3060 Ti' (P:0 D:0)
[2022.03.06-06.06.52:145][  0]LogWindows: DebugString: FoundDriverCount:4 
[2022.03.06-06.06.52:145][  0]LogD3D11RHI:     Adapter Name: NVIDIA GeForce RTX 3060 Ti
[2022.03.06-06.06.52:145][  0]LogD3D11RHI:   Driver Version: 497.09 (internal:30.0.14.9709, unified:497.09)
[2022.03.06-06.06.52:145][  0]LogD3D11RHI:      Driver Date: 11-26-2021
[2022.03.06-06.06.52:145][  0]LogRHI: Texture pool is 5635 MB (70% of 8050 MB)
[2022.03.06-06.06.52:145][  0]LogD3D11RHI: Creating D3DDevice using adapter:
[2022.03.06-06.06.52:145][  0]LogD3D11RHI:     Description : NVIDIA GeForce RTX 3060 Ti
[2022.03.06-06.06.52:145][  0]LogD3D11RHI:     VendorId    : 10de
[2022.03.06-06.06.52:145][  0]LogD3D11RHI:     DeviceId    : 2489
[2022.03.06-06.06.52:145][  0]LogD3D11RHI:     SubSysId    : 40771458
[2022.03.06-06.06.52:145][  0]LogD3D11RHI:     Revision    : 00a1
[2022.03.06-06.06.52:145][  0]LogD3D11RHI:     DedicatedVideoMemory : 8441036800 bytes
[2022.03.06-06.06.52:145][  0]LogD3D11RHI:     DedicatedSystemMemory : 0 bytes
[2022.03.06-06.06.52:145][  0]LogD3D11RHI:     SharedSystemMemory : 8540342272 bytes
[2022.03.06-06.06.52:145][  0]LogD3D11RHI:     AdapterLuid : 0 62957
[2022.03.06-06.06.52:185][  0]LogD3D11RHI: RHI has support for 64 bit atomics
[2022.03.06-06.06.52:185][  0]LogD3D11RHI: Async texture creation enabled
[2022.03.06-06.06.52:185][  0]LogD3D11RHI: Array index from any shader is supported
[2022.03.06-06.06.52:209][  0]LogD3D11RHI: GPU Timing Frequency: 1000.000000 (Debug: 2 2)
[2022.03.06-06.06.52:224][  0]LogRHI: GeForceNow SDK initialized: 1
[2022.03.06-06.06.52:465][  0]LogTargetPlatformManager: Display: Loaded TargetPlatform 'AllDesktop'
[2022.03.06-06.06.52:483][  0]LogTargetPlatformManager: Display: Loaded TargetPlatform 'Android'
[2022.03.06-06.06.52:483][  0]LogTargetPlatformManager: Display: Loaded TargetPlatform 'Android_ASTC'
[2022.03.06-06.06.52:483][  0]LogTargetPlatformManager: Display: Loaded TargetPlatform 'Android_DXT'
[2022.03.06-06.06.52:483][  0]LogTargetPlatformManager: Display: Loaded TargetPlatform 'Android_ETC2'
[2022.03.06-06.06.52:483][  0]LogTargetPlatformManager: Display: Loaded TargetPlatform 'AndroidClient'
[2022.03.06-06.06.52:483][  0]LogTargetPlatformManager: Display: Loaded TargetPlatform 'Android_ASTCClient'
[2022.03.06-06.06.52:483][  0]LogTargetPlatformManager: Display: Loaded TargetPlatform 'Android_DXTClient'
[2022.03.06-06.06.52:483][  0]LogTargetPlatformManager: Display: Loaded TargetPlatform 'Android_ETC2Client'
[2022.03.06-06.06.52:483][  0]LogTargetPlatformManager: Display: Loaded TargetPlatform 'Android_Multi'
[2022.03.06-06.06.52:483][  0]LogTargetPlatformManager: Display: Loaded TargetPlatform 'Android_MultiClient'
[2022.03.06-06.06.52:503][  0]LogTargetPlatformManager: Display: Loaded TargetPlatform 'IOSClient'
[2022.03.06-06.06.52:503][  0]LogTargetPlatformManager: Display: Loaded TargetPlatform 'IOS'
[2022.03.06-06.06.52:512][  0]LogTargetPlatformManager: Display: Loaded TargetPlatform 'Linux'
[2022.03.06-06.06.52:516][  0]LogTargetPlatformManager: Display: Loaded TargetPlatform 'LinuxNoEditor'
[2022.03.06-06.06.52:521][  0]LogTargetPlatformManager: Display: Loaded TargetPlatform 'LinuxClient'
[2022.03.06-06.06.52:525][  0]LogTargetPlatformManager: Display: Loaded TargetPlatform 'LinuxServer'
[2022.03.06-06.06.52:534][  0]LogTargetPlatformManager: Display: Loaded TargetPlatform 'LinuxAArch64NoEditor'
[2022.03.06-06.06.52:539][  0]LogTargetPlatformManager: Display: Loaded TargetPlatform 'LinuxAArch64Client'
[2022.03.06-06.06.52:543][  0]LogTargetPlatformManager: Display: Loaded TargetPlatform 'LinuxAArch64Server'
[2022.03.06-06.06.52:564][  0]LogTargetPlatformManager: Display: Loaded TargetPlatform 'Lumin'
[2022.03.06-06.06.52:564][  0]LogTargetPlatformManager: Display: Loaded TargetPlatform 'LuminClient'
[2022.03.06-06.06.52:572][  0]LogTargetPlatformManager: Display: Loaded TargetPlatform 'MacNoEditor'
[2022.03.06-06.06.52:576][  0]LogTargetPlatformManager: Display: Loaded TargetPlatform 'Mac'
[2022.03.06-06.06.52:580][  0]LogTargetPlatformManager: Display: Loaded TargetPlatform 'MacClient'
[2022.03.06-06.06.52:584][  0]LogTargetPlatformManager: Display: Loaded TargetPlatform 'MacServer'
[2022.03.06-06.06.52:593][  0]LogTargetPlatformManager: Display: Loaded TargetPlatform 'TVOSClient'
[2022.03.06-06.06.52:593][  0]LogTargetPlatformManager: Display: Loaded TargetPlatform 'TVOS'
[2022.03.06-06.06.52:602][  0]LogTargetPlatformManager: Display: Loaded TargetPlatform 'WindowsNoEditor'
[2022.03.06-06.06.52:607][  0]LogTargetPlatformManager: Display: Loaded TargetPlatform 'Windows'
[2022.03.06-06.06.52:611][  0]LogTargetPlatformManager: Display: Loaded TargetPlatform 'WindowsClient'
[2022.03.06-06.06.52:615][  0]LogTargetPlatformManager: Display: Loaded TargetPlatform 'WindowsServer'
[2022.03.06-06.06.52:615][  0]LogTargetPlatformManager: Display: Building Assets For Windows
[2022.03.06-06.06.52:623][  0]LogAudioDebug: Display: Lib vorbis DLL was dynamically loaded.
[2022.03.06-06.06.52:657][  0]LogTextureFormatOodle: Display: Oodle Texture 2.9.0 init RDO Off
[2022.03.06-06.06.52:690][  0]LogRendererCore: Ray tracing is disabled. Reason: r.RayTracing=0.
[2022.03.06-06.06.52:690][  0]LogShaderCompilers: Guid format shader working directory is -15 characters bigger than the processId version (../../../../../../Users/Pocari/Desktop/STARRY-TAIL/StarryTail/Intermediate/Shaders/WorkingDirectory/27604/).
[2022.03.06-06.06.52:690][  0]LogShaderCompilers: Cleaned the shader compiler working directory 'C:/Users/Pocari/AppData/Local/Temp/UnrealShaderWorkingDir/3AE930144F4806A4F451F68B5974B1EA/'.
[2022.03.06-06.06.52:691][  0]LogXGEController: Cannot use XGE Controller as Incredibuild is not installed on this machine.
[2022.03.06-06.06.52:691][  0]LogShaderCompilers: Cannot use XGE Shader Compiler as Incredibuild is not installed on this machine.
[2022.03.06-06.06.52:691][  0]LogShaderCompilers: Display: Using Local Shader Compiler.
[2022.03.06-06.06.53:421][  0]LogDerivedDataCache: Display: Max Cache Size: 512 MB
[2022.03.06-06.06.53:470][  0]LogDerivedDataCache: Loaded boot cache 0.05s 103MB C:/Users/Pocari/AppData/Local/UnrealEngine/4.27/DerivedDataCache/Boot.ddc.
[2022.03.06-06.06.53:470][  0]LogDerivedDataCache: Display: Loaded Boot cache: C:/Users/Pocari/AppData/Local/UnrealEngine/4.27/DerivedDataCache/Boot.ddc
[2022.03.06-06.06.53:471][  0]LogDerivedDataCache: FDerivedDataBackendGraph:  Pak pak cache file ../../../../../../Users/Pocari/Desktop/STARRY-TAIL/StarryTail/DerivedDataCache/DDC.ddp not found, will not use a pak cache.
[2022.03.06-06.06.53:471][  0]LogDerivedDataCache: Unable to find inner node Pak for hierarchical cache Hierarchy.
[2022.03.06-06.06.53:471][  0]LogDerivedDataCache: FDerivedDataBackendGraph:  CompressedPak pak cache file ../../../../../../Users/Pocari/Desktop/STARRY-TAIL/StarryTail/DerivedDataCache/Compressed.ddp not found, will not use a pak cache.
[2022.03.06-06.06.53:471][  0]LogDerivedDataCache: Unable to find inner node CompressedPak for hierarchical cache Hierarchy.
[2022.03.06-06.06.53:486][  0]LogDerivedDataCache: Display: Pak cache opened for reading ../../../Engine/DerivedDataCache/Compressed.ddp.
[2022.03.06-06.06.53:486][  0]LogDerivedDataCache: FDerivedDataBackendGraph:  EnterprisePak pak cache file ../../../Enterprise/DerivedDataCache/Compressed.ddp not found, will not use a pak cache.
[2022.03.06-06.06.53:486][  0]LogDerivedDataCache: Unable to find inner node EnterprisePak for hierarchical cache Hierarchy.
[2022.03.06-06.06.53:499][  0]LogDerivedDataCache: Speed tests for C:/Users/Pocari/AppData/Local/UnrealEngine/Common/DerivedDataCache took 0.01 seconds
[2022.03.06-06.06.53:499][  0]LogDerivedDataCache: Display: Performance to C:/Users/Pocari/AppData/Local/UnrealEngine/Common/DerivedDataCache: Latency=0.06ms. RandomReadSpeed=246.53MBs, RandomWriteSpeed=108.61MBs. Assigned SpeedClass 'Local'
[2022.03.06-06.06.53:501][  0]LogDerivedDataCache: Using Local data cache path C:/Users/Pocari/AppData/Local/UnrealEngine/Common/DerivedDataCache: Writable
[2022.03.06-06.06.53:501][  0]LogDerivedDataCache: Shared data cache path not found in *engine.ini, will not use an Shared cache.
[2022.03.06-06.06.53:501][  0]LogDerivedDataCache: Unable to find inner node Shared for hierarchical cache Hierarchy.
[2022.03.06-06.06.53:538][  0]LogSlate: Using FreeType 2.10.0
[2022.03.06-06.06.53:538][  0]LogSlate: SlateFontServices - WITH_FREETYPE: 1, WITH_HARFBUZZ: 1
[2022.03.06-06.06.53:561][  0]LogAssetRegistry: FAssetRegistry took 0.0021 seconds to start up
[2022.03.06-06.06.53:758][  0]LogInit: Selected Device Profile: [Windows]
[2022.03.06-06.06.53:758][  0]LogInit: Active device profile: [000001EDB1CCD400][000001EDA062D240 49] Windows
[2022.03.06-06.06.53:758][  0]LogInit: Profiles: [000001EDB1CCD400][000001EDA062D240 49] Windows, [000001EDB1C57F00][000001EDAF2FF3C0 49] WindowsNoEditor, [000001EDB1C67900][000001EDAF303540 49] WindowsServer, [000001EDB1C55500][000001EDAF3076C0 49] WindowsClient, [000001EDB1C65500][000001EDAF30B840 49] IOS, [000001EDB1C54F00][000001EDAF30F9C0 49] iPadAir, [000001EDB1C65900][000001EDAF313B40 49] iPadAir2, [000001EDB1C14300][000001EDAF31A280 49] IPadPro, [000001EDB1C14400][000001EDAF3162C0 49] iPadAir3, [000001EDB1C55400][000001EDAFD6A440 49] iPadAir4, [000001EDB1C16E00][000001EDAFD6E5C0 49] iPadMini2, [000001EDB1C56D00][000001EDAFD72740 49] iPadMini3, [000001EDB1C14E00][000001EDAFD768C0 49] iPadMini4, [000001EDB1C54700][000001EDAF2FAA00 49] iPadMini5, [000001EDB1C07B00][000001EDAFD7EC40 49] iPhone6, [000001EDB1C07C00][000001EDAFD7AC80 49] iPodTouch6, [000001EDB1C64600][000001EDAFD8AF00 49] iPhone7, [000001EDB1C64700][000001EDAFD82F40 49] iPodTouch7, [000001EDB1C04300][000001EDAFD8F0C0 49] iPhone5S, [000001EDB1C14200][000001EDAFD93240 49] iPhone6Plus, [000001EDB1C05F00][000001EDAFD973C0 49] iPhone6S, [000001EDB1C14A00][000001EDAFD9B540 49] iPhone6SPlus, [000001EDB1C65100][000001EDAFD9F6C0 49] iPhone7Plus, [000001EDB1C16D00][000001EDAFDA3840 49] iPhoneSE, [000001EDB1C66F00][000001EDAFDA79C0 49] iPhone8, [000001EDB1C14100][000001EDAFDABB40 49] iPhone8Plus, [000001EDB1C65D00][000001EDAFDAE140 49] iPhoneX, [000001EDB1C16F00][000001EDAFDB22C0 49] iPhoneXS, [000001EDB1C64B00][000001EDAFDB6440 49] iPhoneXSMax, [000001EDB1C15E00][000001EDAFDBA5C0 49] iPhoneXR, [000001EDB1C64D00][000001EDAFDBE740 49] iPhone11, [000001EDB1C16100][000001EDAFDC28C0 49] iPhone11Pro, [000001EDB1C67F00][000001EDAFDC6A40 49] iPhone11ProMax, [000001EDB1C14B00][000001EDAFD86B80 49] iPhoneSE2, [000001EDB1C67D00][000001EDAFDCACC0 49] iPhone12Mini, [000001EDB1C16400][000001EDAFDCEE00 49] iPhone12, [000001EDB1C66B00][000001EDAFDD2F40 49] iPhone12Pro, [000001EDB1C16300][000001EDAFDDB0C0 49] iPhone12ProMax, [000001EDB1C66100][000001EDAFDDF240 49] iPadPro105, [000001EDB1C15D00][000001EDAFDE33C0 49] iPadPro129, [000001EDB1C64100][000001EDAFDE7540 49] iPadPro97, [000001EDB1C17000][000001EDAFDEB6C0 49] iPadPro2_129, [000001EDB1C65400][000001EDAFDEF840 49] iPad5, [000001EDB1C15600][000001EDAFDF39C0 49] iPad6, [000001EDB1C66400][000001EDAFDF7B40 49] iPad7, [000001EDB1C16700][000001EDAFDFA140 49] iPad8, [000001EDB1C65800][000001EDAFDFE2C0 49] iPadPro11, [000001EDB1C16200][000001EDAFE02440 49] iPadPro2_11, [000001EDB1C66200][000001EDAFE065C0 49] iPadPro3_129, [000001EDB1C17C00][000001EDAFE0A740 49] iPadPro4_129, [000001EDB1C65200][000001EDAFE0E8C0 49] AppleTV, [000001EDB1C17800][000001EDAFE12A40 49] AppleTV4K, [000001EDB1C66600][000001EDAFE16BC0 49] TVOS, [000001EDB1C14F00][000001EDAFE1AD40 49] Mac, [000001EDB1C66E00][000001EDAFDD6E80 49] MacClient, [000001EDB1C14D00][000001EDAFE1EFC0 49] MacNoEditor, [000001EDB1C67100][000001EDAFE23100 49] MacServer, [000001EDB1C16A00][000001EDAFE2B280 49] Linux, [000001EDB1C67E00][000001EDAFE2F400 49] LinuxAArch64, [000001EDB1C14600][000001EDAFE33580 49] LinuxNoEditor, [000001EDB1C67400][000001EDAFE37700 49] LinuxAArch64NoEditor, [000001EDB1C17200][000001EDAFE3B880 49] LinuxClient, [000001EDB1C65300][000001EDAFE3FA00 49] LinuxAArch64Client, [000001EDB1C15300][000001EDAFE43B80 49] LinuxServer, [000001EDB1C66000][000001EDAFE46180 49] LinuxAArch64Server, [000001EDB1C17F00][000001EDAFE4A300 49] Android, [000001EDB1C65B00][000001EDAFE4E480 49] Android_Low, [000001EDB1C14700][000001EDAFE52600 49] Android_Mid, [000001EDB1C64400][000001EDAFE56780 49] Android_High, [000001EDB1CCEF00][000001EDAFE5A900 49] Android_Default, [000001EDB1C04800][000001EDAFE5EA80 49] Android_Adreno4xx, [000001EDB1CCD000][000001EDAFE62C00 49] Android_Adreno5xx_Low, [000001EDB1C07000][000001EDAFE66D80 49] Android_Adreno5xx, [000001EDB1CCF600][000001EDAFE6AF00 49] Android_Adreno6xx, [000001EDB1C06800][000001EDAFE27040 49] Android_Adreno6xx_Vulkan, [000001EDB1CCEC00][000001EDAFE6F180 49] Android_Mali_T6xx, [000001EDB1C07900][000001EDAFE732C0 49] Android_Mali_T7xx, [000001EDB1CCF100][000001EDAFE7B440 49] Android_Mali_T8xx, [000001EDB1C06700][000001EDAFE7F5C0 49] Android_Mali_G71, [000001EDB1CCD700][000001EDAFE83740 49] Android_Mali_G72, [000001EDB1C05400][000001EDAFE878C0 49] Android_Mali_G72_Vulkan, [000001EDB1CCCE00][000001EDAFE8BA40 49] Android_Mali_G76, [000001EDB1C04F00][000001EDAFE8FBC0 49] Android_Mali_G76_Vulkan, [000001EDB1CCF400][000001EDAFE921C0 49] Android_Mali_G77, [000001EDB1C06200][000001EDAFE96340 49] Android_Mali_G77_Vulkan, [000001EDB1CCC300][000001EDAFE9A4C0 49] Android_Mali_G78, [000001EDB1C06E00][000001EDAFE9E640 49] Android_Mali_G78_Vulkan, [000001EDB1CCE600][000001EDAFEA27C0 49] Android_Mali_G710, [000001EDB1C04C00][000001EDAFEA6940 49] Android_Mali_G710_Vulkan, [000001EDB1CCEB00][000001EDAFEAAAC0 49] Android_Vulkan_SM5, [000001EDB1C05E00][000001EDAFEAEC40 49] Android_PowerVR_G6xxx, [000001EDB1CCC800][000001EDAFEB2DC0 49] Android_PowerVR_GT7xxx, [000001EDB1C05800][000001EDAFEB6F40 49] Android_PowerVR_GE8xxx, [000001EDB1CCCF00][000001EDAFEBB0C0 49] Android_PowerVR_GM9xxx, [000001EDB1C66300][000001EDAFE77200 49] Android_PowerVR_GM9xxx_Vulkan, [000001EDB1CCFA00][000001EDAFEBF340 49] Android_TegraK1, [000001EDB1C67000][000001EDAFEC3480 49] Android_Unknown_Vulkan, [000001EDB1CCE100][000001EDAFEC75C0 49] Lumin, [000001EDB1C66500][000001EDAFECF740 49] Lumin_Desktop, [000001EDB1CCD900][000001EDAFED38C0 49] HoloLens, 
[2022.03.06-06.06.53:872][  0]LogMeshReduction: Using QuadricMeshReduction for automatic static mesh reduction
[2022.03.06-06.06.53:872][  0]LogMeshReduction: Using SimplygonMeshReduction for automatic skeletal mesh reduction
[2022.03.06-06.06.53:872][  0]LogMeshReduction: Using ProxyLODMeshReduction for automatic mesh merging
[2022.03.06-06.06.53:872][  0]LogMeshReduction: No distributed automatic mesh merging module available
[2022.03.06-06.06.53:872][  0]LogMeshMerging: No distributed automatic mesh merging module available
[2022.03.06-06.06.53:888][  0]LogNetVersion: StarryTail 1.0.0, NetCL: 17155196, EngineNetVer: 17, GameNetVer: 0 (Checksum: 4214679525)
[2022.03.06-06.06.54:249][  0]LogTexture: Default maximum texture size for cubemaps generated from long-lat sources has been changed from 512 to unlimited. In order to preserve old behaiour for '/Engine/MapTemplates/Sky/DaylightAmbientCubemap.DaylightAmbientCubemap', its maximum texture size has been explicitly set to 512.
[2022.03.06-06.06.54:292][  0]LogHMD: PokeAHoleMaterial loaded successfully
[2022.03.06-06.06.54:296][  0]LogUObjectArray: 17178 objects as part of root set at end of initial load.
[2022.03.06-06.06.54:296][  0]LogUObjectAllocator: 4302048 out of 0 bytes used by permanent object pool.
[2022.03.06-06.06.54:296][  0]LogUObjectArray: CloseDisregardForGC: 0/0 objects in disregard for GC pool
[2022.03.06-06.06.54:576][  0]LogNiagaraDebuggerClient: Niagara Debugger Client Initialized | Session: 1C5B63CE46F3EAD9A150F58D0576CB98 | Instance: 7539457546D5A35EB4FB388E065D0ED3 (DESKTOP-JDOR4MB-27604).
[2022.03.06-06.06.54:619][  0]LogPython: Using Python 3.7.7
[2022.03.06-06.06.55:085][  0]LogTcpMessaging: Initializing TcpMessaging bridge
[2022.03.06-06.06.55:090][  0]LogUdpMessaging: Initializing bridge on interface 0.0.0.0:0 to multicast group 230.0.0.1:6666.
[2022.03.06-06.06.55:276][  0]LogTemp: Error: TimerWidgetSet
[2022.03.06-06.06.55:276][  0]LogOutputDevice: Warning: 

Script Stack (0 frames):

[2022.03.06-06.06.55:276][  0]LogWindows: Windows GetLastError: 작업을 완료했습니다. (0)
[2022.03.06-06.06.56:016][  0]LogWindows: Error: === Critical error: ===
[2022.03.06-06.06.56:016][  0]LogWindows: Error: 
[2022.03.06-06.06.56:016][  0]LogWindows: Error: Fatal error: [File:D:/Build/++UE4/Sync/Engine/Source/Runtime/CoreUObject/Private/UObject/UObjectGlobals.cpp] [Line: 3831] 
[2022.03.06-06.06.56:016][  0]LogWindows: Error: Default subobject WidgetComponent ATTRIBUTEWIDGET already exists for TestObject /Script/StarryTail.Default__TestObject.
[2022.03.06-06.06.56:016][  0]LogWindows: Error: 
[2022.03.06-06.06.56:016][  0]LogWindows: Error: 
[2022.03.06-06.06.56:016][  0]LogWindows: Error: [Callstack] 0x00007fff64b3478c KERNELBASE.dll!UnknownFunction []
[2022.03.06-06.06.56:016][  0]LogWindows: Error: [Callstack] 0x00007ffed81939b8 UE4Editor-Core.dll!UnknownFunction []
[2022.03.06-06.06.56:016][  0]LogWindows: Error: [Callstack] 0x000000a08937a350 UnknownFunction []
[2022.03.06-06.06.56:016][  0]LogWindows: Error: [Callstack] 0x0000000000000400 UnknownFunction []
[2022.03.06-06.06.56:016][  0]LogWindows: Error: [Callstack] 0x0000000000000058 UnknownFunction []
[2022.03.06-06.06.56:016][  0]LogWindows: Error: [Callstack] 0x0000008000004000 UnknownFunction []
[2022.03.06-06.06.56:016][  0]LogWindows: Error: 
[2022.03.06-06.06.56:028][  0]LogExit: Executing StaticShutdownAfterError
[2022.03.06-06.06.56:029][  0]LogWindows: FPlatformMisc::RequestExit(1)
[2022.03.06-06.06.56:029][  0]LogWindows: FPlatformMisc::RequestExitWithStatus(1, 3)
[2022.03.06-06.06.56:029][  0]LogCore: Engine exit requested (reason: Win RequestExit)
[2022.03.06-06.06.56:038][  0]Log file closed, 03/06/22 15:06:56
